#
# There is insufficient memory for the Java Runtime Environment to continue.
# Native memory allocation (malloc) failed to allocate 1048576 bytes. Error detail: AllocateHeap
# Possible reasons:
#   The system is out of physical RAM or swap space
#   This process is running with CompressedOops enabled, and the Java Heap may be blocking the growth of the native heap
# Possible solutions:
#   Reduce memory load on the system
#   Increase physical memory or swap space
#   Check if swap backing store is full
#   Decrease Java heap size (-Xmx/-Xms)
#   Decrease number of Java threads
#   Decrease Java thread stack sizes (-Xss)
#   Set larger code cache with -XX:ReservedCodeCacheSize=
#   JVM is running with Unscaled Compressed Oops mode in which the Java heap is
#     placed in the first 4GB address space. The Java Heap base address is the
#     maximum limit for the native heap growth. Please use -XX:HeapBaseMinAddress
#     to set the Java Heap base and to place the Java Heap above 4GB virtual address.
# This output file may be truncated or incomplete.
#
#  Out of Memory Error (allocation.cpp:44), pid=24380, tid=10516
#
# JRE version: OpenJDK Runtime Environment Temurin-21.0.8+9 (21.0.8+9) (build 21.0.8+9-LTS)
# Java VM: OpenJDK 64-Bit Server VM Temurin-21.0.8+9 (21.0.8+9-LTS, mixed mode, sharing, tiered, compressed oops, compressed class ptrs, parallel gc, windows-amd64)
# No core dump will be written. Minidumps are not enabled by default on client versions of Windows
#

---------------  S U M M A R Y ------------

Command Line: --add-modules=ALL-SYSTEM --add-opens=java.base/java.util=ALL-UNNAMED --add-opens=java.base/java.lang=ALL-UNNAMED --add-opens=java.base/sun.nio.fs=ALL-UNNAMED -Declipse.application=org.eclipse.jdt.ls.core.id1 -Dosgi.bundles.defaultStartLevel=4 -Declipse.product=org.eclipse.jdt.ls.core.product -Djava.import.generatesMetadataFilesAtProjectRoot=false -DDetectVMInstallationsJob.disabled=true -Dfile.encoding=utf8 -XX:+UseParallelGC -XX:GCTimeRatio=4 -XX:AdaptiveSizePolicyWeight=90 -Dsun.zip.disableMemoryMapping=true -Xmx2G -Xms100m -Xlog:disable -javaagent:c:\Users\hiwet\.vscode\extensions\redhat.java-1.46.0-win32-x64\lombok\lombok-1.18.39-4050.jar -XX:+HeapDumpOnOutOfMemoryError -XX:HeapDumpPath=c:\Users\hiwet\AppData\Roaming\Code\User\workspaceStorage\70478ad307e794b34d456762fc5b8678\redhat.java -Daether.dependencyCollector.impl=bf c:\Users\hiwet\.vscode\extensions\redhat.java-1.46.0-win32-x64\server\plugins\org.eclipse.equinox.launcher_1.7.0.v20250519-0528.jar -configuration c:\Users\hiwet\AppData\Roaming\Code\User\globalStorage\redhat.java\1.46.0\config_win -data c:\Users\hiwet\AppData\Roaming\Code\User\workspaceStorage\70478ad307e794b34d456762fc5b8678\redhat.java\jdt_ws --pipe=\\.\pipe\lsp-cbc96f2d009258a2bde43c57a5d289e9-sock

Host: 11th Gen Intel(R) Core(TM) i5-1135G7 @ 2.40GHz, 8 cores, 11G,  Windows 11 , 64 bit Build 26100 (10.0.26100.6725)
Time: Mon Oct 27 18:09:16 2025 Eastern Daylight Time elapsed time: 61.619315 seconds (0d 0h 1m 1s)

---------------  T H R E A D  ---------------

Current thread (0x000002ccf8565160):  JavaThread "Attach Listener" daemon [_thread_in_vm, id=10516, stack(0x000000daef400000,0x000000daef500000) (1024K)]

Stack: [0x000000daef400000,0x000000daef500000]
Native frames: (J=compiled Java code, j=interpreted, Vv=VM code, C=native code)
V  [jvm.dll+0x6d2449]
V  [jvm.dll+0x8ae341]
V  [jvm.dll+0x8b08be]
V  [jvm.dll+0x8b0fa3]
V  [jvm.dll+0x280c96]
V  [jvm.dll+0xc0347]
V  [jvm.dll+0x6d2cf9]
V  [jvm.dll+0x131116]
V  [jvm.dll+0x3f2d16]
V  [jvm.dll+0x857e6b]
V  [jvm.dll+0x6d0b0d]
C  [ucrtbase.dll+0x37b0]
C  [KERNEL32.DLL+0x2e8d7]
C  [ntdll.dll+0x8c53c]


---------------  P R O C E S S  ---------------

Threads class SMR info:
_java_thread_list=0x000002ccd336a520, length=59, elements={
0x000002ccf0b006f0, 0x000002ccf855dd50, 0x000002ccf855eb60, 0x000002ccf8564510,
0x000002ccf8565160, 0x000002ccf8569320, 0x000002ccf856bd80, 0x000002ccf8570cf0,
0x000002ccf8599c60, 0x000002ccfe0b4750, 0x000002ccfe5d87c0, 0x000002ccfeab8ae0,
0x000002ccfe900970, 0x000002ccfebac610, 0x000002ccfebad450, 0x000002ccff1f4150,
0x000002ccfee0e9b0, 0x000002ccff423500, 0x000002ccff421430, 0x000002ccff420710,
0x000002ccff4227e0, 0x000002ccff420080, 0x000002ccff420da0, 0x000002ccff421ac0,
0x000002ccff422150, 0x000002ccd2146e20, 0x000002ccd21481d0, 0x000002ccd2148860,
0x000002ccd2148ef0, 0x000002ccd2145a70, 0x000002ccd2146790, 0x000002ccd21474b0,
0x000002ccd2146100, 0x000002ccd2147b40, 0x000002ccd28a2f00, 0x000002ccd28a0110,
0x000002ccd28a2870, 0x000002ccd28a14c0, 0x000002ccd28a1b50, 0x000002ccd28a0e30,
0x000002ccd28a21e0, 0x000002ccd28a07a0, 0x000002ccd28a6a10, 0x000002ccd28a3590,
0x000002ccd28a42b0, 0x000002ccd28a4fd0, 0x000002ccd28a70a0, 0x000002ccd28a5660,
0x000002ccd0354a40, 0x000002ccd0353d20, 0x000002ccd0353000, 0x000002ccd03543b0,
0x000002ccd0355760, 0x000002ccd03550d0, 0x000002ccd03522e0, 0x000002ccd0358550,
0x000002ccd0357830, 0x000002ccd0358be0, 0x000002ccd29079d0
}

Java Threads: ( => current thread )
  0x000002ccf0b006f0 JavaThread "main"                              [_thread_blocked, id=14268, stack(0x000000daeed00000,0x000000daeee00000) (1024K)]
  0x000002ccf855dd50 JavaThread "Reference Handler"          daemon [_thread_blocked, id=25060, stack(0x000000daef100000,0x000000daef200000) (1024K)]
  0x000002ccf855eb60 JavaThread "Finalizer"                  daemon [_thread_blocked, id=2532, stack(0x000000daef200000,0x000000daef300000) (1024K)]
  0x000002ccf8564510 JavaThread "Signal Dispatcher"          daemon [_thread_blocked, id=25036, stack(0x000000daef300000,0x000000daef400000) (1024K)]
=>0x000002ccf8565160 JavaThread "Attach Listener"            daemon [_thread_in_vm, id=10516, stack(0x000000daef400000,0x000000daef500000) (1024K)]
  0x000002ccf8569320 JavaThread "Service Thread"             daemon [_thread_blocked, id=13180, stack(0x000000daef500000,0x000000daef600000) (1024K)]
  0x000002ccf856bd80 JavaThread "Monitor Deflation Thread"   daemon [_thread_blocked, id=13696, stack(0x000000daef600000,0x000000daef700000) (1024K)]
  0x000002ccf8570cf0 JavaThread "C2 CompilerThread0"         daemon [_thread_blocked, id=20196, stack(0x000000daef700000,0x000000daef800000) (1024K)]
  0x000002ccf8599c60 JavaThread "C1 CompilerThread0"         daemon [_thread_blocked, id=17256, stack(0x000000daef800000,0x000000daef900000) (1024K)]
  0x000002ccfe0b4750 JavaThread "Common-Cleaner"             daemon [_thread_blocked, id=12888, stack(0x000000daef900000,0x000000daefa00000) (1024K)]
  0x000002ccfe5d87c0 JavaThread "Notification Thread"        daemon [_thread_blocked, id=21828, stack(0x000000daefb00000,0x000000daefc00000) (1024K)]
  0x000002ccfeab8ae0 JavaThread "Active Thread: Equinox Container: f2be6539-3ea3-4804-bfe7-64ed72dce75a"        [_thread_blocked, id=3280, stack(0x000000daf0300000,0x000000daf0400000) (1024K)]
  0x000002ccfe900970 JavaThread "Refresh Thread: Equinox Container: f2be6539-3ea3-4804-bfe7-64ed72dce75a" daemon [_thread_blocked, id=25588, stack(0x000000daf0400000,0x000000daf0500000) (1024K)]
  0x000002ccfebac610 JavaThread "Framework Event Dispatcher: Equinox Container: f2be6539-3ea3-4804-bfe7-64ed72dce75a" daemon [_thread_blocked, id=16116, stack(0x000000daf0600000,0x000000daf0700000) (1024K)]
  0x000002ccfebad450 JavaThread "Start Level: Equinox Container: f2be6539-3ea3-4804-bfe7-64ed72dce75a" daemon [_thread_blocked, id=18396, stack(0x000000daf0700000,0x000000daf0800000) (1024K)]
  0x000002ccff1f4150 JavaThread "Bundle File Closer"         daemon [_thread_blocked, id=16864, stack(0x000000daefc00000,0x000000daefd00000) (1024K)]
  0x000002ccfee0e9b0 JavaThread "SCR Component Actor"        daemon [_thread_blocked, id=18376, stack(0x000000daf0800000,0x000000daf0900000) (1024K)]
  0x000002ccff423500 JavaThread "Worker-JM"                         [_thread_blocked, id=7024, stack(0x000000daefa00000,0x000000daefb00000) (1024K)]
  0x000002ccff421430 JavaThread "JNA Cleaner"                daemon [_thread_blocked, id=19840, stack(0x000000daf0900000,0x000000daf0a00000) (1024K)]
  0x000002ccff420710 JavaThread "Worker-0"                          [_thread_blocked, id=20284, stack(0x000000daf0a00000,0x000000daf0b00000) (1024K)]
  0x000002ccff4227e0 JavaThread "Worker-1"                          [_thread_blocked, id=8668, stack(0x000000daf0b00000,0x000000daf0c00000) (1024K)]
  0x000002ccff420080 JavaThread "Worker-2"                          [_thread_blocked, id=18260, stack(0x000000daf0d00000,0x000000daf0e00000) (1024K)]
  0x000002ccff420da0 JavaThread "Java indexing"              daemon [_thread_blocked, id=22256, stack(0x000000daf0e00000,0x000000daf0f00000) (1024K)]
  0x000002ccff421ac0 JavaThread "Worker-3"                          [_thread_blocked, id=13148, stack(0x000000daf1000000,0x000000daf1100000) (1024K)]
  0x000002ccff422150 JavaThread "Worker-4"                          [_thread_blocked, id=23860, stack(0x000000daf1300000,0x000000daf1400000) (1024K)]
  0x000002ccd2146e20 JavaThread "Thread-1"                   daemon [_thread_in_native, id=7200, stack(0x000000daf1400000,0x000000daf1500000) (1024K)]
  0x000002ccd21481d0 JavaThread "Thread-2"                   daemon [_thread_in_native, id=12948, stack(0x000000daf1500000,0x000000daf1600000) (1024K)]
  0x000002ccd2148860 JavaThread "Thread-3"                   daemon [_thread_in_native, id=8712, stack(0x000000daf1600000,0x000000daf1700000) (1024K)]
  0x000002ccd2148ef0 JavaThread "Thread-4"                   daemon [_thread_in_native, id=7820, stack(0x000000daf1700000,0x000000daf1800000) (1024K)]
  0x000002ccd2145a70 JavaThread "Thread-5"                   daemon [_thread_in_native, id=9804, stack(0x000000daf1800000,0x000000daf1900000) (1024K)]
  0x000002ccd2146790 JavaThread "Thread-6"                   daemon [_thread_in_native, id=17080, stack(0x000000daf1900000,0x000000daf1a00000) (1024K)]
  0x000002ccd21474b0 JavaThread "Thread-7"                   daemon [_thread_in_native, id=18500, stack(0x000000daf1a00000,0x000000daf1b00000) (1024K)]
  0x000002ccd2146100 JavaThread "Thread-8"                   daemon [_thread_in_native, id=21176, stack(0x000000daf1b00000,0x000000daf1c00000) (1024K)]
  0x000002ccd2147b40 JavaThread "Thread-9"                   daemon [_thread_in_native, id=11032, stack(0x000000daf1c00000,0x000000daf1d00000) (1024K)]
  0x000002ccd28a2f00 JavaThread "pool-2-thread-1"                   [_thread_blocked, id=24612, stack(0x000000daf1d00000,0x000000daf1e00000) (1024K)]
  0x000002ccd28a0110 JavaThread "WorkspaceEventsHandler"            [_thread_blocked, id=20644, stack(0x000000daf1e00000,0x000000daf1f00000) (1024K)]
  0x000002ccd28a2870 JavaThread "pool-1-thread-1"                   [_thread_blocked, id=24340, stack(0x000000daf1f00000,0x000000daf2000000) (1024K)]
  0x000002ccd28a14c0 JavaThread "Worker-5"                          [_thread_blocked, id=22760, stack(0x000000daf2000000,0x000000daf2100000) (1024K)]
  0x000002ccd28a1b50 JavaThread "LocalFile Deleter"          daemon [_thread_blocked, id=7840, stack(0x000000daf2100000,0x000000daf2200000) (1024K)]
  0x000002ccd28a0e30 JavaThread "LocalFile Deleter"          daemon [_thread_blocked, id=6384, stack(0x000000daf2200000,0x000000daf2300000) (1024K)]
  0x000002ccd28a21e0 JavaThread "LocalFile Deleter"          daemon [_thread_blocked, id=17564, stack(0x000000daf2300000,0x000000daf2400000) (1024K)]
  0x000002ccd28a07a0 JavaThread "Compiler Source File Reader" daemon [_thread_blocked, id=15248, stack(0x000000daf2400000,0x000000daf2500000) (1024K)]
  0x000002ccd28a6a10 JavaThread "Compiler Source File Reader" daemon [_thread_blocked, id=6468, stack(0x000000daf2500000,0x000000daf2600000) (1024K)]
  0x000002ccd28a3590 JavaThread "Compiler Processing Task"   daemon [_thread_blocked, id=14580, stack(0x000000daf2600000,0x000000daf2700000) (1024K)]
  0x000002ccd28a42b0 JavaThread "Compiler Class File Writer" daemon [_thread_blocked, id=15068, stack(0x000000daf2700000,0x000000daf2800000) (1024K)]
  0x000002ccd28a4fd0 JavaThread "LocalFile Deleter"          daemon [_thread_blocked, id=17312, stack(0x000000daf2800000,0x000000daf2900000) (1024K)]
  0x000002ccd28a70a0 JavaThread "Compiler Source File Reader" daemon [_thread_blocked, id=25556, stack(0x000000daf2900000,0x000000daf2a00000) (1024K)]
  0x000002ccd28a5660 JavaThread "Compiler Class File Writer" daemon [_thread_blocked, id=13420, stack(0x000000daf2a00000,0x000000daf2b00000) (1024K)]
  0x000002ccd0354a40 JavaThread "ForkJoinPool.commonPool-worker-1" daemon [_thread_blocked, id=11436, stack(0x000000daf0f00000,0x000000daf1000000) (1024K)]
  0x000002ccd0353d20 JavaThread "ForkJoinPool.commonPool-worker-2" daemon [_thread_blocked, id=4288, stack(0x000000daf2b00000,0x000000daf2c00000) (1024K)]
  0x000002ccd0353000 JavaThread "ForkJoinPool.commonPool-worker-3" daemon [_thread_blocked, id=12716, stack(0x000000daf2c00000,0x000000daf2d00000) (1024K)]
  0x000002ccd03543b0 JavaThread "ForkJoinPool.commonPool-worker-4" daemon [_thread_blocked, id=9376, stack(0x000000daf2e00000,0x000000daf2f00000) (1024K)]
  0x000002ccd0355760 JavaThread "ForkJoinPool.commonPool-worker-5" daemon [_thread_blocked, id=20548, stack(0x000000daf2f00000,0x000000daf3000000) (1024K)]
  0x000002ccd03550d0 JavaThread "ForkJoinPool.commonPool-worker-6" daemon [_thread_blocked, id=12844, stack(0x000000daf3000000,0x000000daf3100000) (1024K)]
  0x000002ccd03522e0 JavaThread "ForkJoinPool.commonPool-worker-7" daemon [_thread_blocked, id=6444, stack(0x000000daf3100000,0x000000daf3200000) (1024K)]
  0x000002ccd0358550 JavaThread "Compiler Source File Reader" daemon [_thread_blocked, id=19140, stack(0x000000daf0c00000,0x000000daf0d00000) (1024K)]
  0x000002ccd0357830 JavaThread "Cleaner-0"                  daemon [_thread_blocked, id=3144, stack(0x000000daf2d00000,0x000000daf2e00000) (1024K)]
  0x000002ccd0358be0 JavaThread "Compiler Source File Reader" daemon [_thread_blocked, id=13512, stack(0x000000daeeb00000,0x000000daeec00000) (1024K)]
  0x000002ccd29079d0 JavaThread "C2 CompilerThread1"         daemon [_thread_blocked, id=20736, stack(0x000000daf3200000,0x000000daf3300000) (1024K)]
Total: 59

Other Threads:
  0x000002ccf8542d30 VMThread "VM Thread"                           [id=23728, stack(0x000000daef000000,0x000000daef100000) (1024K)] _threads_hazard_ptr=0x000002ccd336a520
  0x000002ccf0b6d430 WatcherThread "VM Periodic Task Thread"        [id=4376, stack(0x000000daeef00000,0x000000daef000000) (1024K)]
  0x000002ccf0b1d1e0 WorkerThread "GC Thread#0"                     [id=18164, stack(0x000000daeee00000,0x000000daeef00000) (1024K)]
  0x000002ccfeaba420 WorkerThread "GC Thread#1"                     [id=25072, stack(0x000000daefd00000,0x000000daefe00000) (1024K)]
  0x000002ccfe764800 WorkerThread "GC Thread#2"                     [id=20772, stack(0x000000daefe00000,0x000000daeff00000) (1024K)]
  0x000002ccfe759840 WorkerThread "GC Thread#3"                     [id=25552, stack(0x000000daeff00000,0x000000daf0000000) (1024K)]
  0x000002ccfe759be0 WorkerThread "GC Thread#4"                     [id=24816, stack(0x000000daf0000000,0x000000daf0100000) (1024K)]
  0x000002ccfec99820 WorkerThread "GC Thread#5"                     [id=7904, stack(0x000000daf0100000,0x000000daf0200000) (1024K)]
  0x000002ccfec99bc0 WorkerThread "GC Thread#6"                     [id=2768, stack(0x000000daf0200000,0x000000daf0300000) (1024K)]
  0x000002ccfe9012a0 WorkerThread "GC Thread#7"                     [id=12516, stack(0x000000daf0500000,0x000000daf0600000) (1024K)]
Total: 10

Threads with active compile tasks:
Total: 0

VM state: synchronizing (normal execution)

VM Mutex/Monitor currently owned by a thread:  ([mutex/lock_event])
[0x00007fffdab85458] Threads_lock - owner thread: 0x000002ccf8542d30

Heap address: 0x0000000080000000, size: 2048 MB, Compressed Oops mode: 32-bit

CDS archive(s) mapped at: [0x000002cc8f000000-0x000002cc8fba0000-0x000002cc8fba0000), size 12189696, SharedBaseAddress: 0x000002cc8f000000, ArchiveRelocationMode: 1.
Compressed class space mapped at: 0x000002cc90000000-0x000002ccd0000000, reserved size: 1073741824
Narrow klass base: 0x000002cc8f000000, Narrow klass shift: 0, Narrow klass range: 0x100000000

GC Precious Log:
 CardTable entry size: 512
 CPUs: 8 total, 8 available
 Memory: 11930M
 Large Page Support: Disabled
 NUMA Support: Disabled
 Compressed Oops: Enabled (32-bit)
 Alignments: Space 512K, Generation 512K, Heap 2M
 Heap Min Capacity: 100M
 Heap Initial Capacity: 100M
 Heap Max Capacity: 2G
 Pre-touch: Disabled
 Parallel Workers: 8

Heap:
 PSYoungGen      total 3584K, used 1078K [0x00000000d5580000, 0x00000000d5b80000, 0x0000000100000000)
  eden space 3072K, 18% used [0x00000000d5580000,0x00000000d5610768,0x00000000d5880000)
  from space 512K, 97% used [0x00000000d5a80000,0x00000000d5afd200,0x00000000d5b00000)
  to   space 1536K, 0% used [0x00000000d5880000,0x00000000d5880000,0x00000000d5a00000)
 ParOldGen       total 265728K, used 265298K [0x0000000080000000, 0x0000000090380000, 0x00000000d5580000)
  object space 265728K, 99% used [0x0000000080000000,0x0000000090314890,0x0000000090380000)
 Metaspace       used 72818K, committed 74496K, reserved 1179648K
  class space    used 7590K, committed 8320K, reserved 1048576K

Card table byte_map: [0x000002ccf04c0000,0x000002ccf08d0000] _byte_map_base: 0x000002ccf00c0000

Marking Bits: (ParMarkBitMap*) 0x00007fffdab8a340
 Begin Bits: [0x000002ccf3fa0000, 0x000002ccf5fa0000)
 End Bits:   [0x000002ccf5fa0000, 0x000002ccf7fa0000)

Polling page: 0x000002ccf02a0000

Metaspace:

Usage:
  Non-class:     63.70 MB used.
      Class:      7.41 MB used.
       Both:     71.11 MB used.

Virtual space:
  Non-class space:      128.00 MB reserved,      64.62 MB ( 50%) committed,  2 nodes.
      Class space:        1.00 GB reserved,       8.12 MB ( <1%) committed,  1 nodes.
             Both:        1.12 GB reserved,      72.75 MB (  6%) committed. 

Chunk freelists:
   Non-Class:  14.56 MB
       Class:  7.83 MB
        Both:  22.39 MB

MaxMetaspaceSize: unlimited
CompressedClassSpaceSize: 1.00 GB
Initial GC threshold: 21.00 MB
Current GC threshold: 97.31 MB
CDS: on
 - commit_granule_bytes: 65536.
 - commit_granule_words: 8192.
 - virtual_space_node_default_size: 8388608.
 - enlarge_chunks_in_place: 1.
 - use_allocation_guard: 0.


Internal statistics:

num_allocs_failed_limit: 11.
num_arena_births: 1424.
num_arena_deaths: 20.
num_vsnodes_births: 3.
num_vsnodes_deaths: 0.
num_space_committed: 1164.
num_space_uncommitted: 0.
num_chunks_returned_to_freelist: 34.
num_chunks_taken_from_freelist: 5046.
num_chunk_merges: 18.
num_chunk_splits: 3010.
num_chunks_enlarged: 1561.
num_inconsistent_stats: 0.

CodeHeap 'non-profiled nmethods': size=120000Kb used=10424Kb max_used=10424Kb free=109575Kb
 bounds [0x000002cc87ad0000, 0x000002cc88500000, 0x000002cc8f000000]
CodeHeap 'profiled nmethods': size=120000Kb used=30918Kb max_used=30918Kb free=89081Kb
 bounds [0x000002cc80000000, 0x000002cc81e40000, 0x000002cc87530000]
CodeHeap 'non-nmethods': size=5760Kb used=1487Kb max_used=1555Kb free=4273Kb
 bounds [0x000002cc87530000, 0x000002cc877a0000, 0x000002cc87ad0000]
CodeCache: size=245760Kb, used=42829Kb, max_used=42897Kb, free=202929Kb
 total_blobs=14406, nmethods=13607, adapters=699, full_count=0
Compilation: enabled, stopped_count=0, restarted_count=0

Compilation events (20 events):
Event: 59.406 Thread 0x000002ccf8570cf0 nmethod 14368 0x000002cc884fd610 code [0x000002cc884fd7c0, 0x000002cc884fdab0]
Event: 59.415 Thread 0x000002ccf8599c60 nmethod 14355% 0x000002cc81e20110 code [0x000002cc81e20a20, 0x000002cc81e27db0]
Event: 59.415 Thread 0x000002ccf8599c60 14356       3       org.eclipse.jdt.internal.compiler.lookup.PackageBinding::isViewedAsDeprecated (85 bytes)
Event: 59.415 Thread 0x000002ccf8599c60 nmethod 14356 0x000002cc81e2cd90 code [0x000002cc81e2cf60, 0x000002cc81e2d368]
Event: 59.415 Thread 0x000002ccf8599c60 14361       3       org.eclipse.jdt.internal.compiler.lookup.ImplicitNullAnnotationVerifier::collectOverriddenMethods (121 bytes)
Event: 59.416 Thread 0x000002ccf8599c60 nmethod 14361 0x000002cc81e2d490 code [0x000002cc81e2d740, 0x000002cc81e2e5c8]
Event: 59.416 Thread 0x000002ccf8599c60 14365       3       org.eclipse.jdt.internal.compiler.codegen.CodeStream::recordPositionsFrom (813 bytes)
Event: 59.418 Thread 0x000002ccf8599c60 nmethod 14365 0x000002cc81e2eb90 code [0x000002cc81e2ee80, 0x000002cc81e301b8]
Event: 59.418 Thread 0x000002ccf8599c60 14366       3       org.eclipse.jdt.internal.compiler.codegen.CodeStream::writeUnsignedShort (50 bytes)
Event: 59.418 Thread 0x000002ccf8599c60 nmethod 14366 0x000002cc81e30910 code [0x000002cc81e30ac0, 0x000002cc81e30c38]
Event: 59.418 Thread 0x000002ccf8599c60 14364       3       org.eclipse.jdt.internal.compiler.lookup.VariableBinding::isFinal (14 bytes)
Event: 59.418 Thread 0x000002ccf8599c60 nmethod 14364 0x000002cc81e30d10 code [0x000002cc81e30ec0, 0x000002cc81e31038]
Event: 59.418 Thread 0x000002ccf8599c60 14370       1       org.eclipse.jdt.internal.compiler.ast.TypeDeclaration::compilationResult (5 bytes)
Event: 59.418 Thread 0x000002ccf8599c60 nmethod 14370 0x000002cc884fdd10 code [0x000002cc884fdea0, 0x000002cc884fdf68]
Event: 59.418 Thread 0x000002ccf8599c60 14360       3       org.eclipse.jdt.internal.compiler.lookup.MethodBinding::getTypeVariable (41 bytes)
Event: 59.418 Thread 0x000002ccf8599c60 nmethod 14360 0x000002cc81e31110 code [0x000002cc81e312e0, 0x000002cc81e31618]
Event: 59.418 Thread 0x000002ccf8599c60 14363       1       org.eclipse.jdt.internal.compiler.lookup.TypeBinding::isFreeTypeVariable (2 bytes)
Event: 59.418 Thread 0x000002ccf8599c60 nmethod 14363 0x000002cc884fe010 code [0x000002cc884fe1a0, 0x000002cc884fe268]
Event: 59.418 Thread 0x000002ccf8599c60 14354       3       org.eclipse.jdt.internal.compiler.lookup.PackageBinding::getVisibleFor (2 bytes)
Event: 59.418 Thread 0x000002ccf8599c60 nmethod 14354 0x000002cc81e31810 code [0x000002cc81e319a0, 0x000002cc81e31ab0]

GC Heap History (20 events):
Event: 58.683 GC heap before
{Heap before GC invocations=226 (full 3):
 PSYoungGen      total 3584K, used 3328K [0x00000000d5580000, 0x00000000d5b80000, 0x0000000100000000)
  eden space 3072K, 100% used [0x00000000d5580000,0x00000000d5880000,0x00000000d5880000)
  from space 512K, 50% used [0x00000000d5b00000,0x00000000d5b40000,0x00000000d5b80000)
  to   space 512K, 0% used [0x00000000d5a80000,0x00000000d5a80000,0x00000000d5b00000)
 ParOldGen       total 262656K, used 262444K [0x0000000080000000, 0x0000000090080000, 0x00000000d5580000)
  object space 262656K, 99% used [0x0000000080000000,0x000000009004b260,0x0000000090080000)
 Metaspace       used 72262K, committed 73984K, reserved 1179648K
  class space    used 7534K, committed 8256K, reserved 1048576K
}
Event: 58.684 GC heap after
{Heap after GC invocations=226 (full 3):
 PSYoungGen      total 3584K, used 490K [0x00000000d5580000, 0x00000000d5b80000, 0x0000000100000000)
  eden space 3072K, 0% used [0x00000000d5580000,0x00000000d5580000,0x00000000d5880000)
  from space 512K, 95% used [0x00000000d5a80000,0x00000000d5afa910,0x00000000d5b00000)
  to   space 512K, 0% used [0x00000000d5b00000,0x00000000d5b00000,0x00000000d5b80000)
 ParOldGen       total 262656K, used 262540K [0x0000000080000000, 0x0000000090080000, 0x00000000d5580000)
  object space 262656K, 99% used [0x0000000080000000,0x0000000090063360,0x0000000090080000)
 Metaspace       used 72262K, committed 73984K, reserved 1179648K
  class space    used 7534K, committed 8256K, reserved 1048576K
}
Event: 58.785 GC heap before
{Heap before GC invocations=227 (full 3):
 PSYoungGen      total 3584K, used 3562K [0x00000000d5580000, 0x00000000d5b80000, 0x0000000100000000)
  eden space 3072K, 100% used [0x00000000d5580000,0x00000000d5880000,0x00000000d5880000)
  from space 512K, 95% used [0x00000000d5a80000,0x00000000d5afa910,0x00000000d5b00000)
  to   space 512K, 0% used [0x00000000d5b00000,0x00000000d5b00000,0x00000000d5b80000)
 ParOldGen       total 262656K, used 262540K [0x0000000080000000, 0x0000000090080000, 0x00000000d5580000)
  object space 262656K, 99% used [0x0000000080000000,0x0000000090063360,0x0000000090080000)
 Metaspace       used 72337K, committed 74112K, reserved 1179648K
  class space    used 7537K, committed 8320K, reserved 1048576K
}
Event: 58.786 GC heap after
{Heap after GC invocations=227 (full 3):
 PSYoungGen      total 3584K, used 481K [0x00000000d5580000, 0x00000000d5b80000, 0x0000000100000000)
  eden space 3072K, 0% used [0x00000000d5580000,0x00000000d5580000,0x00000000d5880000)
  from space 512K, 94% used [0x00000000d5b00000,0x00000000d5b78588,0x00000000d5b80000)
  to   space 1536K, 0% used [0x00000000d5880000,0x00000000d5880000,0x00000000d5a00000)
 ParOldGen       total 263168K, used 263033K [0x0000000080000000, 0x0000000090100000, 0x00000000d5580000)
  object space 263168K, 99% used [0x0000000080000000,0x00000000900de470,0x0000000090100000)
 Metaspace       used 72337K, committed 74112K, reserved 1179648K
  class space    used 7537K, committed 8320K, reserved 1048576K
}
Event: 58.798 GC heap before
{Heap before GC invocations=228 (full 3):
 PSYoungGen      total 3584K, used 3553K [0x00000000d5580000, 0x00000000d5b80000, 0x0000000100000000)
  eden space 3072K, 100% used [0x00000000d5580000,0x00000000d5880000,0x00000000d5880000)
  from space 512K, 94% used [0x00000000d5b00000,0x00000000d5b78588,0x00000000d5b80000)
  to   space 1536K, 0% used [0x00000000d5880000,0x00000000d5880000,0x00000000d5a00000)
 ParOldGen       total 263168K, used 263033K [0x0000000080000000, 0x0000000090100000, 0x00000000d5580000)
  object space 263168K, 99% used [0x0000000080000000,0x00000000900de470,0x0000000090100000)
 Metaspace       used 72353K, committed 74112K, reserved 1179648K
  class space    used 7537K, committed 8320K, reserved 1048576K
}
Event: 58.801 GC heap after
{Heap after GC invocations=228 (full 3):
 PSYoungGen      total 4608K, used 586K [0x00000000d5580000, 0x00000000d5b80000, 0x0000000100000000)
  eden space 3072K, 0% used [0x00000000d5580000,0x00000000d5580000,0x00000000d5880000)
  from space 1536K, 38% used [0x00000000d5880000,0x00000000d5912910,0x00000000d5a00000)
  to   space 1024K, 0% used [0x00000000d5a80000,0x00000000d5a80000,0x00000000d5b80000)
 ParOldGen       total 263680K, used 263524K [0x0000000080000000, 0x0000000090180000, 0x00000000d5580000)
  object space 263680K, 99% used [0x0000000080000000,0x00000000901593c8,0x0000000090180000)
 Metaspace       used 72353K, committed 74112K, reserved 1179648K
  class space    used 7537K, committed 8320K, reserved 1048576K
}
Event: 58.849 GC heap before
{Heap before GC invocations=229 (full 3):
 PSYoungGen      total 4608K, used 3658K [0x00000000d5580000, 0x00000000d5b80000, 0x0000000100000000)
  eden space 3072K, 100% used [0x00000000d5580000,0x00000000d5880000,0x00000000d5880000)
  from space 1536K, 38% used [0x00000000d5880000,0x00000000d5912910,0x00000000d5a00000)
  to   space 1024K, 0% used [0x00000000d5a80000,0x00000000d5a80000,0x00000000d5b80000)
 ParOldGen       total 263680K, used 263524K [0x0000000080000000, 0x0000000090180000, 0x00000000d5580000)
  object space 263680K, 99% used [0x0000000080000000,0x00000000901593c8,0x0000000090180000)
 Metaspace       used 72410K, committed 74176K, reserved 1179648K
  class space    used 7537K, committed 8320K, reserved 1048576K
}
Event: 58.851 GC heap after
{Heap after GC invocations=229 (full 3):
 PSYoungGen      total 3584K, used 480K [0x00000000d5580000, 0x00000000d5b00000, 0x0000000100000000)
  eden space 3072K, 0% used [0x00000000d5580000,0x00000000d5580000,0x00000000d5880000)
  from space 512K, 93% used [0x00000000d5a80000,0x00000000d5af8000,0x00000000d5b00000)
  to   space 1024K, 0% used [0x00000000d5900000,0x00000000d5900000,0x00000000d5a00000)
 ParOldGen       total 264192K, used 264041K [0x0000000080000000, 0x0000000090200000, 0x00000000d5580000)
  object space 264192K, 99% used [0x0000000080000000,0x00000000901da4d8,0x0000000090200000)
 Metaspace       used 72410K, committed 74176K, reserved 1179648K
  class space    used 7537K, committed 8320K, reserved 1048576K
}
Event: 58.882 GC heap before
{Heap before GC invocations=230 (full 3):
 PSYoungGen      total 3584K, used 3552K [0x00000000d5580000, 0x00000000d5b00000, 0x0000000100000000)
  eden space 3072K, 100% used [0x00000000d5580000,0x00000000d5880000,0x00000000d5880000)
  from space 512K, 93% used [0x00000000d5a80000,0x00000000d5af8000,0x00000000d5b00000)
  to   space 1024K, 0% used [0x00000000d5900000,0x00000000d5900000,0x00000000d5a00000)
 ParOldGen       total 264192K, used 264041K [0x0000000080000000, 0x0000000090200000, 0x00000000d5580000)
  object space 264192K, 99% used [0x0000000080000000,0x00000000901da4d8,0x0000000090200000)
 Metaspace       used 72441K, committed 74176K, reserved 1179648K
  class space    used 7537K, committed 8320K, reserved 1048576K
}
Event: 58.883 GC heap after
{Heap after GC invocations=230 (full 3):
 PSYoungGen      total 4096K, used 160K [0x00000000d5580000, 0x00000000d5b00000, 0x0000000100000000)
  eden space 3072K, 0% used [0x00000000d5580000,0x00000000d5580000,0x00000000d5880000)
  from space 1024K, 15% used [0x00000000d5900000,0x00000000d5928000,0x00000000d5a00000)
  to   space 512K, 0% used [0x00000000d5a80000,0x00000000d5a80000,0x00000000d5b00000)
 ParOldGen       total 264704K, used 264429K [0x0000000080000000, 0x0000000090280000, 0x00000000d5580000)
  object space 264704K, 99% used [0x0000000080000000,0x000000009023b508,0x0000000090280000)
 Metaspace       used 72441K, committed 74176K, reserved 1179648K
  class space    used 7537K, committed 8320K, reserved 1048576K
}
Event: 59.111 GC heap before
{Heap before GC invocations=231 (full 3):
 PSYoungGen      total 4096K, used 3232K [0x00000000d5580000, 0x00000000d5b00000, 0x0000000100000000)
  eden space 3072K, 100% used [0x00000000d5580000,0x00000000d5880000,0x00000000d5880000)
  from space 1024K, 15% used [0x00000000d5900000,0x00000000d5928000,0x00000000d5a00000)
  to   space 512K, 0% used [0x00000000d5a80000,0x00000000d5a80000,0x00000000d5b00000)
 ParOldGen       total 264704K, used 264429K [0x0000000080000000, 0x0000000090280000, 0x00000000d5580000)
  object space 264704K, 99% used [0x0000000080000000,0x000000009023b508,0x0000000090280000)
 Metaspace       used 72478K, committed 74240K, reserved 1179648K
  class space    used 7541K, committed 8320K, reserved 1048576K
}
Event: 59.112 GC heap after
{Heap after GC invocations=231 (full 3):
 PSYoungGen      total 3584K, used 192K [0x00000000d5580000, 0x00000000d5b00000, 0x0000000100000000)
  eden space 3072K, 0% used [0x00000000d5580000,0x00000000d5580000,0x00000000d5880000)
  from space 512K, 37% used [0x00000000d5a80000,0x00000000d5ab0000,0x00000000d5b00000)
  to   space 512K, 0% used [0x00000000d5a00000,0x00000000d5a00000,0x00000000d5a80000)
 ParOldGen       total 264704K, used 264477K [0x0000000080000000, 0x0000000090280000, 0x00000000d5580000)
  object space 264704K, 99% used [0x0000000080000000,0x0000000090247508,0x0000000090280000)
 Metaspace       used 72478K, committed 74240K, reserved 1179648K
  class space    used 7541K, committed 8320K, reserved 1048576K
}
Event: 59.216 GC heap before
{Heap before GC invocations=232 (full 3):
 PSYoungGen      total 3584K, used 3264K [0x00000000d5580000, 0x00000000d5b00000, 0x0000000100000000)
  eden space 3072K, 100% used [0x00000000d5580000,0x00000000d5880000,0x00000000d5880000)
  from space 512K, 37% used [0x00000000d5a80000,0x00000000d5ab0000,0x00000000d5b00000)
  to   space 512K, 0% used [0x00000000d5a00000,0x00000000d5a00000,0x00000000d5a80000)
 ParOldGen       total 264704K, used 264477K [0x0000000080000000, 0x0000000090280000, 0x00000000d5580000)
  object space 264704K, 99% used [0x0000000080000000,0x0000000090247508,0x0000000090280000)
 Metaspace       used 72710K, committed 74432K, reserved 1179648K
  class space    used 7587K, committed 8320K, reserved 1048576K
}
Event: 59.217 GC heap after
{Heap after GC invocations=232 (full 3):
 PSYoungGen      total 3584K, used 436K [0x00000000d5580000, 0x00000000d5b00000, 0x0000000100000000)
  eden space 3072K, 0% used [0x00000000d5580000,0x00000000d5580000,0x00000000d5880000)
  from space 512K, 85% used [0x00000000d5a00000,0x00000000d5a6d200,0x00000000d5a80000)
  to   space 512K, 0% used [0x00000000d5a80000,0x00000000d5a80000,0x00000000d5b00000)
 ParOldGen       total 264704K, used 264501K [0x0000000080000000, 0x0000000090280000, 0x00000000d5580000)
  object space 264704K, 99% used [0x0000000080000000,0x000000009024d508,0x0000000090280000)
 Metaspace       used 72710K, committed 74432K, reserved 1179648K
  class space    used 7587K, committed 8320K, reserved 1048576K
}
Event: 59.364 GC heap before
{Heap before GC invocations=233 (full 3):
 PSYoungGen      total 3584K, used 3508K [0x00000000d5580000, 0x00000000d5b00000, 0x0000000100000000)
  eden space 3072K, 100% used [0x00000000d5580000,0x00000000d5880000,0x00000000d5880000)
  from space 512K, 85% used [0x00000000d5a00000,0x00000000d5a6d200,0x00000000d5a80000)
  to   space 512K, 0% used [0x00000000d5a80000,0x00000000d5a80000,0x00000000d5b00000)
 ParOldGen       total 264704K, used 264501K [0x0000000080000000, 0x0000000090280000, 0x00000000d5580000)
  object space 264704K, 99% used [0x0000000080000000,0x000000009024d508,0x0000000090280000)
 Metaspace       used 72772K, committed 74496K, reserved 1179648K
  class space    used 7590K, committed 8320K, reserved 1048576K
}
Event: 59.365 GC heap after
{Heap after GC invocations=233 (full 3):
 PSYoungGen      total 3584K, used 308K [0x00000000d5580000, 0x00000000d5b00000, 0x0000000100000000)
  eden space 3072K, 0% used [0x00000000d5580000,0x00000000d5580000,0x00000000d5880000)
  from space 512K, 60% used [0x00000000d5a80000,0x00000000d5acd200,0x00000000d5b00000)
  to   space 512K, 0% used [0x00000000d5a00000,0x00000000d5a00000,0x00000000d5a80000)
 ParOldGen       total 264704K, used 264570K [0x0000000080000000, 0x0000000090280000, 0x00000000d5580000)
  object space 264704K, 99% used [0x0000000080000000,0x000000009025e860,0x0000000090280000)
 Metaspace       used 72772K, committed 74496K, reserved 1179648K
  class space    used 7590K, committed 8320K, reserved 1048576K
}
Event: 59.376 GC heap before
{Heap before GC invocations=234 (full 3):
 PSYoungGen      total 3584K, used 3380K [0x00000000d5580000, 0x00000000d5b00000, 0x0000000100000000)
  eden space 3072K, 99% used [0x00000000d5580000,0x00000000d587fff8,0x00000000d5880000)
  from space 512K, 60% used [0x00000000d5a80000,0x00000000d5acd200,0x00000000d5b00000)
  to   space 512K, 0% used [0x00000000d5a00000,0x00000000d5a00000,0x00000000d5a80000)
 ParOldGen       total 264704K, used 264570K [0x0000000080000000, 0x0000000090280000, 0x00000000d5580000)
  object space 264704K, 99% used [0x0000000080000000,0x000000009025e860,0x0000000090280000)
 Metaspace       used 72772K, committed 74496K, reserved 1179648K
  class space    used 7590K, committed 8320K, reserved 1048576K
}
Event: 59.378 GC heap after
{Heap after GC invocations=234 (full 3):
 PSYoungGen      total 3584K, used 496K [0x00000000d5580000, 0x00000000d5b00000, 0x0000000100000000)
  eden space 3072K, 0% used [0x00000000d5580000,0x00000000d5580000,0x00000000d5880000)
  from space 512K, 96% used [0x00000000d5a00000,0x00000000d5a7c010,0x00000000d5a80000)
  to   space 512K, 0% used [0x00000000d5a80000,0x00000000d5a80000,0x00000000d5b00000)
 ParOldGen       total 264704K, used 264702K [0x0000000080000000, 0x0000000090280000, 0x00000000d5580000)
  object space 264704K, 99% used [0x0000000080000000,0x000000009027fa60,0x0000000090280000)
 Metaspace       used 72772K, committed 74496K, reserved 1179648K
  class space    used 7590K, committed 8320K, reserved 1048576K
}
Event: 59.396 GC heap before
{Heap before GC invocations=235 (full 3):
 PSYoungGen      total 3584K, used 3568K [0x00000000d5580000, 0x00000000d5b00000, 0x0000000100000000)
  eden space 3072K, 100% used [0x00000000d5580000,0x00000000d5880000,0x00000000d5880000)
  from space 512K, 96% used [0x00000000d5a00000,0x00000000d5a7c010,0x00000000d5a80000)
  to   space 512K, 0% used [0x00000000d5a80000,0x00000000d5a80000,0x00000000d5b00000)
 ParOldGen       total 264704K, used 264702K [0x0000000080000000, 0x0000000090280000, 0x00000000d5580000)
  object space 264704K, 99% used [0x0000000080000000,0x000000009027fa60,0x0000000090280000)
 Metaspace       used 72809K, committed 74496K, reserved 1179648K
  class space    used 7590K, committed 8320K, reserved 1048576K
}
Event: 59.397 GC heap after
{Heap after GC invocations=235 (full 3):
 PSYoungGen      total 3584K, used 500K [0x00000000d5580000, 0x00000000d5b80000, 0x0000000100000000)
  eden space 3072K, 0% used [0x00000000d5580000,0x00000000d5580000,0x00000000d5880000)
  from space 512K, 97% used [0x00000000d5a80000,0x00000000d5afd200,0x00000000d5b00000)
  to   space 1536K, 0% used [0x00000000d5880000,0x00000000d5880000,0x00000000d5a00000)
 ParOldGen       total 265728K, used 265298K [0x0000000080000000, 0x0000000090380000, 0x00000000d5580000)
  object space 265728K, 99% used [0x0000000080000000,0x0000000090314890,0x0000000090380000)
 Metaspace       used 72809K, committed 74496K, reserved 1179648K
  class space    used 7590K, committed 8320K, reserved 1048576K
}

Dll operation events (10 events):
Event: 0.013 Loaded shared library c:\Users\hiwet\.vscode\extensions\redhat.java-1.46.0-win32-x64\jre\21.0.8-win32-x86_64\bin\java.dll
Event: 0.121 Loaded shared library c:\Users\hiwet\.vscode\extensions\redhat.java-1.46.0-win32-x64\jre\21.0.8-win32-x86_64\bin\zip.dll
Event: 0.154 Loaded shared library C:\Users\hiwet\.vscode\extensions\redhat.java-1.46.0-win32-x64\jre\21.0.8-win32-x86_64\bin\instrument.dll
Event: 0.162 Loaded shared library C:\Users\hiwet\.vscode\extensions\redhat.java-1.46.0-win32-x64\jre\21.0.8-win32-x86_64\bin\net.dll
Event: 0.166 Loaded shared library C:\Users\hiwet\.vscode\extensions\redhat.java-1.46.0-win32-x64\jre\21.0.8-win32-x86_64\bin\nio.dll
Event: 0.170 Loaded shared library C:\Users\hiwet\.vscode\extensions\redhat.java-1.46.0-win32-x64\jre\21.0.8-win32-x86_64\bin\zip.dll
Event: 0.194 Loaded shared library C:\Users\hiwet\.vscode\extensions\redhat.java-1.46.0-win32-x64\jre\21.0.8-win32-x86_64\bin\jimage.dll
Event: 0.299 Loaded shared library c:\Users\hiwet\.vscode\extensions\redhat.java-1.46.0-win32-x64\jre\21.0.8-win32-x86_64\bin\verify.dll
Event: 1.629 Loaded shared library C:\Users\hiwet\AppData\Roaming\Code\User\globalStorage\redhat.java\1.46.0\config_win\org.eclipse.equinox.launcher\org.eclipse.equinox.launcher.win32.win32.x86_64_1.2.1400.v20250801-0854\eclipse_11916.dll
Event: 4.815 Loaded shared library C:\Users\hiwet\AppData\Local\Temp\jna-99291845\jna14605053651024819682.dll

Deoptimization events (20 events):
Event: 58.692 Thread 0x000002ccd0354a40 Uncommon trap: trap_request=0xffffff6e fr.pc=0x000002cc8840357c relative=0x000000000000015c
Event: 58.692 Thread 0x000002ccd0354a40 Uncommon trap: reason=loop_limit_check action=maybe_recompile pc=0x000002cc8840357c method=org.eclipse.jdt.internal.compiler.lookup.ReferenceBinding.compare([C[CII)I @ 46 c2
Event: 58.692 Thread 0x000002ccd0354a40 DEOPT PACKING pc=0x000002cc8840357c sp=0x000000daf0ffd920
Event: 58.692 Thread 0x000002ccd0354a40 DEOPT UNPACKING pc=0x000002cc87586da2 sp=0x000000daf0ffd890 mode 2
Event: 58.699 Thread 0x000002ccd0354a40 Uncommon trap: trap_request=0xffffff45 fr.pc=0x000002cc882fa538 relative=0x0000000000000098
Event: 58.699 Thread 0x000002ccd0354a40 Uncommon trap: reason=unstable_if action=reinterpret pc=0x000002cc882fa538 method=org.eclipse.jdt.internal.compiler.lookup.TypeBinding.notEquals(Lorg/eclipse/jdt/internal/compiler/lookup/TypeBinding;Lorg/eclipse/jdt/internal/compiler/lookup/TypeBinding;)Z
Event: 58.699 Thread 0x000002ccd0354a40 DEOPT PACKING pc=0x000002cc882fa538 sp=0x000000daf0ffddd0
Event: 58.699 Thread 0x000002ccd0354a40 DEOPT UNPACKING pc=0x000002cc87586da2 sp=0x000000daf0ffdd68 mode 2
Event: 58.701 Thread 0x000002ccd0354a40 Uncommon trap: trap_request=0xffffff45 fr.pc=0x000002cc88467e38 relative=0x0000000000000b58
Event: 58.701 Thread 0x000002ccd0354a40 Uncommon trap: reason=unstable_if action=reinterpret pc=0x000002cc88467e38 method=org.eclipse.jdt.internal.compiler.codegen.ConstantPool.writeU1(I)V @ 11 c2
Event: 58.701 Thread 0x000002ccd0354a40 DEOPT PACKING pc=0x000002cc88467e38 sp=0x000000daf0ffdf10
Event: 58.701 Thread 0x000002ccd0354a40 DEOPT UNPACKING pc=0x000002cc87586da2 sp=0x000000daf0ffde68 mode 2
Event: 58.814 Thread 0x000002ccd0354a40 Uncommon trap: trap_request=0xffffff45 fr.pc=0x000002cc882f1c44 relative=0x00000000000000a4
Event: 58.814 Thread 0x000002ccd0354a40 Uncommon trap: reason=unstable_if action=reinterpret pc=0x000002cc882f1c44 method=org.eclipse.jdt.internal.compiler.codegen.ConstantPool.writeU1(I)V @ 11 c2
Event: 58.814 Thread 0x000002ccd0354a40 DEOPT PACKING pc=0x000002cc882f1c44 sp=0x000000daf0ffddc0
Event: 58.814 Thread 0x000002ccd0354a40 DEOPT UNPACKING pc=0x000002cc87586da2 sp=0x000000daf0ffdd48 mode 2
Event: 59.159 Thread 0x000002ccd03550d0 DEOPT PACKING pc=0x000002cc81d3e5f2 sp=0x000000daf30fe260
Event: 59.159 Thread 0x000002ccd03550d0 DEOPT UNPACKING pc=0x000002cc875878e2 sp=0x000000daf30fd7d8 mode 0
Event: 59.387 Thread 0x000002ccff4227e0 DEOPT PACKING pc=0x000002cc81d3e5f2 sp=0x000000daf0bfe580
Event: 59.387 Thread 0x000002ccff4227e0 DEOPT UNPACKING pc=0x000002cc875878e2 sp=0x000000daf0bfdaf8 mode 0

Classes loaded (20 events):
Event: 31.389 Loading class sun/nio/cs/ISO_8859_1$Encoder
Event: 31.389 Loading class sun/nio/cs/ISO_8859_1$Encoder done
Event: 31.390 Loading class sun/nio/cs/Surrogate$Parser
Event: 31.390 Loading class sun/nio/cs/Surrogate$Parser done
Event: 31.391 Loading class sun/nio/cs/Surrogate
Event: 31.391 Loading class sun/nio/cs/Surrogate done
Event: 34.786 Loading class org/xml/sax/SAXNotRecognizedException
Event: 34.786 Loading class org/xml/sax/SAXNotRecognizedException done
Event: 34.786 Loading class org/xml/sax/SAXNotSupportedException
Event: 34.786 Loading class org/xml/sax/SAXNotSupportedException done
Event: 34.787 Loading class com/sun/org/apache/xerces/internal/util/URI
Event: 34.788 Loading class com/sun/org/apache/xerces/internal/util/URI done
Event: 34.791 Loading class com/sun/org/apache/xerces/internal/xni/XNIException
Event: 34.791 Loading class com/sun/org/apache/xerces/internal/xni/XNIException done
Event: 34.791 Loading class com/sun/org/apache/xerces/internal/xni/parser/XMLParseException
Event: 34.791 Loading class com/sun/org/apache/xerces/internal/xni/parser/XMLParseException done
Event: 34.821 Loading class sun/nio/fs/WindowsFileCopy
Event: 34.822 Loading class sun/nio/fs/WindowsFileCopy done
Event: 35.764 Loading class jdk/internal/ref/CleanerImpl$InnocuousThreadFactory
Event: 35.765 Loading class jdk/internal/ref/CleanerImpl$InnocuousThreadFactory done

Classes unloaded (10 events):
Event: 5.337 Thread 0x000002ccf8542d30 Unloading class 0x000002cc901a2800 'java/lang/invoke/LambdaForm$MH+0x000002cc901a2800'
Event: 5.337 Thread 0x000002ccf8542d30 Unloading class 0x000002cc901a2400 'java/lang/invoke/LambdaForm$MH+0x000002cc901a2400'
Event: 5.337 Thread 0x000002ccf8542d30 Unloading class 0x000002cc901a2000 'java/lang/invoke/LambdaForm$MH+0x000002cc901a2000'
Event: 5.337 Thread 0x000002ccf8542d30 Unloading class 0x000002cc901a1c00 'java/lang/invoke/LambdaForm$MH+0x000002cc901a1c00'
Event: 5.337 Thread 0x000002ccf8542d30 Unloading class 0x000002cc901a1800 'java/lang/invoke/LambdaForm$BMH+0x000002cc901a1800'
Event: 5.337 Thread 0x000002ccf8542d30 Unloading class 0x000002cc901a1400 'java/lang/invoke/LambdaForm$DMH+0x000002cc901a1400'
Event: 5.337 Thread 0x000002ccf8542d30 Unloading class 0x000002cc901a0000 'java/lang/invoke/LambdaForm$DMH+0x000002cc901a0000'
Event: 10.899 Thread 0x000002ccf8542d30 Unloading class 0x000002cc90675000 'java/lang/invoke/LambdaForm$DMH+0x000002cc90675000'
Event: 10.899 Thread 0x000002ccf8542d30 Unloading class 0x000002cc90674c00 'java/lang/invoke/LambdaForm$DMH+0x000002cc90674c00'
Event: 10.899 Thread 0x000002ccf8542d30 Unloading class 0x000002cc90674400 'java/lang/invoke/LambdaForm$DMH+0x000002cc90674400'

Classes redefined (0 events):
No events

Internal exceptions (20 events):
Event: 15.299 Thread 0x000002ccd0355760 Exception <a 'sun/nio/fs/WindowsException'{0x00000000d5cd98f8}> (0x00000000d5cd98f8) 
thrown [s\src\hotspot\share\prims\jni.cpp, line 520]
Event: 15.299 Thread 0x000002ccd0355760 Exception <a 'sun/nio/fs/WindowsException'{0x00000000d5cda488}> (0x00000000d5cda488) 
thrown [s\src\hotspot\share\prims\jni.cpp, line 520]
Event: 15.299 Thread 0x000002ccd0355760 Exception <a 'sun/nio/fs/WindowsException'{0x00000000d5cdb918}> (0x00000000d5cdb918) 
thrown [s\src\hotspot\share\prims\jni.cpp, line 520]
Event: 15.299 Thread 0x000002ccd0355760 Exception <a 'sun/nio/fs/WindowsException'{0x00000000d5cdc1f8}> (0x00000000d5cdc1f8) 
thrown [s\src\hotspot\share\prims\jni.cpp, line 520]
Event: 15.485 Thread 0x000002ccd0354a40 Exception <a 'java/lang/NoSuchMethodError'{0x00000000d56ccfc8}: 'void java.lang.invoke.DirectMethodHandle$Holder.invokeSpecial(java.lang.Object, java.lang.Object, int)'> (0x00000000d56ccfc8) 
thrown [s\src\hotspot\share\interpreter\linkResolver.cpp, line 773]
Event: 15.591 Thread 0x000002ccd0354a40 Exception <a 'java/lang/NoSuchMethodError'{0x00000000d5d309b0}: 'int java.lang.invoke.DirectMethodHandle$Holder.invokeVirtual(java.lang.Object, java.lang.Object, java.lang.Object, int)'> (0x00000000d5d309b0) 
thrown [s\src\hotspot\share\interpreter\linkResolver.cpp, line 773]
Event: 24.876 Thread 0x000002ccd28a2870 Exception <a 'java/lang/IncompatibleClassChangeError'{0x00000000d5c6dce8}: Found class java.lang.Object, but interface was expected> (0x00000000d5c6dce8) 
thrown [s\src\hotspot\share\interpreter\linkResolver.cpp, line 840]
Event: 24.881 Thread 0x000002ccd0354a40 Exception <a 'java/lang/NoSuchMethodError'{0x00000000d5c9fe10}: 'java.lang.Object java.lang.invoke.DirectMethodHandle$Holder.invokeStatic(java.lang.Object, int, int, java.lang.Object)'> (0x00000000d5c9fe10) 
thrown [s\src\hotspot\share\interpreter\linkResolver.cpp, line 773]
Event: 26.332 Thread 0x000002ccd28a2870 Exception <a 'java/lang/IncompatibleClassChangeError'{0x00000000d56c38a0}: Found class java.lang.Object, but interface was expected> (0x00000000d56c38a0) 
thrown [s\src\hotspot\share\interpreter\linkResolver.cpp, line 840]
Event: 26.341 Thread 0x000002ccd0354a40 Exception <a 'java/lang/NoSuchMethodError'{0x00000000d5716a70}: 'java.lang.Object java.lang.invoke.DirectMethodHandle$Holder.invokeSpecial(java.lang.Object, java.lang.Object, java.lang.Object, java.lang.Object, int, java.lang.Object, java.lang.Object)'> (0x00000000d5716a70) 
thrown [s\src\hotspot\share\interpreter\linkResolver.cpp, line 773]
Event: 26.605 Thread 0x000002ccff4227e0 Exception <a 'sun/nio/fs/WindowsException'{0x00000000d5a5f830}> (0x00000000d5a5f830) 
thrown [s\src\hotspot\share\prims\jni.cpp, line 520]
Event: 26.605 Thread 0x000002ccff4227e0 Exception <a 'sun/nio/fs/WindowsException'{0x00000000d5a60020}> (0x00000000d5a60020) 
thrown [s\src\hotspot\share\prims\jni.cpp, line 520]
Event: 34.778 Thread 0x000002ccd28a2870 Exception <a 'java/lang/NoSuchMethodError'{0x00000000d56e4888}: 'java.lang.Object java.lang.invoke.DirectMethodHandle$Holder.invokeStatic(java.lang.Object, java.lang.Object, int, java.lang.Object)'> (0x00000000d56e4888) 
thrown [s\src\hotspot\share\interpreter\linkResolver.cpp, line 773]
Event: 34.824 Thread 0x000002ccff420da0 Exception <a 'sun/nio/fs/WindowsException'{0x00000000d589ef90}> (0x00000000d589ef90) 
thrown [s\src\hotspot\share\prims\jni.cpp, line 520]
Event: 35.214 Thread 0x000002ccff420da0 Exception <a 'sun/nio/fs/WindowsException'{0x00000000d56ba940}> (0x00000000d56ba940) 
thrown [s\src\hotspot\share\prims\jni.cpp, line 520]
Event: 35.802 Thread 0x000002ccd0355760 Exception <a 'java/lang/NoSuchMethodError'{0x00000000d55aae78}: 'java.lang.Object java.lang.invoke.DirectMethodHandle$Holder.newInvokeSpecial(java.lang.Object, int, java.lang.Object, java.lang.Object, java.lang.Object)'> (0x00000000d55aae78) 
thrown [s\src\hotspot\share\interpreter\linkResolver.cpp, line 773]
Event: 53.675 Thread 0x000002ccff420da0 Exception <a 'sun/nio/fs/WindowsException'{0x00000000d55ebe98}> (0x00000000d55ebe98) 
thrown [s\src\hotspot\share\prims\jni.cpp, line 520]
Event: 53.696 Thread 0x000002ccff420da0 Implicit null exception at 0x000002cc883bc9af to 0x000002cc883c0e9c
Event: 53.994 Thread 0x000002ccff420da0 Exception <a 'sun/nio/fs/WindowsException'{0x00000000d5774e48}> (0x00000000d5774e48) 
thrown [s\src\hotspot\share\prims\jni.cpp, line 520]
Event: 59.153 Thread 0x000002ccd28a2870 Exception <a 'java/lang/IncompatibleClassChangeError'{0x00000000d55aa4f8}: Found class java.lang.Object, but interface was expected> (0x00000000d55aa4f8) 
thrown [s\src\hotspot\share\interpreter\linkResolver.cpp, line 840]

ZGC Phase Switch (0 events):
No events

VM Operations (20 events):
Event: 59.196 Executing VM operation: HandshakeAllThreads (Deoptimize) done
Event: 59.199 Executing VM operation: HandshakeAllThreads (Deoptimize)
Event: 59.199 Executing VM operation: HandshakeAllThreads (Deoptimize) done
Event: 59.203 Executing VM operation: HandshakeAllThreads (Deoptimize)
Event: 59.203 Executing VM operation: HandshakeAllThreads (Deoptimize) done
Event: 59.205 Executing VM operation: HandshakeAllThreads (Deoptimize)
Event: 59.205 Executing VM operation: HandshakeAllThreads (Deoptimize) done
Event: 59.216 Executing VM operation: ParallelGCFailedAllocation (Allocation Failure)
Event: 59.217 Executing VM operation: ParallelGCFailedAllocation (Allocation Failure) done
Event: 59.364 Executing VM operation: ParallelGCFailedAllocation (Allocation Failure)
Event: 59.365 Executing VM operation: ParallelGCFailedAllocation (Allocation Failure) done
Event: 59.376 Executing VM operation: ParallelGCFailedAllocation (Allocation Failure)
Event: 59.378 Executing VM operation: ParallelGCFailedAllocation (Allocation Failure) done
Event: 59.396 Executing VM operation: ParallelGCFailedAllocation (Allocation Failure)
Event: 59.397 Executing VM operation: ParallelGCFailedAllocation (Allocation Failure) done
Event: 60.216 Executing VM operation: HandshakeAllThreads (HandshakeForDeflation)
Event: 60.216 Executing VM operation: HandshakeAllThreads (HandshakeForDeflation) done
Event: 60.216 Executing VM operation: RendezvousGCThreads
Event: 60.216 Executing VM operation: RendezvousGCThreads done
Event: 61.216 Executing VM operation: Cleanup

Memory protections (0 events):
No events

Nmethod flushes (20 events):
Event: 10.918 Thread 0x000002ccf8542d30 flushing  nmethod 0x000002cc80867e10
Event: 10.918 Thread 0x000002ccf8542d30 flushing  nmethod 0x000002cc80868790
Event: 10.918 Thread 0x000002ccf8542d30 flushing  nmethod 0x000002cc80873390
Event: 10.918 Thread 0x000002ccf8542d30 flushing osr nmethod 0x000002cc808c8590
Event: 10.918 Thread 0x000002ccf8542d30 flushing  nmethod 0x000002cc808d3d10
Event: 10.918 Thread 0x000002ccf8542d30 flushing  nmethod 0x000002cc808e3090
Event: 10.918 Thread 0x000002ccf8542d30 flushing  nmethod 0x000002cc808ef490
Event: 10.918 Thread 0x000002ccf8542d30 flushing  nmethod 0x000002cc808f0810
Event: 10.918 Thread 0x000002ccf8542d30 flushing  nmethod 0x000002cc808f7090
Event: 10.918 Thread 0x000002ccf8542d30 flushing  nmethod 0x000002cc8090ba10
Event: 10.918 Thread 0x000002ccf8542d30 flushing  nmethod 0x000002cc8092b590
Event: 10.918 Thread 0x000002ccf8542d30 flushing  nmethod 0x000002cc80951190
Event: 10.918 Thread 0x000002ccf8542d30 flushing  nmethod 0x000002cc80955410
Event: 10.918 Thread 0x000002ccf8542d30 flushing  nmethod 0x000002cc80955790
Event: 10.918 Thread 0x000002ccf8542d30 flushing  nmethod 0x000002cc80955d90
Event: 10.918 Thread 0x000002ccf8542d30 flushing  nmethod 0x000002cc80958390
Event: 10.918 Thread 0x000002ccf8542d30 flushing  nmethod 0x000002cc8095f310
Event: 10.918 Thread 0x000002ccf8542d30 flushing  nmethod 0x000002cc80969910
Event: 10.918 Thread 0x000002ccf8542d30 flushing  nmethod 0x000002cc8096cc90
Event: 10.918 Thread 0x000002ccf8542d30 flushing  nmethod 0x000002cc809b5310

Events (20 events):
Event: 35.662 Thread 0x000002ccd29079d0 Thread exited: 0x000002ccd29079d0
Event: 35.696 Thread 0x000002ccf8570cf0 Thread added: 0x000002ccd29079d0
Event: 35.765 Thread 0x000002ccd0355760 Thread added: 0x000002ccd0357830
Event: 36.895 Thread 0x000002ccd29079d0 Thread exited: 0x000002ccd29079d0
Event: 37.704 Thread 0x000002ccf8599c60 Thread added: 0x000002ccd29079d0
Event: 38.483 Thread 0x000002ccd29079d0 Thread exited: 0x000002ccd29079d0
Event: 38.512 Thread 0x000002ccf8599c60 Thread added: 0x000002ccd29079d0
Event: 38.763 Thread 0x000002ccd29079d0 Thread exited: 0x000002ccd29079d0
Event: 39.032 Thread 0x000002ccf8599c60 Thread added: 0x000002ccd29079d0
Event: 39.097 Thread 0x000002ccf8599c60 Thread added: 0x000002ccd043fc70
Event: 39.588 Thread 0x000002ccd043fc70 Thread exited: 0x000002ccd043fc70
Event: 39.588 Thread 0x000002ccd29079d0 Thread exited: 0x000002ccd29079d0
Event: 39.609 Thread 0x000002ccf8599c60 Thread added: 0x000002ccd29079d0
Event: 40.136 Thread 0x000002ccd29079d0 Thread exited: 0x000002ccd29079d0
Event: 40.400 Thread 0x000002ccf8599c60 Thread added: 0x000002ccd29079d0
Event: 41.858 Thread 0x000002ccd29079d0 Thread exited: 0x000002ccd29079d0
Event: 53.771 Thread 0x000002ccff420080 Thread added: 0x000002ccd0358be0
Event: 53.813 Thread 0x000002ccf8599c60 Thread added: 0x000002ccd29079d0
Event: 54.269 Thread 0x000002ccd29079d0 Thread exited: 0x000002ccd29079d0
Event: 58.688 Thread 0x000002ccf8570cf0 Thread added: 0x000002ccd29079d0


Dynamic libraries:
0x00007ff610e60000 - 0x00007ff610e6e000 	c:\Users\hiwet\.vscode\extensions\redhat.java-1.46.0-win32-x64\jre\21.0.8-win32-x86_64\bin\java.exe
0x00007ff842ce0000 - 0x00007ff842f48000 	C:\WINDOWS\SYSTEM32\ntdll.dll
0x00007ff8419e0000 - 0x00007ff841aa9000 	C:\WINDOWS\System32\KERNEL32.DLL
0x00007ff83fe70000 - 0x00007ff840262000 	C:\WINDOWS\System32\KERNELBASE.dll
0x00007ff840270000 - 0x00007ff8403bb000 	C:\WINDOWS\System32\ucrtbase.dll
0x00007ff81f6d0000 - 0x00007ff81f6e8000 	c:\Users\hiwet\.vscode\extensions\redhat.java-1.46.0-win32-x64\jre\21.0.8-win32-x86_64\bin\jli.dll
0x00007ff840e70000 - 0x00007ff841035000 	C:\WINDOWS\System32\USER32.dll
0x00007ff8409f0000 - 0x00007ff840a17000 	C:\WINDOWS\System32\win32u.dll
0x00007ff841240000 - 0x00007ff84126b000 	C:\WINDOWS\System32\GDI32.dll
0x00007ff8408c0000 - 0x00007ff8409ed000 	C:\WINDOWS\System32\gdi32full.dll
0x00007ff8403c0000 - 0x00007ff840463000 	C:\WINDOWS\System32\msvcp_win.dll
0x00007ff81f6f0000 - 0x00007ff81f70e000 	c:\Users\hiwet\.vscode\extensions\redhat.java-1.46.0-win32-x64\jre\21.0.8-win32-x86_64\bin\VCRUNTIME140.dll
0x00007ff820160000 - 0x00007ff8203f3000 	C:\WINDOWS\WinSxS\amd64_microsoft.windows.common-controls_6595b64144ccf1df_6.0.26100.6899_none_3e0efeeae32e88c1\COMCTL32.dll
0x00007ff841040000 - 0x00007ff8410e9000 	C:\WINDOWS\System32\msvcrt.dll
0x00007ff842b10000 - 0x00007ff842b3f000 	C:\WINDOWS\System32\IMM32.DLL
0x00007ff81f6c0000 - 0x00007ff81f6cc000 	c:\Users\hiwet\.vscode\extensions\redhat.java-1.46.0-win32-x64\jre\21.0.8-win32-x86_64\bin\vcruntime140_1.dll
0x00007ff81f630000 - 0x00007ff81f6bd000 	c:\Users\hiwet\.vscode\extensions\redhat.java-1.46.0-win32-x64\jre\21.0.8-win32-x86_64\bin\msvcp140.dll
0x00007fffd9ed0000 - 0x00007fffdac67000 	c:\Users\hiwet\.vscode\extensions\redhat.java-1.46.0-win32-x64\jre\21.0.8-win32-x86_64\bin\server\jvm.dll
0x00007ff840db0000 - 0x00007ff840e64000 	C:\WINDOWS\System32\ADVAPI32.dll
0x00007ff842a50000 - 0x00007ff842af6000 	C:\WINDOWS\System32\sechost.dll
0x00007ff842930000 - 0x00007ff842a48000 	C:\WINDOWS\System32\RPCRT4.dll
0x00007ff8414d0000 - 0x00007ff841544000 	C:\WINDOWS\System32\WS2_32.dll
0x00007ff83fcd0000 - 0x00007ff83fd2e000 	C:\WINDOWS\SYSTEM32\POWRPROF.dll
0x00007ff834900000 - 0x00007ff834935000 	C:\WINDOWS\SYSTEM32\WINMM.dll
0x00007ff82d8f0000 - 0x00007ff82d8fb000 	C:\WINDOWS\SYSTEM32\VERSION.dll
0x00007ff83fcb0000 - 0x00007ff83fcc4000 	C:\WINDOWS\SYSTEM32\UMPDC.dll
0x00007ff83ec40000 - 0x00007ff83ec5b000 	C:\WINDOWS\SYSTEM32\kernel.appcore.dll
0x00007ff81f620000 - 0x00007ff81f62a000 	c:\Users\hiwet\.vscode\extensions\redhat.java-1.46.0-win32-x64\jre\21.0.8-win32-x86_64\bin\jimage.dll
0x00007ff83d740000 - 0x00007ff83d982000 	C:\WINDOWS\SYSTEM32\DBGHELP.DLL
0x00007ff841e60000 - 0x00007ff8421db000 	C:\WINDOWS\System32\combase.dll
0x00007ff840ab0000 - 0x00007ff840b87000 	C:\WINDOWS\System32\OLEAUT32.dll
0x00007ff81ac30000 - 0x00007ff81ac6c000 	C:\WINDOWS\SYSTEM32\dbgcore.DLL
0x00007ff8406b0000 - 0x00007ff840748000 	C:\WINDOWS\System32\bcryptPrimitives.dll
0x00007ff81f610000 - 0x00007ff81f61f000 	c:\Users\hiwet\.vscode\extensions\redhat.java-1.46.0-win32-x64\jre\21.0.8-win32-x86_64\bin\instrument.dll
0x00007ff81f5f0000 - 0x00007ff81f60f000 	c:\Users\hiwet\.vscode\extensions\redhat.java-1.46.0-win32-x64\jre\21.0.8-win32-x86_64\bin\java.dll
0x00007ff8421e0000 - 0x00007ff84292d000 	C:\WINDOWS\System32\SHELL32.dll
0x00007ff840750000 - 0x00007ff8408bb000 	C:\WINDOWS\System32\wintypes.dll
0x00007ff83da90000 - 0x00007ff83e2ed000 	C:\WINDOWS\SYSTEM32\windows.storage.dll
0x00007ff842ba0000 - 0x00007ff842c92000 	C:\WINDOWS\System32\SHCORE.dll
0x00007ff841460000 - 0x00007ff8414c2000 	C:\WINDOWS\System32\shlwapi.dll
0x00007ff83fd90000 - 0x00007ff83fdb9000 	C:\WINDOWS\SYSTEM32\profapi.dll
0x00007ff81b040000 - 0x00007ff81b058000 	c:\Users\hiwet\.vscode\extensions\redhat.java-1.46.0-win32-x64\jre\21.0.8-win32-x86_64\bin\zip.dll
0x00007ff81f5e0000 - 0x00007ff81f5f0000 	C:\Users\hiwet\.vscode\extensions\redhat.java-1.46.0-win32-x64\jre\21.0.8-win32-x86_64\bin\net.dll
0x00007ff82f220000 - 0x00007ff82f33f000 	C:\WINDOWS\SYSTEM32\WINHTTP.dll
0x00007ff83f1b0000 - 0x00007ff83f21b000 	C:\WINDOWS\system32\mswsock.dll
0x00007ff819520000 - 0x00007ff819536000 	C:\Users\hiwet\.vscode\extensions\redhat.java-1.46.0-win32-x64\jre\21.0.8-win32-x86_64\bin\nio.dll
0x00007ff81c9e0000 - 0x00007ff81c9f0000 	c:\Users\hiwet\.vscode\extensions\redhat.java-1.46.0-win32-x64\jre\21.0.8-win32-x86_64\bin\verify.dll
0x00007ff80c9f0000 - 0x00007ff80ca34000 	C:\Users\hiwet\AppData\Roaming\Code\User\globalStorage\redhat.java\1.46.0\config_win\org.eclipse.equinox.launcher\org.eclipse.equinox.launcher.win32.win32.x86_64_1.2.1400.v20250801-0854\eclipse_11916.dll
0x00007ff840b90000 - 0x00007ff840d28000 	C:\WINDOWS\System32\ole32.dll
0x00007ff83f460000 - 0x00007ff83f47b000 	C:\WINDOWS\SYSTEM32\CRYPTSP.dll
0x00007ff83eba0000 - 0x00007ff83ebdb000 	C:\WINDOWS\system32\rsaenh.dll
0x00007ff83f250000 - 0x00007ff83f27b000 	C:\WINDOWS\SYSTEM32\USERENV.dll
0x00007ff83fd60000 - 0x00007ff83fd86000 	C:\WINDOWS\SYSTEM32\bcrypt.dll
0x00007ff83f480000 - 0x00007ff83f48c000 	C:\WINDOWS\SYSTEM32\CRYPTBASE.dll
0x00007ff83e670000 - 0x00007ff83e6a4000 	C:\WINDOWS\SYSTEM32\IPHLPAPI.DLL
0x00007ff842b80000 - 0x00007ff842b8a000 	C:\WINDOWS\System32\NSI.dll
0x00007ff8109c0000 - 0x00007ff810a09000 	C:\Users\hiwet\AppData\Local\Temp\jna-99291845\jna14605053651024819682.dll
0x00007ff842b00000 - 0x00007ff842b08000 	C:\WINDOWS\System32\PSAPI.DLL
0x00007ff8365d0000 - 0x00007ff8365ee000 	C:\WINDOWS\SYSTEM32\dhcpcsvc6.DLL
0x00007ff8365a0000 - 0x00007ff8365c3000 	C:\WINDOWS\SYSTEM32\dhcpcsvc.DLL

JVMTI agents:
c:\Users\hiwet\.vscode\extensions\redhat.java-1.46.0-win32-x64\lombok\lombok-1.18.39-4050.jar path:c:\Users\hiwet\.vscode\extensions\redhat.java-1.46.0-win32-x64\jre\21.0.8-win32-x86_64\bin\instrument.dll, loaded, initialized, instrumentlib options:none

dbghelp: loaded successfully - version: 4.0.5 - missing functions: none
symbol engine: initialized successfully - sym options: 0x614 - pdb path: .;c:\Users\hiwet\.vscode\extensions\redhat.java-1.46.0-win32-x64\jre\21.0.8-win32-x86_64\bin;C:\WINDOWS\SYSTEM32;C:\WINDOWS\WinSxS\amd64_microsoft.windows.common-controls_6595b64144ccf1df_6.0.26100.6899_none_3e0efeeae32e88c1;c:\Users\hiwet\.vscode\extensions\redhat.java-1.46.0-win32-x64\jre\21.0.8-win32-x86_64\bin\server;C:\Users\hiwet\AppData\Roaming\Code\User\globalStorage\redhat.java\1.46.0\config_win\org.eclipse.equinox.launcher\org.eclipse.equinox.launcher.win32.win32.x86_64_1.2.1400.v20250801-0854;C:\Users\hiwet\AppData\Local\Temp\jna-99291845

VM Arguments:
jvm_args: --add-modules=ALL-SYSTEM --add-opens=java.base/java.util=ALL-UNNAMED --add-opens=java.base/java.lang=ALL-UNNAMED --add-opens=java.base/sun.nio.fs=ALL-UNNAMED -Declipse.application=org.eclipse.jdt.ls.core.id1 -Dosgi.bundles.defaultStartLevel=4 -Declipse.product=org.eclipse.jdt.ls.core.product -Djava.import.generatesMetadataFilesAtProjectRoot=false -DDetectVMInstallationsJob.disabled=true -Dfile.encoding=utf8 -XX:+UseParallelGC -XX:GCTimeRatio=4 -XX:AdaptiveSizePolicyWeight=90 -Dsun.zip.disableMemoryMapping=true -Xmx2G -Xms100m -Xlog:disable -javaagent:c:\Users\hiwet\.vscode\extensions\redhat.java-1.46.0-win32-x64\lombok\lombok-1.18.39-4050.jar -XX:+HeapDumpOnOutOfMemoryError -XX:HeapDumpPath=c:\Users\hiwet\AppData\Roaming\Code\User\workspaceStorage\70478ad307e794b34d456762fc5b8678\redhat.java -Daether.dependencyCollector.impl=bf 
java_command: c:\Users\hiwet\.vscode\extensions\redhat.java-1.46.0-win32-x64\server\plugins\org.eclipse.equinox.launcher_1.7.0.v20250519-0528.jar -configuration c:\Users\hiwet\AppData\Roaming\Code\User\globalStorage\redhat.java\1.46.0\config_win -data c:\Users\hiwet\AppData\Roaming\Code\User\workspaceStorage\70478ad307e794b34d456762fc5b8678\redhat.java\jdt_ws --pipe=\\.\pipe\lsp-cbc96f2d009258a2bde43c57a5d289e9-sock
java_class_path (initial): c:\Users\hiwet\.vscode\extensions\redhat.java-1.46.0-win32-x64\server\plugins\org.eclipse.equinox.launcher_1.7.0.v20250519-0528.jar
Launcher Type: SUN_STANDARD

[Global flags]
    uintx AdaptiveSizePolicyWeight                 = 90                                        {product} {command line}
     intx CICompilerCount                          = 4                                         {product} {ergonomic}
    uintx GCTimeRatio                              = 4                                         {product} {command line}
     bool HeapDumpOnOutOfMemoryError               = true                                   {manageable} {command line}
    ccstr HeapDumpPath                             = c:\Users\hiwet\AppData\Roaming\Code\User\workspaceStorage\70478ad307e794b34d456762fc5b8678\redhat.java         {manageable} {command line}
   size_t InitialHeapSize                          = 104857600                                 {product} {command line}
   size_t MaxHeapSize                              = 2147483648                                {product} {command line}
   size_t MaxNewSize                               = 715653120                                 {product} {ergonomic}
   size_t MinHeapDeltaBytes                        = 524288                                    {product} {ergonomic}
   size_t MinHeapSize                              = 104857600                                 {product} {command line}
   size_t NewSize                                  = 34603008                                  {product} {ergonomic}
    uintx NonNMethodCodeHeapSize                   = 5839372                                {pd product} {ergonomic}
    uintx NonProfiledCodeHeapSize                  = 122909434                              {pd product} {ergonomic}
   size_t OldSize                                  = 70254592                                  {product} {ergonomic}
    uintx ProfiledCodeHeapSize                     = 122909434                              {pd product} {ergonomic}
    uintx ReservedCodeCacheSize                    = 251658240                              {pd product} {ergonomic}
     bool SegmentedCodeCache                       = true                                      {product} {ergonomic}
   size_t SoftMaxHeapSize                          = 2147483648                             {manageable} {ergonomic}
     bool UseCompressedOops                        = true                           {product lp64_product} {ergonomic}
     bool UseLargePagesIndividualAllocation        = false                                  {pd product} {ergonomic}
     bool UseParallelGC                            = true                                      {product} {command line}

Logging:
Log output configuration:
 #0: stdout all=off uptime,level,tags foldmultilines=false
 #1: stderr all=off uptime,level,tags foldmultilines=false

Environment Variables:
JAVA_HOME=C:\Program Files\Eclipse Adoptium\jdk-17.0.15.6-hotspot\
PATH=C:\Program Files (x86)\Common Files\Oracle\Java\java8path;C:\Program Files (x86)\Common Files\Oracle\Java\javapath;C:\Program Files\Eclipse Adoptium\jdk-17.0.15.6-hotspot\bin;C:\WINDOWS\system32;C:\WINDOWS;C:\WINDOWS\System32\Wbem;C:\WINDOWS\System32\WindowsPowerShell\v1.0\;C:\WINDOWS\System32\OpenSSH\;C:\Program Files (x86)\Microsoft SQL Server\160\Tools\Binn\;C:\Program Files\Microsoft SQL Server\160\Tools\Binn\;C:\Program Files\Microsoft SQL Server\Client SDK\ODBC\170\Tools\Binn\;C:\Program Files\Microsoft SQL Server\160\DTS\Binn\;C:\Program Files\dotnet\;C:\Program Files (x86)\Windows Kits\10\Windows Performance Toolkit\;C:\Program Files\Git\cmd;C:\Users\hiwet\AppData\Local\Programs\Eclipse Adoptium\jdk-21.0.7.6-hotspot\bin;C:\Users\hiwet\OneDrive\Desktop\Python\Scripts\;C:\Users\hiwet\OneDrive\Desktop\Python\;C:\Users\hiwet\AppData\Local\Programs\Python\Launcher\;C:\Users\hiwet\AppData\Local\Microsoft\WindowsApps;C:\Users\hiwet\AppData\Local\Programs\Microsoft VS Code\bin;C:\Users\hiwet\.dotnet\tools;C:\msys64\ucrt64\bin;
USERNAME=hiwet
OS=Windows_NT
PROCESSOR_IDENTIFIER=Intel64 Family 6 Model 140 Stepping 1, GenuineIntel
TMP=C:\Users\hiwet\AppData\Local\Temp
TEMP=C:\Users\hiwet\AppData\Local\Temp




Periodic native trim disabled

---------------  S Y S T E M  ---------------

OS:
 Windows 11 , 64 bit Build 26100 (10.0.26100.6725)
OS uptime: 4 days 3:07 hours
Hyper-V role detected

CPU: total 8 (initial active 8) (4 cores per cpu, 2 threads per core) family 6 model 140 stepping 1 microcode 0xbc, cx8, cmov, fxsr, ht, mmx, 3dnowpref, sse, sse2, sse3, ssse3, sse4.1, sse4.2, popcnt, lzcnt, tsc, tscinvbit, avx, avx2, aes, erms, clmul, bmi1, bmi2, adx, avx512f, avx512dq, avx512cd, avx512bw, avx512vl, sha, fma, vzeroupper, avx512_vpopcntdq, avx512_vpclmulqdq, avx512_vaes, avx512_vnni, clflush, clflushopt, clwb, avx512_vbmi2, avx512_vbmi, hv, rdtscp, rdpid, fsrm, gfni, avx512_bitalg, f16c, cet_ibt, cet_ss, avx512_ifma
Processor Information for processor 0
  Max Mhz: 2401, Current Mhz: 2401, Mhz Limit: 2401
Processor Information for processor 1
  Max Mhz: 2401, Current Mhz: 2401, Mhz Limit: 2401
Processor Information for processor 2
  Max Mhz: 2401, Current Mhz: 2401, Mhz Limit: 2401
Processor Information for processor 3
  Max Mhz: 2401, Current Mhz: 1100, Mhz Limit: 2401
Processor Information for processor 4
  Max Mhz: 2401, Current Mhz: 2401, Mhz Limit: 2401
Processor Information for processor 5
  Max Mhz: 2401, Current Mhz: 2401, Mhz Limit: 2401
Processor Information for processor 6
  Max Mhz: 2401, Current Mhz: 2401, Mhz Limit: 2401
Processor Information for processor 7
  Max Mhz: 2401, Current Mhz: 2401, Mhz Limit: 2401

Memory: 4k page, system-wide physical 11930M (866M free)
TotalPageFile size 16026M (AvailPageFile size 25M)
current process WorkingSet (physical memory assigned to process): 479M, peak: 515M
current process commit charge ("private bytes"): 547M, peak: 582M

vm_info: OpenJDK 64-Bit Server VM (21.0.8+9-LTS) for windows-amd64 JRE (21.0.8+9-LTS), built on 2025-07-15T00:00:00Z by "admin" with MS VC++ 17.7 (VS2022)

END.
