#
# There is insufficient memory for the Java Runtime Environment to continue.
# Native memory allocation (malloc) failed to allocate 1337440 bytes. Error detail: Chunk::new
# Possible reasons:
#   The system is out of physical RAM or swap space
#   This process is running with CompressedOops enabled, and the Java Heap may be blocking the growth of the native heap
# Possible solutions:
#   Reduce memory load on the system
#   Increase physical memory or swap space
#   Check if swap backing store is full
#   Decrease Java heap size (-Xmx/-Xms)
#   Decrease number of Java threads
#   Decrease Java thread stack sizes (-Xss)
#   Set larger code cache with -XX:ReservedCodeCacheSize=
#   JVM is running with Unscaled Compressed Oops mode in which the Java heap is
#     placed in the first 4GB address space. The Java Heap base address is the
#     maximum limit for the native heap growth. Please use -XX:HeapBaseMinAddress
#     to set the Java Heap base and to place the Java Heap above 4GB virtual address.
# This output file may be truncated or incomplete.
#
#  Out of Memory Error (arena.cpp:168), pid=19060, tid=25380
#
# JRE version: OpenJDK Runtime Environment Temurin-21.0.8+9 (21.0.8+9) (build 21.0.8+9-LTS)
# Java VM: OpenJDK 64-Bit Server VM Temurin-21.0.8+9 (21.0.8+9-LTS, mixed mode, sharing, tiered, compressed oops, compressed class ptrs, parallel gc, windows-amd64)
# No core dump will be written. Minidumps are not enabled by default on client versions of Windows
#

---------------  S U M M A R Y ------------

Command Line: --add-modules=ALL-SYSTEM --add-opens=java.base/java.util=ALL-UNNAMED --add-opens=java.base/java.lang=ALL-UNNAMED --add-opens=java.base/sun.nio.fs=ALL-UNNAMED -Declipse.application=org.eclipse.jdt.ls.core.id1 -Dosgi.bundles.defaultStartLevel=4 -Declipse.product=org.eclipse.jdt.ls.core.product -Djava.import.generatesMetadataFilesAtProjectRoot=false -DDetectVMInstallationsJob.disabled=true -Dfile.encoding=utf8 -XX:+UseParallelGC -XX:GCTimeRatio=4 -XX:AdaptiveSizePolicyWeight=90 -Dsun.zip.disableMemoryMapping=true -Xmx2G -Xms100m -Xlog:disable -javaagent:c:\Users\hiwet\.vscode\extensions\redhat.java-1.46.0-win32-x64\lombok\lombok-1.18.39-4050.jar -XX:+HeapDumpOnOutOfMemoryError -XX:HeapDumpPath=c:\Users\hiwet\AppData\Roaming\Code\User\workspaceStorage\70478ad307e794b34d456762fc5b8678\redhat.java -Daether.dependencyCollector.impl=bf c:\Users\hiwet\.vscode\extensions\redhat.java-1.46.0-win32-x64\server\plugins\org.eclipse.equinox.launcher_1.7.0.v20250519-0528.jar -configuration c:\Users\hiwet\AppData\Roaming\Code\User\globalStorage\redhat.java\1.46.0\config_win -data c:\Users\hiwet\AppData\Roaming\Code\User\workspaceStorage\70478ad307e794b34d456762fc5b8678\redhat.java\jdt_ws --pipe=\\.\pipe\lsp-b37b1b6e9c19805fb8d9dc6ac5e71b01-sock

Host: 11th Gen Intel(R) Core(TM) i5-1135G7 @ 2.40GHz, 8 cores, 11G,  Windows 11 , 64 bit Build 26100 (10.0.26100.6725)
Time: Mon Oct 27 18:29:04 2025 Eastern Daylight Time elapsed time: 6.682527 seconds (0d 0h 0m 6s)

---------------  T H R E A D  ---------------

Current thread (0x0000020967267900):  JavaThread "C2 CompilerThread2" daemon [_thread_in_native, id=25380, stack(0x000000d907700000,0x000000d907800000) (1024K)]


Current CompileTask:
C2:6682 6556   !   4       com.google.inject.spi.InjectionPoint::getInjectionPoints (489 bytes)

Stack: [0x000000d907700000,0x000000d907800000]
Native frames: (J=compiled Java code, j=interpreted, Vv=VM code, C=native code)
V  [jvm.dll+0x6d2449]
V  [jvm.dll+0x8ae341]
V  [jvm.dll+0x8b08be]
V  [jvm.dll+0x8b0fa3]
V  [jvm.dll+0x280c96]
V  [jvm.dll+0xc581d]
V  [jvm.dll+0xc5d53]
V  [jvm.dll+0x3b919c]
V  [jvm.dll+0x1e1409]
V  [jvm.dll+0x249022]
V  [jvm.dll+0x2484af]
V  [jvm.dll+0x1c89ee]
V  [jvm.dll+0x257d4d]
V  [jvm.dll+0x2562ea]
V  [jvm.dll+0x3f2d16]
V  [jvm.dll+0x857e6b]
V  [jvm.dll+0x6d0b0d]
C  [ucrtbase.dll+0x37b0]
C  [KERNEL32.DLL+0x2e8d7]
C  [ntdll.dll+0x8c53c]


---------------  P R O C E S S  ---------------

Threads class SMR info:
_java_thread_list=0x000002091eab18c0, length=45, elements={
0x000002090801e820, 0x000002091ea7e8d0, 0x000002091ea7faf0, 0x000002091ea891e0,
0x000002091ea89e30, 0x000002091ea8b970, 0x000002091ea936e0, 0x000002091eaadfc0,
0x000002091eaafa60, 0x00000209615046d0, 0x000002096163d9a0, 0x00000209616e9d80,
0x0000020966897e10, 0x00000209668b2dc0, 0x000002096698a560, 0x0000020966816d10,
0x0000020966a99730, 0x0000020966b365c0, 0x0000020966d64af0, 0x0000020966d63dd0,
0x0000020966d62390, 0x0000020966d61d00, 0x0000020967267900, 0x0000020966d64460,
0x0000020966d630b0, 0x0000020966d61670, 0x0000020968586cc0, 0x0000020968588070,
0x0000020968588700, 0x00000209685879e0, 0x0000020968588d90, 0x000002096858a7d0,
0x0000020968587350, 0x000002096858ae60, 0x000002096858a140, 0x000002096858b4f0,
0x000002096858c8a0, 0x0000020968589ab0, 0x000002096858bb80, 0x000002096858c210,
0x0000020968589420, 0x000002096858cf30, 0x000002096858e2e0, 0x000002096858dc50,
0x000002096858d5c0
}

Java Threads: ( => current thread )
  0x000002090801e820 JavaThread "main"                              [_thread_blocked, id=18648, stack(0x000000d905700000,0x000000d905800000) (1024K)]
  0x000002091ea7e8d0 JavaThread "Reference Handler"          daemon [_thread_blocked, id=1116, stack(0x000000d905b00000,0x000000d905c00000) (1024K)]
  0x000002091ea7faf0 JavaThread "Finalizer"                  daemon [_thread_blocked, id=19564, stack(0x000000d905c00000,0x000000d905d00000) (1024K)]
  0x000002091ea891e0 JavaThread "Signal Dispatcher"          daemon [_thread_blocked, id=7444, stack(0x000000d905d00000,0x000000d905e00000) (1024K)]
  0x000002091ea89e30 JavaThread "Attach Listener"            daemon [_thread_blocked, id=20436, stack(0x000000d905e00000,0x000000d905f00000) (1024K)]
  0x000002091ea8b970 JavaThread "Service Thread"             daemon [_thread_blocked, id=19296, stack(0x000000d905f00000,0x000000d906000000) (1024K)]
  0x000002091ea936e0 JavaThread "Monitor Deflation Thread"   daemon [_thread_blocked, id=4548, stack(0x000000d906000000,0x000000d906100000) (1024K)]
  0x000002091eaadfc0 JavaThread "C2 CompilerThread0"         daemon [_thread_blocked, id=26604, stack(0x000000d906100000,0x000000d906200000) (1024K)]
  0x000002091eaafa60 JavaThread "C1 CompilerThread0"         daemon [_thread_blocked, id=12496, stack(0x000000d906200000,0x000000d906300000) (1024K)]
  0x00000209615046d0 JavaThread "Common-Cleaner"             daemon [_thread_blocked, id=15416, stack(0x000000d906300000,0x000000d906400000) (1024K)]
  0x000002096163d9a0 JavaThread "C2 CompilerThread1"         daemon [_thread_blocked, id=21544, stack(0x000000d906400000,0x000000d906500000) (1024K)]
  0x00000209616e9d80 JavaThread "Notification Thread"        daemon [_thread_blocked, id=18576, stack(0x000000d906500000,0x000000d906600000) (1024K)]
  0x0000020966897e10 JavaThread "Active Thread: Equinox Container: 7733b6a2-f7e0-41a1-8f9f-0b9ae2d9ceb2"        [_thread_blocked, id=12616, stack(0x000000d906d00000,0x000000d906e00000) (1024K)]
  0x00000209668b2dc0 JavaThread "Refresh Thread: Equinox Container: 7733b6a2-f7e0-41a1-8f9f-0b9ae2d9ceb2" daemon [_thread_blocked, id=9484, stack(0x000000d906f00000,0x000000d907000000) (1024K)]
  0x000002096698a560 JavaThread "Framework Event Dispatcher: Equinox Container: 7733b6a2-f7e0-41a1-8f9f-0b9ae2d9ceb2" daemon [_thread_blocked, id=11220, stack(0x000000d907000000,0x000000d907100000) (1024K)]
  0x0000020966816d10 JavaThread "Start Level: Equinox Container: 7733b6a2-f7e0-41a1-8f9f-0b9ae2d9ceb2" daemon [_thread_blocked, id=2584, stack(0x000000d907100000,0x000000d907200000) (1024K)]
  0x0000020966a99730 JavaThread "Bundle File Closer"         daemon [_thread_blocked, id=12004, stack(0x000000d907200000,0x000000d907300000) (1024K)]
  0x0000020966b365c0 JavaThread "SCR Component Actor"        daemon [_thread_blocked, id=17124, stack(0x000000d907300000,0x000000d907400000) (1024K)]
  0x0000020966d64af0 JavaThread "Worker-JM"                         [_thread_blocked, id=23544, stack(0x000000d907400000,0x000000d907500000) (1024K)]
  0x0000020966d63dd0 JavaThread "JNA Cleaner"                daemon [_thread_blocked, id=16864, stack(0x000000d906600000,0x000000d906700000) (1024K)]
  0x0000020966d62390 JavaThread "Worker-0"                          [_thread_blocked, id=21836, stack(0x000000d907500000,0x000000d907600000) (1024K)]
  0x0000020966d61d00 JavaThread "Worker-1"                          [_thread_blocked, id=9968, stack(0x000000d907600000,0x000000d907700000) (1024K)]
=>0x0000020967267900 JavaThread "C2 CompilerThread2"         daemon [_thread_in_native, id=25380, stack(0x000000d907700000,0x000000d907800000) (1024K)]
  0x0000020966d64460 JavaThread "Java indexing"              daemon [_thread_blocked, id=22104, stack(0x000000d907800000,0x000000d907900000) (1024K)]
  0x0000020966d630b0 JavaThread "Worker-2: Initialize workspace"        [_thread_blocked, id=16320, stack(0x000000d907b00000,0x000000d907c00000) (1024K)]
  0x0000020966d61670 JavaThread "Worker-3"                          [_thread_blocked, id=26504, stack(0x000000d907c00000,0x000000d907d00000) (1024K)]
  0x0000020968586cc0 JavaThread "Thread-1"                   daemon [_thread_in_native, id=12824, stack(0x000000d907d00000,0x000000d907e00000) (1024K)]
  0x0000020968588070 JavaThread "Thread-2"                   daemon [_thread_in_native, id=24752, stack(0x000000d907e00000,0x000000d907f00000) (1024K)]
  0x0000020968588700 JavaThread "Thread-3"                   daemon [_thread_in_native, id=22136, stack(0x000000d907f00000,0x000000d908000000) (1024K)]
  0x00000209685879e0 JavaThread "Thread-4"                   daemon [_thread_in_native, id=17772, stack(0x000000d908000000,0x000000d908100000) (1024K)]
  0x0000020968588d90 JavaThread "Thread-5"                   daemon [_thread_in_native, id=24400, stack(0x000000d908100000,0x000000d908200000) (1024K)]
  0x000002096858a7d0 JavaThread "Thread-6"                   daemon [_thread_in_native, id=17876, stack(0x000000d908200000,0x000000d908300000) (1024K)]
  0x0000020968587350 JavaThread "Thread-7"                   daemon [_thread_in_native, id=4448, stack(0x000000d908300000,0x000000d908400000) (1024K)]
  0x000002096858ae60 JavaThread "Thread-8"                   daemon [_thread_in_native, id=14652, stack(0x000000d908400000,0x000000d908500000) (1024K)]
  0x000002096858a140 JavaThread "Thread-9"                   daemon [_thread_in_native, id=3192, stack(0x000000d908500000,0x000000d908600000) (1024K)]
  0x000002096858b4f0 JavaThread "pool-2-thread-1"                   [_thread_blocked, id=25300, stack(0x000000d908600000,0x000000d908700000) (1024K)]
  0x000002096858c8a0 JavaThread "WorkspaceEventsHandler"            [_thread_blocked, id=18816, stack(0x000000d908700000,0x000000d908800000) (1024K)]
  0x0000020968589ab0 JavaThread "pool-1-thread-1"                   [_thread_blocked, id=23168, stack(0x000000d908800000,0x000000d908900000) (1024K)]
  0x000002096858bb80 JavaThread "ForkJoinPool.commonPool-worker-1" daemon [_thread_blocked, id=16172, stack(0x000000d908900000,0x000000d908a00000) (1024K)]
  0x000002096858c210 JavaThread "ForkJoinPool.commonPool-worker-2" daemon [_thread_blocked, id=23020, stack(0x000000d908a00000,0x000000d908b00000) (1024K)]
  0x0000020968589420 JavaThread "ForkJoinPool.commonPool-worker-4" daemon [_thread_blocked, id=10632, stack(0x000000d908b00000,0x000000d908c00000) (1024K)]
  0x000002096858cf30 JavaThread "ForkJoinPool.commonPool-worker-3" daemon [_thread_blocked, id=22604, stack(0x000000d908c00000,0x000000d908d00000) (1024K)]
  0x000002096858e2e0 JavaThread "ForkJoinPool.commonPool-worker-5" daemon [_thread_blocked, id=18696, stack(0x000000d908d00000,0x000000d908e00000) (1024K)]
  0x000002096858dc50 JavaThread "ForkJoinPool.commonPool-worker-6" daemon [_thread_blocked, id=17020, stack(0x000000d908e00000,0x000000d908f00000) (1024K)]
  0x000002096858d5c0 JavaThread "ForkJoinPool.commonPool-worker-7" daemon [_thread_blocked, id=18396, stack(0x000000d908f00000,0x000000d909000000) (1024K)]
Total: 45

Other Threads:
  0x00000209080de9a0 VMThread "VM Thread"                           [id=11744, stack(0x000000d905a00000,0x000000d905b00000) (1024K)]
  0x000002090808de10 WatcherThread "VM Periodic Task Thread"        [id=16468, stack(0x000000d905900000,0x000000d905a00000) (1024K)]
  0x000002090803df80 WorkerThread "GC Thread#0"                     [id=20036, stack(0x000000d905800000,0x000000d905900000) (1024K)]
  0x00000209665a5c50 WorkerThread "GC Thread#1"                     [id=1292, stack(0x000000d906700000,0x000000d906800000) (1024K)]
  0x00000209665a5ff0 WorkerThread "GC Thread#2"                     [id=23088, stack(0x000000d906800000,0x000000d906900000) (1024K)]
  0x00000209665a6390 WorkerThread "GC Thread#3"                     [id=18276, stack(0x000000d906900000,0x000000d906a00000) (1024K)]
  0x00000209664a6690 WorkerThread "GC Thread#4"                     [id=14696, stack(0x000000d906a00000,0x000000d906b00000) (1024K)]
  0x00000209664a6a30 WorkerThread "GC Thread#5"                     [id=19844, stack(0x000000d906b00000,0x000000d906c00000) (1024K)]
  0x00000209662f4760 WorkerThread "GC Thread#6"                     [id=21276, stack(0x000000d906c00000,0x000000d906d00000) (1024K)]
  0x00000209662f5980 WorkerThread "GC Thread#7"                     [id=8608, stack(0x000000d906e00000,0x000000d906f00000) (1024K)]
Total: 10

Threads with active compile tasks:
C2 CompilerThread0  6697 6831       4       java.lang.invoke.MethodType::makeImpl (109 bytes)
C2 CompilerThread1  6697 6987   !   4       java.nio.file.FileTreeWalker::next (144 bytes)
C2 CompilerThread2  6697 6556   !   4       com.google.inject.spi.InjectionPoint::getInjectionPoints (489 bytes)
Total: 3

VM state: not at safepoint (normal execution)

VM Mutex/Monitor currently owned by a thread: None

Heap address: 0x0000000080000000, size: 2048 MB, Compressed Oops mode: 32-bit

CDS archive(s) mapped at: [0x000002091f000000-0x000002091fba0000-0x000002091fba0000), size 12189696, SharedBaseAddress: 0x000002091f000000, ArchiveRelocationMode: 1.
Compressed class space mapped at: 0x0000020920000000-0x0000020960000000, reserved size: 1073741824
Narrow klass base: 0x000002091f000000, Narrow klass shift: 0, Narrow klass range: 0x100000000

GC Precious Log:
 CardTable entry size: 512
 CPUs: 8 total, 8 available
 Memory: 11930M
 Large Page Support: Disabled
 NUMA Support: Disabled
 Compressed Oops: Enabled (32-bit)
 Alignments: Space 512K, Generation 512K, Heap 2M
 Heap Min Capacity: 100M
 Heap Initial Capacity: 100M
 Heap Max Capacity: 2G
 Pre-touch: Disabled
 Parallel Workers: 8

Heap:
 PSYoungGen      total 23040K, used 20135K [0x00000000d5580000, 0x00000000d7100000, 0x0000000100000000)
  eden space 22016K, 87% used [0x00000000d5580000,0x00000000d6843bb8,0x00000000d6b00000)
  from space 1024K, 89% used [0x00000000d6f00000,0x00000000d6fe61a8,0x00000000d7000000)
  to   space 1024K, 0% used [0x00000000d7000000,0x00000000d7000000,0x00000000d7100000)
 ParOldGen       total 68608K, used 30451K [0x0000000080000000, 0x0000000084300000, 0x00000000d5580000)
  object space 68608K, 44% used [0x0000000080000000,0x0000000081dbcf18,0x0000000084300000)
 Metaspace       used 48561K, committed 49920K, reserved 1114112K
  class space    used 5297K, committed 5888K, reserved 1048576K

Card table byte_map: [0x00000209079c0000,0x0000020907dd0000] _byte_map_base: 0x00000209075c0000

Marking Bits: (ParMarkBitMap*) 0x00007fffdb4aa340
 Begin Bits: [0x000002091a4c0000, 0x000002091c4c0000)
 End Bits:   [0x000002091c4c0000, 0x000002091e4c0000)

Polling page: 0x0000020905ff0000

Metaspace:

Usage:
  Non-class:     42.25 MB used.
      Class:      5.17 MB used.
       Both:     47.42 MB used.

Virtual space:
  Non-class space:       64.00 MB reserved,      43.00 MB ( 67%) committed,  1 nodes.
      Class space:        1.00 GB reserved,       5.75 MB ( <1%) committed,  1 nodes.
             Both:        1.06 GB reserved,      48.75 MB (  4%) committed. 

Chunk freelists:
   Non-Class:  4.84 MB
       Class:  10.06 MB
        Both:  14.91 MB

MaxMetaspaceSize: unlimited
CompressedClassSpaceSize: 1.00 GB
Initial GC threshold: 21.00 MB
Current GC threshold: 58.38 MB
CDS: on
 - commit_granule_bytes: 65536.
 - commit_granule_words: 8192.
 - virtual_space_node_default_size: 8388608.
 - enlarge_chunks_in_place: 1.
 - use_allocation_guard: 0.


Internal statistics:

num_allocs_failed_limit: 6.
num_arena_births: 1006.
num_arena_deaths: 14.
num_vsnodes_births: 2.
num_vsnodes_deaths: 0.
num_space_committed: 780.
num_space_uncommitted: 0.
num_chunks_returned_to_freelist: 20.
num_chunks_taken_from_freelist: 3203.
num_chunk_merges: 9.
num_chunk_splits: 1986.
num_chunks_enlarged: 1152.
num_inconsistent_stats: 0.

CodeHeap 'non-profiled nmethods': size=120000Kb used=3547Kb max_used=3547Kb free=116452Kb
 bounds [0x0000020912ce0000, 0x0000020913060000, 0x000002091a210000]
CodeHeap 'profiled nmethods': size=120000Kb used=13459Kb max_used=13459Kb free=106540Kb
 bounds [0x000002090b210000, 0x000002090bf40000, 0x0000020912740000]
CodeHeap 'non-nmethods': size=5760Kb used=1385Kb max_used=1446Kb free=4374Kb
 bounds [0x0000020912740000, 0x00000209129b0000, 0x0000020912ce0000]
CodeCache: size=245760Kb, used=18391Kb, max_used=18452Kb, free=227366Kb
 total_blobs=7099, nmethods=6424, adapters=581, full_count=0
Compilation: enabled, stopped_count=0, restarted_count=0

Compilation events (20 events):
Event: 5.672 Thread 0x000002091eaafa60 nmethod 6988 0x000002090bf2b210 code [0x000002090bf2b3a0, 0x000002090bf2b4b0]
Event: 5.672 Thread 0x000002091eaafa60 6991   !   3       jdk.internal.jrtfs.JrtFileSystem::lambda$iteratorOf$3 (11 bytes)
Event: 5.672 Thread 0x000002091eaafa60 nmethod 6991 0x000002090bf2b590 code [0x000002090bf2b760, 0x000002090bf2baa8]
Event: 5.672 Thread 0x000002091eaafa60 6992       3       jdk.internal.jrtfs.JrtDirectoryStream$1::next (5 bytes)
Event: 5.673 Thread 0x000002091eaafa60 nmethod 6992 0x000002090bf2bc90 code [0x000002090bf2be40, 0x000002090bf2bf80]
Event: 5.673 Thread 0x000002091eaafa60 6993   !   3       jdk.internal.jrtfs.JrtDirectoryStream$1::next (48 bytes)
Event: 5.673 Thread 0x000002091eaafa60 nmethod 6993 0x000002090bf2c010 code [0x000002090bf2c200, 0x000002090bf2c720]
Event: 5.673 Thread 0x000002091eaafa60 6994       3       jdk.internal.jrtfs.JrtFileSystemProvider::readAttributes (25 bytes)
Event: 5.673 Thread 0x000002091eaafa60 nmethod 6994 0x000002090bf2ca10 code [0x000002090bf2cc40, 0x000002090bf2d368]
Event: 5.673 Thread 0x000002091eaafa60 6995       3       jdk.internal.jrtfs.JrtPath::getAttributes (10 bytes)
Event: 5.673 Thread 0x000002091eaafa60 nmethod 6995 0x000002090bf2d610 code [0x000002090bf2d7c0, 0x000002090bf2d918]
Event: 5.673 Thread 0x000002091eaafa60 6996       3       jdk.internal.jrtfs.JrtFileSystem::getFileAttributes (42 bytes)
Event: 5.673 Thread 0x000002091eaafa60 nmethod 6996 0x000002090bf2da10 code [0x000002090bf2dc20, 0x000002090bf2e230]
Event: 5.673 Thread 0x000002091eaafa60 6997       3       jdk.internal.jrtfs.JrtFileAttributes::<init> (10 bytes)
Event: 5.673 Thread 0x000002091eaafa60 nmethod 6997 0x000002090bf2e490 code [0x000002090bf2e640, 0x000002090bf2e7c8]
Event: 5.673 Thread 0x000002091eaafa60 6998       3       jdk.internal.jrtfs.JrtFileAttributes::isDirectory (8 bytes)
Event: 5.674 Thread 0x000002091eaafa60 nmethod 6998 0x000002090bf2e890 code [0x000002090bf2ea40, 0x000002090bf2ec18]
Event: 5.674 Thread 0x000002091eaafa60 6990       3       java.util.stream.AbstractPipeline::spliterator (116 bytes)
Event: 5.674 Thread 0x000002091eaafa60 nmethod 6990 0x000002090bf2ed10 code [0x000002090bf2ef80, 0x000002090bf2f9d8]
Event: 5.674 Thread 0x000002091eaafa60 6999       3       java.util.stream.SpinedBuffer::<init> (18 bytes)

GC Heap History (20 events):
Event: 3.471 GC heap before
{Heap before GC invocations=14 (full 1):
 PSYoungGen      total 24576K, used 9070K [0x00000000d5580000, 0x00000000d7200000, 0x0000000100000000)
  eden space 22016K, 30% used [0x00000000d5580000,0x00000000d5c23460,0x00000000d6b00000)
  from space 2560K, 88% used [0x00000000d6f80000,0x00000000d71b8550,0x00000000d7200000)
  to   space 2560K, 0% used [0x00000000d6d00000,0x00000000d6d00000,0x00000000d6f80000)
 ParOldGen       total 68608K, used 18530K [0x0000000080000000, 0x0000000084300000, 0x00000000d5580000)
  object space 68608K, 27% used [0x0000000080000000,0x0000000081218860,0x0000000084300000)
 Metaspace       used 34768K, committed 35840K, reserved 1114112K
  class space    used 3575K, committed 4032K, reserved 1048576K
}
Event: 3.474 GC heap after
{Heap after GC invocations=14 (full 1):
 PSYoungGen      total 23040K, used 704K [0x00000000d5580000, 0x00000000d7000000, 0x0000000100000000)
  eden space 22016K, 0% used [0x00000000d5580000,0x00000000d5580000,0x00000000d6b00000)
  from space 1024K, 68% used [0x00000000d6d00000,0x00000000d6db0000,0x00000000d6e00000)
  to   space 1536K, 0% used [0x00000000d6e80000,0x00000000d6e80000,0x00000000d7000000)
 ParOldGen       total 68608K, used 20616K [0x0000000080000000, 0x0000000084300000, 0x00000000d5580000)
  object space 68608K, 30% used [0x0000000080000000,0x0000000081422238,0x0000000084300000)
 Metaspace       used 34768K, committed 35840K, reserved 1114112K
  class space    used 3575K, committed 4032K, reserved 1048576K
}
Event: 3.474 GC heap before
{Heap before GC invocations=15 (full 2):
 PSYoungGen      total 23040K, used 704K [0x00000000d5580000, 0x00000000d7000000, 0x0000000100000000)
  eden space 22016K, 0% used [0x00000000d5580000,0x00000000d5580000,0x00000000d6b00000)
  from space 1024K, 68% used [0x00000000d6d00000,0x00000000d6db0000,0x00000000d6e00000)
  to   space 1536K, 0% used [0x00000000d6e80000,0x00000000d6e80000,0x00000000d7000000)
 ParOldGen       total 68608K, used 20616K [0x0000000080000000, 0x0000000084300000, 0x00000000d5580000)
  object space 68608K, 30% used [0x0000000080000000,0x0000000081422238,0x0000000084300000)
 Metaspace       used 34768K, committed 35840K, reserved 1114112K
  class space    used 3575K, committed 4032K, reserved 1048576K
}
Event: 3.501 GC heap after
{Heap after GC invocations=15 (full 2):
 PSYoungGen      total 23040K, used 0K [0x00000000d5580000, 0x00000000d7000000, 0x0000000100000000)
  eden space 22016K, 0% used [0x00000000d5580000,0x00000000d5580000,0x00000000d6b00000)
  from space 1024K, 0% used [0x00000000d6d00000,0x00000000d6d00000,0x00000000d6e00000)
  to   space 1536K, 0% used [0x00000000d6e80000,0x00000000d6e80000,0x00000000d7000000)
 ParOldGen       total 68608K, used 20164K [0x0000000080000000, 0x0000000084300000, 0x00000000d5580000)
  object space 68608K, 29% used [0x0000000080000000,0x00000000813b13f0,0x0000000084300000)
 Metaspace       used 34768K, committed 35840K, reserved 1114112K
  class space    used 3575K, committed 4032K, reserved 1048576K
}
Event: 3.659 GC heap before
{Heap before GC invocations=16 (full 2):
 PSYoungGen      total 23040K, used 22016K [0x00000000d5580000, 0x00000000d7000000, 0x0000000100000000)
  eden space 22016K, 100% used [0x00000000d5580000,0x00000000d6b00000,0x00000000d6b00000)
  from space 1024K, 0% used [0x00000000d6d00000,0x00000000d6d00000,0x00000000d6e00000)
  to   space 1536K, 0% used [0x00000000d6e80000,0x00000000d6e80000,0x00000000d7000000)
 ParOldGen       total 68608K, used 20164K [0x0000000080000000, 0x0000000084300000, 0x00000000d5580000)
  object space 68608K, 29% used [0x0000000080000000,0x00000000813b13f0,0x0000000084300000)
 Metaspace       used 36781K, committed 38016K, reserved 1114112K
  class space    used 3823K, committed 4352K, reserved 1048576K
}
Event: 3.661 GC heap after
{Heap after GC invocations=16 (full 2):
 PSYoungGen      total 23552K, used 1152K [0x00000000d5580000, 0x00000000d7000000, 0x0000000100000000)
  eden space 22016K, 0% used [0x00000000d5580000,0x00000000d5580000,0x00000000d6b00000)
  from space 1536K, 75% used [0x00000000d6e80000,0x00000000d6fa0000,0x00000000d7000000)
  to   space 1536K, 0% used [0x00000000d6d00000,0x00000000d6d00000,0x00000000d6e80000)
 ParOldGen       total 68608K, used 20172K [0x0000000080000000, 0x0000000084300000, 0x00000000d5580000)
  object space 68608K, 29% used [0x0000000080000000,0x00000000813b33f0,0x0000000084300000)
 Metaspace       used 36781K, committed 38016K, reserved 1114112K
  class space    used 3823K, committed 4352K, reserved 1048576K
}
Event: 3.803 GC heap before
{Heap before GC invocations=17 (full 2):
 PSYoungGen      total 23552K, used 23168K [0x00000000d5580000, 0x00000000d7000000, 0x0000000100000000)
  eden space 22016K, 100% used [0x00000000d5580000,0x00000000d6b00000,0x00000000d6b00000)
  from space 1536K, 75% used [0x00000000d6e80000,0x00000000d6fa0000,0x00000000d7000000)
  to   space 1536K, 0% used [0x00000000d6d00000,0x00000000d6d00000,0x00000000d6e80000)
 ParOldGen       total 68608K, used 20172K [0x0000000080000000, 0x0000000084300000, 0x00000000d5580000)
  object space 68608K, 29% used [0x0000000080000000,0x00000000813b33f0,0x0000000084300000)
 Metaspace       used 37953K, committed 39168K, reserved 1114112K
  class space    used 4005K, committed 4544K, reserved 1048576K
}
Event: 3.806 GC heap after
{Heap after GC invocations=17 (full 2):
 PSYoungGen      total 23552K, used 1533K [0x00000000d5580000, 0x00000000d7a00000, 0x0000000100000000)
  eden space 22016K, 0% used [0x00000000d5580000,0x00000000d5580000,0x00000000d6b00000)
  from space 1536K, 99% used [0x00000000d6d00000,0x00000000d6e7f4c8,0x00000000d6e80000)
  to   space 7680K, 0% used [0x00000000d7280000,0x00000000d7280000,0x00000000d7a00000)
 ParOldGen       total 68608K, used 25180K [0x0000000080000000, 0x0000000084300000, 0x00000000d5580000)
  object space 68608K, 36% used [0x0000000080000000,0x0000000081897018,0x0000000084300000)
 Metaspace       used 37953K, committed 39168K, reserved 1114112K
  class space    used 4005K, committed 4544K, reserved 1048576K
}
Event: 4.052 GC heap before
{Heap before GC invocations=18 (full 2):
 PSYoungGen      total 23552K, used 23549K [0x00000000d5580000, 0x00000000d7a00000, 0x0000000100000000)
  eden space 22016K, 100% used [0x00000000d5580000,0x00000000d6b00000,0x00000000d6b00000)
  from space 1536K, 99% used [0x00000000d6d00000,0x00000000d6e7f4c8,0x00000000d6e80000)
  to   space 7680K, 0% used [0x00000000d7280000,0x00000000d7280000,0x00000000d7a00000)
 ParOldGen       total 68608K, used 25180K [0x0000000080000000, 0x0000000084300000, 0x00000000d5580000)
  object space 68608K, 36% used [0x0000000080000000,0x0000000081897018,0x0000000084300000)
 Metaspace       used 39358K, committed 40576K, reserved 1114112K
  class space    used 4191K, committed 4736K, reserved 1048576K
}
Event: 4.053 GC heap after
{Heap after GC invocations=18 (full 2):
 PSYoungGen      total 23040K, used 757K [0x00000000d5580000, 0x00000000d7380000, 0x0000000100000000)
  eden space 22016K, 0% used [0x00000000d5580000,0x00000000d5580000,0x00000000d6b00000)
  from space 1024K, 74% used [0x00000000d7280000,0x00000000d733d788,0x00000000d7380000)
  to   space 3072K, 0% used [0x00000000d6d80000,0x00000000d6d80000,0x00000000d7080000)
 ParOldGen       total 68608K, used 26722K [0x0000000080000000, 0x0000000084300000, 0x00000000d5580000)
  object space 68608K, 38% used [0x0000000080000000,0x0000000081a18b70,0x0000000084300000)
 Metaspace       used 39358K, committed 40576K, reserved 1114112K
  class space    used 4191K, committed 4736K, reserved 1048576K
}
Event: 4.280 GC heap before
{Heap before GC invocations=19 (full 2):
 PSYoungGen      total 23040K, used 22773K [0x00000000d5580000, 0x00000000d7380000, 0x0000000100000000)
  eden space 22016K, 100% used [0x00000000d5580000,0x00000000d6b00000,0x00000000d6b00000)
  from space 1024K, 74% used [0x00000000d7280000,0x00000000d733d788,0x00000000d7380000)
  to   space 3072K, 0% used [0x00000000d6d80000,0x00000000d6d80000,0x00000000d7080000)
 ParOldGen       total 68608K, used 26722K [0x0000000080000000, 0x0000000084300000, 0x00000000d5580000)
  object space 68608K, 38% used [0x0000000080000000,0x0000000081a18b70,0x0000000084300000)
 Metaspace       used 41590K, committed 42880K, reserved 1114112K
  class space    used 4481K, committed 5056K, reserved 1048576K
}
Event: 4.281 GC heap after
{Heap after GC invocations=19 (full 2):
 PSYoungGen      total 25088K, used 832K [0x00000000d5580000, 0x00000000d7300000, 0x0000000100000000)
  eden space 22016K, 0% used [0x00000000d5580000,0x00000000d5580000,0x00000000d6b00000)
  from space 3072K, 27% used [0x00000000d6d80000,0x00000000d6e50000,0x00000000d7080000)
  to   space 1536K, 0% used [0x00000000d7180000,0x00000000d7180000,0x00000000d7300000)
 ParOldGen       total 68608K, used 27207K [0x0000000080000000, 0x0000000084300000, 0x00000000d5580000)
  object space 68608K, 39% used [0x0000000080000000,0x0000000081a91d80,0x0000000084300000)
 Metaspace       used 41590K, committed 42880K, reserved 1114112K
  class space    used 4481K, committed 5056K, reserved 1048576K
}
Event: 4.603 GC heap before
{Heap before GC invocations=20 (full 2):
 PSYoungGen      total 25088K, used 22848K [0x00000000d5580000, 0x00000000d7300000, 0x0000000100000000)
  eden space 22016K, 100% used [0x00000000d5580000,0x00000000d6b00000,0x00000000d6b00000)
  from space 3072K, 27% used [0x00000000d6d80000,0x00000000d6e50000,0x00000000d7080000)
  to   space 1536K, 0% used [0x00000000d7180000,0x00000000d7180000,0x00000000d7300000)
 ParOldGen       total 68608K, used 27207K [0x0000000080000000, 0x0000000084300000, 0x00000000d5580000)
  object space 68608K, 39% used [0x0000000080000000,0x0000000081a91d80,0x0000000084300000)
 Metaspace       used 44140K, committed 45376K, reserved 1114112K
  class space    used 4827K, committed 5376K, reserved 1048576K
}
Event: 4.605 GC heap after
{Heap after GC invocations=20 (full 2):
 PSYoungGen      total 23552K, used 1536K [0x00000000d5580000, 0x00000000d7300000, 0x0000000100000000)
  eden space 22016K, 0% used [0x00000000d5580000,0x00000000d5580000,0x00000000d6b00000)
  from space 1536K, 100% used [0x00000000d7180000,0x00000000d7300000,0x00000000d7300000)
  to   space 2048K, 0% used [0x00000000d6f00000,0x00000000d6f00000,0x00000000d7100000)
 ParOldGen       total 68608K, used 27871K [0x0000000080000000, 0x0000000084300000, 0x00000000d5580000)
  object space 68608K, 40% used [0x0000000080000000,0x0000000081b37d80,0x0000000084300000)
 Metaspace       used 44140K, committed 45376K, reserved 1114112K
  class space    used 4827K, committed 5376K, reserved 1048576K
}
Event: 4.889 GC heap before
{Heap before GC invocations=21 (full 2):
 PSYoungGen      total 23552K, used 23552K [0x00000000d5580000, 0x00000000d7300000, 0x0000000100000000)
  eden space 22016K, 100% used [0x00000000d5580000,0x00000000d6b00000,0x00000000d6b00000)
  from space 1536K, 100% used [0x00000000d7180000,0x00000000d7300000,0x00000000d7300000)
  to   space 2048K, 0% used [0x00000000d6f00000,0x00000000d6f00000,0x00000000d7100000)
 ParOldGen       total 68608K, used 27871K [0x0000000080000000, 0x0000000084300000, 0x00000000d5580000)
  object space 68608K, 40% used [0x0000000080000000,0x0000000081b37d80,0x0000000084300000)
 Metaspace       used 46560K, committed 47808K, reserved 1114112K
  class space    used 5100K, committed 5632K, reserved 1048576K
}
Event: 4.891 GC heap after
{Heap after GC invocations=21 (full 2):
 PSYoungGen      total 23552K, used 1273K [0x00000000d5580000, 0x00000000d7200000, 0x0000000100000000)
  eden space 22016K, 0% used [0x00000000d5580000,0x00000000d5580000,0x00000000d6b00000)
  from space 1536K, 82% used [0x00000000d6f00000,0x00000000d703e5f0,0x00000000d7080000)
  to   space 1536K, 0% used [0x00000000d7080000,0x00000000d7080000,0x00000000d7200000)
 ParOldGen       total 68608K, used 29250K [0x0000000080000000, 0x0000000084300000, 0x00000000d5580000)
  object space 68608K, 42% used [0x0000000080000000,0x0000000081c90a90,0x0000000084300000)
 Metaspace       used 46560K, committed 47808K, reserved 1114112K
  class space    used 5100K, committed 5632K, reserved 1048576K
}
Event: 5.178 GC heap before
{Heap before GC invocations=22 (full 2):
 PSYoungGen      total 23552K, used 23289K [0x00000000d5580000, 0x00000000d7200000, 0x0000000100000000)
  eden space 22016K, 100% used [0x00000000d5580000,0x00000000d6b00000,0x00000000d6b00000)
  from space 1536K, 82% used [0x00000000d6f00000,0x00000000d703e5f0,0x00000000d7080000)
  to   space 1536K, 0% used [0x00000000d7080000,0x00000000d7080000,0x00000000d7200000)
 ParOldGen       total 68608K, used 29250K [0x0000000080000000, 0x0000000084300000, 0x00000000d5580000)
  object space 68608K, 42% used [0x0000000080000000,0x0000000081c90a90,0x0000000084300000)
 Metaspace       used 46634K, committed 47872K, reserved 1114112K
  class space    used 5109K, committed 5632K, reserved 1048576K
}
Event: 5.179 GC heap after
{Heap after GC invocations=22 (full 2):
 PSYoungGen      total 22528K, used 317K [0x00000000d5580000, 0x00000000d7100000, 0x0000000100000000)
  eden space 22016K, 0% used [0x00000000d5580000,0x00000000d5580000,0x00000000d6b00000)
  from space 512K, 62% used [0x00000000d7080000,0x00000000d70cf600,0x00000000d7100000)
  to   space 1024K, 0% used [0x00000000d6f00000,0x00000000d6f00000,0x00000000d7000000)
 ParOldGen       total 68608K, used 30347K [0x0000000080000000, 0x0000000084300000, 0x00000000d5580000)
  object space 68608K, 44% used [0x0000000080000000,0x0000000081da2f18,0x0000000084300000)
 Metaspace       used 46634K, committed 47872K, reserved 1114112K
  class space    used 5109K, committed 5632K, reserved 1048576K
}
Event: 5.476 GC heap before
{Heap before GC invocations=23 (full 2):
 PSYoungGen      total 22528K, used 22333K [0x00000000d5580000, 0x00000000d7100000, 0x0000000100000000)
  eden space 22016K, 100% used [0x00000000d5580000,0x00000000d6b00000,0x00000000d6b00000)
  from space 512K, 62% used [0x00000000d7080000,0x00000000d70cf600,0x00000000d7100000)
  to   space 1024K, 0% used [0x00000000d6f00000,0x00000000d6f00000,0x00000000d7000000)
 ParOldGen       total 68608K, used 30347K [0x0000000080000000, 0x0000000084300000, 0x00000000d5580000)
  object space 68608K, 44% used [0x0000000080000000,0x0000000081da2f18,0x0000000084300000)
 Metaspace       used 47320K, committed 48640K, reserved 1114112K
  class space    used 5186K, committed 5760K, reserved 1048576K
}
Event: 5.478 GC heap after
{Heap after GC invocations=23 (full 2):
 PSYoungGen      total 23040K, used 920K [0x00000000d5580000, 0x00000000d7100000, 0x0000000100000000)
  eden space 22016K, 0% used [0x00000000d5580000,0x00000000d5580000,0x00000000d6b00000)
  from space 1024K, 89% used [0x00000000d6f00000,0x00000000d6fe61a8,0x00000000d7000000)
  to   space 1024K, 0% used [0x00000000d7000000,0x00000000d7000000,0x00000000d7100000)
 ParOldGen       total 68608K, used 30451K [0x0000000080000000, 0x0000000084300000, 0x00000000d5580000)
  object space 68608K, 44% used [0x0000000080000000,0x0000000081dbcf18,0x0000000084300000)
 Metaspace       used 47320K, committed 48640K, reserved 1114112K
  class space    used 5186K, committed 5760K, reserved 1048576K
}

Dll operation events (10 events):
Event: 0.011 Loaded shared library c:\Users\hiwet\.vscode\extensions\redhat.java-1.46.0-win32-x64\jre\21.0.8-win32-x86_64\bin\java.dll
Event: 0.077 Loaded shared library c:\Users\hiwet\.vscode\extensions\redhat.java-1.46.0-win32-x64\jre\21.0.8-win32-x86_64\bin\zip.dll
Event: 0.098 Loaded shared library C:\Users\hiwet\.vscode\extensions\redhat.java-1.46.0-win32-x64\jre\21.0.8-win32-x86_64\bin\instrument.dll
Event: 0.103 Loaded shared library C:\Users\hiwet\.vscode\extensions\redhat.java-1.46.0-win32-x64\jre\21.0.8-win32-x86_64\bin\net.dll
Event: 0.105 Loaded shared library C:\Users\hiwet\.vscode\extensions\redhat.java-1.46.0-win32-x64\jre\21.0.8-win32-x86_64\bin\nio.dll
Event: 0.108 Loaded shared library C:\Users\hiwet\.vscode\extensions\redhat.java-1.46.0-win32-x64\jre\21.0.8-win32-x86_64\bin\zip.dll
Event: 0.124 Loaded shared library C:\Users\hiwet\.vscode\extensions\redhat.java-1.46.0-win32-x64\jre\21.0.8-win32-x86_64\bin\jimage.dll
Event: 0.216 Loaded shared library c:\Users\hiwet\.vscode\extensions\redhat.java-1.46.0-win32-x64\jre\21.0.8-win32-x86_64\bin\verify.dll
Event: 0.937 Loaded shared library C:\Users\hiwet\AppData\Roaming\Code\User\globalStorage\redhat.java\1.46.0\config_win\org.eclipse.equinox.launcher\org.eclipse.equinox.launcher.win32.win32.x86_64_1.2.1400.v20250801-0854\eclipse_11916.dll
Event: 2.038 Loaded shared library C:\Users\hiwet\AppData\Local\Temp\jna-99291845\jna12643375197966257307.dll

Deoptimization events (20 events):
Event: 5.545 Thread 0x0000020968589420 Uncommon trap: trap_request=0xffffff45 fr.pc=0x0000020912edea0c relative=0x000000000000074c
Event: 5.545 Thread 0x0000020968589420 Uncommon trap: reason=unstable_if action=reinterpret pc=0x0000020912edea0c method=java.util.WeakHashMap.remove(Ljava/lang/Object;)Ljava/lang/Object; @ 92 c2
Event: 5.545 Thread 0x0000020968589420 DEOPT PACKING pc=0x0000020912edea0c sp=0x000000d908bfded0
Event: 5.545 Thread 0x0000020968589420 DEOPT UNPACKING pc=0x0000020912796da2 sp=0x000000d908bfde80 mode 2
Event: 5.560 Thread 0x000002096858cf30 Uncommon trap: trap_request=0xffffffde fr.pc=0x0000020912e6ca5c relative=0x00000000000009fc
Event: 5.560 Thread 0x000002096858cf30 Uncommon trap: reason=class_check action=maybe_recompile pc=0x0000020912e6ca5c method=java.util.concurrent.ConcurrentHashMap.putVal(Ljava/lang/Object;Ljava/lang/Object;Z)Ljava/lang/Object; @ 159 c2
Event: 5.560 Thread 0x000002096858cf30 DEOPT PACKING pc=0x0000020912e6ca5c sp=0x000000d908cfdc10
Event: 5.560 Thread 0x000002096858cf30 DEOPT UNPACKING pc=0x0000020912796da2 sp=0x000000d908cfdb90 mode 2
Event: 5.560 Thread 0x000002096858cf30 Uncommon trap: trap_request=0xffffffde fr.pc=0x0000020913021140 relative=0x0000000000002d40
Event: 5.560 Thread 0x000002096858cf30 Uncommon trap: reason=class_check action=maybe_recompile pc=0x0000020913021140 method=java.util.stream.SortedOps$SizedRefSortingSink.end()V @ 25 c2
Event: 5.560 Thread 0x000002096858cf30 DEOPT PACKING pc=0x0000020913021140 sp=0x000000d908cfe2c0
Event: 5.560 Thread 0x000002096858cf30 DEOPT UNPACKING pc=0x0000020912796da2 sp=0x000000d908cfe2e0 mode 2
Event: 5.588 Thread 0x0000020966d630b0 Uncommon trap: trap_request=0xffffff45 fr.pc=0x0000020912fdb664 relative=0x0000000000000284
Event: 5.588 Thread 0x0000020966d630b0 Uncommon trap: reason=unstable_if action=reinterpret pc=0x0000020912fdb664 method=sun.nio.fs.WindowsPath.compareTo(Ljava/nio/file/Path;)I @ 76 c2
Event: 5.588 Thread 0x0000020966d630b0 DEOPT PACKING pc=0x0000020912fdb664 sp=0x000000d907bfc4b0
Event: 5.588 Thread 0x0000020966d630b0 DEOPT UNPACKING pc=0x0000020912796da2 sp=0x000000d907bfc418 mode 2
Event: 5.606 Thread 0x0000020966d630b0 Uncommon trap: trap_request=0xffffff45 fr.pc=0x0000020912fe7a74 relative=0x0000000000000654
Event: 5.606 Thread 0x0000020966d630b0 Uncommon trap: reason=unstable_if action=reinterpret pc=0x0000020912fe7a74 method=sun.nio.fs.WindowsNativeDispatcher.asNativeBuffer(Ljava/lang/String;)Lsun/nio/fs/NativeBuffer; @ 52 c2
Event: 5.606 Thread 0x0000020966d630b0 DEOPT PACKING pc=0x0000020912fe7a74 sp=0x000000d907bfd1f0
Event: 5.606 Thread 0x0000020966d630b0 DEOPT UNPACKING pc=0x0000020912796da2 sp=0x000000d907bfd1b0 mode 2

Classes loaded (20 events):
Event: 5.608 Loading class sun/nio/ch/FileChannelImpl$DefaultUnmapper
Event: 5.608 Loading class sun/nio/ch/FileChannelImpl$Unmapper
Event: 5.608 Loading class jdk/internal/access/foreign/UnmapperProxy
Event: 5.608 Loading class jdk/internal/access/foreign/UnmapperProxy done
Event: 5.608 Loading class sun/nio/ch/FileChannelImpl$Unmapper done
Event: 5.608 Loading class sun/nio/ch/FileChannelImpl$DefaultUnmapper done
Event: 5.608 Loading class sun/nio/ch/Util$4
Event: 5.608 Loading class sun/nio/ch/Util$4 done
Event: 5.615 Loading class java/nio/file/ClosedDirectoryStreamException
Event: 5.615 Loading class java/nio/file/ClosedDirectoryStreamException done
Event: 5.615 Loading class jdk/internal/jrtfs/JrtFileSystem
Event: 5.616 Loading class jdk/internal/jrtfs/JrtFileSystem done
Event: 5.616 Loading class jdk/internal/jrtfs/JrtPath
Event: 5.616 Loading class jdk/internal/jrtfs/JrtPath done
Event: 5.616 Loading class jdk/internal/jimage/ImageReader$Node
Event: 5.616 Loading class jdk/internal/jimage/ImageReader$Node done
Event: 5.620 Loading class java/nio/ByteBufferAsIntBufferL
Event: 5.620 Loading class java/nio/ByteBufferAsIntBufferL done
Event: 5.623 Loading class jdk/internal/jimage/ImageReader$Directory
Event: 5.623 Loading class jdk/internal/jimage/ImageReader$Directory done

Classes unloaded (7 events):
Event: 2.446 Thread 0x00000209080de9a0 Unloading class 0x00000209201a8c00 'java/lang/invoke/LambdaForm$MH+0x00000209201a8c00'
Event: 2.446 Thread 0x00000209080de9a0 Unloading class 0x00000209201a8800 'java/lang/invoke/LambdaForm$MH+0x00000209201a8800'
Event: 2.446 Thread 0x00000209080de9a0 Unloading class 0x00000209201a8400 'java/lang/invoke/LambdaForm$MH+0x00000209201a8400'
Event: 2.446 Thread 0x00000209080de9a0 Unloading class 0x00000209201a8000 'java/lang/invoke/LambdaForm$MH+0x00000209201a8000'
Event: 2.446 Thread 0x00000209080de9a0 Unloading class 0x00000209201a7c00 'java/lang/invoke/LambdaForm$BMH+0x00000209201a7c00'
Event: 2.446 Thread 0x00000209080de9a0 Unloading class 0x00000209201a7800 'java/lang/invoke/LambdaForm$DMH+0x00000209201a7800'
Event: 2.446 Thread 0x00000209080de9a0 Unloading class 0x00000209201a6400 'java/lang/invoke/LambdaForm$DMH+0x00000209201a6400'

Classes redefined (0 events):
No events

Internal exceptions (20 events):
Event: 5.438 Thread 0x0000020968589ab0 Exception <a 'sun/nio/fs/WindowsException'{0x00000000d68fbf90}> (0x00000000d68fbf90) 
thrown [s\src\hotspot\share\prims\jni.cpp, line 520]
Event: 5.438 Thread 0x0000020968589ab0 Exception <a 'sun/nio/fs/WindowsException'{0x00000000d68fc780}> (0x00000000d68fc780) 
thrown [s\src\hotspot\share\prims\jni.cpp, line 520]
Event: 5.439 Thread 0x0000020968589ab0 Exception <a 'sun/nio/fs/WindowsException'{0x00000000d68fdc28}> (0x00000000d68fdc28) 
thrown [s\src\hotspot\share\prims\jni.cpp, line 520]
Event: 5.439 Thread 0x0000020968589ab0 Exception <a 'sun/nio/fs/WindowsException'{0x00000000d68fe508}> (0x00000000d68fe508) 
thrown [s\src\hotspot\share\prims\jni.cpp, line 520]
Event: 5.440 Thread 0x0000020968589ab0 Exception <a 'sun/nio/fs/WindowsException'{0x00000000d68ff738}> (0x00000000d68ff738) 
thrown [s\src\hotspot\share\prims\jni.cpp, line 520]
Event: 5.440 Thread 0x0000020968589ab0 Exception <a 'sun/nio/fs/WindowsException'{0x00000000d6900018}> (0x00000000d6900018) 
thrown [s\src\hotspot\share\prims\jni.cpp, line 520]
Event: 5.441 Thread 0x0000020968589ab0 Exception <a 'sun/nio/fs/WindowsException'{0x00000000d690ea40}> (0x00000000d690ea40) 
thrown [s\src\hotspot\share\prims\jni.cpp, line 520]
Event: 5.441 Thread 0x0000020968589ab0 Exception <a 'sun/nio/fs/WindowsException'{0x00000000d690f158}> (0x00000000d690f158) 
thrown [s\src\hotspot\share\prims\jni.cpp, line 520]
Event: 5.441 Thread 0x0000020968589ab0 Exception <a 'sun/nio/fs/WindowsException'{0x00000000d690ffb8}> (0x00000000d690ffb8) 
thrown [s\src\hotspot\share\prims\jni.cpp, line 520]
Event: 5.441 Thread 0x0000020968589ab0 Exception <a 'sun/nio/fs/WindowsException'{0x00000000d69106d0}> (0x00000000d69106d0) 
thrown [s\src\hotspot\share\prims\jni.cpp, line 520]
Event: 5.492 Thread 0x0000020968589ab0 Exception <a 'java/lang/IncompatibleClassChangeError'{0x00000000d55c86d8}: Found class java.lang.Object, but interface was expected> (0x00000000d55c86d8) 
thrown [s\src\hotspot\share\interpreter\linkResolver.cpp, line 840]
Event: 5.541 Thread 0x000002096858dc50 Implicit null exception at 0x0000020912d3cae4 to 0x0000020912d3d89c
Event: 5.548 Thread 0x0000020966d630b0 Exception <a 'java/io/FileNotFoundException'{0x00000000d5f28ba0}> (0x00000000d5f28ba0) 
thrown [s\src\hotspot\share\prims\jni.cpp, line 520]
Event: 5.548 Thread 0x0000020966d630b0 Exception <a 'java/io/FileNotFoundException'{0x00000000d608e9e8}> (0x00000000d608e9e8) 
thrown [s\src\hotspot\share\prims\jni.cpp, line 520]
Event: 5.548 Thread 0x0000020966d630b0 Exception <a 'java/io/FileNotFoundException'{0x00000000d608f9f0}> (0x00000000d608f9f0) 
thrown [s\src\hotspot\share\prims\jni.cpp, line 520]
Event: 5.567 Thread 0x0000020966d630b0 Exception <a 'sun/nio/fs/WindowsException'{0x00000000d61a4b80}> (0x00000000d61a4b80) 
thrown [s\src\hotspot\share\prims\jni.cpp, line 520]
Event: 5.567 Thread 0x0000020966d630b0 Exception <a 'sun/nio/fs/WindowsException'{0x00000000d61a5370}> (0x00000000d61a5370) 
thrown [s\src\hotspot\share\prims\jni.cpp, line 520]
Event: 5.567 Thread 0x0000020966d630b0 Exception <a 'sun/nio/fs/WindowsException'{0x00000000d61a6440}> (0x00000000d61a6440) 
thrown [s\src\hotspot\share\prims\jni.cpp, line 520]
Event: 5.567 Thread 0x0000020966d630b0 Exception <a 'sun/nio/fs/WindowsException'{0x00000000d61a6c30}> (0x00000000d61a6c30) 
thrown [s\src\hotspot\share\prims\jni.cpp, line 520]
Event: 5.609 Thread 0x0000020966d630b0 Exception <a 'java/lang/NoSuchMethodError'{0x00000000d639e148}: 'java.lang.Object java.lang.invoke.DelegatingMethodHandle$Holder.reinvoke_L(java.lang.Object, int, long, java.lang.Object, java.lang.Object, int, java.lang.Object)'> (0x00000000d639e148) 
thrown [s\src\hotspot\share\interpreter\linkResolver.cpp, line 773]

ZGC Phase Switch (0 events):
No events

VM Operations (20 events):
Event: 5.465 Executing VM operation: HandshakeAllThreads (Deoptimize) done
Event: 5.476 Executing VM operation: ParallelGCFailedAllocation (Allocation Failure)
Event: 5.478 Executing VM operation: ParallelGCFailedAllocation (Allocation Failure) done
Event: 5.581 Executing VM operation: HandshakeAllThreads (Deoptimize)
Event: 5.581 Executing VM operation: HandshakeAllThreads (Deoptimize) done
Event: 5.583 Executing VM operation: HandshakeAllThreads (Deoptimize)
Event: 5.583 Executing VM operation: HandshakeAllThreads (Deoptimize) done
Event: 5.593 Executing VM operation: HandshakeAllThreads (Deoptimize)
Event: 5.593 Executing VM operation: HandshakeAllThreads (Deoptimize) done
Event: 5.597 Executing VM operation: HandshakeAllThreads (Deoptimize)
Event: 5.597 Executing VM operation: HandshakeAllThreads (Deoptimize) done
Event: 5.615 Executing VM operation: HandshakeAllThreads (Deoptimize)
Event: 5.615 Executing VM operation: HandshakeAllThreads (Deoptimize) done
Event: 5.622 Executing VM operation: HandshakeAllThreads (Deoptimize)
Event: 5.622 Executing VM operation: HandshakeAllThreads (Deoptimize) done
Event: 5.623 Executing VM operation: HandshakeAllThreads (Deoptimize)
Event: 5.623 Executing VM operation: HandshakeAllThreads (Deoptimize) done
Event: 5.652 Executing VM operation: HandshakeAllThreads (Deoptimize)
Event: 5.652 Executing VM operation: HandshakeAllThreads (Deoptimize) done
Event: 6.665 Executing VM operation: Cleanup

Memory protections (0 events):
No events

Nmethod flushes (20 events):
Event: 3.487 Thread 0x00000209080de9a0 flushing  nmethod 0x000002090b81ff10
Event: 3.487 Thread 0x00000209080de9a0 flushing  nmethod 0x000002090b820690
Event: 3.487 Thread 0x00000209080de9a0 flushing  nmethod 0x000002090b821c10
Event: 3.487 Thread 0x00000209080de9a0 flushing  nmethod 0x000002090b822110
Event: 3.487 Thread 0x00000209080de9a0 flushing  nmethod 0x000002090b822510
Event: 3.487 Thread 0x00000209080de9a0 flushing  nmethod 0x000002090b822d90
Event: 3.487 Thread 0x00000209080de9a0 flushing  nmethod 0x000002090b824790
Event: 3.487 Thread 0x00000209080de9a0 flushing  nmethod 0x000002090b825210
Event: 3.487 Thread 0x00000209080de9a0 flushing  nmethod 0x000002090b831710
Event: 3.487 Thread 0x00000209080de9a0 flushing  nmethod 0x000002090b845a90
Event: 3.487 Thread 0x00000209080de9a0 flushing  nmethod 0x000002090b851690
Event: 3.487 Thread 0x00000209080de9a0 flushing  nmethod 0x000002090b860e90
Event: 3.487 Thread 0x00000209080de9a0 flushing  nmethod 0x000002090b863a10
Event: 3.487 Thread 0x00000209080de9a0 flushing  nmethod 0x000002090b86ab90
Event: 3.487 Thread 0x00000209080de9a0 flushing  nmethod 0x000002090b8db910
Event: 3.487 Thread 0x00000209080de9a0 flushing  nmethod 0x000002090b8fed10
Event: 3.487 Thread 0x00000209080de9a0 flushing  nmethod 0x000002090b913010
Event: 3.487 Thread 0x00000209080de9a0 flushing  nmethod 0x000002090b913490
Event: 3.487 Thread 0x00000209080de9a0 flushing  nmethod 0x000002090b918710
Event: 3.487 Thread 0x00000209080de9a0 flushing  nmethod 0x000002090b92d990

Events (20 events):
Event: 3.266 Thread 0x0000020966d630b0 Thread added: 0x0000020966d61670
Event: 3.299 Thread 0x000002090801e820 Thread added: 0x0000020968586cc0
Event: 3.299 Thread 0x000002090801e820 Thread added: 0x0000020968588070
Event: 3.300 Thread 0x000002090801e820 Thread added: 0x0000020968588700
Event: 3.300 Thread 0x000002090801e820 Thread added: 0x00000209685879e0
Event: 3.300 Thread 0x000002090801e820 Thread added: 0x0000020968588d90
Event: 3.300 Thread 0x000002090801e820 Thread added: 0x000002096858a7d0
Event: 3.300 Thread 0x000002090801e820 Thread added: 0x0000020968587350
Event: 3.300 Thread 0x000002090801e820 Thread added: 0x000002096858ae60
Event: 3.300 Thread 0x000002090801e820 Thread added: 0x000002096858a140
Event: 3.328 Thread 0x000002090801e820 Thread added: 0x000002096858b4f0
Event: 3.515 Thread 0x000002090801e820 Thread added: 0x000002096858c8a0
Event: 3.516 Thread 0x000002090801e820 Thread added: 0x0000020968589ab0
Event: 3.694 Thread 0x0000020966d61d00 Thread added: 0x000002096858bb80
Event: 3.694 Thread 0x0000020966d61d00 Thread added: 0x000002096858c210
Event: 3.695 Thread 0x000002096858bb80 Thread added: 0x0000020968589420
Event: 3.695 Thread 0x000002096858c210 Thread added: 0x000002096858cf30
Event: 3.695 Thread 0x0000020968589420 Thread added: 0x000002096858e2e0
Event: 3.695 Thread 0x000002096858cf30 Thread added: 0x000002096858dc50
Event: 3.697 Thread 0x000002096858e2e0 Thread added: 0x000002096858d5c0


Dynamic libraries:
0x00007ff610e60000 - 0x00007ff610e6e000 	c:\Users\hiwet\.vscode\extensions\redhat.java-1.46.0-win32-x64\jre\21.0.8-win32-x86_64\bin\java.exe
0x00007ff842ce0000 - 0x00007ff842f48000 	C:\WINDOWS\SYSTEM32\ntdll.dll
0x00007ff8419e0000 - 0x00007ff841aa9000 	C:\WINDOWS\System32\KERNEL32.DLL
0x00007ff83fe70000 - 0x00007ff840262000 	C:\WINDOWS\System32\KERNELBASE.dll
0x00007ff840270000 - 0x00007ff8403bb000 	C:\WINDOWS\System32\ucrtbase.dll
0x00007ff819520000 - 0x00007ff819538000 	c:\Users\hiwet\.vscode\extensions\redhat.java-1.46.0-win32-x64\jre\21.0.8-win32-x86_64\bin\jli.dll
0x00007ff81b040000 - 0x00007ff81b05e000 	c:\Users\hiwet\.vscode\extensions\redhat.java-1.46.0-win32-x64\jre\21.0.8-win32-x86_64\bin\VCRUNTIME140.dll
0x00007ff840e70000 - 0x00007ff841035000 	C:\WINDOWS\System32\USER32.dll
0x00007ff8409f0000 - 0x00007ff840a17000 	C:\WINDOWS\System32\win32u.dll
0x00007ff841240000 - 0x00007ff84126b000 	C:\WINDOWS\System32\GDI32.dll
0x00007ff820160000 - 0x00007ff8203f3000 	C:\WINDOWS\WinSxS\amd64_microsoft.windows.common-controls_6595b64144ccf1df_6.0.26100.6899_none_3e0efeeae32e88c1\COMCTL32.dll
0x00007ff8408c0000 - 0x00007ff8409ed000 	C:\WINDOWS\System32\gdi32full.dll
0x00007ff841040000 - 0x00007ff8410e9000 	C:\WINDOWS\System32\msvcrt.dll
0x00007ff8403c0000 - 0x00007ff840463000 	C:\WINDOWS\System32\msvcp_win.dll
0x00007ff842b10000 - 0x00007ff842b3f000 	C:\WINDOWS\System32\IMM32.DLL
0x00007ff81bda0000 - 0x00007ff81bdac000 	c:\Users\hiwet\.vscode\extensions\redhat.java-1.46.0-win32-x64\jre\21.0.8-win32-x86_64\bin\vcruntime140_1.dll
0x00007ff817760000 - 0x00007ff8177ed000 	c:\Users\hiwet\.vscode\extensions\redhat.java-1.46.0-win32-x64\jre\21.0.8-win32-x86_64\bin\msvcp140.dll
0x00007fffda7f0000 - 0x00007fffdb587000 	c:\Users\hiwet\.vscode\extensions\redhat.java-1.46.0-win32-x64\jre\21.0.8-win32-x86_64\bin\server\jvm.dll
0x00007ff840db0000 - 0x00007ff840e64000 	C:\WINDOWS\System32\ADVAPI32.dll
0x00007ff842a50000 - 0x00007ff842af6000 	C:\WINDOWS\System32\sechost.dll
0x00007ff842930000 - 0x00007ff842a48000 	C:\WINDOWS\System32\RPCRT4.dll
0x00007ff8414d0000 - 0x00007ff841544000 	C:\WINDOWS\System32\WS2_32.dll
0x00007ff83fcd0000 - 0x00007ff83fd2e000 	C:\WINDOWS\SYSTEM32\POWRPROF.dll
0x00007ff834900000 - 0x00007ff834935000 	C:\WINDOWS\SYSTEM32\WINMM.dll
0x00007ff82d8f0000 - 0x00007ff82d8fb000 	C:\WINDOWS\SYSTEM32\VERSION.dll
0x00007ff83fcb0000 - 0x00007ff83fcc4000 	C:\WINDOWS\SYSTEM32\UMPDC.dll
0x00007ff83ec40000 - 0x00007ff83ec5b000 	C:\WINDOWS\SYSTEM32\kernel.appcore.dll
0x00007ff81b290000 - 0x00007ff81b29a000 	c:\Users\hiwet\.vscode\extensions\redhat.java-1.46.0-win32-x64\jre\21.0.8-win32-x86_64\bin\jimage.dll
0x00007ff83d740000 - 0x00007ff83d982000 	C:\WINDOWS\SYSTEM32\DBGHELP.DLL
0x00007ff841e60000 - 0x00007ff8421db000 	C:\WINDOWS\System32\combase.dll
0x00007ff840ab0000 - 0x00007ff840b87000 	C:\WINDOWS\System32\OLEAUT32.dll
0x00007ff81ac30000 - 0x00007ff81ac6c000 	C:\WINDOWS\SYSTEM32\dbgcore.DLL
0x00007ff8406b0000 - 0x00007ff840748000 	C:\WINDOWS\System32\bcryptPrimitives.dll
0x00007ff81b2f0000 - 0x00007ff81b2ff000 	c:\Users\hiwet\.vscode\extensions\redhat.java-1.46.0-win32-x64\jre\21.0.8-win32-x86_64\bin\instrument.dll
0x00007ff819440000 - 0x00007ff81945f000 	c:\Users\hiwet\.vscode\extensions\redhat.java-1.46.0-win32-x64\jre\21.0.8-win32-x86_64\bin\java.dll
0x00007ff8421e0000 - 0x00007ff84292d000 	C:\WINDOWS\System32\SHELL32.dll
0x00007ff840750000 - 0x00007ff8408bb000 	C:\WINDOWS\System32\wintypes.dll
0x00007ff83da90000 - 0x00007ff83e2ed000 	C:\WINDOWS\SYSTEM32\windows.storage.dll
0x00007ff842ba0000 - 0x00007ff842c92000 	C:\WINDOWS\System32\SHCORE.dll
0x00007ff841460000 - 0x00007ff8414c2000 	C:\WINDOWS\System32\shlwapi.dll
0x00007ff83fd90000 - 0x00007ff83fdb9000 	C:\WINDOWS\SYSTEM32\profapi.dll
0x00007ff819320000 - 0x00007ff819338000 	c:\Users\hiwet\.vscode\extensions\redhat.java-1.46.0-win32-x64\jre\21.0.8-win32-x86_64\bin\zip.dll
0x00007ff819510000 - 0x00007ff819520000 	C:\Users\hiwet\.vscode\extensions\redhat.java-1.46.0-win32-x64\jre\21.0.8-win32-x86_64\bin\net.dll
0x00007ff82f220000 - 0x00007ff82f33f000 	C:\WINDOWS\SYSTEM32\WINHTTP.dll
0x00007ff83f1b0000 - 0x00007ff83f21b000 	C:\WINDOWS\system32\mswsock.dll
0x00007ff818210000 - 0x00007ff818226000 	C:\Users\hiwet\.vscode\extensions\redhat.java-1.46.0-win32-x64\jre\21.0.8-win32-x86_64\bin\nio.dll
0x00007ff827cc0000 - 0x00007ff827cd0000 	c:\Users\hiwet\.vscode\extensions\redhat.java-1.46.0-win32-x64\jre\21.0.8-win32-x86_64\bin\verify.dll
0x00007ff8109c0000 - 0x00007ff810a04000 	C:\Users\hiwet\AppData\Roaming\Code\User\globalStorage\redhat.java\1.46.0\config_win\org.eclipse.equinox.launcher\org.eclipse.equinox.launcher.win32.win32.x86_64_1.2.1400.v20250801-0854\eclipse_11916.dll
0x00007ff840b90000 - 0x00007ff840d28000 	C:\WINDOWS\System32\ole32.dll
0x00007ff83f460000 - 0x00007ff83f47b000 	C:\WINDOWS\SYSTEM32\CRYPTSP.dll
0x00007ff83eba0000 - 0x00007ff83ebdb000 	C:\WINDOWS\system32\rsaenh.dll
0x00007ff83f250000 - 0x00007ff83f27b000 	C:\WINDOWS\SYSTEM32\USERENV.dll
0x00007ff83fd60000 - 0x00007ff83fd86000 	C:\WINDOWS\SYSTEM32\bcrypt.dll
0x00007ff83f480000 - 0x00007ff83f48c000 	C:\WINDOWS\SYSTEM32\CRYPTBASE.dll
0x00007ff83e670000 - 0x00007ff83e6a4000 	C:\WINDOWS\SYSTEM32\IPHLPAPI.DLL
0x00007ff842b80000 - 0x00007ff842b8a000 	C:\WINDOWS\System32\NSI.dll
0x00007ff810890000 - 0x00007ff8108d9000 	C:\Users\hiwet\AppData\Local\Temp\jna-99291845\jna12643375197966257307.dll
0x00007ff842b00000 - 0x00007ff842b08000 	C:\WINDOWS\System32\PSAPI.DLL
0x00007ff8365d0000 - 0x00007ff8365ee000 	C:\WINDOWS\SYSTEM32\dhcpcsvc6.DLL
0x00007ff8365a0000 - 0x00007ff8365c3000 	C:\WINDOWS\SYSTEM32\dhcpcsvc.DLL

JVMTI agents:
c:\Users\hiwet\.vscode\extensions\redhat.java-1.46.0-win32-x64\lombok\lombok-1.18.39-4050.jar path:c:\Users\hiwet\.vscode\extensions\redhat.java-1.46.0-win32-x64\jre\21.0.8-win32-x86_64\bin\instrument.dll, loaded, initialized, instrumentlib options:none

dbghelp: loaded successfully - version: 4.0.5 - missing functions: none
symbol engine: initialized successfully - sym options: 0x614 - pdb path: .;c:\Users\hiwet\.vscode\extensions\redhat.java-1.46.0-win32-x64\jre\21.0.8-win32-x86_64\bin;C:\WINDOWS\SYSTEM32;C:\WINDOWS\WinSxS\amd64_microsoft.windows.common-controls_6595b64144ccf1df_6.0.26100.6899_none_3e0efeeae32e88c1;c:\Users\hiwet\.vscode\extensions\redhat.java-1.46.0-win32-x64\jre\21.0.8-win32-x86_64\bin\server;C:\Users\hiwet\AppData\Roaming\Code\User\globalStorage\redhat.java\1.46.0\config_win\org.eclipse.equinox.launcher\org.eclipse.equinox.launcher.win32.win32.x86_64_1.2.1400.v20250801-0854;C:\Users\hiwet\AppData\Local\Temp\jna-99291845

VM Arguments:
jvm_args: --add-modules=ALL-SYSTEM --add-opens=java.base/java.util=ALL-UNNAMED --add-opens=java.base/java.lang=ALL-UNNAMED --add-opens=java.base/sun.nio.fs=ALL-UNNAMED -Declipse.application=org.eclipse.jdt.ls.core.id1 -Dosgi.bundles.defaultStartLevel=4 -Declipse.product=org.eclipse.jdt.ls.core.product -Djava.import.generatesMetadataFilesAtProjectRoot=false -DDetectVMInstallationsJob.disabled=true -Dfile.encoding=utf8 -XX:+UseParallelGC -XX:GCTimeRatio=4 -XX:AdaptiveSizePolicyWeight=90 -Dsun.zip.disableMemoryMapping=true -Xmx2G -Xms100m -Xlog:disable -javaagent:c:\Users\hiwet\.vscode\extensions\redhat.java-1.46.0-win32-x64\lombok\lombok-1.18.39-4050.jar -XX:+HeapDumpOnOutOfMemoryError -XX:HeapDumpPath=c:\Users\hiwet\AppData\Roaming\Code\User\workspaceStorage\70478ad307e794b34d456762fc5b8678\redhat.java -Daether.dependencyCollector.impl=bf 
java_command: c:\Users\hiwet\.vscode\extensions\redhat.java-1.46.0-win32-x64\server\plugins\org.eclipse.equinox.launcher_1.7.0.v20250519-0528.jar -configuration c:\Users\hiwet\AppData\Roaming\Code\User\globalStorage\redhat.java\1.46.0\config_win -data c:\Users\hiwet\AppData\Roaming\Code\User\workspaceStorage\70478ad307e794b34d456762fc5b8678\redhat.java\jdt_ws --pipe=\\.\pipe\lsp-b37b1b6e9c19805fb8d9dc6ac5e71b01-sock
java_class_path (initial): c:\Users\hiwet\.vscode\extensions\redhat.java-1.46.0-win32-x64\server\plugins\org.eclipse.equinox.launcher_1.7.0.v20250519-0528.jar
Launcher Type: SUN_STANDARD

[Global flags]
    uintx AdaptiveSizePolicyWeight                 = 90                                        {product} {command line}
     intx CICompilerCount                          = 4                                         {product} {ergonomic}
    uintx GCTimeRatio                              = 4                                         {product} {command line}
     bool HeapDumpOnOutOfMemoryError               = true                                   {manageable} {command line}
    ccstr HeapDumpPath                             = c:\Users\hiwet\AppData\Roaming\Code\User\workspaceStorage\70478ad307e794b34d456762fc5b8678\redhat.java         {manageable} {command line}
   size_t InitialHeapSize                          = 104857600                                 {product} {command line}
   size_t MaxHeapSize                              = 2147483648                                {product} {command line}
   size_t MaxNewSize                               = 715653120                                 {product} {ergonomic}
   size_t MinHeapDeltaBytes                        = 524288                                    {product} {ergonomic}
   size_t MinHeapSize                              = 104857600                                 {product} {command line}
   size_t NewSize                                  = 34603008                                  {product} {ergonomic}
    uintx NonNMethodCodeHeapSize                   = 5839372                                {pd product} {ergonomic}
    uintx NonProfiledCodeHeapSize                  = 122909434                              {pd product} {ergonomic}
   size_t OldSize                                  = 70254592                                  {product} {ergonomic}
    uintx ProfiledCodeHeapSize                     = 122909434                              {pd product} {ergonomic}
    uintx ReservedCodeCacheSize                    = 251658240                              {pd product} {ergonomic}
     bool SegmentedCodeCache                       = true                                      {product} {ergonomic}
   size_t SoftMaxHeapSize                          = 2147483648                             {manageable} {ergonomic}
     bool UseCompressedOops                        = true                           {product lp64_product} {ergonomic}
     bool UseLargePagesIndividualAllocation        = false                                  {pd product} {ergonomic}
     bool UseParallelGC                            = true                                      {product} {command line}

Logging:
Log output configuration:
 #0: stdout all=off uptime,level,tags foldmultilines=false
 #1: stderr all=off uptime,level,tags foldmultilines=false

Environment Variables:
JAVA_HOME=C:\Program Files\Eclipse Adoptium\jdk-17.0.15.6-hotspot\
PATH=C:\Program Files (x86)\Common Files\Oracle\Java\java8path;C:\Program Files (x86)\Common Files\Oracle\Java\javapath;C:\Program Files\Eclipse Adoptium\jdk-17.0.15.6-hotspot\bin;C:\WINDOWS\system32;C:\WINDOWS;C:\WINDOWS\System32\Wbem;C:\WINDOWS\System32\WindowsPowerShell\v1.0\;C:\WINDOWS\System32\OpenSSH\;C:\Program Files (x86)\Microsoft SQL Server\160\Tools\Binn\;C:\Program Files\Microsoft SQL Server\160\Tools\Binn\;C:\Program Files\Microsoft SQL Server\Client SDK\ODBC\170\Tools\Binn\;C:\Program Files\Microsoft SQL Server\160\DTS\Binn\;C:\Program Files\dotnet\;C:\Program Files (x86)\Windows Kits\10\Windows Performance Toolkit\;C:\Program Files\Git\cmd;C:\Users\hiwet\AppData\Local\Programs\Eclipse Adoptium\jdk-21.0.7.6-hotspot\bin;C:\Users\hiwet\OneDrive\Desktop\Python\Scripts\;C:\Users\hiwet\OneDrive\Desktop\Python\;C:\Users\hiwet\AppData\Local\Programs\Python\Launcher\;C:\Users\hiwet\AppData\Local\Microsoft\WindowsApps;C:\Users\hiwet\AppData\Local\Programs\Microsoft VS Code\bin;C:\Users\hiwet\.dotnet\tools;C:\msys64\ucrt64\bin;
USERNAME=hiwet
OS=Windows_NT
PROCESSOR_IDENTIFIER=Intel64 Family 6 Model 140 Stepping 1, GenuineIntel
TMP=C:\Users\hiwet\AppData\Local\Temp
TEMP=C:\Users\hiwet\AppData\Local\Temp




Periodic native trim disabled

---------------  S Y S T E M  ---------------

OS:
 Windows 11 , 64 bit Build 26100 (10.0.26100.6725)
OS uptime: 4 days 3:27 hours
Hyper-V role detected

CPU: total 8 (initial active 8) (4 cores per cpu, 2 threads per core) family 6 model 140 stepping 1 microcode 0xbc, cx8, cmov, fxsr, ht, mmx, 3dnowpref, sse, sse2, sse3, ssse3, sse4.1, sse4.2, popcnt, lzcnt, tsc, tscinvbit, avx, avx2, aes, erms, clmul, bmi1, bmi2, adx, avx512f, avx512dq, avx512cd, avx512bw, avx512vl, sha, fma, vzeroupper, avx512_vpopcntdq, avx512_vpclmulqdq, avx512_vaes, avx512_vnni, clflush, clflushopt, clwb, avx512_vbmi2, avx512_vbmi, hv, rdtscp, rdpid, fsrm, gfni, avx512_bitalg, f16c, cet_ibt, cet_ss, avx512_ifma
Processor Information for processor 0
  Max Mhz: 2401, Current Mhz: 2401, Mhz Limit: 2401
Processor Information for processor 1
  Max Mhz: 2401, Current Mhz: 2401, Mhz Limit: 2401
Processor Information for processor 2
  Max Mhz: 2401, Current Mhz: 2401, Mhz Limit: 2401
Processor Information for processor 3
  Max Mhz: 2401, Current Mhz: 1100, Mhz Limit: 2401
Processor Information for processor 4
  Max Mhz: 2401, Current Mhz: 2401, Mhz Limit: 2401
Processor Information for processor 5
  Max Mhz: 2401, Current Mhz: 1100, Mhz Limit: 2401
Processor Information for processor 6
  Max Mhz: 2401, Current Mhz: 1100, Mhz Limit: 2401
Processor Information for processor 7
  Max Mhz: 2401, Current Mhz: 2401, Mhz Limit: 2401

Memory: 4k page, system-wide physical 11930M (1312M free)
TotalPageFile size 16026M (AvailPageFile size 74M)
current process WorkingSet (physical memory assigned to process): 234M, peak: 239M
current process commit charge ("private bytes"): 345M, peak: 351M

vm_info: OpenJDK 64-Bit Server VM (21.0.8+9-LTS) for windows-amd64 JRE (21.0.8+9-LTS), built on 2025-07-15T00:00:00Z by "admin" with MS VC++ 17.7 (VS2022)

END.
