#
# There is insufficient memory for the Java Runtime Environment to continue.
# Native memory allocation (malloc) failed to allocate 32744 bytes. Error detail: Chunk::new
# Possible reasons:
#   The system is out of physical RAM or swap space
#   This process is running with CompressedOops enabled, and the Java Heap may be blocking the growth of the native heap
# Possible solutions:
#   Reduce memory load on the system
#   Increase physical memory or swap space
#   Check if swap backing store is full
#   Decrease Java heap size (-Xmx/-Xms)
#   Decrease number of Java threads
#   Decrease Java thread stack sizes (-Xss)
#   Set larger code cache with -XX:ReservedCodeCacheSize=
#   JVM is running with Unscaled Compressed Oops mode in which the Java heap is
#     placed in the first 4GB address space. The Java Heap base address is the
#     maximum limit for the native heap growth. Please use -XX:HeapBaseMinAddress
#     to set the Java Heap base and to place the Java Heap above 4GB virtual address.
# This output file may be truncated or incomplete.
#
#  Out of Memory Error (arena.cpp:168), pid=19540, tid=10760
#
# JRE version: OpenJDK Runtime Environment Temurin-21.0.8+9 (21.0.8+9) (build 21.0.8+9-LTS)
# Java VM: OpenJDK 64-Bit Server VM Temurin-21.0.8+9 (21.0.8+9-LTS, mixed mode, sharing, tiered, compressed oops, compressed class ptrs, parallel gc, windows-amd64)
# No core dump will be written. Minidumps are not enabled by default on client versions of Windows
#

---------------  S U M M A R Y ------------

Command Line: --add-modules=ALL-SYSTEM --add-opens=java.base/java.util=ALL-UNNAMED --add-opens=java.base/java.lang=ALL-UNNAMED --add-opens=java.base/sun.nio.fs=ALL-UNNAMED -Declipse.application=org.eclipse.jdt.ls.core.id1 -Dosgi.bundles.defaultStartLevel=4 -Declipse.product=org.eclipse.jdt.ls.core.product -Djava.import.generatesMetadataFilesAtProjectRoot=false -DDetectVMInstallationsJob.disabled=true -Dfile.encoding=utf8 -XX:+UseParallelGC -XX:GCTimeRatio=4 -XX:AdaptiveSizePolicyWeight=90 -Dsun.zip.disableMemoryMapping=true -Xmx2G -Xms100m -Xlog:disable -javaagent:c:\Users\hiwet\.vscode\extensions\redhat.java-1.46.0-win32-x64\lombok\lombok-1.18.39-4050.jar -XX:+HeapDumpOnOutOfMemoryError -XX:HeapDumpPath=c:\Users\hiwet\AppData\Roaming\Code\User\workspaceStorage\70478ad307e794b34d456762fc5b8678\redhat.java -Daether.dependencyCollector.impl=bf c:\Users\hiwet\.vscode\extensions\redhat.java-1.46.0-win32-x64\server\plugins\org.eclipse.equinox.launcher_1.7.0.v20250519-0528.jar -configuration c:\Users\hiwet\AppData\Roaming\Code\User\globalStorage\redhat.java\1.46.0\config_win -data c:\Users\hiwet\AppData\Roaming\Code\User\workspaceStorage\70478ad307e794b34d456762fc5b8678\redhat.java\jdt_ws --pipe=\\.\pipe\lsp-0b3f229da71ecf9fc434060376b5c8fd-sock

Host: 11th Gen Intel(R) Core(TM) i5-1135G7 @ 2.40GHz, 8 cores, 11G,  Windows 11 , 64 bit Build 26100 (10.0.26100.6725)
Time: Mon Oct 27 18:10:18 2025 Eastern Daylight Time elapsed time: 62.345959 seconds (0d 0h 1m 2s)

---------------  T H R E A D  ---------------

Current thread (0x000001f217b14550):  JavaThread "C2 CompilerThread0" daemon [_thread_in_native, id=10760, stack(0x000000f1acc00000,0x000000f1acd00000) (1024K)]


Current CompileTask:
C2:62346 14044       4       org.eclipse.jdt.internal.compiler.parser.Parser::consumeToken (2264 bytes)

Stack: [0x000000f1acc00000,0x000000f1acd00000]
Native frames: (J=compiled Java code, j=interpreted, Vv=VM code, C=native code)
V  [jvm.dll+0x6d2449]
V  [jvm.dll+0x8ae341]
V  [jvm.dll+0x8b08be]
V  [jvm.dll+0x8b0fa3]
V  [jvm.dll+0x280c96]
V  [jvm.dll+0xc581d]
V  [jvm.dll+0xc5d53]
V  [jvm.dll+0xc5945]
V  [jvm.dll+0x6ad73c]
V  [jvm.dll+0x3862d0]
V  [jvm.dll+0x38772a]
V  [jvm.dll+0x38511a]
V  [jvm.dll+0x38477a]
V  [jvm.dll+0x248ed0]
V  [jvm.dll+0x2484af]
V  [jvm.dll+0x1c89ee]
V  [jvm.dll+0x257d4d]
V  [jvm.dll+0x2562ea]
V  [jvm.dll+0x3f2d16]
V  [jvm.dll+0x857e6b]
V  [jvm.dll+0x6d0b0d]
C  [ucrtbase.dll+0x37b0]
C  [KERNEL32.DLL+0x2e8d7]
C  [ntdll.dll+0x8c53c]


---------------  P R O C E S S  ---------------

Threads class SMR info:
_java_thread_list=0x000001f262f0ffe0, length=62, elements={
0x000001f27eb1d970, 0x000001f27fb4c400, 0x000001f27fb4e8d0, 0x000001f217b08810,
0x000001f217b09460, 0x000001f217b0d750, 0x000001f217b101b0, 0x000001f217b14550,
0x000001f217b18730, 0x000001f25a5faec0, 0x000001f25a843b10, 0x000001f25f60e750,
0x000001f25f747c00, 0x000001f25f84efa0, 0x000001f25f84a7e0, 0x000001f25fd91980,
0x000001f25ffe55e0, 0x000001f25fe6ef50, 0x000001f25fe6c7f0, 0x000001f25fe6ce80,
0x000001f25fe6d510, 0x000001f25fe6e230, 0x000001f25fe6c160, 0x000001f25fe6e8c0,
0x000001f2628fc640, 0x000001f2628fd360, 0x000001f2628fbfb0, 0x000001f2628fb920,
0x000001f2628f9ee0, 0x000001f2628fac00, 0x000001f2628fb290, 0x000001f2628fccd0,
0x000001f2628fd9f0, 0x000001f2628fa570, 0x000001f2628fe710, 0x000001f262900e70,
0x000001f2629007e0, 0x000001f262901500, 0x000001f262900150, 0x000001f2628feda0,
0x000001f2628fe080, 0x000001f2628ff430, 0x000001f2619a7120, 0x000001f2619a9880,
0x000001f2619a84d0, 0x000001f2619a6400, 0x000001f2619a77b0, 0x000001f2619a91f0,
0x000001f2619a8b60, 0x000001f2623a1ab0, 0x000001f2623a0d90, 0x000001f2623a2140,
0x000001f26239f9e0, 0x000001f2623a6970, 0x000001f2623a4210, 0x000001f2623a3b80,
0x000001f2623a34f0, 0x000001f2623a48a0, 0x000001f260d6bd50, 0x000001f260d6b030,
0x000001f263bf8f80, 0x000001f263bf7440
}

Java Threads: ( => current thread )
  0x000001f27eb1d970 JavaThread "main"                              [_thread_blocked, id=19808, stack(0x000000f1ac200000,0x000000f1ac300000) (1024K)]
  0x000001f27fb4c400 JavaThread "Reference Handler"          daemon [_thread_blocked, id=18800, stack(0x000000f1ac600000,0x000000f1ac700000) (1024K)]
  0x000001f27fb4e8d0 JavaThread "Finalizer"                  daemon [_thread_blocked, id=19052, stack(0x000000f1ac700000,0x000000f1ac800000) (1024K)]
  0x000001f217b08810 JavaThread "Signal Dispatcher"          daemon [_thread_blocked, id=23644, stack(0x000000f1ac800000,0x000000f1ac900000) (1024K)]
  0x000001f217b09460 JavaThread "Attach Listener"            daemon [_thread_blocked, id=20652, stack(0x000000f1ac900000,0x000000f1aca00000) (1024K)]
  0x000001f217b0d750 JavaThread "Service Thread"             daemon [_thread_blocked, id=2040, stack(0x000000f1aca00000,0x000000f1acb00000) (1024K)]
  0x000001f217b101b0 JavaThread "Monitor Deflation Thread"   daemon [_thread_blocked, id=5452, stack(0x000000f1acb00000,0x000000f1acc00000) (1024K)]
=>0x000001f217b14550 JavaThread "C2 CompilerThread0"         daemon [_thread_in_native, id=10760, stack(0x000000f1acc00000,0x000000f1acd00000) (1024K)]
  0x000001f217b18730 JavaThread "C1 CompilerThread0"         daemon [_thread_blocked, id=25708, stack(0x000000f1acd00000,0x000000f1ace00000) (1024K)]
  0x000001f25a5faec0 JavaThread "Common-Cleaner"             daemon [_thread_blocked, id=9956, stack(0x000000f1ace00000,0x000000f1acf00000) (1024K)]
  0x000001f25a843b10 JavaThread "Notification Thread"        daemon [_thread_blocked, id=24204, stack(0x000000f1acf00000,0x000000f1ad000000) (1024K)]
  0x000001f25f60e750 JavaThread "Active Thread: Equinox Container: 6bbae87c-d946-4481-a7ca-99d0c45cea5f"        [_thread_blocked, id=23992, stack(0x000000f1ad800000,0x000000f1ad900000) (1024K)]
  0x000001f25f747c00 JavaThread "Refresh Thread: Equinox Container: 6bbae87c-d946-4481-a7ca-99d0c45cea5f" daemon [_thread_blocked, id=14212, stack(0x000000f1ad900000,0x000000f1ada00000) (1024K)]
  0x000001f25f84efa0 JavaThread "Framework Event Dispatcher: Equinox Container: 6bbae87c-d946-4481-a7ca-99d0c45cea5f" daemon [_thread_blocked, id=21708, stack(0x000000f1adb00000,0x000000f1adc00000) (1024K)]
  0x000001f25f84a7e0 JavaThread "Start Level: Equinox Container: 6bbae87c-d946-4481-a7ca-99d0c45cea5f" daemon [_thread_blocked, id=2560, stack(0x000000f1adc00000,0x000000f1add00000) (1024K)]
  0x000001f25fd91980 JavaThread "Bundle File Closer"         daemon [_thread_blocked, id=5820, stack(0x000000f1add00000,0x000000f1ade00000) (1024K)]
  0x000001f25ffe55e0 JavaThread "SCR Component Actor"        daemon [_thread_blocked, id=14888, stack(0x000000f1ade00000,0x000000f1adf00000) (1024K)]
  0x000001f25fe6ef50 JavaThread "Worker-JM"                         [_thread_blocked, id=11056, stack(0x000000f1adf00000,0x000000f1ae000000) (1024K)]
  0x000001f25fe6c7f0 JavaThread "JNA Cleaner"                daemon [_thread_blocked, id=26512, stack(0x000000f1ae000000,0x000000f1ae100000) (1024K)]
  0x000001f25fe6ce80 JavaThread "Worker-0"                          [_thread_blocked, id=23976, stack(0x000000f1ae100000,0x000000f1ae200000) (1024K)]
  0x000001f25fe6d510 JavaThread "Worker-1"                          [_thread_blocked, id=13976, stack(0x000000f1ae200000,0x000000f1ae300000) (1024K)]
  0x000001f25fe6e230 JavaThread "Worker-2"                          [_thread_blocked, id=9016, stack(0x000000f1ae300000,0x000000f1ae400000) (1024K)]
  0x000001f25fe6c160 JavaThread "Java indexing"              daemon [_thread_blocked, id=21876, stack(0x000000f1ae400000,0x000000f1ae500000) (1024K)]
  0x000001f25fe6e8c0 JavaThread "Worker-3"                          [_thread_blocked, id=20084, stack(0x000000f1ae500000,0x000000f1ae600000) (1024K)]
  0x000001f2628fc640 JavaThread "Worker-4"                          [_thread_blocked, id=5708, stack(0x000000f1ae800000,0x000000f1ae900000) (1024K)]
  0x000001f2628fd360 JavaThread "Worker-5"                          [_thread_blocked, id=13332, stack(0x000000f1ae900000,0x000000f1aea00000) (1024K)]
  0x000001f2628fbfb0 JavaThread "Thread-1"                   daemon [_thread_in_native, id=24564, stack(0x000000f1aea00000,0x000000f1aeb00000) (1024K)]
  0x000001f2628fb920 JavaThread "Thread-2"                   daemon [_thread_in_native, id=23984, stack(0x000000f1aeb00000,0x000000f1aec00000) (1024K)]
  0x000001f2628f9ee0 JavaThread "Thread-3"                   daemon [_thread_in_native, id=11128, stack(0x000000f1aec00000,0x000000f1aed00000) (1024K)]
  0x000001f2628fac00 JavaThread "Thread-4"                   daemon [_thread_in_native, id=2932, stack(0x000000f1aed00000,0x000000f1aee00000) (1024K)]
  0x000001f2628fb290 JavaThread "Thread-5"                   daemon [_thread_in_native, id=17464, stack(0x000000f1aee00000,0x000000f1aef00000) (1024K)]
  0x000001f2628fccd0 JavaThread "Thread-6"                   daemon [_thread_in_native, id=25620, stack(0x000000f1aef00000,0x000000f1af000000) (1024K)]
  0x000001f2628fd9f0 JavaThread "Thread-7"                   daemon [_thread_in_native, id=1400, stack(0x000000f1af000000,0x000000f1af100000) (1024K)]
  0x000001f2628fa570 JavaThread "Thread-8"                   daemon [_thread_in_native, id=15416, stack(0x000000f1af100000,0x000000f1af200000) (1024K)]
  0x000001f2628fe710 JavaThread "Thread-9"                   daemon [_thread_in_native, id=21952, stack(0x000000f1af200000,0x000000f1af300000) (1024K)]
  0x000001f262900e70 JavaThread "pool-2-thread-1"                   [_thread_blocked, id=24944, stack(0x000000f1af300000,0x000000f1af400000) (1024K)]
  0x000001f2629007e0 JavaThread "WorkspaceEventsHandler"            [_thread_blocked, id=19340, stack(0x000000f1af400000,0x000000f1af500000) (1024K)]
  0x000001f262901500 JavaThread "pool-1-thread-1"                   [_thread_blocked, id=3088, stack(0x000000f1af500000,0x000000f1af600000) (1024K)]
  0x000001f262900150 JavaThread "Worker-6"                          [_thread_blocked, id=24128, stack(0x000000f1af600000,0x000000f1af700000) (1024K)]
  0x000001f2628feda0 JavaThread "LocalFile Deleter"          daemon [_thread_blocked, id=16412, stack(0x000000f1af700000,0x000000f1af800000) (1024K)]
  0x000001f2628fe080 JavaThread "LocalFile Deleter"          daemon [_thread_blocked, id=11396, stack(0x000000f1af800000,0x000000f1af900000) (1024K)]
  0x000001f2628ff430 JavaThread "LocalFile Deleter"          daemon [_thread_blocked, id=5332, stack(0x000000f1af900000,0x000000f1afa00000) (1024K)]
  0x000001f2619a7120 JavaThread "Compiler Source File Reader" daemon [_thread_blocked, id=18840, stack(0x000000f1afa00000,0x000000f1afb00000) (1024K)]
  0x000001f2619a9880 JavaThread "Compiler Source File Reader" daemon [_thread_blocked, id=5780, stack(0x000000f1afb00000,0x000000f1afc00000) (1024K)]
  0x000001f2619a84d0 JavaThread "Compiler Source File Reader" daemon [_thread_blocked, id=11060, stack(0x000000f1afc00000,0x000000f1afd00000) (1024K)]
  0x000001f2619a6400 JavaThread "Compiler Source File Reader" daemon [_thread_blocked, id=11016, stack(0x000000f1afd00000,0x000000f1afe00000) (1024K)]
  0x000001f2619a77b0 JavaThread "Compiler Processing Task"   daemon [_thread_blocked, id=8992, stack(0x000000f1afe00000,0x000000f1aff00000) (1024K)]
  0x000001f2619a91f0 JavaThread "Compiler Class File Writer" daemon [_thread_blocked, id=18964, stack(0x000000f1aff00000,0x000000f1b0000000) (1024K)]
  0x000001f2619a8b60 JavaThread "LocalFile Deleter"          daemon [_thread_blocked, id=12336, stack(0x000000f1b0000000,0x000000f1b0100000) (1024K)]
  0x000001f2623a1ab0 JavaThread "Compiler Source File Reader" daemon [_thread_blocked, id=22536, stack(0x000000f1b0100000,0x000000f1b0200000) (1024K)]
  0x000001f2623a0d90 JavaThread "Compiler Class File Writer" daemon [_thread_blocked, id=17112, stack(0x000000f1b0200000,0x000000f1b0300000) (1024K)]
  0x000001f2623a2140 JavaThread "ForkJoinPool.commonPool-worker-1" daemon [_thread_blocked, id=16436, stack(0x000000f1b0300000,0x000000f1b0400000) (1024K)]
  0x000001f26239f9e0 JavaThread "ForkJoinPool.commonPool-worker-2" daemon [_thread_blocked, id=21052, stack(0x000000f1b0400000,0x000000f1b0500000) (1024K)]
  0x000001f2623a6970 JavaThread "ForkJoinPool.commonPool-worker-3" daemon [_thread_blocked, id=16516, stack(0x000000f1b0500000,0x000000f1b0600000) (1024K)]
  0x000001f2623a4210 JavaThread "ForkJoinPool.commonPool-worker-4" daemon [_thread_in_Java, id=15768, stack(0x000000f1b0600000,0x000000f1b0700000) (1024K)]
  0x000001f2623a3b80 JavaThread "ForkJoinPool.commonPool-worker-5" daemon [_thread_blocked, id=4268, stack(0x000000f1b0700000,0x000000f1b0800000) (1024K)]
  0x000001f2623a34f0 JavaThread "ForkJoinPool.commonPool-worker-6" daemon [_thread_blocked, id=16616, stack(0x000000f1b0800000,0x000000f1b0900000) (1024K)]
  0x000001f2623a48a0 JavaThread "ForkJoinPool.commonPool-worker-7" daemon [_thread_blocked, id=21276, stack(0x000000f1b0900000,0x000000f1b0a00000) (1024K)]
  0x000001f260d6bd50 JavaThread "Cleaner-0"                  daemon [_thread_blocked, id=18580, stack(0x000000f1b0a00000,0x000000f1b0b00000) (1024K)]
  0x000001f260d6b030 JavaThread "Compiler Source File Reader" daemon [_thread_blocked, id=17036, stack(0x000000f1b0b00000,0x000000f1b0c00000) (1024K)]
  0x000001f263bf8f80 JavaThread "C2 CompilerThread1"         daemon [_thread_in_native, id=2280, stack(0x000000f1ac000000,0x000000f1ac100000) (1024K)]
  0x000001f263bf7440 JavaThread "C2 CompilerThread2"         daemon [_thread_in_native, id=16636, stack(0x000000f1ad000000,0x000000f1ad100000) (1024K)]
Total: 62

Other Threads:
  0x000001f27eaf1f20 VMThread "VM Thread"                           [id=25512, stack(0x000000f1ac500000,0x000000f1ac600000) (1024K)]
  0x000001f27fafdd80 WatcherThread "VM Periodic Task Thread"        [id=14368, stack(0x000000f1ac400000,0x000000f1ac500000) (1024K)]
  0x000001f27eaf1b80 WorkerThread "GC Thread#0"                     [id=16504, stack(0x000000f1ac300000,0x000000f1ac400000) (1024K)]
  0x000001f27eaf0d00 WorkerThread "GC Thread#1"                     [id=18444, stack(0x000000f1ad200000,0x000000f1ad300000) (1024K)]
  0x000001f27eaf10a0 WorkerThread "GC Thread#2"                     [id=6528, stack(0x000000f1ad300000,0x000000f1ad400000) (1024K)]
  0x000001f25f384970 WorkerThread "GC Thread#3"                     [id=14248, stack(0x000000f1ad400000,0x000000f1ad500000) (1024K)]
  0x000001f25f385f30 WorkerThread "GC Thread#4"                     [id=8328, stack(0x000000f1ad500000,0x000000f1ad600000) (1024K)]
  0x000001f25f383010 WorkerThread "GC Thread#5"                     [id=20556, stack(0x000000f1ad600000,0x000000f1ad700000) (1024K)]
  0x000001f25f384230 WorkerThread "GC Thread#6"                     [id=22304, stack(0x000000f1ad700000,0x000000f1ad800000) (1024K)]
  0x000001f25f382530 WorkerThread "GC Thread#7"                     [id=12900, stack(0x000000f1ada00000,0x000000f1adb00000) (1024K)]
Total: 10

Threads with active compile tasks:
C2 CompilerThread0  62372 14044       4       org.eclipse.jdt.internal.compiler.parser.Parser::consumeToken (2264 bytes)
C1 CompilerThread0  62372 14104       3       java.lang.invoke.MethodHandles::filterArgumentsWithCombiner (9 bytes)
C2 CompilerThread1  62372 14069   !   4       org.eclipse.jdt.core.dom.ASTNode::acceptChildren (49 bytes)
C2 CompilerThread2  62373 14061       4       org.eclipse.jdt.internal.compiler.lookup.BinaryTypeBinding::createMethod (1666 bytes)
Total: 4

VM state: not at safepoint (normal execution)

VM Mutex/Monitor currently owned by a thread:  ([mutex/lock_event])
[0x00007fffdab83858] AdapterHandlerLibrary_lock - owner thread: 0x0000000000000000

Heap address: 0x0000000080000000, size: 2048 MB, Compressed Oops mode: 32-bit

CDS archive(s) mapped at: [0x000001f218000000-0x000001f218ba0000-0x000001f218ba0000), size 12189696, SharedBaseAddress: 0x000001f218000000, ArchiveRelocationMode: 1.
Compressed class space mapped at: 0x000001f219000000-0x000001f259000000, reserved size: 1073741824
Narrow klass base: 0x000001f218000000, Narrow klass shift: 0, Narrow klass range: 0x100000000

GC Precious Log:
 CardTable entry size: 512
 CPUs: 8 total, 8 available
 Memory: 11930M
 Large Page Support: Disabled
 NUMA Support: Disabled
 Compressed Oops: Enabled (32-bit)
 Alignments: Space 512K, Generation 512K, Heap 2M
 Heap Min Capacity: 100M
 Heap Initial Capacity: 100M
 Heap Max Capacity: 2G
 Pre-touch: Disabled
 Parallel Workers: 8

Heap:
 PSYoungGen      total 12288K, used 4489K [0x00000000d5580000, 0x00000000d6600000, 0x0000000100000000)
  eden space 11264K, 33% used [0x00000000d5580000,0x00000000d592d2d0,0x00000000d6080000)
  from space 1024K, 70% used [0x00000000d6480000,0x00000000d6535200,0x00000000d6580000)
  to   space 512K, 0% used [0x00000000d6580000,0x00000000d6580000,0x00000000d6600000)
 ParOldGen       total 160256K, used 160092K [0x0000000080000000, 0x0000000089c80000, 0x00000000d5580000)
  object space 160256K, 99% used [0x0000000080000000,0x0000000089c573f0,0x0000000089c80000)
 Metaspace       used 71249K, committed 72896K, reserved 1114112K
  class space    used 7386K, committed 8064K, reserved 1048576K

Card table byte_map: [0x000001f27f460000,0x000001f27f870000] _byte_map_base: 0x000001f27f060000

Marking Bits: (ParMarkBitMap*) 0x00007fffdab8a340
 Begin Bits: [0x000001f213540000, 0x000001f215540000)
 End Bits:   [0x000001f215540000, 0x000001f217540000)

Polling page: 0x000001f27f250000

Metaspace:

Usage:
  Non-class:     62.37 MB used.
      Class:      7.21 MB used.
       Both:     69.58 MB used.

Virtual space:
  Non-class space:       64.00 MB reserved,      63.31 MB ( 99%) committed,  1 nodes.
      Class space:        1.00 GB reserved,       7.88 MB ( <1%) committed,  1 nodes.
             Both:        1.06 GB reserved,      71.19 MB (  7%) committed. 

Chunk freelists:
   Non-Class:  760.00 KB
       Class:  8.13 MB
        Both:  8.87 MB

MaxMetaspaceSize: unlimited
CompressedClassSpaceSize: 1.00 GB
Initial GC threshold: 21.00 MB
Current GC threshold: 97.31 MB
CDS: on
 - commit_granule_bytes: 65536.
 - commit_granule_words: 8192.
 - virtual_space_node_default_size: 8388608.
 - enlarge_chunks_in_place: 1.
 - use_allocation_guard: 0.


Internal statistics:

num_allocs_failed_limit: 9.
num_arena_births: 1350.
num_arena_deaths: 26.
num_vsnodes_births: 2.
num_vsnodes_deaths: 0.
num_space_committed: 1139.
num_space_uncommitted: 0.
num_chunks_returned_to_freelist: 40.
num_chunks_taken_from_freelist: 4924.
num_chunk_merges: 18.
num_chunk_splits: 2928.
num_chunks_enlarged: 1500.
num_inconsistent_stats: 0.

CodeHeap 'non-profiled nmethods': size=120000Kb used=10106Kb max_used=10106Kb free=109893Kb
 bounds [0x000001f20c010000, 0x000001f20c9f0000, 0x000001f213540000]
CodeHeap 'profiled nmethods': size=120000Kb used=30862Kb max_used=30862Kb free=89137Kb
 bounds [0x000001f204540000, 0x000001f206370000, 0x000001f20ba70000]
CodeHeap 'non-nmethods': size=5760Kb used=1472Kb max_used=1533Kb free=4288Kb
 bounds [0x000001f20ba70000, 0x000001f20bce0000, 0x000001f20c010000]
CodeCache: size=245760Kb, used=42440Kb, max_used=42501Kb, free=203318Kb
 total_blobs=14060, nmethods=13276, adapters=687, full_count=0
Compilation: enabled, stopped_count=0, restarted_count=0

Compilation events (20 events):
Event: 59.306 Thread 0x000001f217b18730 14095       3       org.eclipse.jdt.internal.compiler.codegen.CodeStream::init (122 bytes)
Event: 59.306 Thread 0x000001f217b18730 nmethod 14095 0x000001f20635a890 code [0x000001f20635aa60, 0x000001f20635aeb8]
Event: 59.306 Thread 0x000001f217b18730 14096       3       java.util.Vector::clear (5 bytes)
Event: 59.306 Thread 0x000001f217b18730 nmethod 14096 0x000001f20635b010 code [0x000001f20635b1c0, 0x000001f20635b380]
Event: 59.306 Thread 0x000001f217b18730 14097       3       org.eclipse.jdt.internal.compiler.codegen.CodeStream::createOperandStack (39 bytes)
Event: 59.307 Thread 0x000001f217b18730 nmethod 14097 0x000001f20635b410 code [0x000001f20635b620, 0x000001f20635bcd8]
Event: 59.307 Thread 0x000001f217b18730 14098       3       org.eclipse.jdt.internal.compiler.codegen.OperandStack::<init> (32 bytes)
Event: 59.307 Thread 0x000001f217b18730 nmethod 14098 0x000001f20635c010 code [0x000001f20635c1e0, 0x000001f20635c580]
Event: 59.308 Thread 0x000001f217b18730 14099       3       org.eclipse.jdt.internal.compiler.codegen.StackMapFrameCodeStream::initializeMaxLocals (34 bytes)
Event: 59.308 Thread 0x000001f217b18730 nmethod 14099 0x000001f20635c790 code [0x000001f20635c980, 0x000001f20635cdb0]
Event: 59.308 Thread 0x000001f217b18730 14093       3       org.eclipse.jdt.internal.compiler.ClassFile::writeArgumentName (153 bytes)
Event: 59.308 Thread 0x000001f217b18730 nmethod 14093 0x000001f20635cf10 code [0x000001f20635d0e0, 0x000001f20635d440]
Event: 59.308 Thread 0x000001f217b18730 14088       3       org.eclipse.jdt.internal.compiler.ast.ThisReference::resolveType (92 bytes)
Event: 59.309 Thread 0x000001f217b18730 nmethod 14088 0x000001f20635d610 code [0x000001f20635d860, 0x000001f20635e1f8]
Event: 59.309 Thread 0x000001f217b18730 14089       3       org.eclipse.jdt.internal.compiler.ast.ThisReference::checkAccess (144 bytes)
Event: 59.310 Thread 0x000001f217b18730 nmethod 14089 0x000001f20635e490 code [0x000001f20635e7e0, 0x000001f20635ff60]
Event: 59.310 Thread 0x000001f217b18730 14090       3       org.eclipse.jdt.internal.compiler.lookup.Scope::namedMethodScope (32 bytes)
Event: 59.311 Thread 0x000001f217b18730 nmethod 14090 0x000001f206360710 code [0x000001f2063608e0, 0x000001f206360de8]
Event: 59.311 Thread 0x000001f217b18730 14091       3       org.eclipse.jdt.internal.compiler.lookup.TypeBinding::getErasureCompatibleType (331 bytes)
Event: 59.312 Thread 0x000001f217b18730 nmethod 14091 0x000001f206360f10 code [0x000001f2063612e0, 0x000001f206362dc0]

GC Heap History (20 events):
Event: 30.920 GC heap before
{Heap before GC invocations=207 (full 3):
 PSYoungGen      total 12288K, used 11924K [0x00000000d5580000, 0x00000000d6d80000, 0x0000000100000000)
  eden space 11264K, 100% used [0x00000000d5580000,0x00000000d6080000,0x00000000d6080000)
  from space 1024K, 64% used [0x00000000d6b80000,0x00000000d6c25200,0x00000000d6c80000)
  to   space 1024K, 0% used [0x00000000d6c80000,0x00000000d6c80000,0x00000000d6d80000)
 ParOldGen       total 131072K, used 130846K [0x0000000080000000, 0x0000000088000000, 0x00000000d5580000)
  object space 131072K, 99% used [0x0000000080000000,0x0000000087fc7a70,0x0000000088000000)
 Metaspace       used 70145K, committed 71744K, reserved 1114112K
  class space    used 7275K, committed 8000K, reserved 1048576K
}
Event: 30.921 GC heap after
{Heap after GC invocations=207 (full 3):
 PSYoungGen      total 11776K, used 160K [0x00000000d5580000, 0x00000000d6d00000, 0x0000000100000000)
  eden space 11264K, 0% used [0x00000000d5580000,0x00000000d5580000,0x00000000d6080000)
  from space 512K, 31% used [0x00000000d6c80000,0x00000000d6ca8000,0x00000000d6d00000)
  to   space 512K, 0% used [0x00000000d6c00000,0x00000000d6c00000,0x00000000d6c80000)
 ParOldGen       total 131072K, used 130886K [0x0000000080000000, 0x0000000088000000, 0x00000000d5580000)
  object space 131072K, 99% used [0x0000000080000000,0x0000000087fd1a70,0x0000000088000000)
 Metaspace       used 70145K, committed 71744K, reserved 1114112K
  class space    used 7275K, committed 8000K, reserved 1048576K
}
Event: 53.290 GC heap before
{Heap before GC invocations=208 (full 3):
 PSYoungGen      total 11776K, used 11424K [0x00000000d5580000, 0x00000000d6d00000, 0x0000000100000000)
  eden space 11264K, 100% used [0x00000000d5580000,0x00000000d6080000,0x00000000d6080000)
  from space 512K, 31% used [0x00000000d6c80000,0x00000000d6ca8000,0x00000000d6d00000)
  to   space 512K, 0% used [0x00000000d6c00000,0x00000000d6c00000,0x00000000d6c80000)
 ParOldGen       total 131072K, used 130886K [0x0000000080000000, 0x0000000088000000, 0x00000000d5580000)
  object space 131072K, 99% used [0x0000000080000000,0x0000000087fd1a70,0x0000000088000000)
 Metaspace       used 70313K, committed 71936K, reserved 1114112K
  class space    used 7281K, committed 8000K, reserved 1048576K
}
Event: 53.292 GC heap after
{Heap after GC invocations=208 (full 3):
 PSYoungGen      total 11776K, used 496K [0x00000000d5580000, 0x00000000d6d00000, 0x0000000100000000)
  eden space 11264K, 0% used [0x00000000d5580000,0x00000000d5580000,0x00000000d6080000)
  from space 512K, 96% used [0x00000000d6c00000,0x00000000d6c7c010,0x00000000d6c80000)
  to   space 512K, 0% used [0x00000000d6c80000,0x00000000d6c80000,0x00000000d6d00000)
 ParOldGen       total 131584K, used 131478K [0x0000000080000000, 0x0000000088080000, 0x00000000d5580000)
  object space 131584K, 99% used [0x0000000080000000,0x0000000088065828,0x0000000088080000)
 Metaspace       used 70313K, committed 71936K, reserved 1114112K
  class space    used 7281K, committed 8000K, reserved 1048576K
}
Event: 53.380 GC heap before
{Heap before GC invocations=209 (full 3):
 PSYoungGen      total 11776K, used 11760K [0x00000000d5580000, 0x00000000d6d00000, 0x0000000100000000)
  eden space 11264K, 100% used [0x00000000d5580000,0x00000000d6080000,0x00000000d6080000)
  from space 512K, 96% used [0x00000000d6c00000,0x00000000d6c7c010,0x00000000d6c80000)
  to   space 512K, 0% used [0x00000000d6c80000,0x00000000d6c80000,0x00000000d6d00000)
 ParOldGen       total 131584K, used 131478K [0x0000000080000000, 0x0000000088080000, 0x00000000d5580000)
  object space 131584K, 99% used [0x0000000080000000,0x0000000088065828,0x0000000088080000)
 Metaspace       used 70328K, committed 71936K, reserved 1114112K
  class space    used 7281K, committed 8000K, reserved 1048576K
}
Event: 53.386 GC heap after
{Heap after GC invocations=209 (full 3):
 PSYoungGen      total 11776K, used 512K [0x00000000d5580000, 0x00000000d7880000, 0x0000000100000000)
  eden space 11264K, 0% used [0x00000000d5580000,0x00000000d5580000,0x00000000d6080000)
  from space 512K, 100% used [0x00000000d6c80000,0x00000000d6d00000,0x00000000d6d00000)
  to   space 12288K, 0% used [0x00000000d6080000,0x00000000d6080000,0x00000000d6c80000)
 ParOldGen       total 141824K, used 141346K [0x0000000080000000, 0x0000000088a80000, 0x00000000d5580000)
  object space 141824K, 99% used [0x0000000080000000,0x0000000088a08970,0x0000000088a80000)
 Metaspace       used 70328K, committed 71936K, reserved 1114112K
  class space    used 7281K, committed 8000K, reserved 1048576K
}
Event: 53.448 GC heap before
{Heap before GC invocations=210 (full 3):
 PSYoungGen      total 11776K, used 11769K [0x00000000d5580000, 0x00000000d7880000, 0x0000000100000000)
  eden space 11264K, 99% used [0x00000000d5580000,0x00000000d607e680,0x00000000d6080000)
  from space 512K, 100% used [0x00000000d6c80000,0x00000000d6d00000,0x00000000d6d00000)
  to   space 12288K, 0% used [0x00000000d6080000,0x00000000d6080000,0x00000000d6c80000)
 ParOldGen       total 141824K, used 141346K [0x0000000080000000, 0x0000000088a80000, 0x00000000d5580000)
  object space 141824K, 99% used [0x0000000080000000,0x0000000088a08970,0x0000000088a80000)
 Metaspace       used 70341K, committed 72000K, reserved 1114112K
  class space    used 7281K, committed 8000K, reserved 1048576K
}
Event: 53.453 GC heap after
{Heap after GC invocations=210 (full 3):
 PSYoungGen      total 20480K, used 9015K [0x00000000d5580000, 0x00000000d7380000, 0x0000000100000000)
  eden space 11264K, 0% used [0x00000000d5580000,0x00000000d5580000,0x00000000d6080000)
  from space 9216K, 97% used [0x00000000d6080000,0x00000000d694de50,0x00000000d6980000)
  to   space 9728K, 0% used [0x00000000d6a00000,0x00000000d6a00000,0x00000000d7380000)
 ParOldGen       total 142336K, used 141890K [0x0000000080000000, 0x0000000088b00000, 0x00000000d5580000)
  object space 142336K, 99% used [0x0000000080000000,0x0000000088a90990,0x0000000088b00000)
 Metaspace       used 70341K, committed 72000K, reserved 1114112K
  class space    used 7281K, committed 8000K, reserved 1048576K
}
Event: 53.544 GC heap before
{Heap before GC invocations=211 (full 3):
 PSYoungGen      total 20480K, used 20279K [0x00000000d5580000, 0x00000000d7380000, 0x0000000100000000)
  eden space 11264K, 100% used [0x00000000d5580000,0x00000000d6080000,0x00000000d6080000)
  from space 9216K, 97% used [0x00000000d6080000,0x00000000d694de50,0x00000000d6980000)
  to   space 9728K, 0% used [0x00000000d6a00000,0x00000000d6a00000,0x00000000d7380000)
 ParOldGen       total 142336K, used 141890K [0x0000000080000000, 0x0000000088b00000, 0x00000000d5580000)
  object space 142336K, 99% used [0x0000000080000000,0x0000000088a90990,0x0000000088b00000)
 Metaspace       used 70369K, committed 72000K, reserved 1114112K
  class space    used 7281K, committed 8000K, reserved 1048576K
}
Event: 53.553 GC heap after
{Heap after GC invocations=211 (full 3):
 PSYoungGen      total 19456K, used 7799K [0x00000000d5580000, 0x00000000d7200000, 0x0000000100000000)
  eden space 11264K, 0% used [0x00000000d5580000,0x00000000d5580000,0x00000000d6080000)
  from space 8192K, 95% used [0x00000000d6a00000,0x00000000d719de90,0x00000000d7200000)
  to   space 8704K, 0% used [0x00000000d6100000,0x00000000d6100000,0x00000000d6980000)
 ParOldGen       total 148992K, used 148650K [0x0000000080000000, 0x0000000089180000, 0x00000000d5580000)
  object space 148992K, 99% used [0x0000000080000000,0x000000008912a9b0,0x0000000089180000)
 Metaspace       used 70369K, committed 72000K, reserved 1114112K
  class space    used 7281K, committed 8000K, reserved 1048576K
}
Event: 54.063 GC heap before
{Heap before GC invocations=212 (full 3):
 PSYoungGen      total 19456K, used 19063K [0x00000000d5580000, 0x00000000d7200000, 0x0000000100000000)
  eden space 11264K, 100% used [0x00000000d5580000,0x00000000d6080000,0x00000000d6080000)
  from space 8192K, 95% used [0x00000000d6a00000,0x00000000d719de90,0x00000000d7200000)
  to   space 8704K, 0% used [0x00000000d6100000,0x00000000d6100000,0x00000000d6980000)
 ParOldGen       total 148992K, used 148650K [0x0000000080000000, 0x0000000089180000, 0x00000000d5580000)
  object space 148992K, 99% used [0x0000000080000000,0x000000008912a9b0,0x0000000089180000)
 Metaspace       used 70390K, committed 72000K, reserved 1114112K
  class space    used 7281K, committed 8000K, reserved 1048576K
}
Event: 54.069 GC heap after
{Heap after GC invocations=212 (full 3):
 PSYoungGen      total 14336K, used 2596K [0x00000000d5580000, 0x00000000d6a80000, 0x0000000100000000)
  eden space 11264K, 0% used [0x00000000d5580000,0x00000000d5580000,0x00000000d6080000)
  from space 3072K, 84% used [0x00000000d6100000,0x00000000d6389230,0x00000000d6400000)
  to   space 4608K, 0% used [0x00000000d6600000,0x00000000d6600000,0x00000000d6a80000)
 ParOldGen       total 156672K, used 156314K [0x0000000080000000, 0x0000000089900000, 0x00000000d5580000)
  object space 156672K, 99% used [0x0000000080000000,0x00000000898a6840,0x0000000089900000)
 Metaspace       used 70390K, committed 72000K, reserved 1114112K
  class space    used 7281K, committed 8000K, reserved 1048576K
}
Event: 54.436 GC heap before
{Heap before GC invocations=213 (full 3):
 PSYoungGen      total 14336K, used 13860K [0x00000000d5580000, 0x00000000d6a80000, 0x0000000100000000)
  eden space 11264K, 99% used [0x00000000d5580000,0x00000000d607fff8,0x00000000d6080000)
  from space 3072K, 84% used [0x00000000d6100000,0x00000000d6389230,0x00000000d6400000)
  to   space 4608K, 0% used [0x00000000d6600000,0x00000000d6600000,0x00000000d6a80000)
 ParOldGen       total 156672K, used 156314K [0x0000000080000000, 0x0000000089900000, 0x00000000d5580000)
  object space 156672K, 99% used [0x0000000080000000,0x00000000898a6840,0x0000000089900000)
 Metaspace       used 70402K, committed 72000K, reserved 1114112K
  class space    used 7281K, committed 8000K, reserved 1048576K
}
Event: 54.439 GC heap after
{Heap after GC invocations=213 (full 3):
 PSYoungGen      total 12288K, used 538K [0x00000000d5580000, 0x00000000d6700000, 0x0000000100000000)
  eden space 11264K, 0% used [0x00000000d5580000,0x00000000d5580000,0x00000000d6080000)
  from space 1024K, 52% used [0x00000000d6600000,0x00000000d6686900,0x00000000d6700000)
  to   space 2048K, 0% used [0x00000000d6300000,0x00000000d6300000,0x00000000d6500000)
 ParOldGen       total 159232K, used 158822K [0x0000000080000000, 0x0000000089b80000, 0x00000000d5580000)
  object space 159232K, 99% used [0x0000000080000000,0x0000000089b19a70,0x0000000089b80000)
 Metaspace       used 70402K, committed 72000K, reserved 1114112K
  class space    used 7281K, committed 8000K, reserved 1048576K
}
Event: 57.053 GC heap before
{Heap before GC invocations=214 (full 3):
 PSYoungGen      total 12288K, used 11802K [0x00000000d5580000, 0x00000000d6700000, 0x0000000100000000)
  eden space 11264K, 100% used [0x00000000d5580000,0x00000000d6080000,0x00000000d6080000)
  from space 1024K, 52% used [0x00000000d6600000,0x00000000d6686900,0x00000000d6700000)
  to   space 2048K, 0% used [0x00000000d6300000,0x00000000d6300000,0x00000000d6500000)
 ParOldGen       total 159232K, used 158822K [0x0000000080000000, 0x0000000089b80000, 0x00000000d5580000)
  object space 159232K, 99% used [0x0000000080000000,0x0000000089b19a70,0x0000000089b80000)
 Metaspace       used 70443K, committed 72128K, reserved 1114112K
  class space    used 7283K, committed 8000K, reserved 1048576K
}
Event: 57.054 GC heap after
{Heap after GC invocations=214 (full 3):
 PSYoungGen      total 13312K, used 884K [0x00000000d5580000, 0x00000000d6680000, 0x0000000100000000)
  eden space 11264K, 0% used [0x00000000d5580000,0x00000000d5580000,0x00000000d6080000)
  from space 2048K, 43% used [0x00000000d6300000,0x00000000d63dd200,0x00000000d6500000)
  to   space 1024K, 0% used [0x00000000d6580000,0x00000000d6580000,0x00000000d6680000)
 ParOldGen       total 159232K, used 158870K [0x0000000080000000, 0x0000000089b80000, 0x00000000d5580000)
  object space 159232K, 99% used [0x0000000080000000,0x0000000089b25a70,0x0000000089b80000)
 Metaspace       used 70443K, committed 72128K, reserved 1114112K
  class space    used 7283K, committed 8000K, reserved 1048576K
}
Event: 57.240 GC heap before
{Heap before GC invocations=215 (full 3):
 PSYoungGen      total 13312K, used 12148K [0x00000000d5580000, 0x00000000d6680000, 0x0000000100000000)
  eden space 11264K, 100% used [0x00000000d5580000,0x00000000d6080000,0x00000000d6080000)
  from space 2048K, 43% used [0x00000000d6300000,0x00000000d63dd200,0x00000000d6500000)
  to   space 1024K, 0% used [0x00000000d6580000,0x00000000d6580000,0x00000000d6680000)
 ParOldGen       total 159232K, used 158870K [0x0000000080000000, 0x0000000089b80000, 0x00000000d5580000)
  object space 159232K, 99% used [0x0000000080000000,0x0000000089b25a70,0x0000000089b80000)
 Metaspace       used 70606K, committed 72256K, reserved 1114112K
  class space    used 7294K, committed 8000K, reserved 1048576K
}
Event: 57.241 GC heap after
{Heap after GC invocations=215 (full 3):
 PSYoungGen      total 12288K, used 544K [0x00000000d5580000, 0x00000000d6680000, 0x0000000100000000)
  eden space 11264K, 0% used [0x00000000d5580000,0x00000000d5580000,0x00000000d6080000)
  from space 1024K, 53% used [0x00000000d6580000,0x00000000d6608000,0x00000000d6680000)
  to   space 1024K, 0% used [0x00000000d6480000,0x00000000d6480000,0x00000000d6580000)
 ParOldGen       total 159744K, used 159590K [0x0000000080000000, 0x0000000089c00000, 0x00000000d5580000)
  object space 159744K, 99% used [0x0000000080000000,0x0000000089bd9a30,0x0000000089c00000)
 Metaspace       used 70606K, committed 72256K, reserved 1114112K
  class space    used 7294K, committed 8000K, reserved 1048576K
}
Event: 58.285 GC heap before
{Heap before GC invocations=216 (full 3):
 PSYoungGen      total 12288K, used 11807K [0x00000000d5580000, 0x00000000d6680000, 0x0000000100000000)
  eden space 11264K, 99% used [0x00000000d5580000,0x00000000d607ffd0,0x00000000d6080000)
  from space 1024K, 53% used [0x00000000d6580000,0x00000000d6608000,0x00000000d6680000)
  to   space 1024K, 0% used [0x00000000d6480000,0x00000000d6480000,0x00000000d6580000)
 ParOldGen       total 159744K, used 159590K [0x0000000080000000, 0x0000000089c00000, 0x00000000d5580000)
  object space 159744K, 99% used [0x0000000080000000,0x0000000089bd9a30,0x0000000089c00000)
 Metaspace       used 70877K, committed 72512K, reserved 1114112K
  class space    used 7308K, committed 8000K, reserved 1048576K
}
Event: 59.291 GC heap after
{Heap after GC invocations=216 (full 3):
 PSYoungGen      total 12288K, used 724K [0x00000000d5580000, 0x00000000d6600000, 0x0000000100000000)
  eden space 11264K, 0% used [0x00000000d5580000,0x00000000d5580000,0x00000000d6080000)
  from space 1024K, 70% used [0x00000000d6480000,0x00000000d6535200,0x00000000d6580000)
  to   space 512K, 0% used [0x00000000d6580000,0x00000000d6580000,0x00000000d6600000)
 ParOldGen       total 160256K, used 160092K [0x0000000080000000, 0x0000000089c80000, 0x00000000d5580000)
  object space 160256K, 99% used [0x0000000080000000,0x0000000089c573f0,0x0000000089c80000)
 Metaspace       used 70877K, committed 72512K, reserved 1114112K
  class space    used 7308K, committed 8000K, reserved 1048576K
}

Dll operation events (10 events):
Event: 0.026 Loaded shared library c:\Users\hiwet\.vscode\extensions\redhat.java-1.46.0-win32-x64\jre\21.0.8-win32-x86_64\bin\java.dll
Event: 0.204 Loaded shared library c:\Users\hiwet\.vscode\extensions\redhat.java-1.46.0-win32-x64\jre\21.0.8-win32-x86_64\bin\zip.dll
Event: 0.238 Loaded shared library C:\Users\hiwet\.vscode\extensions\redhat.java-1.46.0-win32-x64\jre\21.0.8-win32-x86_64\bin\instrument.dll
Event: 0.244 Loaded shared library C:\Users\hiwet\.vscode\extensions\redhat.java-1.46.0-win32-x64\jre\21.0.8-win32-x86_64\bin\net.dll
Event: 0.246 Loaded shared library C:\Users\hiwet\.vscode\extensions\redhat.java-1.46.0-win32-x64\jre\21.0.8-win32-x86_64\bin\nio.dll
Event: 0.251 Loaded shared library C:\Users\hiwet\.vscode\extensions\redhat.java-1.46.0-win32-x64\jre\21.0.8-win32-x86_64\bin\zip.dll
Event: 0.282 Loaded shared library C:\Users\hiwet\.vscode\extensions\redhat.java-1.46.0-win32-x64\jre\21.0.8-win32-x86_64\bin\jimage.dll
Event: 0.441 Loaded shared library c:\Users\hiwet\.vscode\extensions\redhat.java-1.46.0-win32-x64\jre\21.0.8-win32-x86_64\bin\verify.dll
Event: 1.639 Loaded shared library C:\Users\hiwet\AppData\Roaming\Code\User\globalStorage\redhat.java\1.46.0\config_win\org.eclipse.equinox.launcher\org.eclipse.equinox.launcher.win32.win32.x86_64_1.2.1400.v20250801-0854\eclipse_11916.dll
Event: 3.024 Loaded shared library C:\Users\hiwet\AppData\Local\Temp\jna-99291845\jna16754540060347359289.dll

Deoptimization events (20 events):
Event: 57.161 Thread 0x000001f2623a4210 DEOPT PACKING pc=0x000001f205bb8803 sp=0x000000f1b06fdfa0
Event: 57.161 Thread 0x000001f2623a4210 DEOPT UNPACKING pc=0x000001f20bac78e2 sp=0x000000f1b06fd508 mode 0
Event: 57.218 Thread 0x000001f2623a4210 Uncommon trap: trap_request=0xffffff45 fr.pc=0x000001f20c9c1c00 relative=0x0000000000000440
Event: 57.218 Thread 0x000001f2623a4210 Uncommon trap: reason=unstable_if action=reinterpret pc=0x000001f20c9c1c00 method=java.util.TimSort.countRunAndMakeAscending([Ljava/lang/Object;IILjava/util/Comparator;)I @ 27 c2
Event: 57.218 Thread 0x000001f2623a4210 DEOPT PACKING pc=0x000001f20c9c1c00 sp=0x000000f1b06fe310
Event: 57.218 Thread 0x000001f2623a4210 DEOPT UNPACKING pc=0x000001f20bac6da2 sp=0x000000f1b06fe2a0 mode 2
Event: 57.221 Thread 0x000001f2623a4210 Uncommon trap: trap_request=0xffffff45 fr.pc=0x000001f20c4a8968 relative=0x0000000000000ea8
Event: 57.221 Thread 0x000001f2623a4210 Uncommon trap: reason=unstable_if action=reinterpret pc=0x000001f20c4a8968 method=jdk.internal.reflect.Reflection.verifyMemberAccess(Ljava/lang/Class;Ljava/lang/Class;Ljava/lang/Class;I)Z @ 67 c2
Event: 57.221 Thread 0x000001f2623a4210 DEOPT PACKING pc=0x000001f20c4a8968 sp=0x000000f1b06fe170
Event: 57.221 Thread 0x000001f2623a4210 DEOPT UNPACKING pc=0x000001f20bac6da2 sp=0x000000f1b06fe018 mode 2
Event: 57.223 Thread 0x000001f2623a4210 Uncommon trap: trap_request=0xffffff45 fr.pc=0x000001f20c4abae0 relative=0x0000000000000e20
Event: 57.223 Thread 0x000001f2623a4210 Uncommon trap: reason=unstable_if action=reinterpret pc=0x000001f20c4abae0 method=jdk.internal.reflect.Reflection.verifyMemberAccess(Ljava/lang/Class;Ljava/lang/Class;Ljava/lang/Class;I)Z @ 67 c2
Event: 57.223 Thread 0x000001f2623a4210 DEOPT PACKING pc=0x000001f20c4abae0 sp=0x000000f1b06fe0d0
Event: 57.223 Thread 0x000001f2623a4210 DEOPT UNPACKING pc=0x000001f20bac6da2 sp=0x000000f1b06fe008 mode 2
Event: 58.283 Thread 0x000001f2623a4210 Uncommon trap: trap_request=0xffffff45 fr.pc=0x000001f20c9d9570 relative=0x0000000000000150
Event: 58.283 Thread 0x000001f2623a4210 Uncommon trap: reason=unstable_if action=reinterpret pc=0x000001f20c9d9570 method=org.eclipse.jdt.core.dom.AST.modifying()V @ 7 c2
Event: 58.283 Thread 0x000001f2623a4210 DEOPT PACKING pc=0x000001f20c9d9570 sp=0x000000f1b06fdc50
Event: 58.283 Thread 0x000001f2623a4210 DEOPT UNPACKING pc=0x000001f20bac6da2 sp=0x000000f1b06fdb10 mode 2
Event: 59.294 Thread 0x000001f25fe6e8c0 DEOPT PACKING pc=0x000001f205e70de5 sp=0x000000f1ae5fe4d0
Event: 59.294 Thread 0x000001f25fe6e8c0 DEOPT UNPACKING pc=0x000001f20bac78e2 sp=0x000000f1ae5fd988 mode 0

Classes loaded (20 events):
Event: 19.371 Loading class com/sun/org/apache/xerces/internal/xni/parser/XMLParseException
Event: 19.372 Loading class com/sun/org/apache/xerces/internal/xni/parser/XMLParseException done
Event: 19.392 Loading class sun/nio/fs/WindowsFileCopy
Event: 19.393 Loading class sun/nio/fs/WindowsFileCopy done
Event: 29.679 Loading class java/util/stream/ReferencePipeline$4
Event: 29.679 Loading class java/util/stream/ReferencePipeline$4 done
Event: 29.679 Loading class java/util/stream/Nodes$IntFixedNodeBuilder
Event: 29.680 Loading class java/util/stream/Node$Builder$OfInt
Event: 29.680 Loading class java/util/stream/Node$Builder$OfInt done
Event: 29.680 Loading class java/util/stream/Nodes$IntArrayNode
Event: 29.680 Loading class java/util/stream/Nodes$IntArrayNode done
Event: 29.680 Loading class java/util/stream/Nodes$IntFixedNodeBuilder done
Event: 29.680 Loading class java/util/stream/ReferencePipeline$4$1
Event: 29.680 Loading class java/util/stream/ReferencePipeline$4$1 done
Event: 31.501 Loading class sun/nio/cs/ISO_8859_1$Encoder
Event: 31.501 Loading class sun/nio/cs/ISO_8859_1$Encoder done
Event: 31.501 Loading class sun/nio/cs/Surrogate$Parser
Event: 31.501 Loading class sun/nio/cs/Surrogate$Parser done
Event: 31.501 Loading class sun/nio/cs/Surrogate
Event: 31.501 Loading class sun/nio/cs/Surrogate done

Classes unloaded (13 events):
Event: 3.492 Thread 0x000001f27eaf1f20 Unloading class 0x000001f2191acc00 'java/lang/invoke/LambdaForm$MH+0x000001f2191acc00'
Event: 3.492 Thread 0x000001f27eaf1f20 Unloading class 0x000001f2191ac800 'java/lang/invoke/LambdaForm$MH+0x000001f2191ac800'
Event: 3.492 Thread 0x000001f27eaf1f20 Unloading class 0x000001f2191ac400 'java/lang/invoke/LambdaForm$MH+0x000001f2191ac400'
Event: 3.492 Thread 0x000001f27eaf1f20 Unloading class 0x000001f2191ac000 'java/lang/invoke/LambdaForm$MH+0x000001f2191ac000'
Event: 3.492 Thread 0x000001f27eaf1f20 Unloading class 0x000001f2191abc00 'java/lang/invoke/LambdaForm$BMH+0x000001f2191abc00'
Event: 3.492 Thread 0x000001f27eaf1f20 Unloading class 0x000001f2191ab800 'java/lang/invoke/LambdaForm$DMH+0x000001f2191ab800'
Event: 3.492 Thread 0x000001f27eaf1f20 Unloading class 0x000001f2191aa400 'java/lang/invoke/LambdaForm$DMH+0x000001f2191aa400'
Event: 9.633 Thread 0x000001f27eaf1f20 Unloading class 0x000001f21967cc00 'java/lang/invoke/LambdaForm$DMH+0x000001f21967cc00'
Event: 9.633 Thread 0x000001f27eaf1f20 Unloading class 0x000001f21967d000 'java/lang/invoke/LambdaForm$DMH+0x000001f21967d000'
Event: 9.633 Thread 0x000001f27eaf1f20 Unloading class 0x000001f21967c800 'java/lang/invoke/LambdaForm$DMH+0x000001f21967c800'
Event: 9.633 Thread 0x000001f27eaf1f20 Unloading class 0x000001f219621000 'java/lang/invoke/LambdaForm$MH+0x000001f219621000'
Event: 9.633 Thread 0x000001f27eaf1f20 Unloading class 0x000001f219620800 'java/lang/invoke/LambdaForm$MH+0x000001f219620800'
Event: 9.633 Thread 0x000001f27eaf1f20 Unloading class 0x000001f219620000 'java/lang/invoke/LambdaForm$MH+0x000001f219620000'

Classes redefined (0 events):
No events

Internal exceptions (20 events):
Event: 11.912 Thread 0x000001f2628fd360 Exception <a 'sun/nio/fs/WindowsException'{0x00000000d5d186c0}> (0x00000000d5d186c0) 
thrown [s\src\hotspot\share\prims\jni.cpp, line 520]
Event: 11.912 Thread 0x000001f2628fd360 Exception <a 'sun/nio/fs/WindowsException'{0x00000000d5d198c8}> (0x00000000d5d198c8) 
thrown [s\src\hotspot\share\prims\jni.cpp, line 520]
Event: 11.912 Thread 0x000001f2628fd360 Exception <a 'sun/nio/fs/WindowsException'{0x00000000d5d1a1a8}> (0x00000000d5d1a1a8) 
thrown [s\src\hotspot\share\prims\jni.cpp, line 520]
Event: 11.913 Thread 0x000001f2628fd360 Exception <a 'sun/nio/fs/WindowsException'{0x00000000d5f81a58}> (0x00000000d5f81a58) 
thrown [s\src\hotspot\share\prims\jni.cpp, line 520]
Event: 11.913 Thread 0x000001f2628fd360 Exception <a 'sun/nio/fs/WindowsException'{0x00000000d5f82338}> (0x00000000d5f82338) 
thrown [s\src\hotspot\share\prims\jni.cpp, line 520]
Event: 11.913 Thread 0x000001f2628fd360 Exception <a 'sun/nio/fs/WindowsException'{0x00000000d5f83518}> (0x00000000d5f83518) 
thrown [s\src\hotspot\share\prims\jni.cpp, line 520]
Event: 11.913 Thread 0x000001f2628fd360 Exception <a 'sun/nio/fs/WindowsException'{0x00000000d5f83df8}> (0x00000000d5f83df8) 
thrown [s\src\hotspot\share\prims\jni.cpp, line 520]
Event: 19.357 Thread 0x000001f262901500 Exception <a 'java/lang/NoSuchMethodError'{0x00000000d5d0d640}: 'java.lang.Object java.lang.invoke.DirectMethodHandle$Holder.invokeStatic(java.lang.Object, java.lang.Object, int, java.lang.Object)'> (0x00000000d5d0d640) 
thrown [s\src\hotspot\share\interpreter\linkResolver.cpp, line 773]
Event: 19.393 Thread 0x000001f25fe6c160 Exception <a 'sun/nio/fs/WindowsException'{0x00000000d5d43900}> (0x00000000d5d43900) 
thrown [s\src\hotspot\share\prims\jni.cpp, line 520]
Event: 19.405 Thread 0x000001f262901500 Exception <a 'java/lang/IncompatibleClassChangeError'{0x00000000d5f3c6d0}: Found class java.lang.Object, but interface was expected> (0x00000000d5f3c6d0) 
thrown [s\src\hotspot\share\interpreter\linkResolver.cpp, line 840]
Event: 19.837 Thread 0x000001f2623a4210 Exception <a 'java/lang/NoSuchMethodError'{0x00000000d57fb470}: 'java.lang.Object java.lang.invoke.DirectMethodHandle$Holder.invokeSpecial(java.lang.Object, java.lang.Object, java.lang.Object, java.lang.Object, int, java.lang.Object, java.lang.Object)'> (0x00000000d57fb470) 
thrown [s\src\hotspot\share\interpreter\linkResolver.cpp, line 773]
Event: 19.863 Thread 0x000001f25fe6c160 Exception <a 'sun/nio/fs/WindowsException'{0x00000000d5704790}> (0x00000000d5704790) 
thrown [s\src\hotspot\share\prims\jni.cpp, line 520]
Event: 19.868 Thread 0x000001f25fe6c160 Implicit null exception at 0x000001f20c7cee89 to 0x000001f20c7d3088
Event: 20.436 Thread 0x000001f2623a4210 Exception <a 'java/lang/NoSuchMethodError'{0x00000000d5c3c638}: 'java.lang.Object java.lang.invoke.DirectMethodHandle$Holder.newInvokeSpecial(java.lang.Object, int, java.lang.Object, java.lang.Object, java.lang.Object)'> (0x00000000d5c3c638) 
thrown [s\src\hotspot\share\interpreter\linkResolver.cpp, line 773]
Event: 21.133 Thread 0x000001f262901500 Exception <a 'java/lang/NoSuchMethodError'{0x00000000d5859a28}: 'java.lang.Object java.lang.invoke.DirectMethodHandle$Holder.invokeStatic(java.lang.Object, int, int, java.lang.Object)'> (0x00000000d5859a28) 
thrown [s\src\hotspot\share\interpreter\linkResolver.cpp, line 773]
Event: 33.425 Thread 0x000001f2623a34f0 Implicit null exception at 0x000001f20c6a675a to 0x000001f20c6a67b3
Event: 53.296 Thread 0x000001f25fe6c160 Implicit null exception at 0x000001f20c7c7292 to 0x000001f20c7c908c
Event: 53.339 Thread 0x000001f25fe6c160 Exception <a 'sun/nio/fs/WindowsException'{0x00000000d5592d90}> (0x00000000d5592d90) 
thrown [s\src\hotspot\share\prims\jni.cpp, line 520]
Event: 53.616 Thread 0x000001f25fe6c160 Exception <a 'sun/nio/fs/WindowsException'{0x00000000d586ec70}> (0x00000000d586ec70) 
thrown [s\src\hotspot\share\prims\jni.cpp, line 520]
Event: 58.284 Thread 0x000001f2623a4210 Exception <a 'java/lang/NoSuchMethodError'{0x00000000d5d49500}: 'void java.lang.invoke.DirectMethodHandle$Holder.invokeSpecial(java.lang.Object, java.lang.Object, int)'> (0x00000000d5d49500) 
thrown [s\src\hotspot\share\interpreter\linkResolver.cpp, line 773]

ZGC Phase Switch (0 events):
No events

VM Operations (20 events):
Event: 53.453 Executing VM operation: ParallelGCFailedAllocation (Allocation Failure) done
Event: 53.544 Executing VM operation: ParallelGCFailedAllocation (Allocation Failure)
Event: 53.553 Executing VM operation: ParallelGCFailedAllocation (Allocation Failure) done
Event: 54.063 Executing VM operation: ParallelGCFailedAllocation (Allocation Failure)
Event: 54.069 Executing VM operation: ParallelGCFailedAllocation (Allocation Failure) done
Event: 54.436 Executing VM operation: ParallelGCFailedAllocation (Allocation Failure)
Event: 54.439 Executing VM operation: ParallelGCFailedAllocation (Allocation Failure) done
Event: 57.053 Executing VM operation: ParallelGCFailedAllocation (Allocation Failure)
Event: 57.054 Executing VM operation: ParallelGCFailedAllocation (Allocation Failure) done
Event: 57.240 Executing VM operation: ParallelGCFailedAllocation (Allocation Failure)
Event: 57.241 Executing VM operation: ParallelGCFailedAllocation (Allocation Failure) done
Event: 58.256 Executing VM operation: Cleanup
Event: 58.256 Executing VM operation: Cleanup done
Event: 58.256 Executing VM operation: HandshakeAllThreads (Deoptimize)
Event: 58.257 Executing VM operation: HandshakeAllThreads (Deoptimize) done
Event: 58.285 Executing VM operation: ParallelGCFailedAllocation (Allocation Failure)
Event: 59.291 Executing VM operation: ParallelGCFailedAllocation (Allocation Failure) done
Event: 60.292 Executing VM operation: Cleanup
Event: 60.339 Executing VM operation: Cleanup done
Event: 60.339 Executing VM operation: HandshakeAllThreads (HandshakeForDeflation)

Memory protections (0 events):
No events

Nmethod flushes (20 events):
Event: 9.646 Thread 0x000001f27eaf1f20 flushing  nmethod 0x000001f204e24b10
Event: 9.646 Thread 0x000001f27eaf1f20 flushing osr nmethod 0x000001f204e2cd10
Event: 9.646 Thread 0x000001f27eaf1f20 flushing  nmethod 0x000001f204e4bc90
Event: 9.646 Thread 0x000001f27eaf1f20 flushing  nmethod 0x000001f204e57d10
Event: 9.646 Thread 0x000001f27eaf1f20 flushing  nmethod 0x000001f204e58310
Event: 9.646 Thread 0x000001f27eaf1f20 flushing  nmethod 0x000001f204e58b90
Event: 9.646 Thread 0x000001f27eaf1f20 flushing  nmethod 0x000001f204e5b790
Event: 9.646 Thread 0x000001f27eaf1f20 flushing  nmethod 0x000001f204e6a590
Event: 9.646 Thread 0x000001f27eaf1f20 flushing  nmethod 0x000001f204e81390
Event: 9.646 Thread 0x000001f27eaf1f20 flushing  nmethod 0x000001f204e87a90
Event: 9.646 Thread 0x000001f27eaf1f20 flushing  nmethod 0x000001f204edbe10
Event: 9.646 Thread 0x000001f27eaf1f20 flushing  nmethod 0x000001f204eef210
Event: 9.646 Thread 0x000001f27eaf1f20 flushing  nmethod 0x000001f204eefa10
Event: 9.646 Thread 0x000001f27eaf1f20 flushing  nmethod 0x000001f204ef0490
Event: 9.646 Thread 0x000001f27eaf1f20 flushing  nmethod 0x000001f204ef2e10
Event: 9.646 Thread 0x000001f27eaf1f20 flushing  nmethod 0x000001f204ef8b10
Event: 9.646 Thread 0x000001f27eaf1f20 flushing  nmethod 0x000001f204f37e10
Event: 9.646 Thread 0x000001f27eaf1f20 flushing  nmethod 0x000001f204f40f90
Event: 9.646 Thread 0x000001f27eaf1f20 flushing  nmethod 0x000001f204f4cd10
Event: 9.646 Thread 0x000001f27eaf1f20 flushing  nmethod 0x000001f204f4df90

Events (20 events):
Event: 30.903 Thread 0x000001f217b18730 Thread added: 0x000001f263bf81e0
Event: 30.924 Thread 0x000001f217b18730 Thread added: 0x000001f263bf7440
Event: 31.251 Thread 0x000001f263bf7440 Thread exited: 0x000001f263bf7440
Event: 31.251 Thread 0x000001f263bf81e0 Thread exited: 0x000001f263bf81e0
Event: 31.466 Thread 0x000001f217b18730 Thread added: 0x000001f263bf8f80
Event: 31.475 Thread 0x000001f217b18730 Thread added: 0x000001f263bf7440
Event: 33.376 Thread 0x000001f263bf7440 Thread exited: 0x000001f263bf7440
Event: 33.377 Thread 0x000001f263bf8f80 Thread exited: 0x000001f263bf8f80
Event: 33.442 Thread 0x000001f217b18730 Thread added: 0x000001f263bf7440
Event: 33.457 Thread 0x000001f217b18730 Thread added: 0x000001f263bf7b10
Event: 38.520 Thread 0x000001f263bf7b10 Thread exited: 0x000001f263bf7b10
Event: 38.536 Thread 0x000001f263bf7440 Thread exited: 0x000001f263bf7440
Event: 53.455 Thread 0x000001f217b18730 Thread added: 0x000001f263bf8f80
Event: 53.500 Thread 0x000001f217b18730 Thread added: 0x000001f263bf7440
Event: 54.043 Thread 0x000001f263bf7440 Thread exited: 0x000001f263bf7440
Event: 54.419 Thread 0x000001f263bf8f80 Thread exited: 0x000001f263bf8f80
Event: 57.039 Thread 0x000001f217b18730 Thread added: 0x000001f263bf8f80
Event: 57.055 Thread 0x000001f217b18730 Thread added: 0x000001f263bf7440
Event: 58.256 Thread 0x000001f263bf7440 Thread exited: 0x000001f263bf7440
Event: 58.280 Thread 0x000001f217b14550 Thread added: 0x000001f263bf7440


Dynamic libraries:
0x00007ff610e60000 - 0x00007ff610e6e000 	c:\Users\hiwet\.vscode\extensions\redhat.java-1.46.0-win32-x64\jre\21.0.8-win32-x86_64\bin\java.exe
0x00007ff842ce0000 - 0x00007ff842f48000 	C:\WINDOWS\SYSTEM32\ntdll.dll
0x00007ff8419e0000 - 0x00007ff841aa9000 	C:\WINDOWS\System32\KERNEL32.DLL
0x00007ff83fe70000 - 0x00007ff840262000 	C:\WINDOWS\System32\KERNELBASE.dll
0x00007ff840270000 - 0x00007ff8403bb000 	C:\WINDOWS\System32\ucrtbase.dll
0x00007ff81f6f0000 - 0x00007ff81f70e000 	c:\Users\hiwet\.vscode\extensions\redhat.java-1.46.0-win32-x64\jre\21.0.8-win32-x86_64\bin\VCRUNTIME140.dll
0x00007ff81f6d0000 - 0x00007ff81f6e8000 	c:\Users\hiwet\.vscode\extensions\redhat.java-1.46.0-win32-x64\jre\21.0.8-win32-x86_64\bin\jli.dll
0x00007ff840e70000 - 0x00007ff841035000 	C:\WINDOWS\System32\USER32.dll
0x00007ff8409f0000 - 0x00007ff840a17000 	C:\WINDOWS\System32\win32u.dll
0x00007ff820160000 - 0x00007ff8203f3000 	C:\WINDOWS\WinSxS\amd64_microsoft.windows.common-controls_6595b64144ccf1df_6.0.26100.6899_none_3e0efeeae32e88c1\COMCTL32.dll
0x00007ff841240000 - 0x00007ff84126b000 	C:\WINDOWS\System32\GDI32.dll
0x00007ff841040000 - 0x00007ff8410e9000 	C:\WINDOWS\System32\msvcrt.dll
0x00007ff8408c0000 - 0x00007ff8409ed000 	C:\WINDOWS\System32\gdi32full.dll
0x00007ff8403c0000 - 0x00007ff840463000 	C:\WINDOWS\System32\msvcp_win.dll
0x00007ff842b10000 - 0x00007ff842b3f000 	C:\WINDOWS\System32\IMM32.DLL
0x00007ff81f6c0000 - 0x00007ff81f6cc000 	c:\Users\hiwet\.vscode\extensions\redhat.java-1.46.0-win32-x64\jre\21.0.8-win32-x86_64\bin\vcruntime140_1.dll
0x00007ff81f630000 - 0x00007ff81f6bd000 	c:\Users\hiwet\.vscode\extensions\redhat.java-1.46.0-win32-x64\jre\21.0.8-win32-x86_64\bin\msvcp140.dll
0x00007fffd9ed0000 - 0x00007fffdac67000 	c:\Users\hiwet\.vscode\extensions\redhat.java-1.46.0-win32-x64\jre\21.0.8-win32-x86_64\bin\server\jvm.dll
0x00007ff840db0000 - 0x00007ff840e64000 	C:\WINDOWS\System32\ADVAPI32.dll
0x00007ff842a50000 - 0x00007ff842af6000 	C:\WINDOWS\System32\sechost.dll
0x00007ff842930000 - 0x00007ff842a48000 	C:\WINDOWS\System32\RPCRT4.dll
0x00007ff8414d0000 - 0x00007ff841544000 	C:\WINDOWS\System32\WS2_32.dll
0x00007ff83fcd0000 - 0x00007ff83fd2e000 	C:\WINDOWS\SYSTEM32\POWRPROF.dll
0x00007ff82d8f0000 - 0x00007ff82d8fb000 	C:\WINDOWS\SYSTEM32\VERSION.dll
0x00007ff834900000 - 0x00007ff834935000 	C:\WINDOWS\SYSTEM32\WINMM.dll
0x00007ff83fcb0000 - 0x00007ff83fcc4000 	C:\WINDOWS\SYSTEM32\UMPDC.dll
0x00007ff83ec40000 - 0x00007ff83ec5b000 	C:\WINDOWS\SYSTEM32\kernel.appcore.dll
0x00007ff81f620000 - 0x00007ff81f62a000 	c:\Users\hiwet\.vscode\extensions\redhat.java-1.46.0-win32-x64\jre\21.0.8-win32-x86_64\bin\jimage.dll
0x00007ff83d740000 - 0x00007ff83d982000 	C:\WINDOWS\SYSTEM32\DBGHELP.DLL
0x00007ff841e60000 - 0x00007ff8421db000 	C:\WINDOWS\System32\combase.dll
0x00007ff840ab0000 - 0x00007ff840b87000 	C:\WINDOWS\System32\OLEAUT32.dll
0x00007ff81ac30000 - 0x00007ff81ac6c000 	C:\WINDOWS\SYSTEM32\dbgcore.DLL
0x00007ff8406b0000 - 0x00007ff840748000 	C:\WINDOWS\System32\bcryptPrimitives.dll
0x00007ff81f610000 - 0x00007ff81f61f000 	c:\Users\hiwet\.vscode\extensions\redhat.java-1.46.0-win32-x64\jre\21.0.8-win32-x86_64\bin\instrument.dll
0x00007ff81f5f0000 - 0x00007ff81f60f000 	c:\Users\hiwet\.vscode\extensions\redhat.java-1.46.0-win32-x64\jre\21.0.8-win32-x86_64\bin\java.dll
0x00007ff8421e0000 - 0x00007ff84292d000 	C:\WINDOWS\System32\SHELL32.dll
0x00007ff840750000 - 0x00007ff8408bb000 	C:\WINDOWS\System32\wintypes.dll
0x00007ff83da90000 - 0x00007ff83e2ed000 	C:\WINDOWS\SYSTEM32\windows.storage.dll
0x00007ff842ba0000 - 0x00007ff842c92000 	C:\WINDOWS\System32\SHCORE.dll
0x00007ff841460000 - 0x00007ff8414c2000 	C:\WINDOWS\System32\shlwapi.dll
0x00007ff83fd90000 - 0x00007ff83fdb9000 	C:\WINDOWS\SYSTEM32\profapi.dll
0x00007ff81b040000 - 0x00007ff81b058000 	c:\Users\hiwet\.vscode\extensions\redhat.java-1.46.0-win32-x64\jre\21.0.8-win32-x86_64\bin\zip.dll
0x00007ff81f5e0000 - 0x00007ff81f5f0000 	C:\Users\hiwet\.vscode\extensions\redhat.java-1.46.0-win32-x64\jre\21.0.8-win32-x86_64\bin\net.dll
0x00007ff82f220000 - 0x00007ff82f33f000 	C:\WINDOWS\SYSTEM32\WINHTTP.dll
0x00007ff83f1b0000 - 0x00007ff83f21b000 	C:\WINDOWS\system32\mswsock.dll
0x00007ff819520000 - 0x00007ff819536000 	C:\Users\hiwet\.vscode\extensions\redhat.java-1.46.0-win32-x64\jre\21.0.8-win32-x86_64\bin\nio.dll
0x00007ff81c9e0000 - 0x00007ff81c9f0000 	c:\Users\hiwet\.vscode\extensions\redhat.java-1.46.0-win32-x64\jre\21.0.8-win32-x86_64\bin\verify.dll
0x00007ff8109c0000 - 0x00007ff810a04000 	C:\Users\hiwet\AppData\Roaming\Code\User\globalStorage\redhat.java\1.46.0\config_win\org.eclipse.equinox.launcher\org.eclipse.equinox.launcher.win32.win32.x86_64_1.2.1400.v20250801-0854\eclipse_11916.dll
0x00007ff840b90000 - 0x00007ff840d28000 	C:\WINDOWS\System32\ole32.dll
0x00007ff83f460000 - 0x00007ff83f47b000 	C:\WINDOWS\SYSTEM32\CRYPTSP.dll
0x00007ff83eba0000 - 0x00007ff83ebdb000 	C:\WINDOWS\system32\rsaenh.dll
0x00007ff83f250000 - 0x00007ff83f27b000 	C:\WINDOWS\SYSTEM32\USERENV.dll
0x00007ff83fd60000 - 0x00007ff83fd86000 	C:\WINDOWS\SYSTEM32\bcrypt.dll
0x00007ff83f480000 - 0x00007ff83f48c000 	C:\WINDOWS\SYSTEM32\CRYPTBASE.dll
0x00007ff83e670000 - 0x00007ff83e6a4000 	C:\WINDOWS\SYSTEM32\IPHLPAPI.DLL
0x00007ff842b80000 - 0x00007ff842b8a000 	C:\WINDOWS\System32\NSI.dll
0x00007ff80c9f0000 - 0x00007ff80ca39000 	C:\Users\hiwet\AppData\Local\Temp\jna-99291845\jna16754540060347359289.dll
0x00007ff842b00000 - 0x00007ff842b08000 	C:\WINDOWS\System32\PSAPI.DLL
0x00007ff8365d0000 - 0x00007ff8365ee000 	C:\WINDOWS\SYSTEM32\dhcpcsvc6.DLL
0x00007ff8365a0000 - 0x00007ff8365c3000 	C:\WINDOWS\SYSTEM32\dhcpcsvc.DLL

JVMTI agents:
c:\Users\hiwet\.vscode\extensions\redhat.java-1.46.0-win32-x64\lombok\lombok-1.18.39-4050.jar path:c:\Users\hiwet\.vscode\extensions\redhat.java-1.46.0-win32-x64\jre\21.0.8-win32-x86_64\bin\instrument.dll, loaded, initialized, instrumentlib options:none

dbghelp: loaded successfully - version: 4.0.5 - missing functions: none
symbol engine: initialized successfully - sym options: 0x614 - pdb path: .;c:\Users\hiwet\.vscode\extensions\redhat.java-1.46.0-win32-x64\jre\21.0.8-win32-x86_64\bin;C:\WINDOWS\SYSTEM32;C:\WINDOWS\WinSxS\amd64_microsoft.windows.common-controls_6595b64144ccf1df_6.0.26100.6899_none_3e0efeeae32e88c1;c:\Users\hiwet\.vscode\extensions\redhat.java-1.46.0-win32-x64\jre\21.0.8-win32-x86_64\bin\server;C:\Users\hiwet\AppData\Roaming\Code\User\globalStorage\redhat.java\1.46.0\config_win\org.eclipse.equinox.launcher\org.eclipse.equinox.launcher.win32.win32.x86_64_1.2.1400.v20250801-0854;C:\Users\hiwet\AppData\Local\Temp\jna-99291845

VM Arguments:
jvm_args: --add-modules=ALL-SYSTEM --add-opens=java.base/java.util=ALL-UNNAMED --add-opens=java.base/java.lang=ALL-UNNAMED --add-opens=java.base/sun.nio.fs=ALL-UNNAMED -Declipse.application=org.eclipse.jdt.ls.core.id1 -Dosgi.bundles.defaultStartLevel=4 -Declipse.product=org.eclipse.jdt.ls.core.product -Djava.import.generatesMetadataFilesAtProjectRoot=false -DDetectVMInstallationsJob.disabled=true -Dfile.encoding=utf8 -XX:+UseParallelGC -XX:GCTimeRatio=4 -XX:AdaptiveSizePolicyWeight=90 -Dsun.zip.disableMemoryMapping=true -Xmx2G -Xms100m -Xlog:disable -javaagent:c:\Users\hiwet\.vscode\extensions\redhat.java-1.46.0-win32-x64\lombok\lombok-1.18.39-4050.jar -XX:+HeapDumpOnOutOfMemoryError -XX:HeapDumpPath=c:\Users\hiwet\AppData\Roaming\Code\User\workspaceStorage\70478ad307e794b34d456762fc5b8678\redhat.java -Daether.dependencyCollector.impl=bf 
java_command: c:\Users\hiwet\.vscode\extensions\redhat.java-1.46.0-win32-x64\server\plugins\org.eclipse.equinox.launcher_1.7.0.v20250519-0528.jar -configuration c:\Users\hiwet\AppData\Roaming\Code\User\globalStorage\redhat.java\1.46.0\config_win -data c:\Users\hiwet\AppData\Roaming\Code\User\workspaceStorage\70478ad307e794b34d456762fc5b8678\redhat.java\jdt_ws --pipe=\\.\pipe\lsp-0b3f229da71ecf9fc434060376b5c8fd-sock
java_class_path (initial): c:\Users\hiwet\.vscode\extensions\redhat.java-1.46.0-win32-x64\server\plugins\org.eclipse.equinox.launcher_1.7.0.v20250519-0528.jar
Launcher Type: SUN_STANDARD

[Global flags]
    uintx AdaptiveSizePolicyWeight                 = 90                                        {product} {command line}
     intx CICompilerCount                          = 4                                         {product} {ergonomic}
    uintx GCTimeRatio                              = 4                                         {product} {command line}
     bool HeapDumpOnOutOfMemoryError               = true                                   {manageable} {command line}
    ccstr HeapDumpPath                             = c:\Users\hiwet\AppData\Roaming\Code\User\workspaceStorage\70478ad307e794b34d456762fc5b8678\redhat.java         {manageable} {command line}
   size_t InitialHeapSize                          = 104857600                                 {product} {command line}
   size_t MaxHeapSize                              = 2147483648                                {product} {command line}
   size_t MaxNewSize                               = 715653120                                 {product} {ergonomic}
   size_t MinHeapDeltaBytes                        = 524288                                    {product} {ergonomic}
   size_t MinHeapSize                              = 104857600                                 {product} {command line}
   size_t NewSize                                  = 34603008                                  {product} {ergonomic}
    uintx NonNMethodCodeHeapSize                   = 5839372                                {pd product} {ergonomic}
    uintx NonProfiledCodeHeapSize                  = 122909434                              {pd product} {ergonomic}
   size_t OldSize                                  = 70254592                                  {product} {ergonomic}
    uintx ProfiledCodeHeapSize                     = 122909434                              {pd product} {ergonomic}
    uintx ReservedCodeCacheSize                    = 251658240                              {pd product} {ergonomic}
     bool SegmentedCodeCache                       = true                                      {product} {ergonomic}
   size_t SoftMaxHeapSize                          = 2147483648                             {manageable} {ergonomic}
     bool UseCompressedOops                        = true                           {product lp64_product} {ergonomic}
     bool UseLargePagesIndividualAllocation        = false                                  {pd product} {ergonomic}
     bool UseParallelGC                            = true                                      {product} {command line}

Logging:
Log output configuration:
 #0: stdout all=off uptime,level,tags foldmultilines=false
 #1: stderr all=off uptime,level,tags foldmultilines=false

Environment Variables:
JAVA_HOME=C:\Program Files\Eclipse Adoptium\jdk-17.0.15.6-hotspot\
PATH=C:\Program Files (x86)\Common Files\Oracle\Java\java8path;C:\Program Files (x86)\Common Files\Oracle\Java\javapath;C:\Program Files\Eclipse Adoptium\jdk-17.0.15.6-hotspot\bin;C:\WINDOWS\system32;C:\WINDOWS;C:\WINDOWS\System32\Wbem;C:\WINDOWS\System32\WindowsPowerShell\v1.0\;C:\WINDOWS\System32\OpenSSH\;C:\Program Files (x86)\Microsoft SQL Server\160\Tools\Binn\;C:\Program Files\Microsoft SQL Server\160\Tools\Binn\;C:\Program Files\Microsoft SQL Server\Client SDK\ODBC\170\Tools\Binn\;C:\Program Files\Microsoft SQL Server\160\DTS\Binn\;C:\Program Files\dotnet\;C:\Program Files (x86)\Windows Kits\10\Windows Performance Toolkit\;C:\Program Files\Git\cmd;C:\Users\hiwet\AppData\Local\Programs\Eclipse Adoptium\jdk-21.0.7.6-hotspot\bin;C:\Users\hiwet\OneDrive\Desktop\Python\Scripts\;C:\Users\hiwet\OneDrive\Desktop\Python\;C:\Users\hiwet\AppData\Local\Programs\Python\Launcher\;C:\Users\hiwet\AppData\Local\Microsoft\WindowsApps;C:\Users\hiwet\AppData\Local\Programs\Microsoft VS Code\bin;C:\Users\hiwet\.dotnet\tools;C:\msys64\ucrt64\bin;
USERNAME=hiwet
OS=Windows_NT
PROCESSOR_IDENTIFIER=Intel64 Family 6 Model 140 Stepping 1, GenuineIntel
TMP=C:\Users\hiwet\AppData\Local\Temp
TEMP=C:\Users\hiwet\AppData\Local\Temp




Periodic native trim disabled

---------------  S Y S T E M  ---------------

OS:
 Windows 11 , 64 bit Build 26100 (10.0.26100.6725)
OS uptime: 4 days 3:09 hours
Hyper-V role detected

CPU: total 8 (initial active 8) (4 cores per cpu, 2 threads per core) family 6 model 140 stepping 1 microcode 0xbc, cx8, cmov, fxsr, ht, mmx, 3dnowpref, sse, sse2, sse3, ssse3, sse4.1, sse4.2, popcnt, lzcnt, tsc, tscinvbit, avx, avx2, aes, erms, clmul, bmi1, bmi2, adx, avx512f, avx512dq, avx512cd, avx512bw, avx512vl, sha, fma, vzeroupper, avx512_vpopcntdq, avx512_vpclmulqdq, avx512_vaes, avx512_vnni, clflush, clflushopt, clwb, avx512_vbmi2, avx512_vbmi, hv, rdtscp, rdpid, fsrm, gfni, avx512_bitalg, f16c, cet_ibt, cet_ss, avx512_ifma
Processor Information for the first 8 processors :
  Max Mhz: 2401, Current Mhz: 2401, Mhz Limit: 2401

Memory: 4k page, system-wide physical 11930M (783M free)
TotalPageFile size 16026M (AvailPageFile size 12M)
current process WorkingSet (physical memory assigned to process): 410M, peak: 413M
current process commit charge ("private bytes"): 477M, peak: 481M

vm_info: OpenJDK 64-Bit Server VM (21.0.8+9-LTS) for windows-amd64 JRE (21.0.8+9-LTS), built on 2025-07-15T00:00:00Z by "admin" with MS VC++ 17.7 (VS2022)

END.
