#
# There is insufficient memory for the Java Runtime Environment to continue.
# Native memory allocation (malloc) failed to allocate 1796656 bytes. Error detail: Chunk::new
# Possible reasons:
#   The system is out of physical RAM or swap space
#   This process is running with CompressedOops enabled, and the Java Heap may be blocking the growth of the native heap
# Possible solutions:
#   Reduce memory load on the system
#   Increase physical memory or swap space
#   Check if swap backing store is full
#   Decrease Java heap size (-Xmx/-Xms)
#   Decrease number of Java threads
#   Decrease Java thread stack sizes (-Xss)
#   Set larger code cache with -XX:ReservedCodeCacheSize=
#   JVM is running with Unscaled Compressed Oops mode in which the Java heap is
#     placed in the first 4GB address space. The Java Heap base address is the
#     maximum limit for the native heap growth. Please use -XX:HeapBaseMinAddress
#     to set the Java Heap base and to place the Java Heap above 4GB virtual address.
# This output file may be truncated or incomplete.
#
#  Out of Memory Error (arena.cpp:168), pid=18728, tid=4280
#
# JRE version: OpenJDK Runtime Environment Temurin-21.0.8+9 (21.0.8+9) (build 21.0.8+9-LTS)
# Java VM: OpenJDK 64-Bit Server VM Temurin-21.0.8+9 (21.0.8+9-LTS, mixed mode, sharing, tiered, compressed oops, compressed class ptrs, parallel gc, windows-amd64)
# No core dump will be written. Minidumps are not enabled by default on client versions of Windows
#

---------------  S U M M A R Y ------------

Command Line: --add-modules=ALL-SYSTEM --add-opens=java.base/java.util=ALL-UNNAMED --add-opens=java.base/java.lang=ALL-UNNAMED --add-opens=java.base/sun.nio.fs=ALL-UNNAMED -Declipse.application=org.eclipse.jdt.ls.core.id1 -Dosgi.bundles.defaultStartLevel=4 -Declipse.product=org.eclipse.jdt.ls.core.product -Djava.import.generatesMetadataFilesAtProjectRoot=false -DDetectVMInstallationsJob.disabled=true -Dfile.encoding=utf8 -XX:+UseParallelGC -XX:GCTimeRatio=4 -XX:AdaptiveSizePolicyWeight=90 -Dsun.zip.disableMemoryMapping=true -Xmx2G -Xms100m -Xlog:disable -javaagent:c:\Users\hiwet\.vscode\extensions\redhat.java-1.46.0-win32-x64\lombok\lombok-1.18.39-4050.jar -XX:+HeapDumpOnOutOfMemoryError -XX:HeapDumpPath=c:\Users\hiwet\AppData\Roaming\Code\User\workspaceStorage\70478ad307e794b34d456762fc5b8678\redhat.java -Daether.dependencyCollector.impl=bf c:\Users\hiwet\.vscode\extensions\redhat.java-1.46.0-win32-x64\server\plugins\org.eclipse.equinox.launcher_1.7.0.v20250519-0528.jar -configuration c:\Users\hiwet\AppData\Roaming\Code\User\globalStorage\redhat.java\1.46.0\config_win -data c:\Users\hiwet\AppData\Roaming\Code\User\workspaceStorage\70478ad307e794b34d456762fc5b8678\redhat.java\jdt_ws --pipe=\\.\pipe\lsp-6c113301fc884a9ea788c3db46c88161-sock

Host: 11th Gen Intel(R) Core(TM) i5-1135G7 @ 2.40GHz, 8 cores, 11G,  Windows 11 , 64 bit Build 26100 (10.0.26100.6725)
Time: Mon Oct 27 18:28:46 2025 Eastern Daylight Time elapsed time: 10.132962 seconds (0d 0h 0m 10s)

---------------  T H R E A D  ---------------

Current thread (0x000002076708dc50):  JavaThread "C2 CompilerThread1" daemon [_thread_in_native, id=4280, stack(0x0000009e27200000,0x0000009e27300000) (1024K)]


Current CompileTask:
C2:10133 8248 %     4       org.lombokweb.asm.SymbolTable::<init> @ 98 (554 bytes)

Stack: [0x0000009e27200000,0x0000009e27300000]
Native frames: (J=compiled Java code, j=interpreted, Vv=VM code, C=native code)
V  [jvm.dll+0x6d2449]
V  [jvm.dll+0x8ae341]
V  [jvm.dll+0x8b08be]
V  [jvm.dll+0x8b0fa3]
V  [jvm.dll+0x280c96]
V  [jvm.dll+0xc581d]
V  [jvm.dll+0xc5d53]
V  [jvm.dll+0x3b9162]
V  [jvm.dll+0x385315]
V  [jvm.dll+0x38477a]
V  [jvm.dll+0x248ed0]
V  [jvm.dll+0x2484af]
V  [jvm.dll+0x1c89ee]
V  [jvm.dll+0x257d4d]
V  [jvm.dll+0x2562ea]
V  [jvm.dll+0x3f2d16]
V  [jvm.dll+0x857e6b]
V  [jvm.dll+0x6d0b0d]
C  [ucrtbase.dll+0x37b0]
C  [KERNEL32.DLL+0x2e8d7]
C  [ntdll.dll+0x8c53c]


---------------  P R O C E S S  ---------------

Threads class SMR info:
_java_thread_list=0x00000207603821e0, length=56, elements={
0x0000020745af9fa0, 0x0000020747e99310, 0x0000020747e9c5f0, 0x0000020747d55d90,
0x0000020747d575a0, 0x0000020747d5df10, 0x0000020747d69f90, 0x0000020747d6d520,
0x0000020747d70070, 0x0000020747d6a620, 0x0000020747d6acb0, 0x0000020747d67830,
0x0000020747d67ec0, 0x0000020747d69900, 0x0000020747d68be0, 0x0000020747d69270,
0x00000207655649d0, 0x0000020765563620, 0x0000020765563cb0, 0x0000020765564340,
0x0000020765565060, 0x000002076708dc50, 0x0000020760bc3100, 0x0000020765561be0,
0x00000207655656f0, 0x0000020765562900, 0x0000020765562270, 0x00000207655684e0,
0x0000020765568b70, 0x0000020765569200, 0x0000020765567130, 0x0000020765567e50,
0x0000020765566aa0, 0x00000207655677c0, 0x0000020765565d80, 0x0000020765566410,
0x000002076791ac10, 0x00000207679184b0, 0x00000207679191d0, 0x0000020767918b40,
0x0000020767919860, 0x000002076791a580, 0x000002076791b2a0, 0x0000020760a09110,
0x0000020760a08a80, 0x0000020760a07040, 0x0000020760a09e30, 0x0000020760a069b0,
0x0000020760a097a0, 0x0000020760a0a4c0, 0x0000020760a0ab50, 0x0000020760a076d0,
0x0000020760a07d60, 0x0000020760a0b1e0, 0x0000020760a0b870, 0x0000020760a083f0
}

Java Threads: ( => current thread )
  0x0000020745af9fa0 JavaThread "main"                              [_thread_blocked, id=5224, stack(0x0000009e25300000,0x0000009e25400000) (1024K)]
  0x0000020747e99310 JavaThread "Reference Handler"          daemon [_thread_blocked, id=23872, stack(0x0000009e25700000,0x0000009e25800000) (1024K)]
  0x0000020747e9c5f0 JavaThread "Finalizer"                  daemon [_thread_blocked, id=9960, stack(0x0000009e25800000,0x0000009e25900000) (1024K)]
  0x0000020747d55d90 JavaThread "Signal Dispatcher"          daemon [_thread_blocked, id=1480, stack(0x0000009e25900000,0x0000009e25a00000) (1024K)]
  0x0000020747d575a0 JavaThread "Attach Listener"            daemon [_thread_blocked, id=12324, stack(0x0000009e25a00000,0x0000009e25b00000) (1024K)]
  0x0000020747d5df10 JavaThread "Service Thread"             daemon [_thread_blocked, id=24292, stack(0x0000009e25b00000,0x0000009e25c00000) (1024K)]
  0x0000020747d69f90 JavaThread "Monitor Deflation Thread"   daemon [_thread_blocked, id=24432, stack(0x0000009e25c00000,0x0000009e25d00000) (1024K)]
  0x0000020747d6d520 JavaThread "C2 CompilerThread0"         daemon [_thread_blocked, id=24232, stack(0x0000009e25d00000,0x0000009e25e00000) (1024K)]
  0x0000020747d70070 JavaThread "C1 CompilerThread0"         daemon [_thread_blocked, id=19408, stack(0x0000009e25e00000,0x0000009e25f00000) (1024K)]
  0x0000020747d6a620 JavaThread "Common-Cleaner"             daemon [_thread_blocked, id=18812, stack(0x0000009e25f00000,0x0000009e26000000) (1024K)]
  0x0000020747d6acb0 JavaThread "Notification Thread"        daemon [_thread_blocked, id=21720, stack(0x0000009e26100000,0x0000009e26200000) (1024K)]
  0x0000020747d67830 JavaThread "Active Thread: Equinox Container: 17052f5c-f602-4dba-b12f-6b7f51971c70"        [_thread_blocked, id=26600, stack(0x0000009e26900000,0x0000009e26a00000) (1024K)]
  0x0000020747d67ec0 JavaThread "Refresh Thread: Equinox Container: 17052f5c-f602-4dba-b12f-6b7f51971c70" daemon [_thread_blocked, id=17624, stack(0x0000009e26b00000,0x0000009e26c00000) (1024K)]
  0x0000020747d69900 JavaThread "Framework Event Dispatcher: Equinox Container: 17052f5c-f602-4dba-b12f-6b7f51971c70" daemon [_thread_blocked, id=12888, stack(0x0000009e26c00000,0x0000009e26d00000) (1024K)]
  0x0000020747d68be0 JavaThread "Start Level: Equinox Container: 17052f5c-f602-4dba-b12f-6b7f51971c70" daemon [_thread_blocked, id=7016, stack(0x0000009e26d00000,0x0000009e26e00000) (1024K)]
  0x0000020747d69270 JavaThread "Bundle File Closer"         daemon [_thread_blocked, id=10816, stack(0x0000009e26e00000,0x0000009e26f00000) (1024K)]
  0x00000207655649d0 JavaThread "SCR Component Actor"        daemon [_thread_blocked, id=7428, stack(0x0000009e26f00000,0x0000009e27000000) (1024K)]
  0x0000020765563620 JavaThread "Worker-JM"                         [_thread_blocked, id=2980, stack(0x0000009e27000000,0x0000009e27100000) (1024K)]
  0x0000020765563cb0 JavaThread "JNA Cleaner"                daemon [_thread_blocked, id=18120, stack(0x0000009e26000000,0x0000009e26100000) (1024K)]
  0x0000020765564340 JavaThread "Worker-0: Refreshing workspace"        [_thread_blocked, id=26388, stack(0x0000009e26200000,0x0000009e26300000) (1024K)]
  0x0000020765565060 JavaThread "Worker-1: Publish Diagnostics"        [_thread_blocked, id=6316, stack(0x0000009e27100000,0x0000009e27200000) (1024K)]
=>0x000002076708dc50 JavaThread "C2 CompilerThread1"         daemon [_thread_in_native, id=4280, stack(0x0000009e27200000,0x0000009e27300000) (1024K)]
  0x0000020760bc3100 JavaThread "C2 CompilerThread2"         daemon [_thread_in_native, id=21340, stack(0x0000009e27300000,0x0000009e27400000) (1024K)]
  0x0000020765561be0 JavaThread "Java indexing"              daemon [_thread_in_native, id=23564, stack(0x0000009e27400000,0x0000009e27500000) (1024K)]
  0x00000207655656f0 JavaThread "Worker-2: Building"                [_thread_blocked, id=680, stack(0x0000009e27700000,0x0000009e27800000) (1024K)]
  0x0000020765562900 JavaThread "Worker-3: Initialize workspace"        [_thread_blocked, id=16792, stack(0x0000009e27800000,0x0000009e27900000) (1024K)]
  0x0000020765562270 JavaThread "Thread-1"                   daemon [_thread_in_native, id=2576, stack(0x0000009e27900000,0x0000009e27a00000) (1024K)]
  0x00000207655684e0 JavaThread "Thread-2"                   daemon [_thread_in_native, id=25416, stack(0x0000009e27a00000,0x0000009e27b00000) (1024K)]
  0x0000020765568b70 JavaThread "Thread-3"                   daemon [_thread_in_native, id=12656, stack(0x0000009e27b00000,0x0000009e27c00000) (1024K)]
  0x0000020765569200 JavaThread "Thread-4"                   daemon [_thread_in_native, id=20756, stack(0x0000009e27c00000,0x0000009e27d00000) (1024K)]
  0x0000020765567130 JavaThread "Thread-5"                   daemon [_thread_in_native, id=2696, stack(0x0000009e27d00000,0x0000009e27e00000) (1024K)]
  0x0000020765567e50 JavaThread "Thread-6"                   daemon [_thread_in_native, id=7468, stack(0x0000009e27e00000,0x0000009e27f00000) (1024K)]
  0x0000020765566aa0 JavaThread "Thread-7"                   daemon [_thread_in_native, id=23968, stack(0x0000009e27f00000,0x0000009e28000000) (1024K)]
  0x00000207655677c0 JavaThread "Thread-8"                   daemon [_thread_in_native, id=8064, stack(0x0000009e28000000,0x0000009e28100000) (1024K)]
  0x0000020765565d80 JavaThread "Thread-9"                   daemon [_thread_in_native, id=13576, stack(0x0000009e28100000,0x0000009e28200000) (1024K)]
  0x0000020765566410 JavaThread "pool-2-thread-1"                   [_thread_blocked, id=23816, stack(0x0000009e28200000,0x0000009e28300000) (1024K)]
  0x000002076791ac10 JavaThread "WorkspaceEventsHandler"            [_thread_blocked, id=3896, stack(0x0000009e28300000,0x0000009e28400000) (1024K)]
  0x00000207679184b0 JavaThread "pool-1-thread-1"                   [_thread_blocked, id=26176, stack(0x0000009e28400000,0x0000009e28500000) (1024K)]
  0x00000207679191d0 JavaThread "Worker-4"                          [_thread_blocked, id=9292, stack(0x0000009e28500000,0x0000009e28600000) (1024K)]
  0x0000020767918b40 JavaThread "Worker-5"                          [_thread_blocked, id=14820, stack(0x0000009e28600000,0x0000009e28700000) (1024K)]
  0x0000020767919860 JavaThread "Worker-6"                          [_thread_blocked, id=20444, stack(0x0000009e28700000,0x0000009e28800000) (1024K)]
  0x000002076791a580 JavaThread "LocalFile Deleter"          daemon [_thread_blocked, id=23940, stack(0x0000009e28800000,0x0000009e28900000) (1024K)]
  0x000002076791b2a0 JavaThread "LocalFile Deleter"          daemon [_thread_blocked, id=18296, stack(0x0000009e28900000,0x0000009e28a00000) (1024K)]
  0x0000020760a09110 JavaThread "LocalFile Deleter"          daemon [_thread_blocked, id=22776, stack(0x0000009e28a00000,0x0000009e28b00000) (1024K)]
  0x0000020760a08a80 JavaThread "LocalFile Deleter"          daemon [_thread_blocked, id=17288, stack(0x0000009e28b00000,0x0000009e28c00000) (1024K)]
  0x0000020760a07040 JavaThread "Compiler Source File Reader" daemon [_thread_blocked, id=20308, stack(0x0000009e28c00000,0x0000009e28d00000) (1024K)]
  0x0000020760a09e30 JavaThread "Compiler Source File Reader" daemon [_thread_blocked, id=22956, stack(0x0000009e28d00000,0x0000009e28e00000) (1024K)]
  0x0000020760a069b0 JavaThread "Compiler Source File Reader" daemon [_thread_blocked, id=6320, stack(0x0000009e28e00000,0x0000009e28f00000) (1024K)]
  0x0000020760a097a0 JavaThread "Compiler Source File Reader" daemon [_thread_blocked, id=19240, stack(0x0000009e28f00000,0x0000009e29000000) (1024K)]
  0x0000020760a0a4c0 JavaThread "Compiler Source File Reader" daemon [_thread_blocked, id=25444, stack(0x0000009e29000000,0x0000009e29100000) (1024K)]
  0x0000020760a0ab50 JavaThread "Compiler Source File Reader" daemon [_thread_blocked, id=24928, stack(0x0000009e29100000,0x0000009e29200000) (1024K)]
  0x0000020760a076d0 JavaThread "ForkJoinPool.commonPool-worker-1" daemon [_thread_blocked, id=13376, stack(0x0000009e29200000,0x0000009e29300000) (1024K)]
  0x0000020760a07d60 JavaThread "ForkJoinPool.commonPool-worker-2" daemon [_thread_blocked, id=9532, stack(0x0000009e29300000,0x0000009e29400000) (1024K)]
  0x0000020760a0b1e0 JavaThread "ForkJoinPool.commonPool-worker-3" daemon [_thread_in_vm, id=10660, stack(0x0000009e29400000,0x0000009e29500000) (1024K)]
  0x0000020760a0b870 JavaThread "ForkJoinPool.commonPool-worker-4" daemon [_thread_blocked, id=11788, stack(0x0000009e29500000,0x0000009e29600000) (1024K)]
  0x0000020760a083f0 JavaThread "ForkJoinPool.commonPool-worker-5" daemon [_thread_in_native, id=11504, stack(0x0000009e29600000,0x0000009e29700000) (1024K)]
Total: 56

Other Threads:
  0x0000020747e7efd0 VMThread "VM Thread"                           [id=10036, stack(0x0000009e25600000,0x0000009e25700000) (1024K)]
  0x0000020747e4c370 WatcherThread "VM Periodic Task Thread"        [id=14660, stack(0x0000009e25500000,0x0000009e25600000) (1024K)]
  0x0000020747dfc030 WorkerThread "GC Thread#0"                     [id=4020, stack(0x0000009e25400000,0x0000009e25500000) (1024K)]
  0x00000207651a0010 WorkerThread "GC Thread#1"                     [id=23084, stack(0x0000009e26300000,0x0000009e26400000) (1024K)]
  0x00000207609fa7c0 WorkerThread "GC Thread#2"                     [id=25648, stack(0x0000009e26400000,0x0000009e26500000) (1024K)]
  0x00000207609fab60 WorkerThread "GC Thread#3"                     [id=16812, stack(0x0000009e26500000,0x0000009e26600000) (1024K)]
  0x00000207609faf00 WorkerThread "GC Thread#4"                     [id=22084, stack(0x0000009e26600000,0x0000009e26700000) (1024K)]
  0x00000207607cb440 WorkerThread "GC Thread#5"                     [id=22152, stack(0x0000009e26700000,0x0000009e26800000) (1024K)]
  0x00000207607cb7e0 WorkerThread "GC Thread#6"                     [id=15908, stack(0x0000009e26800000,0x0000009e26900000) (1024K)]
  0x0000020760bc6070 WorkerThread "GC Thread#7"                     [id=15040, stack(0x0000009e26a00000,0x0000009e26b00000) (1024K)]
Total: 10

Threads with active compile tasks:
C2 CompilerThread0  11170 8276       4       org.lombokweb.asm.ClassReader::readMethod (1070 bytes)
C1 CompilerThread0  11170 8407       2       org.eclipse.jdt.internal.core.index.DiskIndex::writeStreamInt (122 bytes)
C2 CompilerThread1  11170 8248 %     4       org.lombokweb.asm.SymbolTable::<init> @ 98 (554 bytes)
C2 CompilerThread2  11170 8275       4       lombok.patcher.PatchScript$MethodPatcher::visitMethod (158 bytes)
Total: 4

VM state: not at safepoint (normal execution)

VM Mutex/Monitor currently owned by a thread: None

Heap address: 0x0000000080000000, size: 2048 MB, Compressed Oops mode: 32-bit

CDS archive(s) mapped at: [0x0000020700000000-0x0000020700ba0000-0x0000020700ba0000), size 12189696, SharedBaseAddress: 0x0000020700000000, ArchiveRelocationMode: 1.
Compressed class space mapped at: 0x0000020701000000-0x0000020741000000, reserved size: 1073741824
Narrow klass base: 0x0000020700000000, Narrow klass shift: 0, Narrow klass range: 0x100000000

GC Precious Log:
 CardTable entry size: 512
 CPUs: 8 total, 8 available
 Memory: 11930M
 Large Page Support: Disabled
 NUMA Support: Disabled
 Compressed Oops: Enabled (32-bit)
 Alignments: Space 512K, Generation 512K, Heap 2M
 Heap Min Capacity: 100M
 Heap Initial Capacity: 100M
 Heap Max Capacity: 2G
 Pre-touch: Disabled
 Parallel Workers: 8

Heap:
 PSYoungGen      total 16896K, used 6061K [0x00000000d5580000, 0x00000000d6800000, 0x0000000100000000)
  eden space 15360K, 37% used [0x00000000d5580000,0x00000000d5b2f548,0x00000000d6480000)
  from space 1536K, 15% used [0x00000000d6580000,0x00000000d65bc010,0x00000000d6700000)
  to   space 1024K, 0% used [0x00000000d6700000,0x00000000d6700000,0x00000000d6800000)
 ParOldGen       total 68608K, used 58772K [0x0000000080000000, 0x0000000084300000, 0x00000000d5580000)
  object space 68608K, 85% used [0x0000000080000000,0x0000000083965200,0x0000000084300000)
 Metaspace       used 58326K, committed 59776K, reserved 1114112K
  class space    used 6265K, committed 6912K, reserved 1048576K

Card table byte_map: [0x0000020747780000,0x0000020747b90000] _byte_map_base: 0x0000020747380000

Marking Bits: (ParMarkBitMap*) 0x00007fffdb4aa340
 Begin Bits: [0x000002075a280000, 0x000002075c280000)
 End Bits:   [0x000002075c280000, 0x000002075e280000)

Polling page: 0x00000207473d0000

Metaspace:

Usage:
  Non-class:     50.84 MB used.
      Class:      6.12 MB used.
       Both:     56.96 MB used.

Virtual space:
  Non-class space:       64.00 MB reserved,      51.62 MB ( 81%) committed,  1 nodes.
      Class space:        1.00 GB reserved,       6.75 MB ( <1%) committed,  1 nodes.
             Both:        1.06 GB reserved,      58.38 MB (  5%) committed. 

Chunk freelists:
   Non-Class:  11.88 MB
       Class:  9.20 MB
        Both:  21.08 MB

MaxMetaspaceSize: unlimited
CompressedClassSpaceSize: 1.00 GB
Initial GC threshold: 21.00 MB
Current GC threshold: 58.38 MB
CDS: on
 - commit_granule_bytes: 65536.
 - commit_granule_words: 8192.
 - virtual_space_node_default_size: 8388608.
 - enlarge_chunks_in_place: 1.
 - use_allocation_guard: 0.


Internal statistics:

num_allocs_failed_limit: 9.
num_arena_births: 1086.
num_arena_deaths: 14.
num_vsnodes_births: 2.
num_vsnodes_deaths: 0.
num_space_committed: 934.
num_space_uncommitted: 0.
num_chunks_returned_to_freelist: 23.
num_chunks_taken_from_freelist: 3843.
num_chunk_merges: 15.
num_chunk_splits: 2346.
num_chunks_enlarged: 1272.
num_inconsistent_stats: 0.

CodeHeap 'non-profiled nmethods': size=120000Kb used=4999Kb max_used=4999Kb free=115000Kb
 bounds [0x0000020752aa0000, 0x0000020752f90000, 0x0000020759fd0000]
CodeHeap 'profiled nmethods': size=120000Kb used=16665Kb max_used=16665Kb free=103334Kb
 bounds [0x000002074afd0000, 0x000002074c020000, 0x0000020752500000]
CodeHeap 'non-nmethods': size=5760Kb used=1424Kb max_used=1457Kb free=4335Kb
 bounds [0x0000020752500000, 0x0000020752770000, 0x0000020752aa0000]
CodeCache: size=245760Kb, used=23088Kb, max_used=23121Kb, free=222669Kb
 total_blobs=8527, nmethods=7802, adapters=631, full_count=0
Compilation: enabled, stopped_count=0, restarted_count=0

Compilation events (20 events):
Event: 9.122 Thread 0x0000020747d70070 nmethod 8329 0x000002074bffd010 code [0x000002074bffd1c0, 0x000002074bffd318]
Event: 9.122 Thread 0x0000020747d70070 8331       2       org.eclipse.jdt.internal.compiler.ast.SingleTypeReference::getTypeName (12 bytes)
Event: 9.123 Thread 0x0000020747d70070 nmethod 8331 0x000002074bffd410 code [0x000002074bffd5c0, 0x000002074bffd7f8]
Event: 9.123 Thread 0x0000020747d70070 8333       2       org.eclipse.jdt.internal.core.builder.NameEnvironment$$Lambda/0x000002070166a3f8::<init> (10 bytes)
Event: 9.123 Thread 0x0000020747d70070 nmethod 8333 0x000002074bffd910 code [0x000002074bffdaa0, 0x000002074bffdbc0]
Event: 9.123 Thread 0x0000020747d70070 8334   !   2       org.eclipse.jdt.internal.compiler.parser.Scanner::getNextChar (140 bytes)
Event: 9.123 Thread 0x0000020747d70070 nmethod 8334 0x000002074bffdc90 code [0x000002074bffde80, 0x000002074bffe1b8]
Event: 9.123 Thread 0x0000020747d70070 8335       2       org.eclipse.jdt.internal.compiler.ast.Statement::<init> (5 bytes)
Event: 9.123 Thread 0x0000020747d70070 nmethod 8335 0x000002074bffe390 code [0x000002074bffe520, 0x000002074bffe630]
Event: 9.123 Thread 0x0000020747d70070 8336       2       org.eclipse.jdt.internal.compiler.ast.SingleTypeReference::<init> (29 bytes)
Event: 9.124 Thread 0x0000020747d70070 nmethod 8336 0x000002074bffe710 code [0x000002074bffe8a0, 0x000002074bffea10]
Event: 9.124 Thread 0x0000020747d70070 8337       2       org.eclipse.jdt.internal.compiler.ast.TypeReference::<init> (10 bytes)
Event: 9.124 Thread 0x0000020747d70070 nmethod 8337 0x000002074bffeb10 code [0x000002074bffeca0, 0x000002074bffedd0]
Event: 9.124 Thread 0x0000020747d70070 8338       2       org.eclipse.jdt.internal.compiler.parser.Parser::resetModifiers (24 bytes)
Event: 9.124 Thread 0x0000020747d70070 nmethod 8338 0x000002074bffee90 code [0x000002074bfff020, 0x000002074bfff150]
Event: 9.129 Thread 0x0000020747d70070 8339       2       lombok.core.configuration.FileSystemSourceCache::ensureContent (48 bytes)
Event: 9.130 Thread 0x0000020747d70070 nmethod 8339 0x000002074bfff210 code [0x000002074bfff400, 0x000002074bfff688]
Event: 9.130 Thread 0x0000020747d70070 8340       2       lombok.core.configuration.ConfigurationFile$RegularConfigurationFile::parent (39 bytes)
Event: 9.131 Thread 0x0000020747d70070 nmethod 8340 0x000002074bfff810 code [0x000002074bfff9e0, 0x000002074bfffcd8]
Event: 9.131 Thread 0x0000020747d70070 8341       2       lombok.core.configuration.FileSystemSourceCache$1::parsed (13 bytes)

GC Heap History (20 events):
Event: 7.963 GC heap before
{Heap before GC invocations=36 (full 2):
 PSYoungGen      total 19968K, used 19680K [0x00000000d5580000, 0x00000000d6a80000, 0x0000000100000000)
  eden space 18432K, 100% used [0x00000000d5580000,0x00000000d6780000,0x00000000d6780000)
  from space 1536K, 81% used [0x00000000d6780000,0x00000000d68b8000,0x00000000d6900000)
  to   space 1536K, 0% used [0x00000000d6900000,0x00000000d6900000,0x00000000d6a80000)
 ParOldGen       total 68608K, used 45752K [0x0000000080000000, 0x0000000084300000, 0x00000000d5580000)
  object space 68608K, 66% used [0x0000000080000000,0x0000000082cae398,0x0000000084300000)
 Metaspace       used 50631K, committed 52032K, reserved 1114112K
  class space    used 5514K, committed 6144K, reserved 1048576K
}
Event: 7.965 GC heap after
{Heap after GC invocations=36 (full 2):
 PSYoungGen      total 19968K, used 1312K [0x00000000d5580000, 0x00000000d6a80000, 0x0000000100000000)
  eden space 18432K, 0% used [0x00000000d5580000,0x00000000d5580000,0x00000000d6780000)
  from space 1536K, 85% used [0x00000000d6900000,0x00000000d6a48000,0x00000000d6a80000)
  to   space 1536K, 0% used [0x00000000d6780000,0x00000000d6780000,0x00000000d6900000)
 ParOldGen       total 68608K, used 46888K [0x0000000080000000, 0x0000000084300000, 0x00000000d5580000)
  object space 68608K, 68% used [0x0000000080000000,0x0000000082dca398,0x0000000084300000)
 Metaspace       used 50631K, committed 52032K, reserved 1114112K
  class space    used 5514K, committed 6144K, reserved 1048576K
}
Event: 8.007 GC heap before
{Heap before GC invocations=37 (full 2):
 PSYoungGen      total 19968K, used 19744K [0x00000000d5580000, 0x00000000d6a80000, 0x0000000100000000)
  eden space 18432K, 100% used [0x00000000d5580000,0x00000000d6780000,0x00000000d6780000)
  from space 1536K, 85% used [0x00000000d6900000,0x00000000d6a48000,0x00000000d6a80000)
  to   space 1536K, 0% used [0x00000000d6780000,0x00000000d6780000,0x00000000d6900000)
 ParOldGen       total 68608K, used 46888K [0x0000000080000000, 0x0000000084300000, 0x00000000d5580000)
  object space 68608K, 68% used [0x0000000080000000,0x0000000082dca398,0x0000000084300000)
 Metaspace       used 50635K, committed 52032K, reserved 1114112K
  class space    used 5514K, committed 6144K, reserved 1048576K
}
Event: 8.010 GC heap after
{Heap after GC invocations=37 (full 2):
 PSYoungGen      total 19968K, used 1512K [0x00000000d5580000, 0x00000000d6e80000, 0x0000000100000000)
  eden space 18432K, 0% used [0x00000000d5580000,0x00000000d5580000,0x00000000d6780000)
  from space 1536K, 98% used [0x00000000d6780000,0x00000000d68fa000,0x00000000d6900000)
  to   space 3584K, 0% used [0x00000000d6b00000,0x00000000d6b00000,0x00000000d6e80000)
 ParOldGen       total 68608K, used 48448K [0x0000000080000000, 0x0000000084300000, 0x00000000d5580000)
  object space 68608K, 70% used [0x0000000080000000,0x0000000082f503a8,0x0000000084300000)
 Metaspace       used 50635K, committed 52032K, reserved 1114112K
  class space    used 5514K, committed 6144K, reserved 1048576K
}
Event: 8.051 GC heap before
{Heap before GC invocations=38 (full 2):
 PSYoungGen      total 19968K, used 19944K [0x00000000d5580000, 0x00000000d6e80000, 0x0000000100000000)
  eden space 18432K, 100% used [0x00000000d5580000,0x00000000d6780000,0x00000000d6780000)
  from space 1536K, 98% used [0x00000000d6780000,0x00000000d68fa000,0x00000000d6900000)
  to   space 3584K, 0% used [0x00000000d6b00000,0x00000000d6b00000,0x00000000d6e80000)
 ParOldGen       total 68608K, used 48448K [0x0000000080000000, 0x0000000084300000, 0x00000000d5580000)
  object space 68608K, 70% used [0x0000000080000000,0x0000000082f503a8,0x0000000084300000)
 Metaspace       used 50701K, committed 52096K, reserved 1114112K
  class space    used 5514K, committed 6144K, reserved 1048576K
}
Event: 8.054 GC heap after
{Heap after GC invocations=38 (full 2):
 PSYoungGen      total 19968K, used 1472K [0x00000000d5580000, 0x00000000d6c80000, 0x0000000100000000)
  eden space 18432K, 0% used [0x00000000d5580000,0x00000000d5580000,0x00000000d6780000)
  from space 1536K, 95% used [0x00000000d6b00000,0x00000000d6c70000,0x00000000d6c80000)
  to   space 2048K, 0% used [0x00000000d6880000,0x00000000d6880000,0x00000000d6a80000)
 ParOldGen       total 68608K, used 49912K [0x0000000080000000, 0x0000000084300000, 0x00000000d5580000)
  object space 68608K, 72% used [0x0000000080000000,0x00000000830be3a8,0x0000000084300000)
 Metaspace       used 50701K, committed 52096K, reserved 1114112K
  class space    used 5514K, committed 6144K, reserved 1048576K
}
Event: 8.202 GC heap before
{Heap before GC invocations=39 (full 2):
 PSYoungGen      total 19968K, used 19904K [0x00000000d5580000, 0x00000000d6c80000, 0x0000000100000000)
  eden space 18432K, 100% used [0x00000000d5580000,0x00000000d6780000,0x00000000d6780000)
  from space 1536K, 95% used [0x00000000d6b00000,0x00000000d6c70000,0x00000000d6c80000)
  to   space 2048K, 0% used [0x00000000d6880000,0x00000000d6880000,0x00000000d6a80000)
 ParOldGen       total 68608K, used 49912K [0x0000000080000000, 0x0000000084300000, 0x00000000d5580000)
  object space 68608K, 72% used [0x0000000080000000,0x00000000830be3a8,0x0000000084300000)
 Metaspace       used 52344K, committed 53760K, reserved 1114112K
  class space    used 5694K, committed 6336K, reserved 1048576K
}
Event: 8.205 GC heap after
{Heap after GC invocations=39 (full 2):
 PSYoungGen      total 20480K, used 1773K [0x00000000d5580000, 0x00000000d6b80000, 0x0000000100000000)
  eden space 18432K, 0% used [0x00000000d5580000,0x00000000d5580000,0x00000000d6780000)
  from space 2048K, 86% used [0x00000000d6880000,0x00000000d6a3b540,0x00000000d6a80000)
  to   space 1024K, 0% used [0x00000000d6a80000,0x00000000d6a80000,0x00000000d6b80000)
 ParOldGen       total 68608K, used 51240K [0x0000000080000000, 0x0000000084300000, 0x00000000d5580000)
  object space 68608K, 74% used [0x0000000080000000,0x000000008320a3a8,0x0000000084300000)
 Metaspace       used 52344K, committed 53760K, reserved 1114112K
  class space    used 5694K, committed 6336K, reserved 1048576K
}
Event: 8.543 GC heap before
{Heap before GC invocations=40 (full 2):
 PSYoungGen      total 20480K, used 20205K [0x00000000d5580000, 0x00000000d6b80000, 0x0000000100000000)
  eden space 18432K, 100% used [0x00000000d5580000,0x00000000d6780000,0x00000000d6780000)
  from space 2048K, 86% used [0x00000000d6880000,0x00000000d6a3b540,0x00000000d6a80000)
  to   space 1024K, 0% used [0x00000000d6a80000,0x00000000d6a80000,0x00000000d6b80000)
 ParOldGen       total 68608K, used 51240K [0x0000000080000000, 0x0000000084300000, 0x00000000d5580000)
  object space 68608K, 74% used [0x0000000080000000,0x000000008320a3a8,0x0000000084300000)
 Metaspace       used 53296K, committed 54656K, reserved 1114112K
  class space    used 5809K, committed 6400K, reserved 1048576K
}
Event: 8.545 GC heap after
{Heap after GC invocations=40 (full 2):
 PSYoungGen      total 19456K, used 656K [0x00000000d5580000, 0x00000000d6b80000, 0x0000000100000000)
  eden space 18432K, 0% used [0x00000000d5580000,0x00000000d5580000,0x00000000d6780000)
  from space 1024K, 64% used [0x00000000d6a80000,0x00000000d6b24020,0x00000000d6b80000)
  to   space 1536K, 0% used [0x00000000d6880000,0x00000000d6880000,0x00000000d6a00000)
 ParOldGen       total 68608K, used 52731K [0x0000000080000000, 0x0000000084300000, 0x00000000d5580000)
  object space 68608K, 76% used [0x0000000080000000,0x000000008337ed68,0x0000000084300000)
 Metaspace       used 53296K, committed 54656K, reserved 1114112K
  class space    used 5809K, committed 6400K, reserved 1048576K
}
Event: 8.779 GC heap before
{Heap before GC invocations=41 (full 2):
 PSYoungGen      total 19456K, used 19088K [0x00000000d5580000, 0x00000000d6b80000, 0x0000000100000000)
  eden space 18432K, 100% used [0x00000000d5580000,0x00000000d6780000,0x00000000d6780000)
  from space 1024K, 64% used [0x00000000d6a80000,0x00000000d6b24020,0x00000000d6b80000)
  to   space 1536K, 0% used [0x00000000d6880000,0x00000000d6880000,0x00000000d6a00000)
 ParOldGen       total 68608K, used 52731K [0x0000000080000000, 0x0000000084300000, 0x00000000d5580000)
  object space 68608K, 76% used [0x0000000080000000,0x000000008337ed68,0x0000000084300000)
 Metaspace       used 54807K, committed 56128K, reserved 1114112K
  class space    used 5947K, committed 6528K, reserved 1048576K
}
Event: 8.780 GC heap after
{Heap after GC invocations=41 (full 2):
 PSYoungGen      total 19968K, used 1053K [0x00000000d5580000, 0x00000000d6b00000, 0x0000000100000000)
  eden space 18432K, 0% used [0x00000000d5580000,0x00000000d5580000,0x00000000d6780000)
  from space 1536K, 68% used [0x00000000d6880000,0x00000000d69876d0,0x00000000d6a00000)
  to   space 1024K, 0% used [0x00000000d6a00000,0x00000000d6a00000,0x00000000d6b00000)
 ParOldGen       total 68608K, used 53168K [0x0000000080000000, 0x0000000084300000, 0x00000000d5580000)
  object space 68608K, 77% used [0x0000000080000000,0x00000000833ec150,0x0000000084300000)
 Metaspace       used 54807K, committed 56128K, reserved 1114112K
  class space    used 5947K, committed 6528K, reserved 1048576K
}
Event: 8.905 GC heap before
{Heap before GC invocations=42 (full 2):
 PSYoungGen      total 19968K, used 19459K [0x00000000d5580000, 0x00000000d6b00000, 0x0000000100000000)
  eden space 18432K, 99% used [0x00000000d5580000,0x00000000d6779718,0x00000000d6780000)
  from space 1536K, 68% used [0x00000000d6880000,0x00000000d69876d0,0x00000000d6a00000)
  to   space 1024K, 0% used [0x00000000d6a00000,0x00000000d6a00000,0x00000000d6b00000)
 ParOldGen       total 68608K, used 53168K [0x0000000080000000, 0x0000000084300000, 0x00000000d5580000)
  object space 68608K, 77% used [0x0000000080000000,0x00000000833ec150,0x0000000084300000)
 Metaspace       used 55941K, committed 57344K, reserved 1114112K
  class space    used 6050K, committed 6656K, reserved 1048576K
}
Event: 8.907 GC heap after
{Heap after GC invocations=42 (full 2):
 PSYoungGen      total 16384K, used 1014K [0x00000000d5580000, 0x00000000d7280000, 0x0000000100000000)
  eden space 15360K, 0% used [0x00000000d5580000,0x00000000d5580000,0x00000000d6480000)
  from space 1024K, 99% used [0x00000000d6a00000,0x00000000d6afd908,0x00000000d6b00000)
  to   space 5632K, 0% used [0x00000000d6480000,0x00000000d6480000,0x00000000d6a00000)
 ParOldGen       total 68608K, used 56900K [0x0000000080000000, 0x0000000084300000, 0x00000000d5580000)
  object space 68608K, 82% used [0x0000000080000000,0x0000000083791320,0x0000000084300000)
 Metaspace       used 55941K, committed 57344K, reserved 1114112K
  class space    used 6050K, committed 6656K, reserved 1048576K
}
Event: 8.956 GC heap before
{Heap before GC invocations=43 (full 2):
 PSYoungGen      total 16384K, used 16374K [0x00000000d5580000, 0x00000000d7280000, 0x0000000100000000)
  eden space 15360K, 99% used [0x00000000d5580000,0x00000000d647ffb0,0x00000000d6480000)
  from space 1024K, 99% used [0x00000000d6a00000,0x00000000d6afd908,0x00000000d6b00000)
  to   space 5632K, 0% used [0x00000000d6480000,0x00000000d6480000,0x00000000d6a00000)
 ParOldGen       total 68608K, used 56900K [0x0000000080000000, 0x0000000084300000, 0x00000000d5580000)
  object space 68608K, 82% used [0x0000000080000000,0x0000000083791320,0x0000000084300000)
 Metaspace       used 56350K, committed 57728K, reserved 1114112K
  class space    used 6085K, committed 6656K, reserved 1048576K
}
Event: 8.958 GC heap after
{Heap after GC invocations=43 (full 2):
 PSYoungGen      total 17408K, used 1950K [0x00000000d5580000, 0x00000000d6a80000, 0x0000000100000000)
  eden space 15360K, 0% used [0x00000000d5580000,0x00000000d5580000,0x00000000d6480000)
  from space 2048K, 95% used [0x00000000d6480000,0x00000000d66678d0,0x00000000d6680000)
  to   space 3072K, 0% used [0x00000000d6780000,0x00000000d6780000,0x00000000d6a80000)
 ParOldGen       total 68608K, used 57917K [0x0000000080000000, 0x0000000084300000, 0x00000000d5580000)
  object space 68608K, 84% used [0x0000000080000000,0x000000008388f660,0x0000000084300000)
 Metaspace       used 56350K, committed 57728K, reserved 1114112K
  class space    used 6085K, committed 6656K, reserved 1048576K
}
Event: 9.003 GC heap before
{Heap before GC invocations=44 (full 2):
 PSYoungGen      total 17408K, used 17310K [0x00000000d5580000, 0x00000000d6a80000, 0x0000000100000000)
  eden space 15360K, 100% used [0x00000000d5580000,0x00000000d6480000,0x00000000d6480000)
  from space 2048K, 95% used [0x00000000d6480000,0x00000000d66678d0,0x00000000d6680000)
  to   space 3072K, 0% used [0x00000000d6780000,0x00000000d6780000,0x00000000d6a80000)
 ParOldGen       total 68608K, used 57917K [0x0000000080000000, 0x0000000084300000, 0x00000000d5580000)
  object space 68608K, 84% used [0x0000000080000000,0x000000008388f660,0x0000000084300000)
 Metaspace       used 56718K, committed 58112K, reserved 1114112K
  class space    used 6121K, committed 6720K, reserved 1048576K
}
Event: 9.006 GC heap after
{Heap after GC invocations=44 (full 2):
 PSYoungGen      total 16384K, used 937K [0x00000000d5580000, 0x00000000d6880000, 0x0000000100000000)
  eden space 15360K, 0% used [0x00000000d5580000,0x00000000d5580000,0x00000000d6480000)
  from space 1024K, 91% used [0x00000000d6780000,0x00000000d686a7b0,0x00000000d6880000)
  to   space 1536K, 0% used [0x00000000d6580000,0x00000000d6580000,0x00000000d6700000)
 ParOldGen       total 68608K, used 58716K [0x0000000080000000, 0x0000000084300000, 0x00000000d5580000)
  object space 68608K, 85% used [0x0000000080000000,0x0000000083957200,0x0000000084300000)
 Metaspace       used 56718K, committed 58112K, reserved 1114112K
  class space    used 6121K, committed 6720K, reserved 1048576K
}
Event: 9.091 GC heap before
{Heap before GC invocations=45 (full 2):
 PSYoungGen      total 16384K, used 16297K [0x00000000d5580000, 0x00000000d6880000, 0x0000000100000000)
  eden space 15360K, 100% used [0x00000000d5580000,0x00000000d6480000,0x00000000d6480000)
  from space 1024K, 91% used [0x00000000d6780000,0x00000000d686a7b0,0x00000000d6880000)
  to   space 1536K, 0% used [0x00000000d6580000,0x00000000d6580000,0x00000000d6700000)
 ParOldGen       total 68608K, used 58716K [0x0000000080000000, 0x0000000084300000, 0x00000000d5580000)
  object space 68608K, 85% used [0x0000000080000000,0x0000000083957200,0x0000000084300000)
 Metaspace       used 57676K, committed 59136K, reserved 1114112K
  class space    used 6209K, committed 6848K, reserved 1048576K
}
Event: 9.092 GC heap after
{Heap after GC invocations=45 (full 2):
 PSYoungGen      total 16896K, used 240K [0x00000000d5580000, 0x00000000d6800000, 0x0000000100000000)
  eden space 15360K, 0% used [0x00000000d5580000,0x00000000d5580000,0x00000000d6480000)
  from space 1536K, 15% used [0x00000000d6580000,0x00000000d65bc010,0x00000000d6700000)
  to   space 1024K, 0% used [0x00000000d6700000,0x00000000d6700000,0x00000000d6800000)
 ParOldGen       total 68608K, used 58772K [0x0000000080000000, 0x0000000084300000, 0x00000000d5580000)
  object space 68608K, 85% used [0x0000000080000000,0x0000000083965200,0x0000000084300000)
 Metaspace       used 57676K, committed 59136K, reserved 1114112K
  class space    used 6209K, committed 6848K, reserved 1048576K
}

Dll operation events (10 events):
Event: 0.013 Loaded shared library c:\Users\hiwet\.vscode\extensions\redhat.java-1.46.0-win32-x64\jre\21.0.8-win32-x86_64\bin\java.dll
Event: 0.115 Loaded shared library c:\Users\hiwet\.vscode\extensions\redhat.java-1.46.0-win32-x64\jre\21.0.8-win32-x86_64\bin\zip.dll
Event: 0.135 Loaded shared library C:\Users\hiwet\.vscode\extensions\redhat.java-1.46.0-win32-x64\jre\21.0.8-win32-x86_64\bin\instrument.dll
Event: 0.139 Loaded shared library C:\Users\hiwet\.vscode\extensions\redhat.java-1.46.0-win32-x64\jre\21.0.8-win32-x86_64\bin\net.dll
Event: 0.140 Loaded shared library C:\Users\hiwet\.vscode\extensions\redhat.java-1.46.0-win32-x64\jre\21.0.8-win32-x86_64\bin\nio.dll
Event: 0.143 Loaded shared library C:\Users\hiwet\.vscode\extensions\redhat.java-1.46.0-win32-x64\jre\21.0.8-win32-x86_64\bin\zip.dll
Event: 0.158 Loaded shared library C:\Users\hiwet\.vscode\extensions\redhat.java-1.46.0-win32-x64\jre\21.0.8-win32-x86_64\bin\jimage.dll
Event: 0.217 Loaded shared library c:\Users\hiwet\.vscode\extensions\redhat.java-1.46.0-win32-x64\jre\21.0.8-win32-x86_64\bin\verify.dll
Event: 1.109 Loaded shared library C:\Users\hiwet\AppData\Roaming\Code\User\globalStorage\redhat.java\1.46.0\config_win\org.eclipse.equinox.launcher\org.eclipse.equinox.launcher.win32.win32.x86_64_1.2.1400.v20250801-0854\eclipse_11916.dll
Event: 2.505 Loaded shared library C:\Users\hiwet\AppData\Local\Temp\jna-99291845\jna2139908337942823478.dll

Deoptimization events (20 events):
Event: 8.984 Thread 0x00000207655656f0 DEOPT PACKING pc=0x000002074b7c1533 sp=0x0000009e277fa310
Event: 8.984 Thread 0x00000207655656f0 DEOPT UNPACKING pc=0x00000207525578e2 sp=0x0000009e277f9840 mode 0
Event: 8.989 Thread 0x00000207655656f0 DEOPT PACKING pc=0x000002074b7c1533 sp=0x0000009e277fa310
Event: 8.989 Thread 0x00000207655656f0 DEOPT UNPACKING pc=0x00000207525578e2 sp=0x0000009e277f9840 mode 0
Event: 8.997 Thread 0x00000207655656f0 DEOPT PACKING pc=0x000002074b7c1533 sp=0x0000009e277fa310
Event: 8.997 Thread 0x00000207655656f0 DEOPT UNPACKING pc=0x00000207525578e2 sp=0x0000009e277f9840 mode 0
Event: 9.002 Thread 0x00000207655656f0 DEOPT PACKING pc=0x000002074b7c1533 sp=0x0000009e277fa310
Event: 9.002 Thread 0x00000207655656f0 DEOPT UNPACKING pc=0x00000207525578e2 sp=0x0000009e277f9840 mode 0
Event: 9.009 Thread 0x00000207655656f0 DEOPT PACKING pc=0x000002074b7c1533 sp=0x0000009e277fa310
Event: 9.009 Thread 0x00000207655656f0 DEOPT UNPACKING pc=0x00000207525578e2 sp=0x0000009e277f9840 mode 0
Event: 9.015 Thread 0x00000207655656f0 DEOPT PACKING pc=0x000002074b7c1533 sp=0x0000009e277fa310
Event: 9.015 Thread 0x00000207655656f0 DEOPT UNPACKING pc=0x00000207525578e2 sp=0x0000009e277f9840 mode 0
Event: 9.018 Thread 0x00000207655656f0 DEOPT PACKING pc=0x000002074b7c1533 sp=0x0000009e277fa310
Event: 9.018 Thread 0x00000207655656f0 DEOPT UNPACKING pc=0x00000207525578e2 sp=0x0000009e277f9840 mode 0
Event: 9.023 Thread 0x0000020760a083f0 Uncommon trap: trap_request=0xffffff45 fr.pc=0x0000020752e00f14 relative=0x0000000000001a74
Event: 9.023 Thread 0x0000020760a083f0 Uncommon trap: reason=unstable_if action=reinterpret pc=0x0000020752e00f14 method=org.eclipse.core.runtime.Path.computeSegmentCount(Ljava/lang/String;)I @ 78 c2
Event: 9.023 Thread 0x0000020760a083f0 DEOPT PACKING pc=0x0000020752e00f14 sp=0x0000009e296fe6d0
Event: 9.023 Thread 0x0000020760a083f0 DEOPT UNPACKING pc=0x0000020752556da2 sp=0x0000009e296fe618 mode 2
Event: 9.032 Thread 0x00000207655656f0 DEOPT PACKING pc=0x000002074b7c1533 sp=0x0000009e277fa310
Event: 9.032 Thread 0x00000207655656f0 DEOPT UNPACKING pc=0x00000207525578e2 sp=0x0000009e277f9840 mode 0

Classes loaded (20 events):
Event: 8.249 Loading class java/util/concurrent/ForkJoinTask$AdaptedCallable
Event: 8.249 Loading class java/util/concurrent/ForkJoinTask$AdaptedCallable done
Event: 8.264 Loading class java/util/ImmutableCollections$SubList
Event: 8.264 Loading class java/util/ImmutableCollections$SubList done
Event: 8.448 Loading class java/util/Vector$1
Event: 8.448 Loading class java/util/Vector$1 done
Event: 8.711 Loading class java/util/regex/Pattern$Caret
Event: 8.711 Loading class java/util/regex/Pattern$Caret done
Event: 8.766 Loading class java/util/Hashtable$ValueCollection
Event: 8.767 Loading class java/util/Hashtable$ValueCollection done
Event: 8.864 Loading class java/nio/charset/CharacterCodingException
Event: 8.864 Loading class java/nio/charset/CharacterCodingException done
Event: 8.864 Loading class java/io/SequenceInputStream
Event: 8.864 Loading class java/io/SequenceInputStream done
Event: 8.904 Loading class java/util/concurrent/CompletableFuture$UniApply
Event: 8.904 Loading class java/util/concurrent/CompletableFuture$UniApply done
Event: 8.904 Loading class java/util/concurrent/CompletableFuture$UniExceptionally
Event: 8.904 Loading class java/util/concurrent/CompletableFuture$UniExceptionally done
Event: 9.046 Loading class java/util/Hashtable$KeySet
Event: 9.047 Loading class java/util/Hashtable$KeySet done

Classes unloaded (7 events):
Event: 3.214 Thread 0x0000020747e7efd0 Unloading class 0x00000207011acc00 'java/lang/invoke/LambdaForm$MH+0x00000207011acc00'
Event: 3.214 Thread 0x0000020747e7efd0 Unloading class 0x00000207011ac800 'java/lang/invoke/LambdaForm$MH+0x00000207011ac800'
Event: 3.214 Thread 0x0000020747e7efd0 Unloading class 0x00000207011ac400 'java/lang/invoke/LambdaForm$MH+0x00000207011ac400'
Event: 3.214 Thread 0x0000020747e7efd0 Unloading class 0x00000207011ac000 'java/lang/invoke/LambdaForm$MH+0x00000207011ac000'
Event: 3.214 Thread 0x0000020747e7efd0 Unloading class 0x00000207011abc00 'java/lang/invoke/LambdaForm$BMH+0x00000207011abc00'
Event: 3.214 Thread 0x0000020747e7efd0 Unloading class 0x00000207011ab800 'java/lang/invoke/LambdaForm$DMH+0x00000207011ab800'
Event: 3.214 Thread 0x0000020747e7efd0 Unloading class 0x00000207011aa400 'java/lang/invoke/LambdaForm$DMH+0x00000207011aa400'

Classes redefined (0 events):
No events

Internal exceptions (20 events):
Event: 8.852 Thread 0x0000020760a0ab50 Exception <a 'sun/nio/fs/WindowsException'{0x00000000d61787f0}> (0x00000000d61787f0) 
thrown [s\src\hotspot\share\prims\jni.cpp, line 520]
Event: 8.854 Thread 0x0000020760a097a0 Exception <a 'sun/nio/fs/WindowsException'{0x00000000d61928e8}> (0x00000000d61928e8) 
thrown [s\src\hotspot\share\prims\jni.cpp, line 520]
Event: 8.877 Thread 0x00000207679184b0 Exception <a 'java/io/FileNotFoundException'{0x00000000d645e3e8}> (0x00000000d645e3e8) 
thrown [s\src\hotspot\share\prims\jni.cpp, line 520]
Event: 8.878 Thread 0x00000207679184b0 Exception <a 'java/io/FileNotFoundException'{0x00000000d645f400}> (0x00000000d645f400) 
thrown [s\src\hotspot\share\prims\jni.cpp, line 520]
Event: 8.891 Thread 0x00000207679184b0 Exception <a 'sun/nio/fs/WindowsException'{0x00000000d65789d0}> (0x00000000d65789d0) 
thrown [s\src\hotspot\share\prims\jni.cpp, line 520]
Event: 8.891 Thread 0x00000207679184b0 Exception <a 'sun/nio/fs/WindowsException'{0x00000000d65791c0}> (0x00000000d65791c0) 
thrown [s\src\hotspot\share\prims\jni.cpp, line 520]
Event: 8.892 Thread 0x00000207679184b0 Exception <a 'sun/nio/fs/WindowsException'{0x00000000d657c708}> (0x00000000d657c708) 
thrown [s\src\hotspot\share\prims\jni.cpp, line 520]
Event: 8.892 Thread 0x00000207679184b0 Exception <a 'sun/nio/fs/WindowsException'{0x00000000d657cef8}> (0x00000000d657cef8) 
thrown [s\src\hotspot\share\prims\jni.cpp, line 520]
Event: 8.893 Thread 0x00000207679184b0 Exception <a 'sun/nio/fs/WindowsException'{0x00000000d657e3a0}> (0x00000000d657e3a0) 
thrown [s\src\hotspot\share\prims\jni.cpp, line 520]
Event: 8.893 Thread 0x00000207679184b0 Exception <a 'sun/nio/fs/WindowsException'{0x00000000d657ec80}> (0x00000000d657ec80) 
thrown [s\src\hotspot\share\prims\jni.cpp, line 520]
Event: 8.894 Thread 0x00000207679184b0 Exception <a 'sun/nio/fs/WindowsException'{0x00000000d657feb0}> (0x00000000d657feb0) 
thrown [s\src\hotspot\share\prims\jni.cpp, line 520]
Event: 8.894 Thread 0x00000207679184b0 Exception <a 'sun/nio/fs/WindowsException'{0x00000000d6580790}> (0x00000000d6580790) 
thrown [s\src\hotspot\share\prims\jni.cpp, line 520]
Event: 8.895 Thread 0x00000207679184b0 Exception <a 'sun/nio/fs/WindowsException'{0x00000000d6581a18}> (0x00000000d6581a18) 
thrown [s\src\hotspot\share\prims\jni.cpp, line 520]
Event: 8.896 Thread 0x00000207679184b0 Exception <a 'sun/nio/fs/WindowsException'{0x00000000d6582130}> (0x00000000d6582130) 
thrown [s\src\hotspot\share\prims\jni.cpp, line 520]
Event: 8.896 Thread 0x00000207679184b0 Exception <a 'sun/nio/fs/WindowsException'{0x00000000d6582f90}> (0x00000000d6582f90) 
thrown [s\src\hotspot\share\prims\jni.cpp, line 520]
Event: 8.896 Thread 0x00000207679184b0 Exception <a 'sun/nio/fs/WindowsException'{0x00000000d65836a8}> (0x00000000d65836a8) 
thrown [s\src\hotspot\share\prims\jni.cpp, line 520]
Event: 8.901 Thread 0x00000207679184b0 Exception <a 'java/lang/IncompatibleClassChangeError'{0x00000000d669a9a0}: Found class java.lang.Object, but interface was expected> (0x00000000d669a9a0) 
thrown [s\src\hotspot\share\interpreter\linkResolver.cpp, line 840]
Event: 8.921 Thread 0x00000207679184b0 Exception <a 'java/lang/IncompatibleClassChangeError'{0x00000000d598fd88}: Found class java.lang.Object, but interface was expected> (0x00000000d598fd88) 
thrown [s\src\hotspot\share\interpreter\linkResolver.cpp, line 840]
Event: 9.002 Thread 0x00000207679184b0 Exception <a 'java/lang/IncompatibleClassChangeError'{0x00000000d636a620}: Found class java.lang.Object, but interface was expected> (0x00000000d636a620) 
thrown [s\src\hotspot\share\interpreter\linkResolver.cpp, line 840]
Event: 9.003 Thread 0x00000207679184b0 Exception <a 'java/lang/IncompatibleClassChangeError'{0x00000000d6372300}: Found class java.lang.Object, but interface was expected> (0x00000000d6372300) 
thrown [s\src\hotspot\share\interpreter\linkResolver.cpp, line 840]

ZGC Phase Switch (0 events):
No events

VM Operations (20 events):
Event: 8.108 Executing VM operation: HandshakeAllThreads (Deoptimize)
Event: 8.108 Executing VM operation: HandshakeAllThreads (Deoptimize) done
Event: 8.202 Executing VM operation: ParallelGCFailedAllocation (Allocation Failure)
Event: 8.205 Executing VM operation: ParallelGCFailedAllocation (Allocation Failure) done
Event: 8.321 Executing VM operation: HandshakeAllThreads (Deoptimize)
Event: 8.322 Executing VM operation: HandshakeAllThreads (Deoptimize) done
Event: 8.324 Executing VM operation: HandshakeAllThreads (Deoptimize)
Event: 8.324 Executing VM operation: HandshakeAllThreads (Deoptimize) done
Event: 8.543 Executing VM operation: ParallelGCFailedAllocation (Allocation Failure)
Event: 8.545 Executing VM operation: ParallelGCFailedAllocation (Allocation Failure) done
Event: 8.779 Executing VM operation: ParallelGCFailedAllocation (Allocation Failure)
Event: 8.780 Executing VM operation: ParallelGCFailedAllocation (Allocation Failure) done
Event: 8.904 Executing VM operation: ParallelGCFailedAllocation (Allocation Failure)
Event: 8.907 Executing VM operation: ParallelGCFailedAllocation (Allocation Failure) done
Event: 8.956 Executing VM operation: ParallelGCFailedAllocation (Allocation Failure)
Event: 8.958 Executing VM operation: ParallelGCFailedAllocation (Allocation Failure) done
Event: 9.003 Executing VM operation: ParallelGCFailedAllocation (Allocation Failure)
Event: 9.006 Executing VM operation: ParallelGCFailedAllocation (Allocation Failure) done
Event: 9.091 Executing VM operation: ParallelGCFailedAllocation (Allocation Failure)
Event: 9.092 Executing VM operation: ParallelGCFailedAllocation (Allocation Failure) done

Memory protections (0 events):
No events

Nmethod flushes (20 events):
Event: 4.519 Thread 0x0000020747e7efd0 flushing  nmethod 0x000002074b5eb290
Event: 4.519 Thread 0x0000020747e7efd0 flushing  nmethod 0x000002074b5ebb90
Event: 4.519 Thread 0x0000020747e7efd0 flushing  nmethod 0x000002074b5ecd90
Event: 4.519 Thread 0x0000020747e7efd0 flushing  nmethod 0x000002074b5ee610
Event: 4.519 Thread 0x0000020747e7efd0 flushing  nmethod 0x000002074b5eed90
Event: 4.519 Thread 0x0000020747e7efd0 flushing  nmethod 0x000002074b5ef710
Event: 4.519 Thread 0x0000020747e7efd0 flushing  nmethod 0x000002074b5efc10
Event: 4.519 Thread 0x0000020747e7efd0 flushing  nmethod 0x000002074b5f0110
Event: 4.519 Thread 0x0000020747e7efd0 flushing  nmethod 0x000002074b5f1090
Event: 4.519 Thread 0x0000020747e7efd0 flushing  nmethod 0x000002074b5f1910
Event: 4.519 Thread 0x0000020747e7efd0 flushing  nmethod 0x000002074b5f3890
Event: 4.519 Thread 0x0000020747e7efd0 flushing  nmethod 0x000002074b5ff310
Event: 4.519 Thread 0x0000020747e7efd0 flushing  nmethod 0x000002074b612990
Event: 4.519 Thread 0x0000020747e7efd0 flushing  nmethod 0x000002074b62fb10
Event: 4.519 Thread 0x0000020747e7efd0 flushing  nmethod 0x000002074b633010
Event: 4.519 Thread 0x0000020747e7efd0 flushing  nmethod 0x000002074b63aa90
Event: 4.519 Thread 0x0000020747e7efd0 flushing  nmethod 0x000002074b6d3410
Event: 4.519 Thread 0x0000020747e7efd0 flushing  nmethod 0x000002074b6ef990
Event: 4.519 Thread 0x0000020747e7efd0 flushing  nmethod 0x000002074b6f4c10
Event: 4.519 Thread 0x0000020747e7efd0 flushing  nmethod 0x000002074b70ab90

Events (20 events):
Event: 4.675 Thread 0x0000020745af9fa0 Thread added: 0x000002076791ac10
Event: 4.676 Thread 0x0000020745af9fa0 Thread added: 0x00000207679184b0
Event: 7.942 Thread 0x0000020765564340 Thread added: 0x00000207679191d0
Event: 8.070 Thread 0x00000207679191d0 Thread added: 0x0000020767918b40
Event: 8.070 Thread 0x0000020767918b40 Thread added: 0x0000020767919860
Event: 8.250 Thread 0x00000207655656f0 Thread added: 0x000002076791a580
Event: 8.251 Thread 0x000002076791a580 Thread added: 0x000002076791b2a0
Event: 8.252 Thread 0x000002076791a580 Thread added: 0x0000020760a09110
Event: 8.253 Thread 0x000002076791b2a0 Thread added: 0x0000020760a08a80
Event: 8.314 Thread 0x00000207655656f0 Thread added: 0x0000020760a07040
Event: 8.315 Thread 0x00000207655656f0 Thread added: 0x0000020760a09e30
Event: 8.315 Thread 0x00000207655656f0 Thread added: 0x0000020760a069b0
Event: 8.315 Thread 0x0000020760a07040 Thread added: 0x0000020760a097a0
Event: 8.315 Thread 0x0000020760a09e30 Thread added: 0x0000020760a0a4c0
Event: 8.315 Thread 0x0000020760a097a0 Thread added: 0x0000020760a0ab50
Event: 8.904 Thread 0x00000207679184b0 Thread added: 0x0000020760a076d0
Event: 9.001 Thread 0x00000207679184b0 Thread added: 0x0000020760a07d60
Event: 9.002 Thread 0x00000207679184b0 Thread added: 0x0000020760a0b1e0
Event: 9.007 Thread 0x00000207679184b0 Thread added: 0x0000020760a0b870
Event: 9.007 Thread 0x0000020760a0b870 Thread added: 0x0000020760a083f0


Dynamic libraries:
0x00007ff610e60000 - 0x00007ff610e6e000 	c:\Users\hiwet\.vscode\extensions\redhat.java-1.46.0-win32-x64\jre\21.0.8-win32-x86_64\bin\java.exe
0x00007ff842ce0000 - 0x00007ff842f48000 	C:\WINDOWS\SYSTEM32\ntdll.dll
0x00007ff8419e0000 - 0x00007ff841aa9000 	C:\WINDOWS\System32\KERNEL32.DLL
0x00007ff83fe70000 - 0x00007ff840262000 	C:\WINDOWS\System32\KERNELBASE.dll
0x00007ff840270000 - 0x00007ff8403bb000 	C:\WINDOWS\System32\ucrtbase.dll
0x00007ff819520000 - 0x00007ff819538000 	c:\Users\hiwet\.vscode\extensions\redhat.java-1.46.0-win32-x64\jre\21.0.8-win32-x86_64\bin\jli.dll
0x00007ff840e70000 - 0x00007ff841035000 	C:\WINDOWS\System32\USER32.dll
0x00007ff8409f0000 - 0x00007ff840a17000 	C:\WINDOWS\System32\win32u.dll
0x00007ff841240000 - 0x00007ff84126b000 	C:\WINDOWS\System32\GDI32.dll
0x00007ff8408c0000 - 0x00007ff8409ed000 	C:\WINDOWS\System32\gdi32full.dll
0x00007ff8403c0000 - 0x00007ff840463000 	C:\WINDOWS\System32\msvcp_win.dll
0x00007ff81b040000 - 0x00007ff81b05e000 	c:\Users\hiwet\.vscode\extensions\redhat.java-1.46.0-win32-x64\jre\21.0.8-win32-x86_64\bin\VCRUNTIME140.dll
0x00007ff820160000 - 0x00007ff8203f3000 	C:\WINDOWS\WinSxS\amd64_microsoft.windows.common-controls_6595b64144ccf1df_6.0.26100.6899_none_3e0efeeae32e88c1\COMCTL32.dll
0x00007ff841040000 - 0x00007ff8410e9000 	C:\WINDOWS\System32\msvcrt.dll
0x00007ff842b10000 - 0x00007ff842b3f000 	C:\WINDOWS\System32\IMM32.DLL
0x00007ff81bda0000 - 0x00007ff81bdac000 	c:\Users\hiwet\.vscode\extensions\redhat.java-1.46.0-win32-x64\jre\21.0.8-win32-x86_64\bin\vcruntime140_1.dll
0x00007ff817760000 - 0x00007ff8177ed000 	c:\Users\hiwet\.vscode\extensions\redhat.java-1.46.0-win32-x64\jre\21.0.8-win32-x86_64\bin\msvcp140.dll
0x00007fffda7f0000 - 0x00007fffdb587000 	c:\Users\hiwet\.vscode\extensions\redhat.java-1.46.0-win32-x64\jre\21.0.8-win32-x86_64\bin\server\jvm.dll
0x00007ff840db0000 - 0x00007ff840e64000 	C:\WINDOWS\System32\ADVAPI32.dll
0x00007ff842a50000 - 0x00007ff842af6000 	C:\WINDOWS\System32\sechost.dll
0x00007ff842930000 - 0x00007ff842a48000 	C:\WINDOWS\System32\RPCRT4.dll
0x00007ff8414d0000 - 0x00007ff841544000 	C:\WINDOWS\System32\WS2_32.dll
0x00007ff83fcd0000 - 0x00007ff83fd2e000 	C:\WINDOWS\SYSTEM32\POWRPROF.dll
0x00007ff834900000 - 0x00007ff834935000 	C:\WINDOWS\SYSTEM32\WINMM.dll
0x00007ff82d8f0000 - 0x00007ff82d8fb000 	C:\WINDOWS\SYSTEM32\VERSION.dll
0x00007ff83fcb0000 - 0x00007ff83fcc4000 	C:\WINDOWS\SYSTEM32\UMPDC.dll
0x00007ff83ec40000 - 0x00007ff83ec5b000 	C:\WINDOWS\SYSTEM32\kernel.appcore.dll
0x00007ff81b290000 - 0x00007ff81b29a000 	c:\Users\hiwet\.vscode\extensions\redhat.java-1.46.0-win32-x64\jre\21.0.8-win32-x86_64\bin\jimage.dll
0x00007ff83d740000 - 0x00007ff83d982000 	C:\WINDOWS\SYSTEM32\DBGHELP.DLL
0x00007ff841e60000 - 0x00007ff8421db000 	C:\WINDOWS\System32\combase.dll
0x00007ff840ab0000 - 0x00007ff840b87000 	C:\WINDOWS\System32\OLEAUT32.dll
0x00007ff81ac30000 - 0x00007ff81ac6c000 	C:\WINDOWS\SYSTEM32\dbgcore.DLL
0x00007ff8406b0000 - 0x00007ff840748000 	C:\WINDOWS\System32\bcryptPrimitives.dll
0x00007ff81b2f0000 - 0x00007ff81b2ff000 	c:\Users\hiwet\.vscode\extensions\redhat.java-1.46.0-win32-x64\jre\21.0.8-win32-x86_64\bin\instrument.dll
0x00007ff819440000 - 0x00007ff81945f000 	c:\Users\hiwet\.vscode\extensions\redhat.java-1.46.0-win32-x64\jre\21.0.8-win32-x86_64\bin\java.dll
0x00007ff8421e0000 - 0x00007ff84292d000 	C:\WINDOWS\System32\SHELL32.dll
0x00007ff840750000 - 0x00007ff8408bb000 	C:\WINDOWS\System32\wintypes.dll
0x00007ff83da90000 - 0x00007ff83e2ed000 	C:\WINDOWS\SYSTEM32\windows.storage.dll
0x00007ff842ba0000 - 0x00007ff842c92000 	C:\WINDOWS\System32\SHCORE.dll
0x00007ff841460000 - 0x00007ff8414c2000 	C:\WINDOWS\System32\shlwapi.dll
0x00007ff83fd90000 - 0x00007ff83fdb9000 	C:\WINDOWS\SYSTEM32\profapi.dll
0x00007ff819320000 - 0x00007ff819338000 	c:\Users\hiwet\.vscode\extensions\redhat.java-1.46.0-win32-x64\jre\21.0.8-win32-x86_64\bin\zip.dll
0x00007ff819510000 - 0x00007ff819520000 	C:\Users\hiwet\.vscode\extensions\redhat.java-1.46.0-win32-x64\jre\21.0.8-win32-x86_64\bin\net.dll
0x00007ff82f220000 - 0x00007ff82f33f000 	C:\WINDOWS\SYSTEM32\WINHTTP.dll
0x00007ff83f1b0000 - 0x00007ff83f21b000 	C:\WINDOWS\system32\mswsock.dll
0x00007ff818210000 - 0x00007ff818226000 	C:\Users\hiwet\.vscode\extensions\redhat.java-1.46.0-win32-x64\jre\21.0.8-win32-x86_64\bin\nio.dll
0x00007ff827cc0000 - 0x00007ff827cd0000 	c:\Users\hiwet\.vscode\extensions\redhat.java-1.46.0-win32-x64\jre\21.0.8-win32-x86_64\bin\verify.dll
0x00007ff8109c0000 - 0x00007ff810a04000 	C:\Users\hiwet\AppData\Roaming\Code\User\globalStorage\redhat.java\1.46.0\config_win\org.eclipse.equinox.launcher\org.eclipse.equinox.launcher.win32.win32.x86_64_1.2.1400.v20250801-0854\eclipse_11916.dll
0x00007ff840b90000 - 0x00007ff840d28000 	C:\WINDOWS\System32\ole32.dll
0x00007ff83f460000 - 0x00007ff83f47b000 	C:\WINDOWS\SYSTEM32\CRYPTSP.dll
0x00007ff83eba0000 - 0x00007ff83ebdb000 	C:\WINDOWS\system32\rsaenh.dll
0x00007ff83f250000 - 0x00007ff83f27b000 	C:\WINDOWS\SYSTEM32\USERENV.dll
0x00007ff83fd60000 - 0x00007ff83fd86000 	C:\WINDOWS\SYSTEM32\bcrypt.dll
0x00007ff83f480000 - 0x00007ff83f48c000 	C:\WINDOWS\SYSTEM32\CRYPTBASE.dll
0x00007ff83e670000 - 0x00007ff83e6a4000 	C:\WINDOWS\SYSTEM32\IPHLPAPI.DLL
0x00007ff842b80000 - 0x00007ff842b8a000 	C:\WINDOWS\System32\NSI.dll
0x00007ff810890000 - 0x00007ff8108d9000 	C:\Users\hiwet\AppData\Local\Temp\jna-99291845\jna2139908337942823478.dll
0x00007ff842b00000 - 0x00007ff842b08000 	C:\WINDOWS\System32\PSAPI.DLL
0x00007ff8365d0000 - 0x00007ff8365ee000 	C:\WINDOWS\SYSTEM32\dhcpcsvc6.DLL
0x00007ff8365a0000 - 0x00007ff8365c3000 	C:\WINDOWS\SYSTEM32\dhcpcsvc.DLL

JVMTI agents:
c:\Users\hiwet\.vscode\extensions\redhat.java-1.46.0-win32-x64\lombok\lombok-1.18.39-4050.jar path:c:\Users\hiwet\.vscode\extensions\redhat.java-1.46.0-win32-x64\jre\21.0.8-win32-x86_64\bin\instrument.dll, loaded, initialized, instrumentlib options:none

dbghelp: loaded successfully - version: 4.0.5 - missing functions: none
symbol engine: initialized successfully - sym options: 0x614 - pdb path: .;c:\Users\hiwet\.vscode\extensions\redhat.java-1.46.0-win32-x64\jre\21.0.8-win32-x86_64\bin;C:\WINDOWS\SYSTEM32;C:\WINDOWS\WinSxS\amd64_microsoft.windows.common-controls_6595b64144ccf1df_6.0.26100.6899_none_3e0efeeae32e88c1;c:\Users\hiwet\.vscode\extensions\redhat.java-1.46.0-win32-x64\jre\21.0.8-win32-x86_64\bin\server;C:\Users\hiwet\AppData\Roaming\Code\User\globalStorage\redhat.java\1.46.0\config_win\org.eclipse.equinox.launcher\org.eclipse.equinox.launcher.win32.win32.x86_64_1.2.1400.v20250801-0854;C:\Users\hiwet\AppData\Local\Temp\jna-99291845

VM Arguments:
jvm_args: --add-modules=ALL-SYSTEM --add-opens=java.base/java.util=ALL-UNNAMED --add-opens=java.base/java.lang=ALL-UNNAMED --add-opens=java.base/sun.nio.fs=ALL-UNNAMED -Declipse.application=org.eclipse.jdt.ls.core.id1 -Dosgi.bundles.defaultStartLevel=4 -Declipse.product=org.eclipse.jdt.ls.core.product -Djava.import.generatesMetadataFilesAtProjectRoot=false -DDetectVMInstallationsJob.disabled=true -Dfile.encoding=utf8 -XX:+UseParallelGC -XX:GCTimeRatio=4 -XX:AdaptiveSizePolicyWeight=90 -Dsun.zip.disableMemoryMapping=true -Xmx2G -Xms100m -Xlog:disable -javaagent:c:\Users\hiwet\.vscode\extensions\redhat.java-1.46.0-win32-x64\lombok\lombok-1.18.39-4050.jar -XX:+HeapDumpOnOutOfMemoryError -XX:HeapDumpPath=c:\Users\hiwet\AppData\Roaming\Code\User\workspaceStorage\70478ad307e794b34d456762fc5b8678\redhat.java -Daether.dependencyCollector.impl=bf 
java_command: c:\Users\hiwet\.vscode\extensions\redhat.java-1.46.0-win32-x64\server\plugins\org.eclipse.equinox.launcher_1.7.0.v20250519-0528.jar -configuration c:\Users\hiwet\AppData\Roaming\Code\User\globalStorage\redhat.java\1.46.0\config_win -data c:\Users\hiwet\AppData\Roaming\Code\User\workspaceStorage\70478ad307e794b34d456762fc5b8678\redhat.java\jdt_ws --pipe=\\.\pipe\lsp-6c113301fc884a9ea788c3db46c88161-sock
java_class_path (initial): c:\Users\hiwet\.vscode\extensions\redhat.java-1.46.0-win32-x64\server\plugins\org.eclipse.equinox.launcher_1.7.0.v20250519-0528.jar
Launcher Type: SUN_STANDARD

[Global flags]
    uintx AdaptiveSizePolicyWeight                 = 90                                        {product} {command line}
     intx CICompilerCount                          = 4                                         {product} {ergonomic}
    uintx GCTimeRatio                              = 4                                         {product} {command line}
     bool HeapDumpOnOutOfMemoryError               = true                                   {manageable} {command line}
    ccstr HeapDumpPath                             = c:\Users\hiwet\AppData\Roaming\Code\User\workspaceStorage\70478ad307e794b34d456762fc5b8678\redhat.java         {manageable} {command line}
   size_t InitialHeapSize                          = 104857600                                 {product} {command line}
   size_t MaxHeapSize                              = 2147483648                                {product} {command line}
   size_t MaxNewSize                               = 715653120                                 {product} {ergonomic}
   size_t MinHeapDeltaBytes                        = 524288                                    {product} {ergonomic}
   size_t MinHeapSize                              = 104857600                                 {product} {command line}
   size_t NewSize                                  = 34603008                                  {product} {ergonomic}
    uintx NonNMethodCodeHeapSize                   = 5839372                                {pd product} {ergonomic}
    uintx NonProfiledCodeHeapSize                  = 122909434                              {pd product} {ergonomic}
   size_t OldSize                                  = 70254592                                  {product} {ergonomic}
    uintx ProfiledCodeHeapSize                     = 122909434                              {pd product} {ergonomic}
    uintx ReservedCodeCacheSize                    = 251658240                              {pd product} {ergonomic}
     bool SegmentedCodeCache                       = true                                      {product} {ergonomic}
   size_t SoftMaxHeapSize                          = 2147483648                             {manageable} {ergonomic}
     bool UseCompressedOops                        = true                           {product lp64_product} {ergonomic}
     bool UseLargePagesIndividualAllocation        = false                                  {pd product} {ergonomic}
     bool UseParallelGC                            = true                                      {product} {command line}

Logging:
Log output configuration:
 #0: stdout all=off uptime,level,tags foldmultilines=false
 #1: stderr all=off uptime,level,tags foldmultilines=false

Environment Variables:
JAVA_HOME=C:\Program Files\Eclipse Adoptium\jdk-17.0.15.6-hotspot\
PATH=C:\Program Files (x86)\Common Files\Oracle\Java\java8path;C:\Program Files (x86)\Common Files\Oracle\Java\javapath;C:\Program Files\Eclipse Adoptium\jdk-17.0.15.6-hotspot\bin;C:\WINDOWS\system32;C:\WINDOWS;C:\WINDOWS\System32\Wbem;C:\WINDOWS\System32\WindowsPowerShell\v1.0\;C:\WINDOWS\System32\OpenSSH\;C:\Program Files (x86)\Microsoft SQL Server\160\Tools\Binn\;C:\Program Files\Microsoft SQL Server\160\Tools\Binn\;C:\Program Files\Microsoft SQL Server\Client SDK\ODBC\170\Tools\Binn\;C:\Program Files\Microsoft SQL Server\160\DTS\Binn\;C:\Program Files\dotnet\;C:\Program Files (x86)\Windows Kits\10\Windows Performance Toolkit\;C:\Program Files\Git\cmd;C:\Users\hiwet\AppData\Local\Programs\Eclipse Adoptium\jdk-21.0.7.6-hotspot\bin;C:\Users\hiwet\OneDrive\Desktop\Python\Scripts\;C:\Users\hiwet\OneDrive\Desktop\Python\;C:\Users\hiwet\AppData\Local\Programs\Python\Launcher\;C:\Users\hiwet\AppData\Local\Microsoft\WindowsApps;C:\Users\hiwet\AppData\Local\Programs\Microsoft VS Code\bin;C:\Users\hiwet\.dotnet\tools;C:\msys64\ucrt64\bin;
USERNAME=hiwet
OS=Windows_NT
PROCESSOR_IDENTIFIER=Intel64 Family 6 Model 140 Stepping 1, GenuineIntel
TMP=C:\Users\hiwet\AppData\Local\Temp
TEMP=C:\Users\hiwet\AppData\Local\Temp




Periodic native trim disabled

---------------  S Y S T E M  ---------------

OS:
 Windows 11 , 64 bit Build 26100 (10.0.26100.6725)
OS uptime: 4 days 3:27 hours
Hyper-V role detected

CPU: total 8 (initial active 8) (4 cores per cpu, 2 threads per core) family 6 model 140 stepping 1 microcode 0xbc, cx8, cmov, fxsr, ht, mmx, 3dnowpref, sse, sse2, sse3, ssse3, sse4.1, sse4.2, popcnt, lzcnt, tsc, tscinvbit, avx, avx2, aes, erms, clmul, bmi1, bmi2, adx, avx512f, avx512dq, avx512cd, avx512bw, avx512vl, sha, fma, vzeroupper, avx512_vpopcntdq, avx512_vpclmulqdq, avx512_vaes, avx512_vnni, clflush, clflushopt, clwb, avx512_vbmi2, avx512_vbmi, hv, rdtscp, rdpid, fsrm, gfni, avx512_bitalg, f16c, cet_ibt, cet_ss, avx512_ifma
Processor Information for the first 8 processors :
  Max Mhz: 2401, Current Mhz: 2401, Mhz Limit: 2401

Memory: 4k page, system-wide physical 11930M (1268M free)
TotalPageFile size 16026M (AvailPageFile size 15M)
current process WorkingSet (physical memory assigned to process): 283M, peak: 283M
current process commit charge ("private bytes"): 361M, peak: 364M

vm_info: OpenJDK 64-Bit Server VM (21.0.8+9-LTS) for windows-amd64 JRE (21.0.8+9-LTS), built on 2025-07-15T00:00:00Z by "admin" with MS VC++ 17.7 (VS2022)

END.
