#
# There is insufficient memory for the Java Runtime Environment to continue.
# Native memory allocation (malloc) failed to allocate 3891552 bytes. Error detail: Chunk::new
# Possible reasons:
#   The system is out of physical RAM or swap space
#   This process is running with CompressedOops enabled, and the Java Heap may be blocking the growth of the native heap
# Possible solutions:
#   Reduce memory load on the system
#   Increase physical memory or swap space
#   Check if swap backing store is full
#   Decrease Java heap size (-Xmx/-Xms)
#   Decrease number of Java threads
#   Decrease Java thread stack sizes (-Xss)
#   Set larger code cache with -XX:ReservedCodeCacheSize=
#   JVM is running with Unscaled Compressed Oops mode in which the Java heap is
#     placed in the first 4GB address space. The Java Heap base address is the
#     maximum limit for the native heap growth. Please use -XX:HeapBaseMinAddress
#     to set the Java Heap base and to place the Java Heap above 4GB virtual address.
# This output file may be truncated or incomplete.
#
#  Out of Memory Error (arena.cpp:168), pid=26336, tid=15484
#
# JRE version: OpenJDK Runtime Environment Temurin-21.0.8+9 (21.0.8+9) (build 21.0.8+9-LTS)
# Java VM: OpenJDK 64-Bit Server VM Temurin-21.0.8+9 (21.0.8+9-LTS, mixed mode, sharing, tiered, compressed oops, compressed class ptrs, parallel gc, windows-amd64)
# No core dump will be written. Minidumps are not enabled by default on client versions of Windows
#

---------------  S U M M A R Y ------------

Command Line: --add-modules=ALL-SYSTEM --add-opens=java.base/java.util=ALL-UNNAMED --add-opens=java.base/java.lang=ALL-UNNAMED --add-opens=java.base/sun.nio.fs=ALL-UNNAMED -Declipse.application=org.eclipse.jdt.ls.core.id1 -Dosgi.bundles.defaultStartLevel=4 -Declipse.product=org.eclipse.jdt.ls.core.product -Djava.import.generatesMetadataFilesAtProjectRoot=false -DDetectVMInstallationsJob.disabled=true -Dfile.encoding=utf8 -XX:+UseParallelGC -XX:GCTimeRatio=4 -XX:AdaptiveSizePolicyWeight=90 -Dsun.zip.disableMemoryMapping=true -Xmx2G -Xms100m -Xlog:disable -javaagent:c:\Users\hiwet\.vscode\extensions\redhat.java-1.46.0-win32-x64\lombok\lombok-1.18.39-4050.jar -XX:+HeapDumpOnOutOfMemoryError -XX:HeapDumpPath=c:\Users\hiwet\AppData\Roaming\Code\User\workspaceStorage\70478ad307e794b34d456762fc5b8678\redhat.java -Daether.dependencyCollector.impl=bf c:\Users\hiwet\.vscode\extensions\redhat.java-1.46.0-win32-x64\server\plugins\org.eclipse.equinox.launcher_1.7.0.v20250519-0528.jar -configuration c:\Users\hiwet\AppData\Roaming\Code\User\globalStorage\redhat.java\1.46.0\config_win -data c:\Users\hiwet\AppData\Roaming\Code\User\workspaceStorage\70478ad307e794b34d456762fc5b8678\redhat.java\jdt_ws --pipe=\\.\pipe\lsp-dda853c2e99a368438205380ef13f55a-sock

Host: 11th Gen Intel(R) Core(TM) i5-1135G7 @ 2.40GHz, 8 cores, 11G,  Windows 11 , 64 bit Build 26100 (10.0.26100.6725)
Time: Mon Oct 27 18:28:20 2025 Eastern Daylight Time elapsed time: 29.303238 seconds (0d 0h 0m 29s)

---------------  T H R E A D  ---------------

Current thread (0x000002c2f871ec40):  JavaThread "C2 CompilerThread0" daemon [_thread_in_native, id=15484, stack(0x000000fcc4f00000,0x000000fcc5000000) (1024K)]


Current CompileTask:
C2:29303 12889       4       org.eclipse.jdt.internal.compiler.lookup.LookupEnvironment::getTypeFromTypeSignature (770 bytes)

Stack: [0x000000fcc4f00000,0x000000fcc5000000]
Native frames: (J=compiled Java code, j=interpreted, Vv=VM code, C=native code)
V  [jvm.dll+0x6d2449]
V  [jvm.dll+0x8ae341]
V  [jvm.dll+0x8b08be]
V  [jvm.dll+0x8b0fa3]
V  [jvm.dll+0x280c96]
V  [jvm.dll+0xc581d]
V  [jvm.dll+0xc5d53]
V  [jvm.dll+0x3b919c]
V  [jvm.dll+0x1e1409]
V  [jvm.dll+0x249022]
V  [jvm.dll+0x2484af]
V  [jvm.dll+0x1c89ee]
V  [jvm.dll+0x257d4d]
V  [jvm.dll+0x2562ea]
V  [jvm.dll+0x3f2d16]
V  [jvm.dll+0x857e6b]
V  [jvm.dll+0x6d0b0d]
C  [ucrtbase.dll+0x37b0]
C  [KERNEL32.DLL+0x2e8d7]
C  [ntdll.dll+0x8c53c]


---------------  P R O C E S S  ---------------

Threads class SMR info:
_java_thread_list=0x000002c2c5520800, length=67, elements={
0x000002c2e1caf480, 0x000002c2f870d6e0, 0x000002c2f8711ca0, 0x000002c2f8714460,
0x000002c2f87150b0, 0x000002c2f8715d00, 0x000002c2f871a770, 0x000002c2f871ec40,
0x000002c2f8725230, 0x000002c2fe0e4f80, 0x000002c2fe334f70, 0x000002c2fe7000d0,
0x000002c2fec3e030, 0x000002c2fe9449b0, 0x000002c2fe945830, 0x000002c2ff30e2e0,
0x000002c2ff0a2020, 0x000002c2ff418400, 0x000002c2ff417d70, 0x000002c2ff419e40,
0x000002c2ff418a90, 0x000002c2ff419120, 0x000002c2ff4197b0, 0x000002c2ff41a4d0,
0x000002c2ff41b1f0, 0x000002c2c3da8a50, 0x000002c2c3da90e0, 0x000002c2c3da9e00,
0x000002c2c3da9770, 0x000002c2c3daa490, 0x000002c2c3da76a0, 0x000002c2c3da83c0,
0x000002c2c3da7010, 0x000002c2c3daab20, 0x000002c2c3dab1b0, 0x000002c2c3da7d30,
0x000002c2c3dac560, 0x000002c2c3dab840, 0x000002c2c3dacbf0, 0x000002c2c3dabed0,
0x000002c2c3dad280, 0x000002c2c3dad910, 0x000002c2c3dadfa0, 0x000002c2c3dae630,
0x000002c2c572f3e0, 0x000002c2c44ad8e0, 0x000002c2c572d310, 0x000002c2c572d9a0,
0x000002c2c572e030, 0x000002c2c4711060, 0x000002c2c4712410, 0x000002c2c47137c0,
0x000002c2c47144e0, 0x000002c2c4713130, 0x000002c2c4714b70, 0x000002c2c47116f0,
0x000002c2c4713e50, 0x000002c2c4715200, 0x000002c2c4711d80, 0x000002c2c4715f20,
0x000002c2c47165b0, 0x000002c2c4716c40, 0x000002c2c47172d0, 0x000002c2c4717960,
0x000002c2c4717ff0, 0x000002c2c18de620, 0x000002c2fe4e52b0
}

Java Threads: ( => current thread )
  0x000002c2e1caf480 JavaThread "main"                              [_thread_blocked, id=15848, stack(0x000000fcc4500000,0x000000fcc4600000) (1024K)]
  0x000002c2f870d6e0 JavaThread "Reference Handler"          daemon [_thread_blocked, id=7928, stack(0x000000fcc4900000,0x000000fcc4a00000) (1024K)]
  0x000002c2f8711ca0 JavaThread "Finalizer"                  daemon [_thread_blocked, id=25856, stack(0x000000fcc4a00000,0x000000fcc4b00000) (1024K)]
  0x000002c2f8714460 JavaThread "Signal Dispatcher"          daemon [_thread_blocked, id=10384, stack(0x000000fcc4b00000,0x000000fcc4c00000) (1024K)]
  0x000002c2f87150b0 JavaThread "Attach Listener"            daemon [_thread_blocked, id=8488, stack(0x000000fcc4c00000,0x000000fcc4d00000) (1024K)]
  0x000002c2f8715d00 JavaThread "Service Thread"             daemon [_thread_blocked, id=12024, stack(0x000000fcc4d00000,0x000000fcc4e00000) (1024K)]
  0x000002c2f871a770 JavaThread "Monitor Deflation Thread"   daemon [_thread_blocked, id=25052, stack(0x000000fcc4e00000,0x000000fcc4f00000) (1024K)]
=>0x000002c2f871ec40 JavaThread "C2 CompilerThread0"         daemon [_thread_in_native, id=15484, stack(0x000000fcc4f00000,0x000000fcc5000000) (1024K)]
  0x000002c2f8725230 JavaThread "C1 CompilerThread0"         daemon [_thread_blocked, id=18320, stack(0x000000fcc5000000,0x000000fcc5100000) (1024K)]
  0x000002c2fe0e4f80 JavaThread "Common-Cleaner"             daemon [_thread_blocked, id=3444, stack(0x000000fcc5100000,0x000000fcc5200000) (1024K)]
  0x000002c2fe334f70 JavaThread "Notification Thread"        daemon [_thread_blocked, id=14036, stack(0x000000fcc5200000,0x000000fcc5300000) (1024K)]
  0x000002c2fe7000d0 JavaThread "Active Thread: Equinox Container: 9bf3e3ce-6139-4dbf-9cc4-bb49385112de"        [_thread_blocked, id=26104, stack(0x000000fcc5300000,0x000000fcc5400000) (1024K)]
  0x000002c2fec3e030 JavaThread "Refresh Thread: Equinox Container: 9bf3e3ce-6139-4dbf-9cc4-bb49385112de" daemon [_thread_blocked, id=2736, stack(0x000000fcc5c00000,0x000000fcc5d00000) (1024K)]
  0x000002c2fe9449b0 JavaThread "Framework Event Dispatcher: Equinox Container: 9bf3e3ce-6139-4dbf-9cc4-bb49385112de" daemon [_thread_blocked, id=25580, stack(0x000000fcc5400000,0x000000fcc5500000) (1024K)]
  0x000002c2fe945830 JavaThread "Start Level: Equinox Container: 9bf3e3ce-6139-4dbf-9cc4-bb49385112de" daemon [_thread_blocked, id=5680, stack(0x000000fcc5d00000,0x000000fcc5e00000) (1024K)]
  0x000002c2ff30e2e0 JavaThread "Bundle File Closer"         daemon [_thread_blocked, id=24600, stack(0x000000fcc5f00000,0x000000fcc6000000) (1024K)]
  0x000002c2ff0a2020 JavaThread "SCR Component Actor"        daemon [_thread_blocked, id=4208, stack(0x000000fcc6000000,0x000000fcc6100000) (1024K)]
  0x000002c2ff418400 JavaThread "Worker-JM"                         [_thread_blocked, id=20716, stack(0x000000fcc5e00000,0x000000fcc5f00000) (1024K)]
  0x000002c2ff417d70 JavaThread "JNA Cleaner"                daemon [_thread_blocked, id=16124, stack(0x000000fcc6100000,0x000000fcc6200000) (1024K)]
  0x000002c2ff419e40 JavaThread "Worker-0"                          [_thread_blocked, id=1552, stack(0x000000fcc6200000,0x000000fcc6300000) (1024K)]
  0x000002c2ff418a90 JavaThread "Worker-1"                          [_thread_blocked, id=12420, stack(0x000000fcc6300000,0x000000fcc6400000) (1024K)]
  0x000002c2ff419120 JavaThread "Java indexing"              daemon [_thread_blocked, id=22028, stack(0x000000fcc6500000,0x000000fcc6600000) (1024K)]
  0x000002c2ff4197b0 JavaThread "Worker-2"                          [_thread_blocked, id=24596, stack(0x000000fcc6900000,0x000000fcc6a00000) (1024K)]
  0x000002c2ff41a4d0 JavaThread "Worker-3"                          [_thread_blocked, id=1276, stack(0x000000fcc6a00000,0x000000fcc6b00000) (1024K)]
  0x000002c2ff41b1f0 JavaThread "Worker-4"                          [_thread_blocked, id=10968, stack(0x000000fcc6b00000,0x000000fcc6c00000) (1024K)]
  0x000002c2c3da8a50 JavaThread "Thread-1"                   daemon [_thread_in_native, id=11028, stack(0x000000fcc6c00000,0x000000fcc6d00000) (1024K)]
  0x000002c2c3da90e0 JavaThread "Thread-2"                   daemon [_thread_in_native, id=7524, stack(0x000000fcc6d00000,0x000000fcc6e00000) (1024K)]
  0x000002c2c3da9e00 JavaThread "Thread-3"                   daemon [_thread_in_native, id=24336, stack(0x000000fcc6e00000,0x000000fcc6f00000) (1024K)]
  0x000002c2c3da9770 JavaThread "Thread-4"                   daemon [_thread_in_native, id=16612, stack(0x000000fcc6f00000,0x000000fcc7000000) (1024K)]
  0x000002c2c3daa490 JavaThread "Thread-5"                   daemon [_thread_in_native, id=348, stack(0x000000fcc7000000,0x000000fcc7100000) (1024K)]
  0x000002c2c3da76a0 JavaThread "Thread-6"                   daemon [_thread_in_native, id=24552, stack(0x000000fcc7100000,0x000000fcc7200000) (1024K)]
  0x000002c2c3da83c0 JavaThread "Thread-7"                   daemon [_thread_in_native, id=8004, stack(0x000000fcc7200000,0x000000fcc7300000) (1024K)]
  0x000002c2c3da7010 JavaThread "Thread-8"                   daemon [_thread_in_native, id=5732, stack(0x000000fcc7300000,0x000000fcc7400000) (1024K)]
  0x000002c2c3daab20 JavaThread "Thread-9"                   daemon [_thread_in_native, id=23192, stack(0x000000fcc7400000,0x000000fcc7500000) (1024K)]
  0x000002c2c3dab1b0 JavaThread "pool-2-thread-1"                   [_thread_blocked, id=14556, stack(0x000000fcc7500000,0x000000fcc7600000) (1024K)]
  0x000002c2c3da7d30 JavaThread "WorkspaceEventsHandler"            [_thread_blocked, id=3340, stack(0x000000fcc7600000,0x000000fcc7700000) (1024K)]
  0x000002c2c3dac560 JavaThread "pool-1-thread-1"                   [_thread_blocked, id=11396, stack(0x000000fcc7700000,0x000000fcc7800000) (1024K)]
  0x000002c2c3dab840 JavaThread "ForkJoinPool.commonPool-worker-1" daemon [_thread_blocked, id=22216, stack(0x000000fcc7800000,0x000000fcc7900000) (1024K)]
  0x000002c2c3dacbf0 JavaThread "ForkJoinPool.commonPool-worker-2" daemon [_thread_blocked, id=14372, stack(0x000000fcc7900000,0x000000fcc7a00000) (1024K)]
  0x000002c2c3dabed0 JavaThread "ForkJoinPool.commonPool-worker-3" daemon [_thread_blocked, id=13996, stack(0x000000fcc7a00000,0x000000fcc7b00000) (1024K)]
  0x000002c2c3dad280 JavaThread "ForkJoinPool.commonPool-worker-4" daemon [_thread_blocked, id=25992, stack(0x000000fcc7b00000,0x000000fcc7c00000) (1024K)]
  0x000002c2c3dad910 JavaThread "ForkJoinPool.commonPool-worker-5" daemon [_thread_blocked, id=10208, stack(0x000000fcc7c00000,0x000000fcc7d00000) (1024K)]
  0x000002c2c3dadfa0 JavaThread "ForkJoinPool.commonPool-worker-6" daemon [_thread_blocked, id=4256, stack(0x000000fcc7d00000,0x000000fcc7e00000) (1024K)]
  0x000002c2c3dae630 JavaThread "ForkJoinPool.commonPool-worker-7" daemon [_thread_blocked, id=17216, stack(0x000000fcc7e00000,0x000000fcc7f00000) (1024K)]
  0x000002c2c572f3e0 JavaThread "Worker-5: Send Classpath Notifications"        [_thread_blocked, id=17008, stack(0x000000fcc7f00000,0x000000fcc8000000) (1024K)]
  0x000002c2c44ad8e0 JavaThread "C2 CompilerThread1"         daemon [_thread_in_native, id=25892, stack(0x000000fcc6400000,0x000000fcc6500000) (1024K)]
  0x000002c2c572d310 JavaThread "Compiler Source File Reader" daemon [_thread_blocked, id=25424, stack(0x000000fcc8000000,0x000000fcc8100000) (1024K)]
  0x000002c2c572d9a0 JavaThread "Compiler Source File Reader" daemon [_thread_blocked, id=20528, stack(0x000000fcc8100000,0x000000fcc8200000) (1024K)]
  0x000002c2c572e030 JavaThread "Compiler Source File Reader" daemon [_thread_blocked, id=14880, stack(0x000000fcc8200000,0x000000fcc8300000) (1024K)]
  0x000002c2c4711060 JavaThread "Compiler Source File Reader" daemon [_thread_blocked, id=15896, stack(0x000000fcc8300000,0x000000fcc8400000) (1024K)]
  0x000002c2c4712410 JavaThread "Compiler Source File Reader" daemon [_thread_blocked, id=23556, stack(0x000000fcc8400000,0x000000fcc8500000) (1024K)]
  0x000002c2c47137c0 JavaThread "Compiler Source File Reader" daemon [_thread_blocked, id=3576, stack(0x000000fcc8500000,0x000000fcc8600000) (1024K)]
  0x000002c2c47144e0 JavaThread "Cleaner-0"                  daemon [_thread_blocked, id=6768, stack(0x000000fcc8600000,0x000000fcc8700000) (1024K)]
  0x000002c2c4713130 JavaThread "LocalFile Deleter"          daemon [_thread_blocked, id=11412, stack(0x000000fcc8700000,0x000000fcc8800000) (1024K)]
  0x000002c2c4714b70 JavaThread "LocalFile Deleter"          daemon [_thread_blocked, id=16676, stack(0x000000fcc8800000,0x000000fcc8900000) (1024K)]
  0x000002c2c47116f0 JavaThread "LocalFile Deleter"          daemon [_thread_blocked, id=20776, stack(0x000000fcc8900000,0x000000fcc8a00000) (1024K)]
  0x000002c2c4713e50 JavaThread "LocalFile Deleter"          daemon [_thread_blocked, id=12536, stack(0x000000fcc8a00000,0x000000fcc8b00000) (1024K)]
  0x000002c2c4715200 JavaThread "LocalFile Deleter"          daemon [_thread_blocked, id=5772, stack(0x000000fcc8b00000,0x000000fcc8c00000) (1024K)]
  0x000002c2c4711d80 JavaThread "LocalFile Deleter"          daemon [_thread_blocked, id=17256, stack(0x000000fcc8c00000,0x000000fcc8d00000) (1024K)]
  0x000002c2c4715f20 JavaThread "Compiler Processing Task"   daemon [_thread_blocked, id=22684, stack(0x000000fcc8d00000,0x000000fcc8e00000) (1024K)]
  0x000002c2c47165b0 JavaThread "Compiler Class File Writer" daemon [_thread_blocked, id=15540, stack(0x000000fcc8e00000,0x000000fcc8f00000) (1024K)]
  0x000002c2c4716c40 JavaThread "Compiler Class File Writer" daemon [_thread_blocked, id=2280, stack(0x000000fcc8f00000,0x000000fcc9000000) (1024K)]
  0x000002c2c47172d0 JavaThread "Compiler Class File Writer" daemon [_thread_blocked, id=18796, stack(0x000000fcc9000000,0x000000fcc9100000) (1024K)]
  0x000002c2c4717960 JavaThread "Compiler Class File Writer" daemon [_thread_blocked, id=22128, stack(0x000000fcc9100000,0x000000fcc9200000) (1024K)]
  0x000002c2c4717ff0 JavaThread "Compiler Class File Writer" daemon [_thread_blocked, id=17616, stack(0x000000fcc9200000,0x000000fcc9300000) (1024K)]
  0x000002c2c18de620 JavaThread "Compiler Class File Writer" daemon [_thread_blocked, id=24060, stack(0x000000fcc9300000,0x000000fcc9400000) (1024K)]
  0x000002c2fe4e52b0 JavaThread "C2 CompilerThread2"         daemon [_thread_in_native, id=15628, stack(0x000000fcc6600000,0x000000fcc6700000) (1024K)]
Total: 67

Other Threads:
  0x000002c2f86f3490 VMThread "VM Thread"                           [id=13620, stack(0x000000fcc4800000,0x000000fcc4900000) (1024K)]
  0x000002c2e1d1d9f0 WatcherThread "VM Periodic Task Thread"        [id=7592, stack(0x000000fcc4700000,0x000000fcc4800000) (1024K)]
  0x000002c2e1ccd600 WorkerThread "GC Thread#0"                     [id=25868, stack(0x000000fcc4600000,0x000000fcc4700000) (1024K)]
  0x000002c2fea4ea20 WorkerThread "GC Thread#1"                     [id=6688, stack(0x000000fcc5500000,0x000000fcc5600000) (1024K)]
  0x000002c2fe78a1e0 WorkerThread "GC Thread#2"                     [id=8436, stack(0x000000fcc5600000,0x000000fcc5700000) (1024K)]
  0x000002c2fe78a580 WorkerThread "GC Thread#3"                     [id=24164, stack(0x000000fcc5700000,0x000000fcc5800000) (1024K)]
  0x000002c2fe3a89a0 WorkerThread "GC Thread#4"                     [id=7376, stack(0x000000fcc5800000,0x000000fcc5900000) (1024K)]
  0x000002c2fe3a8d40 WorkerThread "GC Thread#5"                     [id=18300, stack(0x000000fcc5900000,0x000000fcc5a00000) (1024K)]
  0x000002c2fe3a90e0 WorkerThread "GC Thread#6"                     [id=17272, stack(0x000000fcc5a00000,0x000000fcc5b00000) (1024K)]
  0x000002c2fe9fcd80 WorkerThread "GC Thread#7"                     [id=18752, stack(0x000000fcc5b00000,0x000000fcc5c00000) (1024K)]
Total: 10

Threads with active compile tasks:
C2 CompilerThread0  29332 12889       4       org.eclipse.jdt.internal.compiler.lookup.LookupEnvironment::getTypeFromTypeSignature (770 bytes)
C1 CompilerThread0  29333 13817       3       java.lang.invoke.InvokerBytecodeGenerator::emitIconstInsn (75 bytes)
C2 CompilerThread1  29333 13734       4       org.eclipse.jdt.internal.compiler.lookup.BinaryTypeBinding::createTypeVariables (359 bytes)
C2 CompilerThread2  29333 13741   !   4       org.eclipse.jdt.internal.compiler.classfmt.ClassFileReader::<init> (1968 bytes)
Total: 4

VM state: not at safepoint (normal execution)

VM Mutex/Monitor currently owned by a thread: None

Heap address: 0x0000000080000000, size: 2048 MB, Compressed Oops mode: 32-bit

CDS archive(s) mapped at: [0x000002c280000000-0x000002c280ba0000-0x000002c280ba0000), size 12189696, SharedBaseAddress: 0x000002c280000000, ArchiveRelocationMode: 1.
Compressed class space mapped at: 0x000002c281000000-0x000002c2c1000000, reserved size: 1073741824
Narrow klass base: 0x000002c280000000, Narrow klass shift: 0, Narrow klass range: 0x100000000

GC Precious Log:
 CardTable entry size: 512
 CPUs: 8 total, 8 available
 Memory: 11930M
 Large Page Support: Disabled
 NUMA Support: Disabled
 Compressed Oops: Enabled (32-bit)
 Alignments: Space 512K, Generation 512K, Heap 2M
 Heap Min Capacity: 100M
 Heap Initial Capacity: 100M
 Heap Max Capacity: 2G
 Pre-touch: Disabled
 Parallel Workers: 8

Heap:
 PSYoungGen      total 2560K, used 432K [0x00000000d5580000, 0x00000000d5900000, 0x0000000100000000)
  eden space 2048K, 0% used [0x00000000d5580000,0x00000000d55842d0,0x00000000d5780000)
  from space 512K, 81% used [0x00000000d5800000,0x00000000d5868000,0x00000000d5880000)
  to   space 512K, 0% used [0x00000000d5880000,0x00000000d5880000,0x00000000d5900000)
 ParOldGen       total 273920K, used 273772K [0x0000000080000000, 0x0000000090b80000, 0x00000000d5580000)
  object space 273920K, 99% used [0x0000000080000000,0x0000000090b5b0e0,0x0000000090b80000)
 Metaspace       used 72115K, committed 73792K, reserved 1179648K
  class space    used 7574K, committed 8256K, reserved 1048576K

Card table byte_map: [0x000002c2e1650000,0x000002c2e1a60000] _byte_map_base: 0x000002c2e1250000

Marking Bits: (ParMarkBitMap*) 0x00007fffdb4aa340
 Begin Bits: [0x000002c2f4150000, 0x000002c2f6150000)
 End Bits:   [0x000002c2f6150000, 0x000002c2f8150000)

Polling page: 0x000002c2e1310000

Metaspace:

Usage:
  Non-class:     63.03 MB used.
      Class:      7.40 MB used.
       Both:     70.43 MB used.

Virtual space:
  Non-class space:      128.00 MB reserved,      64.00 MB ( 50%) committed,  2 nodes.
      Class space:        1.00 GB reserved,       8.06 MB ( <1%) committed,  1 nodes.
             Both:        1.12 GB reserved,      72.06 MB (  6%) committed. 

Chunk freelists:
   Non-Class:  15.78 MB
       Class:  7.81 MB
        Both:  23.59 MB

MaxMetaspaceSize: unlimited
CompressedClassSpaceSize: 1.00 GB
Initial GC threshold: 21.00 MB
Current GC threshold: 97.31 MB
CDS: on
 - commit_granule_bytes: 65536.
 - commit_granule_words: 8192.
 - virtual_space_node_default_size: 8388608.
 - enlarge_chunks_in_place: 1.
 - use_allocation_guard: 0.


Internal statistics:

num_allocs_failed_limit: 9.
num_arena_births: 1476.
num_arena_deaths: 20.
num_vsnodes_births: 3.
num_vsnodes_deaths: 0.
num_space_committed: 1153.
num_space_uncommitted: 0.
num_chunks_returned_to_freelist: 31.
num_chunks_taken_from_freelist: 5117.
num_chunk_merges: 18.
num_chunk_splits: 3056.
num_chunks_enlarged: 1551.
num_inconsistent_stats: 0.

CodeHeap 'non-profiled nmethods': size=120000Kb used=10427Kb max_used=10427Kb free=109572Kb
 bounds [0x000002c2ec970000, 0x000002c2ed3a0000, 0x000002c2f3ea0000]
CodeHeap 'profiled nmethods': size=120000Kb used=30634Kb max_used=30634Kb free=89365Kb
 bounds [0x000002c2e4ea0000, 0x000002c2e6c90000, 0x000002c2ec3d0000]
CodeHeap 'non-nmethods': size=5760Kb used=1484Kb max_used=1546Kb free=4275Kb
 bounds [0x000002c2ec3d0000, 0x000002c2ec640000, 0x000002c2ec970000]
CodeCache: size=245760Kb, used=42545Kb, max_used=42607Kb, free=203212Kb
 total_blobs=13854, nmethods=13064, adapters=693, full_count=0
Compilation: enabled, stopped_count=0, restarted_count=0

Compilation events (20 events):
Event: 28.032 Thread 0x000002c2f8725230 nmethod 13796 0x000002c2ed39d710 code [0x000002c2ed39d8a0, 0x000002c2ed39d968]
Event: 28.032 Thread 0x000002c2f8725230 13793       3       org.eclipse.jdt.internal.compiler.lookup.ParameterizedGenericMethodBinding::substitute (52 bytes)
Event: 28.033 Thread 0x000002c2f8725230 nmethod 13793 0x000002c2e6c77490 code [0x000002c2e6c77660, 0x000002c2e6c77970]
Event: 28.033 Thread 0x000002c2f8725230 13797       1       org.eclipse.lsp4j.ClientCapabilities::getTextDocument (5 bytes)
Event: 28.033 Thread 0x000002c2f8725230 nmethod 13797 0x000002c2ed39da10 code [0x000002c2ed39dba0, 0x000002c2ed39dc68]
Event: 28.033 Thread 0x000002c2f8725230 13792       1       org.eclipse.jdt.internal.compiler.lookup.ArrayBinding::kind (3 bytes)
Event: 28.033 Thread 0x000002c2f8725230 nmethod 13792 0x000002c2ed39dd10 code [0x000002c2ed39dea0, 0x000002c2ed39df68]
Event: 28.033 Thread 0x000002c2f8725230 13798       3       org.eclipse.jdt.internal.corext.dom.GenericVisitor::endVisitNode (1 bytes)
Event: 28.033 Thread 0x000002c2f8725230 nmethod 13798 0x000002c2e6c77b10 code [0x000002c2e6c77ca0, 0x000002c2e6c77da8]
Event: 28.033 Thread 0x000002c2f8725230 13799   !   3       lombok.launch.PatchFixesHider$PatchFixes::isGenerated (57 bytes)
Event: 28.034 Thread 0x000002c2f8725230 nmethod 13799 0x000002c2e6c77e10 code [0x000002c2e6c78080, 0x000002c2e6c78a40]
Event: 28.034 Thread 0x000002c2f8725230 13800   !   3       org.eclipse.jdt.core.dom.ASTNode$NodeList::releaseCursor (41 bytes)
Event: 28.034 Thread 0x000002c2f8725230 nmethod 13800 0x000002c2e6c78e90 code [0x000002c2e6c79060, 0x000002c2e6c79448]
Event: 28.034 Thread 0x000002c2f8725230 13801   !   3       org.eclipse.jdt.core.dom.QualifiedName::getQualifier (60 bytes)
Event: 28.035 Thread 0x000002c2f8725230 nmethod 13801 0x000002c2e6c79610 code [0x000002c2e6c79880, 0x000002c2e6c7a358]
Event: 28.035 Thread 0x000002c2f8725230 13802   !   3       org.eclipse.jdt.core.dom.QualifiedName::getName (60 bytes)
Event: 28.036 Thread 0x000002c2f8725230 nmethod 13802 0x000002c2e6c7aa10 code [0x000002c2e6c7ac80, 0x000002c2e6c7b758]
Event: 28.050 Thread 0x000002c2f8725230 13803       1       org.eclipse.jdt.core.SourceRange::getOffset (5 bytes)
Event: 28.050 Thread 0x000002c2f8725230 nmethod 13803 0x000002c2ed39e010 code [0x000002c2ed39e1a0, 0x000002c2ed39e268]
Event: 29.195 Thread 0x000002c2f8725230 13804   !   3       org.eclipse.jdt.internal.core.JavaProject::getOptions (362 bytes)

GC Heap History (20 events):
Event: 27.817 GC heap before
{Heap before GC invocations=272 (full 3):
 PSYoungGen      total 2560K, used 2358K [0x00000000d5580000, 0x00000000d5900000, 0x0000000100000000)
  eden space 2048K, 99% used [0x00000000d5580000,0x00000000d577d918,0x00000000d5780000)
  from space 512K, 62% used [0x00000000d5880000,0x00000000d58d0000,0x00000000d5900000)
  to   space 512K, 0% used [0x00000000d5800000,0x00000000d5800000,0x00000000d5880000)
 ParOldGen       total 270336K, used 270299K [0x0000000080000000, 0x0000000090800000, 0x00000000d5580000)
  object space 270336K, 99% used [0x0000000080000000,0x00000000907f6c68,0x0000000090800000)
 Metaspace       used 71959K, committed 73600K, reserved 1179648K
  class space    used 7568K, committed 8256K, reserved 1048576K
}
Event: 27.820 GC heap after
{Heap after GC invocations=272 (full 3):
 PSYoungGen      total 2560K, used 496K [0x00000000d5580000, 0x00000000d5980000, 0x0000000100000000)
  eden space 2048K, 0% used [0x00000000d5580000,0x00000000d5580000,0x00000000d5780000)
  from space 512K, 97% used [0x00000000d5800000,0x00000000d587c368,0x00000000d5880000)
  to   space 1024K, 0% used [0x00000000d5880000,0x00000000d5880000,0x00000000d5980000)
 ParOldGen       total 270848K, used 270547K [0x0000000080000000, 0x0000000090880000, 0x00000000d5580000)
  object space 270848K, 99% used [0x0000000080000000,0x0000000090834c68,0x0000000090880000)
 Metaspace       used 71959K, committed 73600K, reserved 1179648K
  class space    used 7568K, committed 8256K, reserved 1048576K
}
Event: 27.876 GC heap before
{Heap before GC invocations=273 (full 3):
 PSYoungGen      total 2560K, used 2544K [0x00000000d5580000, 0x00000000d5980000, 0x0000000100000000)
  eden space 2048K, 100% used [0x00000000d5580000,0x00000000d5780000,0x00000000d5780000)
  from space 512K, 97% used [0x00000000d5800000,0x00000000d587c368,0x00000000d5880000)
  to   space 1024K, 0% used [0x00000000d5880000,0x00000000d5880000,0x00000000d5980000)
 ParOldGen       total 270848K, used 270547K [0x0000000080000000, 0x0000000090880000, 0x00000000d5580000)
  object space 270848K, 99% used [0x0000000080000000,0x0000000090834c68,0x0000000090880000)
 Metaspace       used 71965K, committed 73600K, reserved 1179648K
  class space    used 7568K, committed 8256K, reserved 1048576K
}
Event: 27.877 GC heap after
{Heap after GC invocations=273 (full 3):
 PSYoungGen      total 3072K, used 450K [0x00000000d5580000, 0x00000000d5980000, 0x0000000100000000)
  eden space 2048K, 0% used [0x00000000d5580000,0x00000000d5580000,0x00000000d5780000)
  from space 1024K, 44% used [0x00000000d5880000,0x00000000d58f0ac0,0x00000000d5980000)
  to   space 1024K, 0% used [0x00000000d5780000,0x00000000d5780000,0x00000000d5880000)
 ParOldGen       total 271360K, used 271094K [0x0000000080000000, 0x0000000090900000, 0x00000000d5580000)
  object space 271360K, 99% used [0x0000000080000000,0x00000000908bd8d0,0x0000000090900000)
 Metaspace       used 71965K, committed 73600K, reserved 1179648K
  class space    used 7568K, committed 8256K, reserved 1048576K
}
Event: 27.906 GC heap before
{Heap before GC invocations=274 (full 3):
 PSYoungGen      total 3072K, used 2498K [0x00000000d5580000, 0x00000000d5980000, 0x0000000100000000)
  eden space 2048K, 100% used [0x00000000d5580000,0x00000000d5780000,0x00000000d5780000)
  from space 1024K, 44% used [0x00000000d5880000,0x00000000d58f0ac0,0x00000000d5980000)
  to   space 1024K, 0% used [0x00000000d5780000,0x00000000d5780000,0x00000000d5880000)
 ParOldGen       total 271360K, used 271094K [0x0000000080000000, 0x0000000090900000, 0x00000000d5580000)
  object space 271360K, 99% used [0x0000000080000000,0x00000000908bd8d0,0x0000000090900000)
 Metaspace       used 72029K, committed 73728K, reserved 1179648K
  class space    used 7571K, committed 8256K, reserved 1048576K
}
Event: 27.914 GC heap after
{Heap after GC invocations=274 (full 3):
 PSYoungGen      total 3072K, used 404K [0x00000000d5580000, 0x00000000d5900000, 0x0000000100000000)
  eden space 2048K, 0% used [0x00000000d5580000,0x00000000d5580000,0x00000000d5780000)
  from space 1024K, 39% used [0x00000000d5780000,0x00000000d57e50e0,0x00000000d5880000)
  to   space 512K, 0% used [0x00000000d5880000,0x00000000d5880000,0x00000000d5900000)
 ParOldGen       total 271872K, used 271374K [0x0000000080000000, 0x0000000090980000, 0x00000000d5580000)
  object space 271872K, 99% used [0x0000000080000000,0x0000000090903b98,0x0000000090980000)
 Metaspace       used 72029K, committed 73728K, reserved 1179648K
  class space    used 7571K, committed 8256K, reserved 1048576K
}
Event: 27.947 GC heap before
{Heap before GC invocations=275 (full 3):
 PSYoungGen      total 3072K, used 2452K [0x00000000d5580000, 0x00000000d5900000, 0x0000000100000000)
  eden space 2048K, 100% used [0x00000000d5580000,0x00000000d5780000,0x00000000d5780000)
  from space 1024K, 39% used [0x00000000d5780000,0x00000000d57e50e0,0x00000000d5880000)
  to   space 512K, 0% used [0x00000000d5880000,0x00000000d5880000,0x00000000d5900000)
 ParOldGen       total 271872K, used 271374K [0x0000000080000000, 0x0000000090980000, 0x00000000d5580000)
  object space 271872K, 99% used [0x0000000080000000,0x0000000090903b98,0x0000000090980000)
 Metaspace       used 72038K, committed 73728K, reserved 1179648K
  class space    used 7571K, committed 8256K, reserved 1048576K
}
Event: 27.948 GC heap after
{Heap after GC invocations=275 (full 3):
 PSYoungGen      total 2560K, used 488K [0x00000000d5580000, 0x00000000d5980000, 0x0000000100000000)
  eden space 2048K, 0% used [0x00000000d5580000,0x00000000d5580000,0x00000000d5780000)
  from space 512K, 95% used [0x00000000d5880000,0x00000000d58fa2c0,0x00000000d5900000)
  to   space 1024K, 0% used [0x00000000d5780000,0x00000000d5780000,0x00000000d5880000)
 ParOldGen       total 271872K, used 271615K [0x0000000080000000, 0x0000000090980000, 0x00000000d5580000)
  object space 271872K, 99% used [0x0000000080000000,0x000000009093fc88,0x0000000090980000)
 Metaspace       used 72038K, committed 73728K, reserved 1179648K
  class space    used 7571K, committed 8256K, reserved 1048576K
}
Event: 27.965 GC heap before
{Heap before GC invocations=276 (full 3):
 PSYoungGen      total 2560K, used 2536K [0x00000000d5580000, 0x00000000d5980000, 0x0000000100000000)
  eden space 2048K, 100% used [0x00000000d5580000,0x00000000d5780000,0x00000000d5780000)
  from space 512K, 95% used [0x00000000d5880000,0x00000000d58fa2c0,0x00000000d5900000)
  to   space 1024K, 0% used [0x00000000d5780000,0x00000000d5780000,0x00000000d5880000)
 ParOldGen       total 271872K, used 271615K [0x0000000080000000, 0x0000000090980000, 0x00000000d5580000)
  object space 271872K, 99% used [0x0000000080000000,0x000000009093fc88,0x0000000090980000)
 Metaspace       used 72052K, committed 73728K, reserved 1179648K
  class space    used 7572K, committed 8256K, reserved 1048576K
}
Event: 27.966 GC heap after
{Heap after GC invocations=276 (full 3):
 PSYoungGen      total 3072K, used 496K [0x00000000d5580000, 0x00000000d5980000, 0x0000000100000000)
  eden space 2048K, 0% used [0x00000000d5580000,0x00000000d5580000,0x00000000d5780000)
  from space 1024K, 48% used [0x00000000d5780000,0x00000000d57fc010,0x00000000d5880000)
  to   space 1024K, 0% used [0x00000000d5880000,0x00000000d5880000,0x00000000d5980000)
 ParOldGen       total 272384K, used 271982K [0x0000000080000000, 0x0000000090a00000, 0x00000000d5580000)
  object space 272384K, 99% used [0x0000000080000000,0x000000009099bac0,0x0000000090a00000)
 Metaspace       used 72052K, committed 73728K, reserved 1179648K
  class space    used 7572K, committed 8256K, reserved 1048576K
}
Event: 27.977 GC heap before
{Heap before GC invocations=277 (full 3):
 PSYoungGen      total 3072K, used 2543K [0x00000000d5580000, 0x00000000d5980000, 0x0000000100000000)
  eden space 2048K, 99% used [0x00000000d5580000,0x00000000d577ff78,0x00000000d5780000)
  from space 1024K, 48% used [0x00000000d5780000,0x00000000d57fc010,0x00000000d5880000)
  to   space 1024K, 0% used [0x00000000d5880000,0x00000000d5880000,0x00000000d5980000)
 ParOldGen       total 272384K, used 271982K [0x0000000080000000, 0x0000000090a00000, 0x00000000d5580000)
  object space 272384K, 99% used [0x0000000080000000,0x000000009099bac0,0x0000000090a00000)
 Metaspace       used 72057K, committed 73728K, reserved 1179648K
  class space    used 7572K, committed 8256K, reserved 1048576K
}
Event: 27.979 GC heap after
{Heap after GC invocations=277 (full 3):
 PSYoungGen      total 2560K, used 398K [0x00000000d5580000, 0x00000000d5900000, 0x0000000100000000)
  eden space 2048K, 0% used [0x00000000d5580000,0x00000000d5580000,0x00000000d5780000)
  from space 512K, 77% used [0x00000000d5880000,0x00000000d58e3b00,0x00000000d5900000)
  to   space 512K, 0% used [0x00000000d5800000,0x00000000d5800000,0x00000000d5880000)
 ParOldGen       total 272384K, used 272222K [0x0000000080000000, 0x0000000090a00000, 0x00000000d5580000)
  object space 272384K, 99% used [0x0000000080000000,0x00000000909d7ac0,0x0000000090a00000)
 Metaspace       used 72057K, committed 73728K, reserved 1179648K
  class space    used 7572K, committed 8256K, reserved 1048576K
}
Event: 27.985 GC heap before
{Heap before GC invocations=278 (full 3):
 PSYoungGen      total 2560K, used 2446K [0x00000000d5580000, 0x00000000d5900000, 0x0000000100000000)
  eden space 2048K, 100% used [0x00000000d5580000,0x00000000d5780000,0x00000000d5780000)
  from space 512K, 77% used [0x00000000d5880000,0x00000000d58e3b00,0x00000000d5900000)
  to   space 512K, 0% used [0x00000000d5800000,0x00000000d5800000,0x00000000d5880000)
 ParOldGen       total 272384K, used 272222K [0x0000000080000000, 0x0000000090a00000, 0x00000000d5580000)
  object space 272384K, 99% used [0x0000000080000000,0x00000000909d7ac0,0x0000000090a00000)
 Metaspace       used 72064K, committed 73728K, reserved 1179648K
  class space    used 7572K, committed 8256K, reserved 1048576K
}
Event: 27.987 GC heap after
{Heap after GC invocations=278 (full 3):
 PSYoungGen      total 2560K, used 496K [0x00000000d5580000, 0x00000000d5980000, 0x0000000100000000)
  eden space 2048K, 0% used [0x00000000d5580000,0x00000000d5580000,0x00000000d5780000)
  from space 512K, 96% used [0x00000000d5800000,0x00000000d587c010,0x00000000d5880000)
  to   space 1024K, 0% used [0x00000000d5880000,0x00000000d5880000,0x00000000d5980000)
 ParOldGen       total 272896K, used 272604K [0x0000000080000000, 0x0000000090a80000, 0x00000000d5580000)
  object space 272896K, 99% used [0x0000000080000000,0x0000000090a370d0,0x0000000090a80000)
 Metaspace       used 72064K, committed 73728K, reserved 1179648K
  class space    used 7572K, committed 8256K, reserved 1048576K
}
Event: 27.993 GC heap before
{Heap before GC invocations=279 (full 3):
 PSYoungGen      total 2560K, used 2544K [0x00000000d5580000, 0x00000000d5980000, 0x0000000100000000)
  eden space 2048K, 100% used [0x00000000d5580000,0x00000000d5780000,0x00000000d5780000)
  from space 512K, 96% used [0x00000000d5800000,0x00000000d587c010,0x00000000d5880000)
  to   space 1024K, 0% used [0x00000000d5880000,0x00000000d5880000,0x00000000d5980000)
 ParOldGen       total 272896K, used 272604K [0x0000000080000000, 0x0000000090a80000, 0x00000000d5580000)
  object space 272896K, 99% used [0x0000000080000000,0x0000000090a370d0,0x0000000090a80000)
 Metaspace       used 72066K, committed 73728K, reserved 1179648K
  class space    used 7572K, committed 8256K, reserved 1048576K
}
Event: 27.995 GC heap after
{Heap after GC invocations=279 (full 3):
 PSYoungGen      total 2560K, used 288K [0x00000000d5580000, 0x00000000d5900000, 0x0000000100000000)
  eden space 2048K, 0% used [0x00000000d5580000,0x00000000d5580000,0x00000000d5780000)
  from space 512K, 56% used [0x00000000d5880000,0x00000000d58c8000,0x00000000d5900000)
  to   space 512K, 0% used [0x00000000d5800000,0x00000000d5800000,0x00000000d5880000)
 ParOldGen       total 273408K, used 273132K [0x0000000080000000, 0x0000000090b00000, 0x00000000d5580000)
  object space 273408K, 99% used [0x0000000080000000,0x0000000090abb0e0,0x0000000090b00000)
 Metaspace       used 72066K, committed 73728K, reserved 1179648K
  class space    used 7572K, committed 8256K, reserved 1048576K
}
Event: 28.000 GC heap before
{Heap before GC invocations=280 (full 3):
 PSYoungGen      total 2560K, used 2336K [0x00000000d5580000, 0x00000000d5900000, 0x0000000100000000)
  eden space 2048K, 100% used [0x00000000d5580000,0x00000000d5780000,0x00000000d5780000)
  from space 512K, 56% used [0x00000000d5880000,0x00000000d58c8000,0x00000000d5900000)
  to   space 512K, 0% used [0x00000000d5800000,0x00000000d5800000,0x00000000d5880000)
 ParOldGen       total 273408K, used 273132K [0x0000000080000000, 0x0000000090b00000, 0x00000000d5580000)
  object space 273408K, 99% used [0x0000000080000000,0x0000000090abb0e0,0x0000000090b00000)
 Metaspace       used 72067K, committed 73728K, reserved 1179648K
  class space    used 7572K, committed 8256K, reserved 1048576K
}
Event: 28.001 GC heap after
{Heap after GC invocations=280 (full 3):
 PSYoungGen      total 2560K, used 320K [0x00000000d5580000, 0x00000000d5900000, 0x0000000100000000)
  eden space 2048K, 0% used [0x00000000d5580000,0x00000000d5580000,0x00000000d5780000)
  from space 512K, 62% used [0x00000000d5800000,0x00000000d5850000,0x00000000d5880000)
  to   space 512K, 0% used [0x00000000d5880000,0x00000000d5880000,0x00000000d5900000)
 ParOldGen       total 273408K, used 273252K [0x0000000080000000, 0x0000000090b00000, 0x00000000d5580000)
  object space 273408K, 99% used [0x0000000080000000,0x0000000090ad90e0,0x0000000090b00000)
 Metaspace       used 72067K, committed 73728K, reserved 1179648K
  class space    used 7572K, committed 8256K, reserved 1048576K
}
Event: 28.022 GC heap before
{Heap before GC invocations=281 (full 3):
 PSYoungGen      total 2560K, used 2368K [0x00000000d5580000, 0x00000000d5900000, 0x0000000100000000)
  eden space 2048K, 100% used [0x00000000d5580000,0x00000000d5780000,0x00000000d5780000)
  from space 512K, 62% used [0x00000000d5800000,0x00000000d5850000,0x00000000d5880000)
  to   space 512K, 0% used [0x00000000d5880000,0x00000000d5880000,0x00000000d5900000)
 ParOldGen       total 273408K, used 273252K [0x0000000080000000, 0x0000000090b00000, 0x00000000d5580000)
  object space 273408K, 99% used [0x0000000080000000,0x0000000090ad90e0,0x0000000090b00000)
 Metaspace       used 72077K, committed 73728K, reserved 1179648K
  class space    used 7573K, committed 8256K, reserved 1048576K
}
Event: 28.024 GC heap after
{Heap after GC invocations=281 (full 3):
 PSYoungGen      total 2560K, used 416K [0x00000000d5580000, 0x00000000d5900000, 0x0000000100000000)
  eden space 2048K, 0% used [0x00000000d5580000,0x00000000d5580000,0x00000000d5780000)
  from space 512K, 81% used [0x00000000d5880000,0x00000000d58e8000,0x00000000d5900000)
  to   space 512K, 0% used [0x00000000d5800000,0x00000000d5800000,0x00000000d5880000)
 ParOldGen       total 273920K, used 273428K [0x0000000080000000, 0x0000000090b80000, 0x00000000d5580000)
  object space 273920K, 99% used [0x0000000080000000,0x0000000090b050e0,0x0000000090b80000)
 Metaspace       used 72077K, committed 73728K, reserved 1179648K
  class space    used 7573K, committed 8256K, reserved 1048576K
}

Dll operation events (10 events):
Event: 0.039 Loaded shared library c:\Users\hiwet\.vscode\extensions\redhat.java-1.46.0-win32-x64\jre\21.0.8-win32-x86_64\bin\java.dll
Event: 0.184 Loaded shared library c:\Users\hiwet\.vscode\extensions\redhat.java-1.46.0-win32-x64\jre\21.0.8-win32-x86_64\bin\zip.dll
Event: 0.229 Loaded shared library C:\Users\hiwet\.vscode\extensions\redhat.java-1.46.0-win32-x64\jre\21.0.8-win32-x86_64\bin\instrument.dll
Event: 0.245 Loaded shared library C:\Users\hiwet\.vscode\extensions\redhat.java-1.46.0-win32-x64\jre\21.0.8-win32-x86_64\bin\net.dll
Event: 0.285 Loaded shared library C:\Users\hiwet\.vscode\extensions\redhat.java-1.46.0-win32-x64\jre\21.0.8-win32-x86_64\bin\nio.dll
Event: 0.306 Loaded shared library C:\Users\hiwet\.vscode\extensions\redhat.java-1.46.0-win32-x64\jre\21.0.8-win32-x86_64\bin\zip.dll
Event: 0.373 Loaded shared library C:\Users\hiwet\.vscode\extensions\redhat.java-1.46.0-win32-x64\jre\21.0.8-win32-x86_64\bin\jimage.dll
Event: 0.534 Loaded shared library c:\Users\hiwet\.vscode\extensions\redhat.java-1.46.0-win32-x64\jre\21.0.8-win32-x86_64\bin\verify.dll
Event: 3.086 Loaded shared library C:\Users\hiwet\AppData\Roaming\Code\User\globalStorage\redhat.java\1.46.0\config_win\org.eclipse.equinox.launcher\org.eclipse.equinox.launcher.win32.win32.x86_64_1.2.1400.v20250801-0854\eclipse_11916.dll
Event: 7.691 Loaded shared library C:\Users\hiwet\AppData\Local\Temp\jna-99291845\jna13371033242379477315.dll

Deoptimization events (20 events):
Event: 26.939 Thread 0x000002c2ff419120 DEOPT PACKING pc=0x000002c2e650cad3 sp=0x000000fcc65fe9b0
Event: 26.939 Thread 0x000002c2ff419120 DEOPT UNPACKING pc=0x000002c2ec4278e2 sp=0x000000fcc65fdf20 mode 0
Event: 26.981 Thread 0x000002c2ff419120 DEOPT PACKING pc=0x000002c2e6a06a72 sp=0x000000fcc65fdc30
Event: 26.981 Thread 0x000002c2ff419120 DEOPT UNPACKING pc=0x000002c2ec4278e2 sp=0x000000fcc65fd1a8 mode 0
Event: 27.088 Thread 0x000002c2ff419120 DEOPT PACKING pc=0x000002c2e6a06a72 sp=0x000000fcc65fdc30
Event: 27.088 Thread 0x000002c2ff419120 DEOPT UNPACKING pc=0x000002c2ec4278e2 sp=0x000000fcc65fd1a8 mode 0
Event: 27.155 Thread 0x000002c2ff418a90 Uncommon trap: trap_request=0xffffffc6 fr.pc=0x000002c2ecf61054 relative=0x0000000000001014
Event: 27.155 Thread 0x000002c2ff418a90 Uncommon trap: reason=bimorphic_or_optimized_type_check action=maybe_recompile pc=0x000002c2ecf61054 method=java.util.concurrent.ConcurrentHashMap.putVal(Ljava/lang/Object;Ljava/lang/Object;Z)Ljava/lang/Object; @ 159 c2
Event: 27.155 Thread 0x000002c2ff418a90 DEOPT PACKING pc=0x000002c2ecf61054 sp=0x000000fcc63ff310
Event: 27.155 Thread 0x000002c2ff418a90 DEOPT UNPACKING pc=0x000002c2ec426da2 sp=0x000000fcc63ff2c0 mode 2
Event: 27.803 Thread 0x000002c2ff419e40 DEOPT PACKING pc=0x000002c2e559f184 sp=0x000000fcc62fe720
Event: 27.803 Thread 0x000002c2ff419e40 DEOPT UNPACKING pc=0x000002c2ec4278e2 sp=0x000000fcc62fdbd8 mode 0
Event: 27.956 Thread 0x000002c2ff419e40 DEOPT PACKING pc=0x000002c2e6a06a72 sp=0x000000fcc62fcc70
Event: 27.956 Thread 0x000002c2ff419e40 DEOPT UNPACKING pc=0x000002c2ec4278e2 sp=0x000000fcc62fc208 mode 0
Event: 27.973 Thread 0x000002c2ff419e40 DEOPT PACKING pc=0x000002c2e6a06a72 sp=0x000000fcc62fdd90
Event: 27.973 Thread 0x000002c2ff419e40 DEOPT UNPACKING pc=0x000002c2ec4278e2 sp=0x000000fcc62fd308 mode 0
Event: 28.034 Thread 0x000002c2c3dad910 Uncommon trap: trap_request=0xffffffde fr.pc=0x000002c2ecd28e98 relative=0x0000000000000078
Event: 28.034 Thread 0x000002c2c3dad910 Uncommon trap: reason=class_check action=maybe_recompile pc=0x000002c2ecd28e98 method=java.util.LinkedHashMap.afterNodeInsertion(Z)V @ 15 c2
Event: 28.034 Thread 0x000002c2c3dad910 DEOPT PACKING pc=0x000002c2ecd28e98 sp=0x000000fcc7cfef30
Event: 28.034 Thread 0x000002c2c3dad910 DEOPT UNPACKING pc=0x000002c2ec426da2 sp=0x000000fcc7cfeea8 mode 2

Classes loaded (20 events):
Event: 24.159 Loading class java/util/TreeMap$NavigableSubMap$SubMapEntryIterator
Event: 24.159 Loading class java/util/TreeMap$NavigableSubMap$SubMapIterator
Event: 24.160 Loading class java/util/TreeMap$NavigableSubMap$SubMapIterator done
Event: 24.160 Loading class java/util/TreeMap$NavigableSubMap$SubMapEntryIterator done
Event: 24.177 Loading class java/util/ImmutableCollections$SubList
Event: 24.177 Loading class java/util/ImmutableCollections$SubList done
Event: 25.199 Loading class jdk/internal/ref/CleanerImpl$InnocuousThreadFactory
Event: 25.199 Loading class jdk/internal/ref/CleanerImpl$InnocuousThreadFactory done
Event: 25.267 Loading class java/nio/BufferMismatch
Event: 25.268 Loading class java/nio/BufferMismatch done
Event: 25.268 Loading class java/nio/file/attribute/PosixFileAttributes
Event: 25.268 Loading class java/nio/file/attribute/PosixFileAttributes done
Event: 25.957 Loading class java/util/concurrent/ArrayBlockingQueue
Event: 25.957 Loading class java/util/concurrent/ArrayBlockingQueue done
Event: 26.052 Loading class java/util/concurrent/ConcurrentHashMap$KeySpliterator
Event: 26.052 Loading class java/util/concurrent/ConcurrentHashMap$KeySpliterator done
Event: 26.170 Loading class sun/nio/ch/ChannelOutputStream
Event: 26.171 Loading class sun/nio/ch/ChannelOutputStream done
Event: 26.811 Loading class java/io/CharArrayWriter
Event: 26.811 Loading class java/io/CharArrayWriter done

Classes unloaded (10 events):
Event: 8.722 Thread 0x000002c2f86f3490 Unloading class 0x000002c2811ab400 'java/lang/invoke/LambdaForm$MH+0x000002c2811ab400'
Event: 8.722 Thread 0x000002c2f86f3490 Unloading class 0x000002c2811ab000 'java/lang/invoke/LambdaForm$MH+0x000002c2811ab000'
Event: 8.722 Thread 0x000002c2f86f3490 Unloading class 0x000002c2811aac00 'java/lang/invoke/LambdaForm$MH+0x000002c2811aac00'
Event: 8.722 Thread 0x000002c2f86f3490 Unloading class 0x000002c2811aa800 'java/lang/invoke/LambdaForm$MH+0x000002c2811aa800'
Event: 8.722 Thread 0x000002c2f86f3490 Unloading class 0x000002c2811aa400 'java/lang/invoke/LambdaForm$BMH+0x000002c2811aa400'
Event: 8.722 Thread 0x000002c2f86f3490 Unloading class 0x000002c2811aa000 'java/lang/invoke/LambdaForm$DMH+0x000002c2811aa000'
Event: 8.722 Thread 0x000002c2f86f3490 Unloading class 0x000002c2811a8c00 'java/lang/invoke/LambdaForm$DMH+0x000002c2811a8c00'
Event: 19.666 Thread 0x000002c2f86f3490 Unloading class 0x000002c2816cd000 'java/lang/invoke/LambdaForm$DMH+0x000002c2816cd000'
Event: 19.666 Thread 0x000002c2f86f3490 Unloading class 0x000002c2816cc800 'java/lang/invoke/LambdaForm$DMH+0x000002c2816cc800'
Event: 19.666 Thread 0x000002c2f86f3490 Unloading class 0x000002c2816ccc00 'java/lang/invoke/LambdaForm$DMH+0x000002c2816ccc00'

Classes redefined (0 events):
No events

Internal exceptions (20 events):
Event: 24.716 Thread 0x000002c2c3dadfa0 Exception <a 'java/lang/NoSuchMethodError'{0x00000000d5639688}: 'java.lang.Object java.lang.invoke.DirectMethodHandle$Holder.invokeSpecial(java.lang.Object, java.lang.Object, java.lang.Object, java.lang.Object, int, java.lang.Object, java.lang.Object)'> (0x00000000d5639688) 
thrown [s\src\hotspot\share\interpreter\linkResolver.cpp, line 773]
Event: 24.720 Thread 0x000002c2c3dac560 Exception <a 'java/lang/IncompatibleClassChangeError'{0x00000000d566d800}: Found class java.lang.Object, but interface was expected> (0x00000000d566d800) 
thrown [s\src\hotspot\share\interpreter\linkResolver.cpp, line 840]
Event: 24.721 Thread 0x000002c2c3dac560 Exception <a 'java/lang/IncompatibleClassChangeError'{0x00000000d56c8f10}: Found class java.lang.Object, but interface was expected> (0x00000000d56c8f10) 
thrown [s\src\hotspot\share\interpreter\linkResolver.cpp, line 840]
Event: 24.998 Thread 0x000002c2ff418a90 Implicit null exception at 0x000002c2ecd2fdd3 to 0x000002c2ecd30a3c
Event: 25.682 Thread 0x000002c2ff4197b0 Exception <a 'sun/nio/fs/WindowsException'{0x00000000d5676920}> (0x00000000d5676920) 
thrown [s\src\hotspot\share\prims\jni.cpp, line 520]
Event: 25.686 Thread 0x000002c2c4713130 Exception <a 'sun/nio/fs/WindowsException'{0x00000000d5683568}> (0x00000000d5683568) 
thrown [s\src\hotspot\share\prims\jni.cpp, line 520]
Event: 25.687 Thread 0x000002c2c4713130 Exception <a 'sun/nio/fs/WindowsException'{0x00000000d5684940}> (0x00000000d5684940) 
thrown [s\src\hotspot\share\prims\jni.cpp, line 520]
Event: 25.690 Thread 0x000002c2c4713130 Exception <a 'sun/nio/fs/WindowsException'{0x00000000d5686d20}> (0x00000000d5686d20) 
thrown [s\src\hotspot\share\prims\jni.cpp, line 520]
Event: 25.699 Thread 0x000002c2c4714b70 Exception <a 'sun/nio/fs/WindowsException'{0x00000000d56900f0}> (0x00000000d56900f0) 
thrown [s\src\hotspot\share\prims\jni.cpp, line 520]
Event: 25.720 Thread 0x000002c2c4714b70 Exception <a 'sun/nio/fs/WindowsException'{0x00000000d56b1080}> (0x00000000d56b1080) 
thrown [s\src\hotspot\share\prims\jni.cpp, line 520]
Event: 25.723 Thread 0x000002c2c4714b70 Exception <a 'sun/nio/fs/WindowsException'{0x00000000d56b3348}> (0x00000000d56b3348) 
thrown [s\src\hotspot\share\prims\jni.cpp, line 520]
Event: 25.851 Thread 0x000002c2ff419120 Implicit null exception at 0x000002c2eceb08c6 to 0x000002c2eceb090f
Event: 26.006 Thread 0x000002c2c4715f20 Exception <a 'java/lang/NoSuchMethodError'{0x00000000d5625f10}: 'void java.lang.invoke.DirectMethodHandle$Holder.invokeStatic(java.lang.Object, int, java.lang.Object)'> (0x00000000d5625f10) 
thrown [s\src\hotspot\share\interpreter\linkResolver.cpp, line 773]
Event: 26.056 Thread 0x000002c2ff4197b0 Exception <a 'java/lang/NoSuchMethodError'{0x00000000d55baaa8}: 'java.lang.Object java.lang.invoke.DirectMethodHandle$Holder.invokeStatic(java.lang.Object, java.lang.Object, int, int, java.lang.Object)'> (0x00000000d55baaa8) 
thrown [s\src\hotspot\share\interpreter\linkResolver.cpp, line 773]
Event: 26.059 Thread 0x000002c2ff4197b0 Exception <a 'java/lang/NoSuchMethodError'{0x00000000d55c1fb0}: 'java.lang.Object java.lang.invoke.DirectMethodHandle$Holder.newInvokeSpecial(java.lang.Object, java.lang.Object, int, int, java.lang.Object)'> (0x00000000d55c1fb0) 
thrown [s\src\hotspot\share\interpreter\linkResolver.cpp, line 773]
Event: 26.694 Thread 0x000002c2ff4197b0 Exception <a 'sun/nio/fs/WindowsException'{0x00000000d5581cf8}> (0x00000000d5581cf8) 
thrown [s\src\hotspot\share\prims\jni.cpp, line 520]
Event: 26.697 Thread 0x000002c2c4713130 Exception <a 'sun/nio/fs/WindowsException'{0x00000000d5588b70}> (0x00000000d5588b70) 
thrown [s\src\hotspot\share\prims\jni.cpp, line 520]
Event: 26.698 Thread 0x000002c2c4715200 Exception <a 'sun/nio/fs/WindowsException'{0x00000000d55ad670}> (0x00000000d55ad670) 
thrown [s\src\hotspot\share\prims\jni.cpp, line 520]
Event: 26.769 Thread 0x000002c2ff4197b0 Exception <a 'sun/nio/fs/WindowsException'{0x00000000d55f5410}> (0x00000000d55f5410) 
thrown [s\src\hotspot\share\prims\jni.cpp, line 520]
Event: 26.770 Thread 0x000002c2ff4197b0 Exception <a 'sun/nio/fs/WindowsException'{0x00000000d55f5c00}> (0x00000000d55f5c00) 
thrown [s\src\hotspot\share\prims\jni.cpp, line 520]

ZGC Phase Switch (0 events):
No events

VM Operations (20 events):
Event: 27.855 Executing VM operation: ParallelGCFailedAllocation (Allocation Failure)
Event: 27.877 Executing VM operation: ParallelGCFailedAllocation (Allocation Failure) done
Event: 27.906 Executing VM operation: ParallelGCFailedAllocation (Allocation Failure)
Event: 27.914 Executing VM operation: ParallelGCFailedAllocation (Allocation Failure) done
Event: 27.947 Executing VM operation: ParallelGCFailedAllocation (Allocation Failure)
Event: 27.948 Executing VM operation: ParallelGCFailedAllocation (Allocation Failure) done
Event: 27.964 Executing VM operation: ParallelGCFailedAllocation (Allocation Failure)
Event: 27.966 Executing VM operation: ParallelGCFailedAllocation (Allocation Failure) done
Event: 27.977 Executing VM operation: ParallelGCFailedAllocation (Allocation Failure)
Event: 27.979 Executing VM operation: ParallelGCFailedAllocation (Allocation Failure) done
Event: 27.985 Executing VM operation: ParallelGCFailedAllocation (Allocation Failure)
Event: 27.987 Executing VM operation: ParallelGCFailedAllocation (Allocation Failure) done
Event: 27.992 Executing VM operation: ParallelGCFailedAllocation (Allocation Failure)
Event: 27.995 Executing VM operation: ParallelGCFailedAllocation (Allocation Failure) done
Event: 28.000 Executing VM operation: ParallelGCFailedAllocation (Allocation Failure)
Event: 28.001 Executing VM operation: ParallelGCFailedAllocation (Allocation Failure) done
Event: 28.022 Executing VM operation: ParallelGCFailedAllocation (Allocation Failure)
Event: 28.024 Executing VM operation: ParallelGCFailedAllocation (Allocation Failure) done
Event: 29.038 Executing VM operation: Cleanup
Event: 29.038 Executing VM operation: Cleanup done

Memory protections (0 events):
No events

Nmethod flushes (20 events):
Event: 19.692 Thread 0x000002c2f86f3490 flushing  nmethod 0x000002c2e5775e90
Event: 19.692 Thread 0x000002c2f86f3490 flushing  nmethod 0x000002c2e5776490
Event: 19.692 Thread 0x000002c2f86f3490 flushing  nmethod 0x000002c2e5776d10
Event: 19.692 Thread 0x000002c2f86f3490 flushing  nmethod 0x000002c2e5777410
Event: 19.692 Thread 0x000002c2f86f3490 flushing  nmethod 0x000002c2e5777a10
Event: 19.692 Thread 0x000002c2f86f3490 flushing  nmethod 0x000002c2e5779810
Event: 19.692 Thread 0x000002c2f86f3490 flushing  nmethod 0x000002c2e5789e10
Event: 19.692 Thread 0x000002c2f86f3490 flushing  nmethod 0x000002c2e578ea10
Event: 19.692 Thread 0x000002c2f86f3490 flushing  nmethod 0x000002c2e579d890
Event: 19.692 Thread 0x000002c2f86f3490 flushing  nmethod 0x000002c2e57cd290
Event: 19.692 Thread 0x000002c2f86f3490 flushing  nmethod 0x000002c2e57db490
Event: 19.692 Thread 0x000002c2f86f3490 flushing osr nmethod 0x000002c2e5801a10
Event: 19.692 Thread 0x000002c2f86f3490 flushing  nmethod 0x000002c2e5805710
Event: 19.692 Thread 0x000002c2f86f3490 flushing  nmethod 0x000002c2e5807a10
Event: 19.692 Thread 0x000002c2f86f3490 flushing  nmethod 0x000002c2e5814e90
Event: 19.692 Thread 0x000002c2f86f3490 flushing  nmethod 0x000002c2e5815610
Event: 19.692 Thread 0x000002c2f86f3490 flushing  nmethod 0x000002c2e5815990
Event: 19.692 Thread 0x000002c2f86f3490 flushing  nmethod 0x000002c2e5815d10
Event: 19.692 Thread 0x000002c2f86f3490 flushing  nmethod 0x000002c2e5816290
Event: 19.692 Thread 0x000002c2f86f3490 flushing  nmethod 0x000002c2e5819d90

Events (20 events):
Event: 24.954 Thread 0x000002c2c47116f0 Thread exited: 0x000002c2c47116f0
Event: 24.955 Thread 0x000002c2c4714b70 Thread exited: 0x000002c2c4714b70
Event: 24.962 Thread 0x000002c2c4713e50 Thread exited: 0x000002c2c4713e50
Event: 24.964 Thread 0x000002c2c4715200 Thread exited: 0x000002c2c4715200
Event: 25.199 Thread 0x000002c2c3dad910 Thread added: 0x000002c2c47144e0
Event: 25.684 Thread 0x000002c2ff4197b0 Thread added: 0x000002c2c4713130
Event: 25.686 Thread 0x000002c2c4713130 Thread added: 0x000002c2c4714b70
Event: 25.687 Thread 0x000002c2c4713130 Thread added: 0x000002c2c47116f0
Event: 25.697 Thread 0x000002c2c4714b70 Thread added: 0x000002c2c4713e50
Event: 25.699 Thread 0x000002c2c47116f0 Thread added: 0x000002c2c4715200
Event: 25.716 Thread 0x000002c2c4714b70 Thread added: 0x000002c2c4711d80
Event: 25.958 Thread 0x000002c2ff4197b0 Thread added: 0x000002c2c4715f20
Event: 26.060 Thread 0x000002c2ff4197b0 Thread added: 0x000002c2c47165b0
Event: 26.231 Thread 0x000002c2ff4197b0 Thread added: 0x000002c2c4716c40
Event: 26.335 Thread 0x000002c2ff4197b0 Thread added: 0x000002c2c47172d0
Event: 26.372 Thread 0x000002c2ff4197b0 Thread added: 0x000002c2c4717960
Event: 26.372 Thread 0x000002c2ff4197b0 Thread added: 0x000002c2c4717ff0
Event: 26.372 Thread 0x000002c2ff4197b0 Thread added: 0x000002c2c18de620
Event: 27.778 Thread 0x000002c2fe4e52b0 Thread exited: 0x000002c2fe4e52b0
Event: 27.803 Thread 0x000002c2f8725230 Thread added: 0x000002c2fe4e52b0


Dynamic libraries:
0x00007ff610e60000 - 0x00007ff610e6e000 	c:\Users\hiwet\.vscode\extensions\redhat.java-1.46.0-win32-x64\jre\21.0.8-win32-x86_64\bin\java.exe
0x00007ff842ce0000 - 0x00007ff842f48000 	C:\WINDOWS\SYSTEM32\ntdll.dll
0x00007ff8419e0000 - 0x00007ff841aa9000 	C:\WINDOWS\System32\KERNEL32.DLL
0x00007ff83fe70000 - 0x00007ff840262000 	C:\WINDOWS\System32\KERNELBASE.dll
0x00007ff840270000 - 0x00007ff8403bb000 	C:\WINDOWS\System32\ucrtbase.dll
0x00007ff819520000 - 0x00007ff819538000 	c:\Users\hiwet\.vscode\extensions\redhat.java-1.46.0-win32-x64\jre\21.0.8-win32-x86_64\bin\jli.dll
0x00007ff840e70000 - 0x00007ff841035000 	C:\WINDOWS\System32\USER32.dll
0x00007ff8409f0000 - 0x00007ff840a17000 	C:\WINDOWS\System32\win32u.dll
0x00007ff841240000 - 0x00007ff84126b000 	C:\WINDOWS\System32\GDI32.dll
0x00007ff8408c0000 - 0x00007ff8409ed000 	C:\WINDOWS\System32\gdi32full.dll
0x00007ff8403c0000 - 0x00007ff840463000 	C:\WINDOWS\System32\msvcp_win.dll
0x00007ff81b040000 - 0x00007ff81b05e000 	c:\Users\hiwet\.vscode\extensions\redhat.java-1.46.0-win32-x64\jre\21.0.8-win32-x86_64\bin\VCRUNTIME140.dll
0x00007ff820160000 - 0x00007ff8203f3000 	C:\WINDOWS\WinSxS\amd64_microsoft.windows.common-controls_6595b64144ccf1df_6.0.26100.6899_none_3e0efeeae32e88c1\COMCTL32.dll
0x00007ff841040000 - 0x00007ff8410e9000 	C:\WINDOWS\System32\msvcrt.dll
0x00007ff842b10000 - 0x00007ff842b3f000 	C:\WINDOWS\System32\IMM32.DLL
0x00007ff81bda0000 - 0x00007ff81bdac000 	c:\Users\hiwet\.vscode\extensions\redhat.java-1.46.0-win32-x64\jre\21.0.8-win32-x86_64\bin\vcruntime140_1.dll
0x00007ff817760000 - 0x00007ff8177ed000 	c:\Users\hiwet\.vscode\extensions\redhat.java-1.46.0-win32-x64\jre\21.0.8-win32-x86_64\bin\msvcp140.dll
0x00007fffda7f0000 - 0x00007fffdb587000 	c:\Users\hiwet\.vscode\extensions\redhat.java-1.46.0-win32-x64\jre\21.0.8-win32-x86_64\bin\server\jvm.dll
0x00007ff840db0000 - 0x00007ff840e64000 	C:\WINDOWS\System32\ADVAPI32.dll
0x00007ff842a50000 - 0x00007ff842af6000 	C:\WINDOWS\System32\sechost.dll
0x00007ff842930000 - 0x00007ff842a48000 	C:\WINDOWS\System32\RPCRT4.dll
0x00007ff8414d0000 - 0x00007ff841544000 	C:\WINDOWS\System32\WS2_32.dll
0x00007ff83fcd0000 - 0x00007ff83fd2e000 	C:\WINDOWS\SYSTEM32\POWRPROF.dll
0x00007ff834900000 - 0x00007ff834935000 	C:\WINDOWS\SYSTEM32\WINMM.dll
0x00007ff82d8f0000 - 0x00007ff82d8fb000 	C:\WINDOWS\SYSTEM32\VERSION.dll
0x00007ff83fcb0000 - 0x00007ff83fcc4000 	C:\WINDOWS\SYSTEM32\UMPDC.dll
0x00007ff83ec40000 - 0x00007ff83ec5b000 	C:\WINDOWS\SYSTEM32\kernel.appcore.dll
0x00007ff81b290000 - 0x00007ff81b29a000 	c:\Users\hiwet\.vscode\extensions\redhat.java-1.46.0-win32-x64\jre\21.0.8-win32-x86_64\bin\jimage.dll
0x00007ff83d740000 - 0x00007ff83d982000 	C:\WINDOWS\SYSTEM32\DBGHELP.DLL
0x00007ff841e60000 - 0x00007ff8421db000 	C:\WINDOWS\System32\combase.dll
0x00007ff840ab0000 - 0x00007ff840b87000 	C:\WINDOWS\System32\OLEAUT32.dll
0x00007ff81ac30000 - 0x00007ff81ac6c000 	C:\WINDOWS\SYSTEM32\dbgcore.DLL
0x00007ff8406b0000 - 0x00007ff840748000 	C:\WINDOWS\System32\bcryptPrimitives.dll
0x00007ff81b030000 - 0x00007ff81b03f000 	c:\Users\hiwet\.vscode\extensions\redhat.java-1.46.0-win32-x64\jre\21.0.8-win32-x86_64\bin\instrument.dll
0x00007ff819440000 - 0x00007ff81945f000 	c:\Users\hiwet\.vscode\extensions\redhat.java-1.46.0-win32-x64\jre\21.0.8-win32-x86_64\bin\java.dll
0x00007ff8421e0000 - 0x00007ff84292d000 	C:\WINDOWS\System32\SHELL32.dll
0x00007ff840750000 - 0x00007ff8408bb000 	C:\WINDOWS\System32\wintypes.dll
0x00007ff83da90000 - 0x00007ff83e2ed000 	C:\WINDOWS\SYSTEM32\windows.storage.dll
0x00007ff842ba0000 - 0x00007ff842c92000 	C:\WINDOWS\System32\SHCORE.dll
0x00007ff841460000 - 0x00007ff8414c2000 	C:\WINDOWS\System32\shlwapi.dll
0x00007ff83fd90000 - 0x00007ff83fdb9000 	C:\WINDOWS\SYSTEM32\profapi.dll
0x00007ff819320000 - 0x00007ff819338000 	c:\Users\hiwet\.vscode\extensions\redhat.java-1.46.0-win32-x64\jre\21.0.8-win32-x86_64\bin\zip.dll
0x00007ff819510000 - 0x00007ff819520000 	C:\Users\hiwet\.vscode\extensions\redhat.java-1.46.0-win32-x64\jre\21.0.8-win32-x86_64\bin\net.dll
0x00007ff82f220000 - 0x00007ff82f33f000 	C:\WINDOWS\SYSTEM32\WINHTTP.dll
0x00007ff83f1b0000 - 0x00007ff83f21b000 	C:\WINDOWS\system32\mswsock.dll
0x00007ff818210000 - 0x00007ff818226000 	C:\Users\hiwet\.vscode\extensions\redhat.java-1.46.0-win32-x64\jre\21.0.8-win32-x86_64\bin\nio.dll
0x00007ff819430000 - 0x00007ff819440000 	c:\Users\hiwet\.vscode\extensions\redhat.java-1.46.0-win32-x64\jre\21.0.8-win32-x86_64\bin\verify.dll
0x00007ff810840000 - 0x00007ff810884000 	C:\Users\hiwet\AppData\Roaming\Code\User\globalStorage\redhat.java\1.46.0\config_win\org.eclipse.equinox.launcher\org.eclipse.equinox.launcher.win32.win32.x86_64_1.2.1400.v20250801-0854\eclipse_11916.dll
0x00007ff840b90000 - 0x00007ff840d28000 	C:\WINDOWS\System32\ole32.dll
0x00007ff83f460000 - 0x00007ff83f47b000 	C:\WINDOWS\SYSTEM32\CRYPTSP.dll
0x00007ff83eba0000 - 0x00007ff83ebdb000 	C:\WINDOWS\system32\rsaenh.dll
0x00007ff83f250000 - 0x00007ff83f27b000 	C:\WINDOWS\SYSTEM32\USERENV.dll
0x00007ff83fd60000 - 0x00007ff83fd86000 	C:\WINDOWS\SYSTEM32\bcrypt.dll
0x00007ff83f480000 - 0x00007ff83f48c000 	C:\WINDOWS\SYSTEM32\CRYPTBASE.dll
0x00007ff83e670000 - 0x00007ff83e6a4000 	C:\WINDOWS\SYSTEM32\IPHLPAPI.DLL
0x00007ff842b80000 - 0x00007ff842b8a000 	C:\WINDOWS\System32\NSI.dll
0x00007ff808400000 - 0x00007ff808449000 	C:\Users\hiwet\AppData\Local\Temp\jna-99291845\jna13371033242379477315.dll
0x00007ff842b00000 - 0x00007ff842b08000 	C:\WINDOWS\System32\PSAPI.DLL
0x00007ff8365d0000 - 0x00007ff8365ee000 	C:\WINDOWS\SYSTEM32\dhcpcsvc6.DLL
0x00007ff8365a0000 - 0x00007ff8365c3000 	C:\WINDOWS\SYSTEM32\dhcpcsvc.DLL

JVMTI agents:
c:\Users\hiwet\.vscode\extensions\redhat.java-1.46.0-win32-x64\lombok\lombok-1.18.39-4050.jar path:c:\Users\hiwet\.vscode\extensions\redhat.java-1.46.0-win32-x64\jre\21.0.8-win32-x86_64\bin\instrument.dll, loaded, initialized, instrumentlib options:none

dbghelp: loaded successfully - version: 4.0.5 - missing functions: none
symbol engine: initialized successfully - sym options: 0x614 - pdb path: .;c:\Users\hiwet\.vscode\extensions\redhat.java-1.46.0-win32-x64\jre\21.0.8-win32-x86_64\bin;C:\WINDOWS\SYSTEM32;C:\WINDOWS\WinSxS\amd64_microsoft.windows.common-controls_6595b64144ccf1df_6.0.26100.6899_none_3e0efeeae32e88c1;c:\Users\hiwet\.vscode\extensions\redhat.java-1.46.0-win32-x64\jre\21.0.8-win32-x86_64\bin\server;C:\Users\hiwet\AppData\Roaming\Code\User\globalStorage\redhat.java\1.46.0\config_win\org.eclipse.equinox.launcher\org.eclipse.equinox.launcher.win32.win32.x86_64_1.2.1400.v20250801-0854;C:\Users\hiwet\AppData\Local\Temp\jna-99291845

VM Arguments:
jvm_args: --add-modules=ALL-SYSTEM --add-opens=java.base/java.util=ALL-UNNAMED --add-opens=java.base/java.lang=ALL-UNNAMED --add-opens=java.base/sun.nio.fs=ALL-UNNAMED -Declipse.application=org.eclipse.jdt.ls.core.id1 -Dosgi.bundles.defaultStartLevel=4 -Declipse.product=org.eclipse.jdt.ls.core.product -Djava.import.generatesMetadataFilesAtProjectRoot=false -DDetectVMInstallationsJob.disabled=true -Dfile.encoding=utf8 -XX:+UseParallelGC -XX:GCTimeRatio=4 -XX:AdaptiveSizePolicyWeight=90 -Dsun.zip.disableMemoryMapping=true -Xmx2G -Xms100m -Xlog:disable -javaagent:c:\Users\hiwet\.vscode\extensions\redhat.java-1.46.0-win32-x64\lombok\lombok-1.18.39-4050.jar -XX:+HeapDumpOnOutOfMemoryError -XX:HeapDumpPath=c:\Users\hiwet\AppData\Roaming\Code\User\workspaceStorage\70478ad307e794b34d456762fc5b8678\redhat.java -Daether.dependencyCollector.impl=bf 
java_command: c:\Users\hiwet\.vscode\extensions\redhat.java-1.46.0-win32-x64\server\plugins\org.eclipse.equinox.launcher_1.7.0.v20250519-0528.jar -configuration c:\Users\hiwet\AppData\Roaming\Code\User\globalStorage\redhat.java\1.46.0\config_win -data c:\Users\hiwet\AppData\Roaming\Code\User\workspaceStorage\70478ad307e794b34d456762fc5b8678\redhat.java\jdt_ws --pipe=\\.\pipe\lsp-dda853c2e99a368438205380ef13f55a-sock
java_class_path (initial): c:\Users\hiwet\.vscode\extensions\redhat.java-1.46.0-win32-x64\server\plugins\org.eclipse.equinox.launcher_1.7.0.v20250519-0528.jar
Launcher Type: SUN_STANDARD

[Global flags]
    uintx AdaptiveSizePolicyWeight                 = 90                                        {product} {command line}
     intx CICompilerCount                          = 4                                         {product} {ergonomic}
    uintx GCTimeRatio                              = 4                                         {product} {command line}
     bool HeapDumpOnOutOfMemoryError               = true                                   {manageable} {command line}
    ccstr HeapDumpPath                             = c:\Users\hiwet\AppData\Roaming\Code\User\workspaceStorage\70478ad307e794b34d456762fc5b8678\redhat.java         {manageable} {command line}
   size_t InitialHeapSize                          = 104857600                                 {product} {command line}
   size_t MaxHeapSize                              = 2147483648                                {product} {command line}
   size_t MaxNewSize                               = 715653120                                 {product} {ergonomic}
   size_t MinHeapDeltaBytes                        = 524288                                    {product} {ergonomic}
   size_t MinHeapSize                              = 104857600                                 {product} {command line}
   size_t NewSize                                  = 34603008                                  {product} {ergonomic}
    uintx NonNMethodCodeHeapSize                   = 5839372                                {pd product} {ergonomic}
    uintx NonProfiledCodeHeapSize                  = 122909434                              {pd product} {ergonomic}
   size_t OldSize                                  = 70254592                                  {product} {ergonomic}
    uintx ProfiledCodeHeapSize                     = 122909434                              {pd product} {ergonomic}
    uintx ReservedCodeCacheSize                    = 251658240                              {pd product} {ergonomic}
     bool SegmentedCodeCache                       = true                                      {product} {ergonomic}
   size_t SoftMaxHeapSize                          = 2147483648                             {manageable} {ergonomic}
     bool UseCompressedOops                        = true                           {product lp64_product} {ergonomic}
     bool UseLargePagesIndividualAllocation        = false                                  {pd product} {ergonomic}
     bool UseParallelGC                            = true                                      {product} {command line}

Logging:
Log output configuration:
 #0: stdout all=off uptime,level,tags foldmultilines=false
 #1: stderr all=off uptime,level,tags foldmultilines=false

Environment Variables:
JAVA_HOME=C:\Program Files\Eclipse Adoptium\jdk-17.0.15.6-hotspot\
PATH=C:\Program Files (x86)\Common Files\Oracle\Java\java8path;C:\Program Files (x86)\Common Files\Oracle\Java\javapath;C:\Program Files\Eclipse Adoptium\jdk-17.0.15.6-hotspot\bin;C:\WINDOWS\system32;C:\WINDOWS;C:\WINDOWS\System32\Wbem;C:\WINDOWS\System32\WindowsPowerShell\v1.0\;C:\WINDOWS\System32\OpenSSH\;C:\Program Files (x86)\Microsoft SQL Server\160\Tools\Binn\;C:\Program Files\Microsoft SQL Server\160\Tools\Binn\;C:\Program Files\Microsoft SQL Server\Client SDK\ODBC\170\Tools\Binn\;C:\Program Files\Microsoft SQL Server\160\DTS\Binn\;C:\Program Files\dotnet\;C:\Program Files (x86)\Windows Kits\10\Windows Performance Toolkit\;C:\Program Files\Git\cmd;C:\Users\hiwet\AppData\Local\Programs\Eclipse Adoptium\jdk-21.0.7.6-hotspot\bin;C:\Users\hiwet\OneDrive\Desktop\Python\Scripts\;C:\Users\hiwet\OneDrive\Desktop\Python\;C:\Users\hiwet\AppData\Local\Programs\Python\Launcher\;C:\Users\hiwet\AppData\Local\Microsoft\WindowsApps;C:\Users\hiwet\AppData\Local\Programs\Microsoft VS Code\bin;C:\Users\hiwet\.dotnet\tools;C:\msys64\ucrt64\bin;
USERNAME=hiwet
OS=Windows_NT
PROCESSOR_IDENTIFIER=Intel64 Family 6 Model 140 Stepping 1, GenuineIntel
TMP=C:\Users\hiwet\AppData\Local\Temp
TEMP=C:\Users\hiwet\AppData\Local\Temp




Periodic native trim disabled

---------------  S Y S T E M  ---------------

OS:
 Windows 11 , 64 bit Build 26100 (10.0.26100.6725)
OS uptime: 4 days 3:27 hours
Hyper-V role detected

CPU: total 8 (initial active 8) (4 cores per cpu, 2 threads per core) family 6 model 140 stepping 1 microcode 0xbc, cx8, cmov, fxsr, ht, mmx, 3dnowpref, sse, sse2, sse3, ssse3, sse4.1, sse4.2, popcnt, lzcnt, tsc, tscinvbit, avx, avx2, aes, erms, clmul, bmi1, bmi2, adx, avx512f, avx512dq, avx512cd, avx512bw, avx512vl, sha, fma, vzeroupper, avx512_vpopcntdq, avx512_vpclmulqdq, avx512_vaes, avx512_vnni, clflush, clflushopt, clwb, avx512_vbmi2, avx512_vbmi, hv, rdtscp, rdpid, fsrm, gfni, avx512_bitalg, f16c, cet_ibt, cet_ss, avx512_ifma
Processor Information for the first 8 processors :
  Max Mhz: 2401, Current Mhz: 2401, Mhz Limit: 2401

Memory: 4k page, system-wide physical 11930M (1153M free)
TotalPageFile size 16026M (AvailPageFile size 18M)
current process WorkingSet (physical memory assigned to process): 557M, peak: 561M
current process commit charge ("private bytes"): 622M, peak: 622M

vm_info: OpenJDK 64-Bit Server VM (21.0.8+9-LTS) for windows-amd64 JRE (21.0.8+9-LTS), built on 2025-07-15T00:00:00Z by "admin" with MS VC++ 17.7 (VS2022)

END.
