#
# There is insufficient memory for the Java Runtime Environment to continue.
# Native memory allocation (malloc) failed to allocate 2000960 bytes. Error detail: Chunk::new
# Possible reasons:
#   The system is out of physical RAM or swap space
#   This process is running with CompressedOops enabled, and the Java Heap may be blocking the growth of the native heap
# Possible solutions:
#   Reduce memory load on the system
#   Increase physical memory or swap space
#   Check if swap backing store is full
#   Decrease Java heap size (-Xmx/-Xms)
#   Decrease number of Java threads
#   Decrease Java thread stack sizes (-Xss)
#   Set larger code cache with -XX:ReservedCodeCacheSize=
#   JVM is running with Unscaled Compressed Oops mode in which the Java heap is
#     placed in the first 4GB address space. The Java Heap base address is the
#     maximum limit for the native heap growth. Please use -XX:HeapBaseMinAddress
#     to set the Java Heap base and to place the Java Heap above 4GB virtual address.
# This output file may be truncated or incomplete.
#
#  Out of Memory Error (arena.cpp:168), pid=9956, tid=13400
#
# JRE version: OpenJDK Runtime Environment Temurin-21.0.8+9 (21.0.8+9) (build 21.0.8+9-LTS)
# Java VM: OpenJDK 64-Bit Server VM Temurin-21.0.8+9 (21.0.8+9-LTS, mixed mode, sharing, tiered, compressed oops, compressed class ptrs, parallel gc, windows-amd64)
# No core dump will be written. Minidumps are not enabled by default on client versions of Windows
#

---------------  S U M M A R Y ------------

Command Line: --add-modules=ALL-SYSTEM --add-opens=java.base/java.util=ALL-UNNAMED --add-opens=java.base/java.lang=ALL-UNNAMED --add-opens=java.base/sun.nio.fs=ALL-UNNAMED -Declipse.application=org.eclipse.jdt.ls.core.id1 -Dosgi.bundles.defaultStartLevel=4 -Declipse.product=org.eclipse.jdt.ls.core.product -Djava.import.generatesMetadataFilesAtProjectRoot=false -DDetectVMInstallationsJob.disabled=true -Dfile.encoding=utf8 -XX:+UseParallelGC -XX:GCTimeRatio=4 -XX:AdaptiveSizePolicyWeight=90 -Dsun.zip.disableMemoryMapping=true -Xmx2G -Xms100m -Xlog:disable -javaagent:c:\Users\hiwet\.vscode\extensions\redhat.java-1.46.0-win32-x64\lombok\lombok-1.18.39-4050.jar c:\Users\hiwet\.vscode\extensions\redhat.java-1.46.0-win32-x64\server\plugins\org.eclipse.equinox.launcher_1.7.0.v20250519-0528.jar -configuration c:\Users\hiwet\AppData\Roaming\Code\User\globalStorage\redhat.java\1.46.0\config_ss_win -data c:\Users\hiwet\AppData\Roaming\Code\User\workspaceStorage\70478ad307e794b34d456762fc5b8678\redhat.java\ss_ws --pipe=\\.\pipe\lsp-59782765c0890fdea15c54c53143bda5-sock

Host: 11th Gen Intel(R) Core(TM) i5-1135G7 @ 2.40GHz, 8 cores, 11G,  Windows 11 , 64 bit Build 26100 (10.0.26100.6725)
Time: Mon Oct 27 18:08:18 2025 Eastern Daylight Time elapsed time: 5.021806 seconds (0d 0h 0m 5s)

---------------  T H R E A D  ---------------

Current thread (0x0000019849482f50):  JavaThread "C2 CompilerThread2" daemon [_thread_in_native, id=13400, stack(0x0000007bf9100000,0x0000007bf9200000) (1024K)]


Current CompileTask:
C2:5021 2761       4       org.lombokweb.asm.ClassReader::readMethod (1070 bytes)

Stack: [0x0000007bf9100000,0x0000007bf9200000]
Native frames: (J=compiled Java code, j=interpreted, Vv=VM code, C=native code)
V  [jvm.dll+0x6d2449]
V  [jvm.dll+0x8ae341]
V  [jvm.dll+0x8b08be]
V  [jvm.dll+0x8b0fa3]
V  [jvm.dll+0x280c96]
V  [jvm.dll+0xc581d]
V  [jvm.dll+0xc5d53]
V  [jvm.dll+0x3b919c]
V  [jvm.dll+0x1e1213]
V  [jvm.dll+0x249022]
V  [jvm.dll+0x2484af]
V  [jvm.dll+0x1c89ee]
V  [jvm.dll+0x257d4d]
V  [jvm.dll+0x2562ea]
V  [jvm.dll+0x3f2d16]
V  [jvm.dll+0x857e6b]
V  [jvm.dll+0x6d0b0d]
C  [ucrtbase.dll+0x37b0]
C  [KERNEL32.DLL+0x2e8d7]
C  [ntdll.dll+0x8c53c]


---------------  P R O C E S S  ---------------

Threads class SMR info:
_java_thread_list=0x0000019849d96790, length=22, elements={
0x000001986a675b80, 0x000001986a72d350, 0x000001986a5e3fa0, 0x000001986a5e8b80,
0x000001986a5eda10, 0x000001986a5f0cf0, 0x000001986a5fa540, 0x000001986a5fe4d0,
0x000001986a6024e0, 0x000001987e95a860, 0x000001987e95c2a0, 0x000001987e95c930,
0x000001987e95bc10, 0x000001987e95aef0, 0x000001987e95d650, 0x000001987e95b580,
0x000001987e95cfc0, 0x000001987e95dce0, 0x000001984931ced0, 0x00000198494828b0,
0x0000019849482f50, 0x000001984931c1b0
}

Java Threads: ( => current thread )
  0x000001986a675b80 JavaThread "main"                              [_thread_blocked, id=10884, stack(0x0000007bf7300000,0x0000007bf7400000) (1024K)]
  0x000001986a72d350 JavaThread "Reference Handler"          daemon [_thread_blocked, id=16880, stack(0x0000007bf7700000,0x0000007bf7800000) (1024K)]
  0x000001986a5e3fa0 JavaThread "Finalizer"                  daemon [_thread_blocked, id=23960, stack(0x0000007bf7800000,0x0000007bf7900000) (1024K)]
  0x000001986a5e8b80 JavaThread "Signal Dispatcher"          daemon [_thread_blocked, id=3600, stack(0x0000007bf7900000,0x0000007bf7a00000) (1024K)]
  0x000001986a5eda10 JavaThread "Attach Listener"            daemon [_thread_blocked, id=20580, stack(0x0000007bf7a00000,0x0000007bf7b00000) (1024K)]
  0x000001986a5f0cf0 JavaThread "Service Thread"             daemon [_thread_blocked, id=10088, stack(0x0000007bf7b00000,0x0000007bf7c00000) (1024K)]
  0x000001986a5fa540 JavaThread "Monitor Deflation Thread"   daemon [_thread_blocked, id=716, stack(0x0000007bf7c00000,0x0000007bf7d00000) (1024K)]
  0x000001986a5fe4d0 JavaThread "C2 CompilerThread0"         daemon [_thread_blocked, id=25084, stack(0x0000007bf7d00000,0x0000007bf7e00000) (1024K)]
  0x000001986a6024e0 JavaThread "C1 CompilerThread0"         daemon [_thread_in_native, id=14364, stack(0x0000007bf7e00000,0x0000007bf7f00000) (1024K)]
  0x000001987e95a860 JavaThread "Common-Cleaner"             daemon [_thread_blocked, id=4652, stack(0x0000007bf7f00000,0x0000007bf8000000) (1024K)]
  0x000001987e95c2a0 JavaThread "Notification Thread"        daemon [_thread_blocked, id=19540, stack(0x0000007bf8100000,0x0000007bf8200000) (1024K)]
  0x000001987e95c930 JavaThread "Active Thread: Equinox Container: 2172dbee-fd1d-49c8-ad2f-6ea5ed30697c"        [_thread_blocked, id=14724, stack(0x0000007bf8900000,0x0000007bf8a00000) (1024K)]
  0x000001987e95bc10 JavaThread "Framework Event Dispatcher: Equinox Container: 2172dbee-fd1d-49c8-ad2f-6ea5ed30697c" daemon [_thread_blocked, id=14368, stack(0x0000007bf8a00000,0x0000007bf8b00000) (1024K)]
  0x000001987e95aef0 JavaThread "Start Level: Equinox Container: 2172dbee-fd1d-49c8-ad2f-6ea5ed30697c" daemon [_thread_in_Java, id=25512, stack(0x0000007bf8b00000,0x0000007bf8c00000) (1024K)]
  0x000001987e95d650 JavaThread "SCR Component Actor"        daemon [_thread_blocked, id=19052, stack(0x0000007bf8200000,0x0000007bf8300000) (1024K)]
  0x000001987e95b580 JavaThread "Worker-JM"                         [_thread_blocked, id=20652, stack(0x0000007bf8e00000,0x0000007bf8f00000) (1024K)]
  0x000001987e95cfc0 JavaThread "JNA Cleaner"                daemon [_thread_blocked, id=5452, stack(0x0000007bf8000000,0x0000007bf8100000) (1024K)]
  0x000001987e95dce0 JavaThread "Worker-0"                          [_thread_blocked, id=2040, stack(0x0000007bf8d00000,0x0000007bf8e00000) (1024K)]
  0x000001984931ced0 JavaThread "Worker-1"                          [_thread_blocked, id=10760, stack(0x0000007bf8f00000,0x0000007bf9000000) (1024K)]
  0x00000198494828b0 JavaThread "C2 CompilerThread1"         daemon [_thread_blocked, id=25708, stack(0x0000007bf9000000,0x0000007bf9100000) (1024K)]
=>0x0000019849482f50 JavaThread "C2 CompilerThread2"         daemon [_thread_in_native, id=13400, stack(0x0000007bf9100000,0x0000007bf9200000) (1024K)]
  0x000001984931c1b0 JavaThread "Java indexing"              daemon [_thread_blocked, id=23644, stack(0x0000007bf9200000,0x0000007bf9300000) (1024K)]
Total: 22

Other Threads:
  0x00000198682843c0 VMThread "VM Thread"                           [id=23088, stack(0x0000007bf7600000,0x0000007bf7700000) (1024K)]
  0x000001986a6e3240 WatcherThread "VM Periodic Task Thread"        [id=1652, stack(0x0000007bf7500000,0x0000007bf7600000) (1024K)]
  0x0000019868284760 WorkerThread "GC Thread#0"                     [id=18228, stack(0x0000007bf7400000,0x0000007bf7500000) (1024K)]
  0x0000019868284ea0 WorkerThread "GC Thread#1"                     [id=13576, stack(0x0000007bf8300000,0x0000007bf8400000) (1024K)]
  0x0000019868285240 WorkerThread "GC Thread#2"                     [id=9988, stack(0x0000007bf8400000,0x0000007bf8500000) (1024K)]
  0x00000198682838e0 WorkerThread "GC Thread#3"                     [id=23996, stack(0x0000007bf8500000,0x0000007bf8600000) (1024K)]
  0x000001987f03fa10 WorkerThread "GC Thread#4"                     [id=5732, stack(0x0000007bf8600000,0x0000007bf8700000) (1024K)]
  0x000001987f041e50 WorkerThread "GC Thread#5"                     [id=19808, stack(0x0000007bf8700000,0x0000007bf8800000) (1024K)]
  0x000001987f041710 WorkerThread "GC Thread#6"                     [id=16504, stack(0x0000007bf8800000,0x0000007bf8900000) (1024K)]
  0x000001987f040150 WorkerThread "GC Thread#7"                     [id=18800, stack(0x0000007bf8c00000,0x0000007bf8d00000) (1024K)]
Total: 10

Threads with active compile tasks:
C1 CompilerThread0  5048 2967       3       sun.util.locale.BaseLocale$Key::getBaseLocale (25 bytes)
C2 CompilerThread2  5048 2761       4       org.lombokweb.asm.ClassReader::readMethod (1070 bytes)
Total: 2

VM state: not at safepoint (normal execution)

VM Mutex/Monitor currently owned by a thread: None

Heap address: 0x0000000080000000, size: 2048 MB, Compressed Oops mode: 32-bit

CDS archive(s) mapped at: [0x0000019804000000-0x0000019804ba0000-0x0000019804ba0000), size 12189696, SharedBaseAddress: 0x0000019804000000, ArchiveRelocationMode: 1.
Compressed class space mapped at: 0x0000019805000000-0x0000019845000000, reserved size: 1073741824
Narrow klass base: 0x0000019804000000, Narrow klass shift: 0, Narrow klass range: 0x100000000

GC Precious Log:
 CardTable entry size: 512
 CPUs: 8 total, 8 available
 Memory: 11930M
 Large Page Support: Disabled
 NUMA Support: Disabled
 Compressed Oops: Enabled (32-bit)
 Alignments: Space 512K, Generation 512K, Heap 2M
 Heap Min Capacity: 100M
 Heap Initial Capacity: 100M
 Heap Max Capacity: 2G
 Pre-touch: Disabled
 Parallel Workers: 8

Heap:
 PSYoungGen      total 27136K, used 4615K [0x00000000d5580000, 0x00000000d7480000, 0x0000000100000000)
  eden space 24576K, 9% used [0x00000000d5580000,0x00000000d57b52e0,0x00000000d6d80000)
  from space 2560K, 92% used [0x00000000d6e00000,0x00000000d704ccf0,0x00000000d7080000)
  to   space 3584K, 0% used [0x00000000d7100000,0x00000000d7100000,0x00000000d7480000)
 ParOldGen       total 68608K, used 8883K [0x0000000080000000, 0x0000000084300000, 0x00000000d5580000)
  object space 68608K, 12% used [0x0000000080000000,0x00000000808acf70,0x0000000084300000)
 Metaspace       used 23128K, committed 23808K, reserved 1114112K
  class space    used 2236K, committed 2560K, reserved 1048576K

Card table byte_map: [0x000001986a010000,0x000001986a420000] _byte_map_base: 0x0000019869c10000

Marking Bits: (ParMarkBitMap*) 0x00007fffdab8a340
 Begin Bits: [0x0000019800000000, 0x0000019802000000)
 End Bits:   [0x0000019802000000, 0x0000019804000000)

Polling page: 0x0000019869c30000

Metaspace:

Usage:
  Non-class:     20.40 MB used.
      Class:      2.18 MB used.
       Both:     22.59 MB used.

Virtual space:
  Non-class space:       64.00 MB reserved,      20.75 MB ( 32%) committed,  1 nodes.
      Class space:        1.00 GB reserved,       2.50 MB ( <1%) committed,  1 nodes.
             Both:        1.06 GB reserved,      23.25 MB (  2%) committed. 

Chunk freelists:
   Non-Class:  11.29 MB
       Class:  13.53 MB
        Both:  24.82 MB

MaxMetaspaceSize: unlimited
CompressedClassSpaceSize: 1.00 GB
Initial GC threshold: 21.00 MB
Current GC threshold: 35.00 MB
CDS: on
 - commit_granule_bytes: 65536.
 - commit_granule_words: 8192.
 - virtual_space_node_default_size: 8388608.
 - enlarge_chunks_in_place: 1.
 - use_allocation_guard: 0.


Internal statistics:

num_allocs_failed_limit: 3.
num_arena_births: 520.
num_arena_deaths: 14.
num_vsnodes_births: 2.
num_vsnodes_deaths: 0.
num_space_committed: 372.
num_space_uncommitted: 0.
num_chunks_returned_to_freelist: 17.
num_chunks_taken_from_freelist: 1395.
num_chunk_merges: 8.
num_chunk_splits: 904.
num_chunks_enlarged: 590.
num_inconsistent_stats: 0.

CodeHeap 'non-profiled nmethods': size=120000Kb used=1386Kb max_used=1386Kb free=118613Kb
 bounds [0x0000019875330000, 0x00000198755a0000, 0x000001987c860000]
CodeHeap 'profiled nmethods': size=120000Kb used=5873Kb max_used=5873Kb free=114126Kb
 bounds [0x000001986d860000, 0x000001986de20000, 0x0000019874d90000]
CodeHeap 'non-nmethods': size=5760Kb used=1330Kb max_used=1347Kb free=4429Kb
 bounds [0x0000019874d90000, 0x0000019875000000, 0x0000019875330000]
CodeCache: size=245760Kb, used=8589Kb, max_used=8606Kb, free=237168Kb
 total_blobs=3582, nmethods=2974, adapters=514, full_count=0
Compilation: enabled, stopped_count=0, restarted_count=0

Compilation events (20 events):
Event: 3.994 Thread 0x000001986a6024e0 nmethod 2903 0x000001986ddf8390 code [0x000001986ddf85c0, 0x000001986ddf8e18]
Event: 3.995 Thread 0x000001986a5fe4d0 nmethod 2904 0x0000019875484590 code [0x0000019875484720, 0x00000198754847c8]
Event: 4.001 Thread 0x000001986a6024e0 2905       1       org.eclipse.core.internal.dtree.DataDeltaNode::isDelta (2 bytes)
Event: 4.001 Thread 0x000001986a6024e0 nmethod 2905 0x0000019875484890 code [0x0000019875484a20, 0x0000019875484ae8]
Event: 4.002 Thread 0x000001986a6024e0 2906       3       java.util.concurrent.TimeUnit::toNanos (45 bytes)
Event: 4.003 Thread 0x000001986a6024e0 nmethod 2906 0x000001986ddf9110 code [0x000001986ddf92c0, 0x000001986ddf9510]
Event: 4.003 Thread 0x000001986a6024e0 2907       1       org.eclipse.core.internal.jobs.InternalJob::previous (5 bytes)
Event: 4.003 Thread 0x000001986a6024e0 nmethod 2907 0x0000019875484b90 code [0x0000019875484d20, 0x0000019875484de8]
Event: 4.003 Thread 0x000001986a6024e0 2908       3       jdk.internal.misc.Unsafe::checkPointer (19 bytes)
Event: 4.004 Thread 0x000001986a6024e0 nmethod 2908 0x000001986ddf9590 code [0x000001986ddf9760, 0x000001986ddf9ae8]
Event: 4.004 Thread 0x000001986a6024e0 2909       3       jdk.internal.misc.Unsafe::checkPrimitivePointer (19 bytes)
Event: 4.004 Thread 0x000001986a6024e0 nmethod 2909 0x000001986ddf9c90 code [0x000001986ddf9ea0, 0x000001986ddfa498]
Event: 4.018 Thread 0x000001986a6024e0 2910       3       java.net.URL::<init> (11 bytes)
Event: 4.019 Thread 0x000001986a6024e0 nmethod 2910 0x000001986ddfa710 code [0x000001986ddfa8c0, 0x000001986ddfaa08]
Event: 4.262 Thread 0x000001986a6024e0 2912       3       java.util.HashSet::isEmpty (8 bytes)
Event: 4.262 Thread 0x000001986a6024e0 nmethod 2912 0x000001986ddfaa90 code [0x000001986ddfac40, 0x000001986ddfae88]
Event: 4.262 Thread 0x000001986a6024e0 2913       1       java.util.concurrent.atomic.AtomicReference::set (6 bytes)
Event: 4.262 Thread 0x000001986a6024e0 nmethod 2913 0x0000019875485290 code [0x0000019875485420, 0x0000019875485508]
Event: 4.277 Thread 0x000001986a6024e0 2914       3       java.util.concurrent.Semaphore$Sync::nonfairTryAcquireShared (27 bytes)
Event: 4.278 Thread 0x000001986a6024e0 nmethod 2914 0x000001986ddfaf90 code [0x000001986ddfb140, 0x000001986ddfb390]

GC Heap History (16 events):
Event: 0.842 GC heap before
{Heap before GC invocations=1 (full 0):
 PSYoungGen      total 29696K, used 25600K [0x00000000d5580000, 0x00000000d7680000, 0x0000000100000000)
  eden space 25600K, 100% used [0x00000000d5580000,0x00000000d6e80000,0x00000000d6e80000)
  from space 4096K, 0% used [0x00000000d7280000,0x00000000d7280000,0x00000000d7680000)
  to   space 4096K, 0% used [0x00000000d6e80000,0x00000000d6e80000,0x00000000d7280000)
 ParOldGen       total 68608K, used 0K [0x0000000080000000, 0x0000000084300000, 0x00000000d5580000)
  object space 68608K, 0% used [0x0000000080000000,0x0000000080000000,0x0000000084300000)
 Metaspace       used 4330K, committed 4608K, reserved 1114112K
  class space    used 471K, committed 576K, reserved 1048576K
}
Event: 0.849 GC heap after
{Heap after GC invocations=1 (full 0):
 PSYoungGen      total 29696K, used 3351K [0x00000000d5580000, 0x00000000d7680000, 0x0000000100000000)
  eden space 25600K, 0% used [0x00000000d5580000,0x00000000d5580000,0x00000000d6e80000)
  from space 4096K, 81% used [0x00000000d6e80000,0x00000000d71c5e28,0x00000000d7280000)
  to   space 4096K, 0% used [0x00000000d7280000,0x00000000d7280000,0x00000000d7680000)
 ParOldGen       total 68608K, used 16K [0x0000000080000000, 0x0000000084300000, 0x00000000d5580000)
  object space 68608K, 0% used [0x0000000080000000,0x0000000080004000,0x0000000084300000)
 Metaspace       used 4330K, committed 4608K, reserved 1114112K
  class space    used 471K, committed 576K, reserved 1048576K
}
Event: 1.622 GC heap before
{Heap before GC invocations=2 (full 0):
 PSYoungGen      total 29696K, used 28951K [0x00000000d5580000, 0x00000000d7680000, 0x0000000100000000)
  eden space 25600K, 100% used [0x00000000d5580000,0x00000000d6e80000,0x00000000d6e80000)
  from space 4096K, 81% used [0x00000000d6e80000,0x00000000d71c5e28,0x00000000d7280000)
  to   space 4096K, 0% used [0x00000000d7280000,0x00000000d7280000,0x00000000d7680000)
 ParOldGen       total 68608K, used 16K [0x0000000080000000, 0x0000000084300000, 0x00000000d5580000)
  object space 68608K, 0% used [0x0000000080000000,0x0000000080004000,0x0000000084300000)
 Metaspace       used 8230K, committed 8512K, reserved 1114112K
  class space    used 877K, committed 1024K, reserved 1048576K
}
Event: 1.626 GC heap after
{Heap after GC invocations=2 (full 0):
 PSYoungGen      total 29696K, used 4091K [0x00000000d5580000, 0x00000000d7680000, 0x0000000100000000)
  eden space 25600K, 0% used [0x00000000d5580000,0x00000000d5580000,0x00000000d6e80000)
  from space 4096K, 99% used [0x00000000d7280000,0x00000000d767ef68,0x00000000d7680000)
  to   space 4096K, 0% used [0x00000000d6e80000,0x00000000d6e80000,0x00000000d7280000)
 ParOldGen       total 68608K, used 943K [0x0000000080000000, 0x0000000084300000, 0x00000000d5580000)
  object space 68608K, 1% used [0x0000000080000000,0x00000000800ebea8,0x0000000084300000)
 Metaspace       used 8230K, committed 8512K, reserved 1114112K
  class space    used 877K, committed 1024K, reserved 1048576K
}
Event: 2.252 GC heap before
{Heap before GC invocations=3 (full 0):
 PSYoungGen      total 29696K, used 29691K [0x00000000d5580000, 0x00000000d7680000, 0x0000000100000000)
  eden space 25600K, 100% used [0x00000000d5580000,0x00000000d6e80000,0x00000000d6e80000)
  from space 4096K, 99% used [0x00000000d7280000,0x00000000d767ef68,0x00000000d7680000)
  to   space 4096K, 0% used [0x00000000d6e80000,0x00000000d6e80000,0x00000000d7280000)
 ParOldGen       total 68608K, used 943K [0x0000000080000000, 0x0000000084300000, 0x00000000d5580000)
  object space 68608K, 1% used [0x0000000080000000,0x00000000800ebea8,0x0000000084300000)
 Metaspace       used 13051K, committed 13504K, reserved 1114112K
  class space    used 1385K, committed 1600K, reserved 1048576K
}
Event: 2.257 GC heap after
{Heap after GC invocations=3 (full 0):
 PSYoungGen      total 29696K, used 4070K [0x00000000d5580000, 0x00000000d7680000, 0x0000000100000000)
  eden space 25600K, 0% used [0x00000000d5580000,0x00000000d5580000,0x00000000d6e80000)
  from space 4096K, 99% used [0x00000000d6e80000,0x00000000d7279878,0x00000000d7280000)
  to   space 4096K, 0% used [0x00000000d7280000,0x00000000d7280000,0x00000000d7680000)
 ParOldGen       total 68608K, used 2772K [0x0000000080000000, 0x0000000084300000, 0x00000000d5580000)
  object space 68608K, 4% used [0x0000000080000000,0x00000000802b50d0,0x0000000084300000)
 Metaspace       used 13051K, committed 13504K, reserved 1114112K
  class space    used 1385K, committed 1600K, reserved 1048576K
}
Event: 3.103 GC heap before
{Heap before GC invocations=4 (full 0):
 PSYoungGen      total 29696K, used 29670K [0x00000000d5580000, 0x00000000d7680000, 0x0000000100000000)
  eden space 25600K, 100% used [0x00000000d5580000,0x00000000d6e80000,0x00000000d6e80000)
  from space 4096K, 99% used [0x00000000d6e80000,0x00000000d7279878,0x00000000d7280000)
  to   space 4096K, 0% used [0x00000000d7280000,0x00000000d7280000,0x00000000d7680000)
 ParOldGen       total 68608K, used 2772K [0x0000000080000000, 0x0000000084300000, 0x00000000d5580000)
  object space 68608K, 4% used [0x0000000080000000,0x00000000802b50d0,0x0000000084300000)
 Metaspace       used 17177K, committed 17856K, reserved 1114112K
  class space    used 1804K, committed 2112K, reserved 1048576K
}
Event: 3.108 GC heap after
{Heap after GC invocations=4 (full 0):
 PSYoungGen      total 29696K, used 4070K [0x00000000d5580000, 0x00000000d7680000, 0x0000000100000000)
  eden space 25600K, 0% used [0x00000000d5580000,0x00000000d5580000,0x00000000d6e80000)
  from space 4096K, 99% used [0x00000000d7280000,0x00000000d7679aa0,0x00000000d7680000)
  to   space 4096K, 0% used [0x00000000d6e80000,0x00000000d6e80000,0x00000000d7280000)
 ParOldGen       total 68608K, used 4636K [0x0000000080000000, 0x0000000084300000, 0x00000000d5580000)
  object space 68608K, 6% used [0x0000000080000000,0x0000000080487248,0x0000000084300000)
 Metaspace       used 17177K, committed 17856K, reserved 1114112K
  class space    used 1804K, committed 2112K, reserved 1048576K
}
Event: 3.358 GC heap before
{Heap before GC invocations=5 (full 0):
 PSYoungGen      total 29696K, used 29670K [0x00000000d5580000, 0x00000000d7680000, 0x0000000100000000)
  eden space 25600K, 100% used [0x00000000d5580000,0x00000000d6e80000,0x00000000d6e80000)
  from space 4096K, 99% used [0x00000000d7280000,0x00000000d7679aa0,0x00000000d7680000)
  to   space 4096K, 0% used [0x00000000d6e80000,0x00000000d6e80000,0x00000000d7280000)
 ParOldGen       total 68608K, used 4636K [0x0000000080000000, 0x0000000084300000, 0x00000000d5580000)
  object space 68608K, 6% used [0x0000000080000000,0x0000000080487248,0x0000000084300000)
 Metaspace       used 20413K, committed 21120K, reserved 1114112K
  class space    used 2022K, committed 2368K, reserved 1048576K
}
Event: 3.361 GC heap after
{Heap after GC invocations=5 (full 0):
 PSYoungGen      total 29184K, used 4065K [0x00000000d5580000, 0x00000000d7800000, 0x0000000100000000)
  eden space 25088K, 0% used [0x00000000d5580000,0x00000000d5580000,0x00000000d6e00000)
  from space 4096K, 99% used [0x00000000d6e80000,0x00000000d72784a0,0x00000000d7280000)
  to   space 5120K, 0% used [0x00000000d7300000,0x00000000d7300000,0x00000000d7800000)
 ParOldGen       total 68608K, used 4788K [0x0000000080000000, 0x0000000084300000, 0x00000000d5580000)
  object space 68608K, 6% used [0x0000000080000000,0x00000000804ad258,0x0000000084300000)
 Metaspace       used 20413K, committed 21120K, reserved 1114112K
  class space    used 2022K, committed 2368K, reserved 1048576K
}
Event: 3.450 GC heap before
{Heap before GC invocations=6 (full 0):
 PSYoungGen      total 29184K, used 9308K [0x00000000d5580000, 0x00000000d7800000, 0x0000000100000000)
  eden space 25088K, 20% used [0x00000000d5580000,0x00000000d5a9edf0,0x00000000d6e00000)
  from space 4096K, 99% used [0x00000000d6e80000,0x00000000d72784a0,0x00000000d7280000)
  to   space 5120K, 0% used [0x00000000d7300000,0x00000000d7300000,0x00000000d7800000)
 ParOldGen       total 68608K, used 4788K [0x0000000080000000, 0x0000000084300000, 0x00000000d5580000)
  object space 68608K, 6% used [0x0000000080000000,0x00000000804ad258,0x0000000084300000)
 Metaspace       used 20861K, committed 21504K, reserved 1114112K
  class space    used 2050K, committed 2368K, reserved 1048576K
}
Event: 3.455 GC heap after
{Heap after GC invocations=6 (full 0):
 PSYoungGen      total 30208K, used 4824K [0x00000000d5580000, 0x00000000d7800000, 0x0000000100000000)
  eden space 25088K, 0% used [0x00000000d5580000,0x00000000d5580000,0x00000000d6e00000)
  from space 5120K, 94% used [0x00000000d7300000,0x00000000d77b60b0,0x00000000d7800000)
  to   space 5120K, 0% used [0x00000000d6e00000,0x00000000d6e00000,0x00000000d7300000)
 ParOldGen       total 68608K, used 4796K [0x0000000080000000, 0x0000000084300000, 0x00000000d5580000)
  object space 68608K, 6% used [0x0000000080000000,0x00000000804af258,0x0000000084300000)
 Metaspace       used 20861K, committed 21504K, reserved 1114112K
  class space    used 2050K, committed 2368K, reserved 1048576K
}
Event: 3.455 GC heap before
{Heap before GC invocations=7 (full 1):
 PSYoungGen      total 30208K, used 4824K [0x00000000d5580000, 0x00000000d7800000, 0x0000000100000000)
  eden space 25088K, 0% used [0x00000000d5580000,0x00000000d5580000,0x00000000d6e00000)
  from space 5120K, 94% used [0x00000000d7300000,0x00000000d77b60b0,0x00000000d7800000)
  to   space 5120K, 0% used [0x00000000d6e00000,0x00000000d6e00000,0x00000000d7300000)
 ParOldGen       total 68608K, used 4796K [0x0000000080000000, 0x0000000084300000, 0x00000000d5580000)
  object space 68608K, 6% used [0x0000000080000000,0x00000000804af258,0x0000000084300000)
 Metaspace       used 20861K, committed 21504K, reserved 1114112K
  class space    used 2050K, committed 2368K, reserved 1048576K
}
Event: 3.480 GC heap after
{Heap after GC invocations=7 (full 1):
 PSYoungGen      total 30208K, used 0K [0x00000000d5580000, 0x00000000d7800000, 0x0000000100000000)
  eden space 25088K, 0% used [0x00000000d5580000,0x00000000d5580000,0x00000000d6e00000)
  from space 5120K, 0% used [0x00000000d7300000,0x00000000d7300000,0x00000000d7800000)
  to   space 5120K, 0% used [0x00000000d6e00000,0x00000000d6e00000,0x00000000d7300000)
 ParOldGen       total 68608K, used 8875K [0x0000000080000000, 0x0000000084300000, 0x00000000d5580000)
  object space 68608K, 12% used [0x0000000080000000,0x00000000808aaf70,0x0000000084300000)
 Metaspace       used 20848K, committed 21504K, reserved 1114112K
  class space    used 2046K, committed 2368K, reserved 1048576K
}
Event: 4.014 GC heap before
{Heap before GC invocations=8 (full 1):
 PSYoungGen      total 30208K, used 25088K [0x00000000d5580000, 0x00000000d7800000, 0x0000000100000000)
  eden space 25088K, 100% used [0x00000000d5580000,0x00000000d6e00000,0x00000000d6e00000)
  from space 5120K, 0% used [0x00000000d7300000,0x00000000d7300000,0x00000000d7800000)
  to   space 5120K, 0% used [0x00000000d6e00000,0x00000000d6e00000,0x00000000d7300000)
 ParOldGen       total 68608K, used 8875K [0x0000000080000000, 0x0000000084300000, 0x00000000d5580000)
  object space 68608K, 12% used [0x0000000080000000,0x00000000808aaf70,0x0000000084300000)
 Metaspace       used 23006K, committed 23680K, reserved 1114112K
  class space    used 2227K, committed 2560K, reserved 1048576K
}
Event: 4.015 GC heap after
{Heap after GC invocations=8 (full 1):
 PSYoungGen      total 27136K, used 2355K [0x00000000d5580000, 0x00000000d7480000, 0x0000000100000000)
  eden space 24576K, 0% used [0x00000000d5580000,0x00000000d5580000,0x00000000d6d80000)
  from space 2560K, 92% used [0x00000000d6e00000,0x00000000d704ccf0,0x00000000d7080000)
  to   space 3584K, 0% used [0x00000000d7100000,0x00000000d7100000,0x00000000d7480000)
 ParOldGen       total 68608K, used 8883K [0x0000000080000000, 0x0000000084300000, 0x00000000d5580000)
  object space 68608K, 12% used [0x0000000080000000,0x00000000808acf70,0x0000000084300000)
 Metaspace       used 23006K, committed 23680K, reserved 1114112K
  class space    used 2227K, committed 2560K, reserved 1048576K
}

Dll operation events (10 events):
Event: 0.013 Loaded shared library c:\Users\hiwet\.vscode\extensions\redhat.java-1.46.0-win32-x64\jre\21.0.8-win32-x86_64\bin\java.dll
Event: 0.074 Loaded shared library c:\Users\hiwet\.vscode\extensions\redhat.java-1.46.0-win32-x64\jre\21.0.8-win32-x86_64\bin\zip.dll
Event: 0.098 Loaded shared library C:\Users\hiwet\.vscode\extensions\redhat.java-1.46.0-win32-x64\jre\21.0.8-win32-x86_64\bin\instrument.dll
Event: 0.104 Loaded shared library C:\Users\hiwet\.vscode\extensions\redhat.java-1.46.0-win32-x64\jre\21.0.8-win32-x86_64\bin\net.dll
Event: 0.107 Loaded shared library C:\Users\hiwet\.vscode\extensions\redhat.java-1.46.0-win32-x64\jre\21.0.8-win32-x86_64\bin\nio.dll
Event: 0.111 Loaded shared library C:\Users\hiwet\.vscode\extensions\redhat.java-1.46.0-win32-x64\jre\21.0.8-win32-x86_64\bin\zip.dll
Event: 0.131 Loaded shared library C:\Users\hiwet\.vscode\extensions\redhat.java-1.46.0-win32-x64\jre\21.0.8-win32-x86_64\bin\jimage.dll
Event: 0.216 Loaded shared library c:\Users\hiwet\.vscode\extensions\redhat.java-1.46.0-win32-x64\jre\21.0.8-win32-x86_64\bin\verify.dll
Event: 1.593 Loaded shared library C:\Users\hiwet\AppData\Roaming\Code\User\globalStorage\redhat.java\1.46.0\config_ss_win\org.eclipse.equinox.launcher\org.eclipse.equinox.launcher.win32.win32.x86_64_1.2.1400.v20250801-0854\eclipse_11916.dll
Event: 2.899 Loaded shared library C:\Users\hiwet\AppData\Local\Temp\jna-99291845\jna16930486957827894427.dll

Deoptimization events (20 events):
Event: 3.330 Thread 0x000001987e95aef0 Uncommon trap: trap_request=0xffffff45 fr.pc=0x0000019875452ba4 relative=0x0000000000000364
Event: 3.330 Thread 0x000001987e95aef0 Uncommon trap: reason=unstable_if action=reinterpret pc=0x0000019875452ba4 method=org.lombokweb.asm.Label.resolve([BLorg/lombokweb/asm/ByteVector;I)Z @ 81 c2
Event: 3.330 Thread 0x000001987e95aef0 DEOPT PACKING pc=0x0000019875452ba4 sp=0x0000007bf8bf2670
Event: 3.330 Thread 0x000001987e95aef0 DEOPT UNPACKING pc=0x0000019874de6da2 sp=0x0000007bf8bf2578 mode 2
Event: 3.901 Thread 0x000001987e95aef0 DEOPT PACKING pc=0x000001986dd1bca6 sp=0x0000007bf8bf7c00
Event: 3.901 Thread 0x000001987e95aef0 DEOPT UNPACKING pc=0x0000019874de78e2 sp=0x0000007bf8bf70f8 mode 0
Event: 3.901 Thread 0x000001987e95aef0 DEOPT PACKING pc=0x000001986dd1bca6 sp=0x0000007bf8bf7c00
Event: 3.901 Thread 0x000001987e95aef0 DEOPT UNPACKING pc=0x0000019874de78e2 sp=0x0000007bf8bf70f8 mode 0
Event: 3.902 Thread 0x000001987e95aef0 DEOPT PACKING pc=0x000001986dd1bca6 sp=0x0000007bf8bf7c00
Event: 3.902 Thread 0x000001987e95aef0 DEOPT UNPACKING pc=0x0000019874de78e2 sp=0x0000007bf8bf70f8 mode 0
Event: 3.903 Thread 0x000001987e95aef0 DEOPT PACKING pc=0x000001986dc3c2b5 sp=0x0000007bf8bf7a40
Event: 3.903 Thread 0x000001987e95aef0 DEOPT UNPACKING pc=0x0000019874de78e2 sp=0x0000007bf8bf6f50 mode 0
Event: 3.965 Thread 0x000001987e95aef0 DEOPT PACKING pc=0x000001986dd1bca6 sp=0x0000007bf8bf8b40
Event: 3.965 Thread 0x000001987e95aef0 DEOPT UNPACKING pc=0x0000019874de78e2 sp=0x0000007bf8bf8038 mode 0
Event: 3.968 Thread 0x000001987e95aef0 DEOPT PACKING pc=0x000001986dd1bca6 sp=0x0000007bf8bf8b40
Event: 3.968 Thread 0x000001987e95aef0 DEOPT UNPACKING pc=0x0000019874de78e2 sp=0x0000007bf8bf8038 mode 0
Event: 3.968 Thread 0x000001987e95aef0 DEOPT PACKING pc=0x000001986dd1bca6 sp=0x0000007bf8bf8b40
Event: 3.968 Thread 0x000001987e95aef0 DEOPT UNPACKING pc=0x0000019874de78e2 sp=0x0000007bf8bf8038 mode 0
Event: 3.969 Thread 0x000001987e95aef0 DEOPT PACKING pc=0x000001986dd1bca6 sp=0x0000007bf8bf8b40
Event: 3.969 Thread 0x000001987e95aef0 DEOPT UNPACKING pc=0x0000019874de78e2 sp=0x0000007bf8bf8038 mode 0

Classes loaded (20 events):
Event: 3.967 Loading class com/sun/org/apache/xerces/internal/impl/msg/XMLMessages
Event: 3.967 Loading class com/sun/org/apache/xerces/internal/impl/msg/XMLMessages done
Event: 3.969 Loading class com/sun/org/apache/xerces/internal/impl/msg/XMLMessages_en
Event: 3.969 Loading class com/sun/org/apache/xerces/internal/impl/msg/XMLMessages_en done
Event: 3.969 Loading class com/sun/org/apache/xerces/internal/impl/msg/XMLMessages_en
Event: 3.969 Loading class com/sun/org/apache/xerces/internal/impl/msg/XMLMessages_en done
Event: 3.969 Loading class com/sun/org/apache/xerces/internal/impl/msg/XMLMessages_en_US
Event: 3.969 Loading class com/sun/org/apache/xerces/internal/impl/msg/XMLMessages_en_US done
Event: 3.969 Loading class com/sun/org/apache/xerces/internal/impl/msg/XMLMessages_en_US
Event: 3.969 Loading class com/sun/org/apache/xerces/internal/impl/msg/XMLMessages_en_US done
Event: 4.013 Loading class java/net/SocketAddress
Event: 4.013 Loading class java/net/SocketAddress done
Event: 4.013 Loading class java/net/InetSocketAddress
Event: 4.014 Loading class java/net/InetSocketAddress done
Event: 4.014 Loading class java/nio/channels/AsynchronousByteChannel
Event: 4.016 Loading class java/nio/channels/AsynchronousChannel
Event: 4.016 Loading class java/nio/channels/AsynchronousChannel done
Event: 4.016 Loading class java/nio/channels/AsynchronousByteChannel done
Event: 4.016 Loading class java/net/Authenticator
Event: 4.017 Loading class java/net/Authenticator done

Classes unloaded (7 events):
Event: 3.460 Thread 0x00000198682843c0 Unloading class 0x000001980518c000 'java/lang/invoke/LambdaForm$MH+0x000001980518c000'
Event: 3.460 Thread 0x00000198682843c0 Unloading class 0x000001980518bc00 'java/lang/invoke/LambdaForm$MH+0x000001980518bc00'
Event: 3.460 Thread 0x00000198682843c0 Unloading class 0x000001980518b800 'java/lang/invoke/LambdaForm$MH+0x000001980518b800'
Event: 3.460 Thread 0x00000198682843c0 Unloading class 0x000001980518b400 'java/lang/invoke/LambdaForm$MH+0x000001980518b400'
Event: 3.460 Thread 0x00000198682843c0 Unloading class 0x000001980518b000 'java/lang/invoke/LambdaForm$BMH+0x000001980518b000'
Event: 3.460 Thread 0x00000198682843c0 Unloading class 0x000001980518ac00 'java/lang/invoke/LambdaForm$DMH+0x000001980518ac00'
Event: 3.460 Thread 0x00000198682843c0 Unloading class 0x0000019805189800 'java/lang/invoke/LambdaForm$DMH+0x0000019805189800'

Classes redefined (0 events):
No events

Internal exceptions (20 events):
Event: 2.954 Thread 0x000001987e95aef0 Exception <a 'java/lang/NoSuchMethodError'{0x00000000d65b9870}: 'java.lang.Object java.lang.invoke.DirectMethodHandle$Holder.invokeSpecial(java.lang.Object, java.lang.Object, java.lang.Object, long, java.lang.Object)'> (0x00000000d65b9870) 
thrown [s\src\hotspot\share\interpreter\linkResolver.cpp, line 773]
Event: 2.955 Thread 0x000001987e95aef0 Exception <a 'java/lang/NoSuchMethodError'{0x00000000d65c10b8}: 'java.lang.Object java.lang.invoke.DirectMethodHandle$Holder.newInvokeSpecial(java.lang.Object, java.lang.Object, java.lang.Object, long)'> (0x00000000d65c10b8) 
thrown [s\src\hotspot\share\interpreter\linkResolver.cpp, line 773]
Event: 2.956 Thread 0x000001987e95aef0 Exception <a 'java/lang/NoSuchMethodError'{0x00000000d65c54a8}: 'java.lang.Object java.lang.invoke.DirectMethodHandle$Holder.invokeSpecial(java.lang.Object, java.lang.Object, java.lang.Object, java.lang.Object, long)'> (0x00000000d65c54a8) 
thrown [s\src\hotspot\share\interpreter\linkResolver.cpp, line 773]
Event: 2.956 Thread 0x000001987e95aef0 Exception <a 'java/lang/NoSuchMethodError'{0x00000000d65c90c8}: 'java.lang.Object java.lang.invoke.Invokers$Holder.linkToTargetMethod(java.lang.Object, java.lang.Object, long, java.lang.Object)'> (0x00000000d65c90c8) 
thrown [s\src\hotspot\share\interpreter\linkResolver.cpp, line 773]
Event: 2.964 Thread 0x000001987e95aef0 Exception <a 'java/lang/NoSuchMethodError'{0x00000000d663ad88}: 'int java.lang.invoke.DirectMethodHandle$Holder.invokeStaticInit(java.lang.Object, java.lang.Object, java.lang.Object)'> (0x00000000d663ad88) 
thrown [s\src\hotspot\share\interpreter\linkResolver.cpp, line 773]
Event: 2.972 Thread 0x000001987e95aef0 Exception <a 'java/lang/IncompatibleClassChangeError'{0x00000000d66bdc40}: Found class java.lang.Object, but interface was expected> (0x00000000d66bdc40) 
thrown [s\src\hotspot\share\interpreter\linkResolver.cpp, line 840]
Event: 2.977 Thread 0x000001987e95aef0 Exception <a 'java/lang/NoSuchMethodError'{0x00000000d66d1030}: 'java.lang.Object java.lang.invoke.DirectMethodHandle$Holder.invokeSpecial(java.lang.Object, java.lang.Object, java.lang.Object, int, java.lang.Object, java.lang.Object)'> (0x00000000d66d1030) 
thrown [s\src\hotspot\share\interpreter\linkResolver.cpp, line 773]
Event: 2.977 Thread 0x000001987e95aef0 Exception <a 'java/lang/NoSuchMethodError'{0x00000000d66d8b08}: 'java.lang.Object java.lang.invoke.DirectMethodHandle$Holder.newInvokeSpecial(java.lang.Object, java.lang.Object, java.lang.Object, int, java.lang.Object)'> (0x00000000d66d8b08) 
thrown [s\src\hotspot\share\interpreter\linkResolver.cpp, line 773]
Event: 2.977 Thread 0x000001987e95aef0 Exception <a 'java/lang/NoSuchMethodError'{0x00000000d66dcac8}: 'java.lang.Object java.lang.invoke.DirectMethodHandle$Holder.invokeSpecial(java.lang.Object, java.lang.Object, java.lang.Object, java.lang.Object, int, java.lang.Object)'> (0x00000000d66dcac8) 
thrown [s\src\hotspot\share\interpreter\linkResolver.cpp, line 773]
Event: 2.978 Thread 0x000001987e95aef0 Exception <a 'java/lang/NoSuchMethodError'{0x00000000d66e0608}: 'java.lang.Object java.lang.invoke.Invokers$Holder.linkToTargetMethod(java.lang.Object, java.lang.Object, int, java.lang.Object, java.lang.Object)'> (0x00000000d66e0608) 
thrown [s\src\hotspot\share\interpreter\linkResolver.cpp, line 773]
Event: 2.978 Thread 0x000001987e95dce0 Exception <a 'java/lang/NoSuchMethodError'{0x00000000d6615c90}: 'java.lang.Object java.lang.invoke.DirectMethodHandle$Holder.invokeSpecial(java.lang.Object, java.lang.Object, int, java.lang.Object, java.lang.Object)'> (0x00000000d6615c90) 
thrown [s\src\hotspot\share\interpreter\linkResolver.cpp, line 773]
Event: 2.979 Thread 0x000001987e95dce0 Exception <a 'java/lang/NoSuchMethodError'{0x00000000d661c9c8}: 'java.lang.Object java.lang.invoke.DirectMethodHandle$Holder.newInvokeSpecial(java.lang.Object, java.lang.Object, int, java.lang.Object)'> (0x00000000d661c9c8) 
thrown [s\src\hotspot\share\interpreter\linkResolver.cpp, line 773]
Event: 2.979 Thread 0x000001987e95dce0 Exception <a 'java/lang/NoSuchMethodError'{0x00000000d66202e8}: 'java.lang.Object java.lang.invoke.DirectMethodHandle$Holder.invokeSpecial(java.lang.Object, java.lang.Object, java.lang.Object, int, java.lang.Object)'> (0x00000000d66202e8) 
thrown [s\src\hotspot\share\interpreter\linkResolver.cpp, line 773]
Event: 2.993 Thread 0x000001987e95aef0 Exception <a 'java/lang/NoSuchMethodError'{0x00000000d67fe1c8}: 'void java.lang.invoke.DirectMethodHandle$Holder.invokeSpecial(java.lang.Object, java.lang.Object, java.lang.Object, java.lang.Object, java.lang.Object)'> (0x00000000d67fe1c8) 
thrown [s\src\hotspot\share\interpreter\linkResolver.cpp, line 773]
Event: 3.027 Thread 0x000001987e95aef0 Exception <a 'java/lang/NoSuchMethodError'{0x00000000d6a25be0}: 'double java.lang.invoke.DirectMethodHandle$Holder.invokeStatic(java.lang.Object, java.lang.Object)'> (0x00000000d6a25be0) 
thrown [s\src\hotspot\share\interpreter\linkResolver.cpp, line 773]
Event: 3.028 Thread 0x000001987e95aef0 Exception <a 'java/lang/NoSuchMethodError'{0x00000000d6a292a0}: 'double java.lang.invoke.DirectMethodHandle$Holder.invokeStaticInit(java.lang.Object, java.lang.Object)'> (0x00000000d6a292a0) 
thrown [s\src\hotspot\share\interpreter\linkResolver.cpp, line 773]
Event: 3.330 Thread 0x000001987e95aef0 Implicit null exception at 0x0000019875460ff5 to 0x0000019875461108
Event: 3.963 Thread 0x000001987e95aef0 Exception <a 'java/lang/ClassNotFoundException'{0x00000000d6c1dd18}: com/sun/org/apache/xerces/internal/impl/msg/spi/DOMMessagesProvider> (0x00000000d6c1dd18) 
thrown [s\src\hotspot\share\classfile\systemDictionary.cpp, line 312]
Event: 3.966 Thread 0x000001987e95aef0 Exception <a 'java/lang/ClassNotFoundException'{0x00000000d6c38ff0}: com/sun/org/apache/xerces/internal/impl/msg/spi/XMLSerializerMessagesProvider> (0x00000000d6c38ff0) 
thrown [s\src\hotspot\share\classfile\systemDictionary.cpp, line 312]
Event: 3.967 Thread 0x000001987e95aef0 Exception <a 'java/lang/ClassNotFoundException'{0x00000000d6c46310}: com/sun/org/apache/xerces/internal/impl/msg/spi/XMLMessagesProvider> (0x00000000d6c46310) 
thrown [s\src\hotspot\share\classfile\systemDictionary.cpp, line 312]

ZGC Phase Switch (0 events):
No events

VM Operations (20 events):
Event: 2.317 Executing VM operation: HandshakeAllThreads (Deoptimize)
Event: 2.317 Executing VM operation: HandshakeAllThreads (Deoptimize) done
Event: 2.322 Executing VM operation: HandshakeAllThreads (Deoptimize)
Event: 2.322 Executing VM operation: HandshakeAllThreads (Deoptimize) done
Event: 2.335 Executing VM operation: HandshakeAllThreads (Deoptimize)
Event: 2.335 Executing VM operation: HandshakeAllThreads (Deoptimize) done
Event: 2.789 Executing VM operation: HandshakeAllThreads (Deoptimize)
Event: 2.789 Executing VM operation: HandshakeAllThreads (Deoptimize) done
Event: 2.906 Executing VM operation: HandshakeAllThreads (Deoptimize)
Event: 2.906 Executing VM operation: HandshakeAllThreads (Deoptimize) done
Event: 3.103 Executing VM operation: ParallelGCFailedAllocation (Allocation Failure)
Event: 3.108 Executing VM operation: ParallelGCFailedAllocation (Allocation Failure) done
Event: 3.358 Executing VM operation: ParallelGCFailedAllocation (Allocation Failure)
Event: 3.361 Executing VM operation: ParallelGCFailedAllocation (Allocation Failure) done
Event: 3.450 Executing VM operation: CollectForMetadataAllocation (Metadata GC Threshold)
Event: 3.480 Executing VM operation: CollectForMetadataAllocation (Metadata GC Threshold) done
Event: 4.014 Executing VM operation: ParallelGCFailedAllocation (Allocation Failure)
Event: 4.015 Executing VM operation: ParallelGCFailedAllocation (Allocation Failure) done
Event: 5.016 Executing VM operation: Cleanup
Event: 5.016 Executing VM operation: Cleanup done

Memory protections (0 events):
No events

Nmethod flushes (0 events):
No events

Events (20 events):
Event: 0.043 Thread 0x000001986a675b80 Thread added: 0x000001986a6024e0
Event: 0.062 Thread 0x000001986a675b80 Thread added: 0x000001987e95a860
Event: 0.082 Thread 0x000001986a6024e0 Thread added: 0x000001987ea811a0
Event: 0.355 Thread 0x000001986a675b80 Thread added: 0x000001987e95c2a0
Event: 0.519 Thread 0x000001987ea811a0 Thread added: 0x000001987eeae890
Event: 1.373 Thread 0x000001986a675b80 Thread added: 0x000001987e95c930
Event: 1.583 Thread 0x000001986a675b80 Thread added: 0x000001987e95bc10
Event: 1.586 Thread 0x000001986a675b80 Thread added: 0x000001987e95aef0
Event: 1.690 Thread 0x000001987eeae890 Thread exited: 0x000001987eeae890
Event: 1.716 Thread 0x000001987e95aef0 Thread added: 0x000001987e95d650
Event: 1.785 Thread 0x000001987ea811a0 Thread added: 0x000001987f41db20
Event: 2.098 Thread 0x000001987e95aef0 Thread added: 0x000001987e95b580
Event: 2.453 Thread 0x000001987f41db20 Thread exited: 0x000001987f41db20
Event: 2.512 Thread 0x000001987ea811a0 Thread exited: 0x000001987ea811a0
Event: 2.924 Thread 0x000001987e95aef0 Thread added: 0x000001987e95cfc0
Event: 2.959 Thread 0x000001987e95aef0 Thread added: 0x000001987e95dce0
Event: 2.979 Thread 0x000001987e95aef0 Thread added: 0x000001984931ced0
Event: 3.048 Thread 0x000001986a6024e0 Thread added: 0x00000198494828b0
Event: 3.137 Thread 0x000001986a6024e0 Thread added: 0x0000019849482f50
Event: 3.998 Thread 0x000001987e95aef0 Thread added: 0x000001984931c1b0


Dynamic libraries:
0x00007ff610e60000 - 0x00007ff610e6e000 	c:\Users\hiwet\.vscode\extensions\redhat.java-1.46.0-win32-x64\jre\21.0.8-win32-x86_64\bin\java.exe
0x00007ff842ce0000 - 0x00007ff842f48000 	C:\WINDOWS\SYSTEM32\ntdll.dll
0x00007ff8419e0000 - 0x00007ff841aa9000 	C:\WINDOWS\System32\KERNEL32.DLL
0x00007ff83fe70000 - 0x00007ff840262000 	C:\WINDOWS\System32\KERNELBASE.dll
0x00007ff840270000 - 0x00007ff8403bb000 	C:\WINDOWS\System32\ucrtbase.dll
0x00007ff81f6f0000 - 0x00007ff81f70e000 	c:\Users\hiwet\.vscode\extensions\redhat.java-1.46.0-win32-x64\jre\21.0.8-win32-x86_64\bin\VCRUNTIME140.dll
0x00007ff81f6d0000 - 0x00007ff81f6e8000 	c:\Users\hiwet\.vscode\extensions\redhat.java-1.46.0-win32-x64\jre\21.0.8-win32-x86_64\bin\jli.dll
0x00007ff840e70000 - 0x00007ff841035000 	C:\WINDOWS\System32\USER32.dll
0x00007ff8409f0000 - 0x00007ff840a17000 	C:\WINDOWS\System32\win32u.dll
0x00007ff820160000 - 0x00007ff8203f3000 	C:\WINDOWS\WinSxS\amd64_microsoft.windows.common-controls_6595b64144ccf1df_6.0.26100.6899_none_3e0efeeae32e88c1\COMCTL32.dll
0x00007ff841040000 - 0x00007ff8410e9000 	C:\WINDOWS\System32\msvcrt.dll
0x00007ff841240000 - 0x00007ff84126b000 	C:\WINDOWS\System32\GDI32.dll
0x00007ff8408c0000 - 0x00007ff8409ed000 	C:\WINDOWS\System32\gdi32full.dll
0x00007ff8403c0000 - 0x00007ff840463000 	C:\WINDOWS\System32\msvcp_win.dll
0x00007ff842b10000 - 0x00007ff842b3f000 	C:\WINDOWS\System32\IMM32.DLL
0x00007ff81f6c0000 - 0x00007ff81f6cc000 	c:\Users\hiwet\.vscode\extensions\redhat.java-1.46.0-win32-x64\jre\21.0.8-win32-x86_64\bin\vcruntime140_1.dll
0x00007ff81f630000 - 0x00007ff81f6bd000 	c:\Users\hiwet\.vscode\extensions\redhat.java-1.46.0-win32-x64\jre\21.0.8-win32-x86_64\bin\msvcp140.dll
0x00007fffd9ed0000 - 0x00007fffdac67000 	c:\Users\hiwet\.vscode\extensions\redhat.java-1.46.0-win32-x64\jre\21.0.8-win32-x86_64\bin\server\jvm.dll
0x00007ff840db0000 - 0x00007ff840e64000 	C:\WINDOWS\System32\ADVAPI32.dll
0x00007ff842a50000 - 0x00007ff842af6000 	C:\WINDOWS\System32\sechost.dll
0x00007ff842930000 - 0x00007ff842a48000 	C:\WINDOWS\System32\RPCRT4.dll
0x00007ff8414d0000 - 0x00007ff841544000 	C:\WINDOWS\System32\WS2_32.dll
0x00007ff834900000 - 0x00007ff834935000 	C:\WINDOWS\SYSTEM32\WINMM.dll
0x00007ff82d8f0000 - 0x00007ff82d8fb000 	C:\WINDOWS\SYSTEM32\VERSION.dll
0x00007ff83fcd0000 - 0x00007ff83fd2e000 	C:\WINDOWS\SYSTEM32\POWRPROF.dll
0x00007ff83fcb0000 - 0x00007ff83fcc4000 	C:\WINDOWS\SYSTEM32\UMPDC.dll
0x00007ff83ec40000 - 0x00007ff83ec5b000 	C:\WINDOWS\SYSTEM32\kernel.appcore.dll
0x00007ff81f620000 - 0x00007ff81f62a000 	c:\Users\hiwet\.vscode\extensions\redhat.java-1.46.0-win32-x64\jre\21.0.8-win32-x86_64\bin\jimage.dll
0x00007ff83d740000 - 0x00007ff83d982000 	C:\WINDOWS\SYSTEM32\DBGHELP.DLL
0x00007ff841e60000 - 0x00007ff8421db000 	C:\WINDOWS\System32\combase.dll
0x00007ff840ab0000 - 0x00007ff840b87000 	C:\WINDOWS\System32\OLEAUT32.dll
0x00007ff81ac30000 - 0x00007ff81ac6c000 	C:\WINDOWS\SYSTEM32\dbgcore.DLL
0x00007ff8406b0000 - 0x00007ff840748000 	C:\WINDOWS\System32\bcryptPrimitives.dll
0x00007ff81f610000 - 0x00007ff81f61f000 	c:\Users\hiwet\.vscode\extensions\redhat.java-1.46.0-win32-x64\jre\21.0.8-win32-x86_64\bin\instrument.dll
0x00007ff81f5f0000 - 0x00007ff81f60f000 	c:\Users\hiwet\.vscode\extensions\redhat.java-1.46.0-win32-x64\jre\21.0.8-win32-x86_64\bin\java.dll
0x00007ff8421e0000 - 0x00007ff84292d000 	C:\WINDOWS\System32\SHELL32.dll
0x00007ff840750000 - 0x00007ff8408bb000 	C:\WINDOWS\System32\wintypes.dll
0x00007ff83da90000 - 0x00007ff83e2ed000 	C:\WINDOWS\SYSTEM32\windows.storage.dll
0x00007ff842ba0000 - 0x00007ff842c92000 	C:\WINDOWS\System32\SHCORE.dll
0x00007ff841460000 - 0x00007ff8414c2000 	C:\WINDOWS\System32\shlwapi.dll
0x00007ff83fd90000 - 0x00007ff83fdb9000 	C:\WINDOWS\SYSTEM32\profapi.dll
0x00007ff81b040000 - 0x00007ff81b058000 	c:\Users\hiwet\.vscode\extensions\redhat.java-1.46.0-win32-x64\jre\21.0.8-win32-x86_64\bin\zip.dll
0x00007ff81f5e0000 - 0x00007ff81f5f0000 	C:\Users\hiwet\.vscode\extensions\redhat.java-1.46.0-win32-x64\jre\21.0.8-win32-x86_64\bin\net.dll
0x00007ff82f220000 - 0x00007ff82f33f000 	C:\WINDOWS\SYSTEM32\WINHTTP.dll
0x00007ff83f1b0000 - 0x00007ff83f21b000 	C:\WINDOWS\system32\mswsock.dll
0x00007ff819520000 - 0x00007ff819536000 	C:\Users\hiwet\.vscode\extensions\redhat.java-1.46.0-win32-x64\jre\21.0.8-win32-x86_64\bin\nio.dll
0x00007ff81c9e0000 - 0x00007ff81c9f0000 	c:\Users\hiwet\.vscode\extensions\redhat.java-1.46.0-win32-x64\jre\21.0.8-win32-x86_64\bin\verify.dll
0x00007ff8109c0000 - 0x00007ff810a04000 	C:\Users\hiwet\AppData\Roaming\Code\User\globalStorage\redhat.java\1.46.0\config_ss_win\org.eclipse.equinox.launcher\org.eclipse.equinox.launcher.win32.win32.x86_64_1.2.1400.v20250801-0854\eclipse_11916.dll
0x00007ff840b90000 - 0x00007ff840d28000 	C:\WINDOWS\System32\ole32.dll
0x00007ff83f460000 - 0x00007ff83f47b000 	C:\WINDOWS\SYSTEM32\CRYPTSP.dll
0x00007ff83eba0000 - 0x00007ff83ebdb000 	C:\WINDOWS\system32\rsaenh.dll
0x00007ff83f250000 - 0x00007ff83f27b000 	C:\WINDOWS\SYSTEM32\USERENV.dll
0x00007ff83fd60000 - 0x00007ff83fd86000 	C:\WINDOWS\SYSTEM32\bcrypt.dll
0x00007ff83f480000 - 0x00007ff83f48c000 	C:\WINDOWS\SYSTEM32\CRYPTBASE.dll
0x00007ff83e670000 - 0x00007ff83e6a4000 	C:\WINDOWS\SYSTEM32\IPHLPAPI.DLL
0x00007ff842b80000 - 0x00007ff842b8a000 	C:\WINDOWS\System32\NSI.dll
0x00007ff80c870000 - 0x00007ff80c8b9000 	C:\Users\hiwet\AppData\Local\Temp\jna-99291845\jna16930486957827894427.dll
0x00007ff842b00000 - 0x00007ff842b08000 	C:\WINDOWS\System32\PSAPI.DLL

JVMTI agents:
c:\Users\hiwet\.vscode\extensions\redhat.java-1.46.0-win32-x64\lombok\lombok-1.18.39-4050.jar path:c:\Users\hiwet\.vscode\extensions\redhat.java-1.46.0-win32-x64\jre\21.0.8-win32-x86_64\bin\instrument.dll, loaded, initialized, instrumentlib options:none

dbghelp: loaded successfully - version: 4.0.5 - missing functions: none
symbol engine: initialized successfully - sym options: 0x614 - pdb path: .;c:\Users\hiwet\.vscode\extensions\redhat.java-1.46.0-win32-x64\jre\21.0.8-win32-x86_64\bin;C:\WINDOWS\SYSTEM32;C:\WINDOWS\WinSxS\amd64_microsoft.windows.common-controls_6595b64144ccf1df_6.0.26100.6899_none_3e0efeeae32e88c1;c:\Users\hiwet\.vscode\extensions\redhat.java-1.46.0-win32-x64\jre\21.0.8-win32-x86_64\bin\server;C:\Users\hiwet\AppData\Roaming\Code\User\globalStorage\redhat.java\1.46.0\config_ss_win\org.eclipse.equinox.launcher\org.eclipse.equinox.launcher.win32.win32.x86_64_1.2.1400.v20250801-0854;C:\Users\hiwet\AppData\Local\Temp\jna-99291845

VM Arguments:
jvm_args: --add-modules=ALL-SYSTEM --add-opens=java.base/java.util=ALL-UNNAMED --add-opens=java.base/java.lang=ALL-UNNAMED --add-opens=java.base/sun.nio.fs=ALL-UNNAMED -Declipse.application=org.eclipse.jdt.ls.core.id1 -Dosgi.bundles.defaultStartLevel=4 -Declipse.product=org.eclipse.jdt.ls.core.product -Djava.import.generatesMetadataFilesAtProjectRoot=false -DDetectVMInstallationsJob.disabled=true -Dfile.encoding=utf8 -XX:+UseParallelGC -XX:GCTimeRatio=4 -XX:AdaptiveSizePolicyWeight=90 -Dsun.zip.disableMemoryMapping=true -Xmx2G -Xms100m -Xlog:disable -javaagent:c:\Users\hiwet\.vscode\extensions\redhat.java-1.46.0-win32-x64\lombok\lombok-1.18.39-4050.jar 
java_command: c:\Users\hiwet\.vscode\extensions\redhat.java-1.46.0-win32-x64\server\plugins\org.eclipse.equinox.launcher_1.7.0.v20250519-0528.jar -configuration c:\Users\hiwet\AppData\Roaming\Code\User\globalStorage\redhat.java\1.46.0\config_ss_win -data c:\Users\hiwet\AppData\Roaming\Code\User\workspaceStorage\70478ad307e794b34d456762fc5b8678\redhat.java\ss_ws --pipe=\\.\pipe\lsp-59782765c0890fdea15c54c53143bda5-sock
java_class_path (initial): c:\Users\hiwet\.vscode\extensions\redhat.java-1.46.0-win32-x64\server\plugins\org.eclipse.equinox.launcher_1.7.0.v20250519-0528.jar
Launcher Type: SUN_STANDARD

[Global flags]
    uintx AdaptiveSizePolicyWeight                 = 90                                        {product} {command line}
     intx CICompilerCount                          = 4                                         {product} {ergonomic}
    uintx GCTimeRatio                              = 4                                         {product} {command line}
   size_t InitialHeapSize                          = 104857600                                 {product} {command line}
   size_t MaxHeapSize                              = 2147483648                                {product} {command line}
   size_t MaxNewSize                               = 715653120                                 {product} {ergonomic}
   size_t MinHeapDeltaBytes                        = 524288                                    {product} {ergonomic}
   size_t MinHeapSize                              = 104857600                                 {product} {command line}
   size_t NewSize                                  = 34603008                                  {product} {ergonomic}
    uintx NonNMethodCodeHeapSize                   = 5839372                                {pd product} {ergonomic}
    uintx NonProfiledCodeHeapSize                  = 122909434                              {pd product} {ergonomic}
   size_t OldSize                                  = 70254592                                  {product} {ergonomic}
    uintx ProfiledCodeHeapSize                     = 122909434                              {pd product} {ergonomic}
    uintx ReservedCodeCacheSize                    = 251658240                              {pd product} {ergonomic}
     bool SegmentedCodeCache                       = true                                      {product} {ergonomic}
   size_t SoftMaxHeapSize                          = 2147483648                             {manageable} {ergonomic}
     bool UseCompressedOops                        = true                           {product lp64_product} {ergonomic}
     bool UseLargePagesIndividualAllocation        = false                                  {pd product} {ergonomic}
     bool UseParallelGC                            = true                                      {product} {command line}

Logging:
Log output configuration:
 #0: stdout all=off uptime,level,tags foldmultilines=false
 #1: stderr all=off uptime,level,tags foldmultilines=false

Environment Variables:
JAVA_HOME=C:\Program Files\Eclipse Adoptium\jdk-17.0.15.6-hotspot\
PATH=C:\Program Files (x86)\Common Files\Oracle\Java\java8path;C:\Program Files (x86)\Common Files\Oracle\Java\javapath;C:\Program Files\Eclipse Adoptium\jdk-17.0.15.6-hotspot\bin;C:\WINDOWS\system32;C:\WINDOWS;C:\WINDOWS\System32\Wbem;C:\WINDOWS\System32\WindowsPowerShell\v1.0\;C:\WINDOWS\System32\OpenSSH\;C:\Program Files (x86)\Microsoft SQL Server\160\Tools\Binn\;C:\Program Files\Microsoft SQL Server\160\Tools\Binn\;C:\Program Files\Microsoft SQL Server\Client SDK\ODBC\170\Tools\Binn\;C:\Program Files\Microsoft SQL Server\160\DTS\Binn\;C:\Program Files\dotnet\;C:\Program Files (x86)\Windows Kits\10\Windows Performance Toolkit\;C:\Program Files\Git\cmd;C:\Users\hiwet\AppData\Local\Programs\Eclipse Adoptium\jdk-21.0.7.6-hotspot\bin;C:\Users\hiwet\OneDrive\Desktop\Python\Scripts\;C:\Users\hiwet\OneDrive\Desktop\Python\;C:\Users\hiwet\AppData\Local\Programs\Python\Launcher\;C:\Users\hiwet\AppData\Local\Microsoft\WindowsApps;C:\Users\hiwet\AppData\Local\Programs\Microsoft VS Code\bin;C:\Users\hiwet\.dotnet\tools;C:\msys64\ucrt64\bin;
USERNAME=hiwet
OS=Windows_NT
PROCESSOR_IDENTIFIER=Intel64 Family 6 Model 140 Stepping 1, GenuineIntel
TMP=C:\Users\hiwet\AppData\Local\Temp
TEMP=C:\Users\hiwet\AppData\Local\Temp




Periodic native trim disabled

---------------  S Y S T E M  ---------------

OS:
 Windows 11 , 64 bit Build 26100 (10.0.26100.6725)
OS uptime: 4 days 3:07 hours
Hyper-V role detected

CPU: total 8 (initial active 8) (4 cores per cpu, 2 threads per core) family 6 model 140 stepping 1 microcode 0xbc, cx8, cmov, fxsr, ht, mmx, 3dnowpref, sse, sse2, sse3, ssse3, sse4.1, sse4.2, popcnt, lzcnt, tsc, tscinvbit, avx, avx2, aes, erms, clmul, bmi1, bmi2, adx, avx512f, avx512dq, avx512cd, avx512bw, avx512vl, sha, fma, vzeroupper, avx512_vpopcntdq, avx512_vpclmulqdq, avx512_vaes, avx512_vnni, clflush, clflushopt, clwb, avx512_vbmi2, avx512_vbmi, hv, rdtscp, rdpid, fsrm, gfni, avx512_bitalg, f16c, cet_ibt, cet_ss, avx512_ifma
Processor Information for the first 8 processors :
  Max Mhz: 2401, Current Mhz: 2401, Mhz Limit: 2401

Memory: 4k page, system-wide physical 11930M (1191M free)
TotalPageFile size 16026M (AvailPageFile size 36M)
current process WorkingSet (physical memory assigned to process): 150M, peak: 154M
current process commit charge ("private bytes"): 285M, peak: 288M

vm_info: OpenJDK 64-Bit Server VM (21.0.8+9-LTS) for windows-amd64 JRE (21.0.8+9-LTS), built on 2025-07-15T00:00:00Z by "admin" with MS VC++ 17.7 (VS2022)

END.
